<?xml version="1.0" encoding="UTF-8"?>
<testsuite name="ru.ac.uniyar.testingcourse.RussianNameValidatorTests" tests="1523" skipped="0" failures="8" errors="0" timestamp="2024-03-10T15:17:33" hostname="WIN-PEUUK6CSUSF" time="1.475">
  <properties/>
  <testcase name="[1] а-а а а" classname="ru.ac.uniyar.testingcourse.RussianNameValidatorTests" time="0.066"/>
  <testcase name="[2] а а-а а" classname="ru.ac.uniyar.testingcourse.RussianNameValidatorTests" time="0.001"/>
  <testcase name="[3] а-а а-а а" classname="ru.ac.uniyar.testingcourse.RussianNameValidatorTests" time="0.001"/>
  <testcase name="[4] а а а" classname="ru.ac.uniyar.testingcourse.RussianNameValidatorTests" time="0.001"/>
  <testcase name="[5] а а" classname="ru.ac.uniyar.testingcourse.RussianNameValidatorTests" time="0.001"/>
  <testcase name="[6] а-а а" classname="ru.ac.uniyar.testingcourse.RussianNameValidatorTests" time="0.001"/>
  <testcase name="[7] а а-а" classname="ru.ac.uniyar.testingcourse.RussianNameValidatorTests" time="0.001"/>
  <testcase name="[8] а-а а-а" classname="ru.ac.uniyar.testingcourse.RussianNameValidatorTests" time="0.001"/>
  <testcase name="[9] б-б б б" classname="ru.ac.uniyar.testingcourse.RussianNameValidatorTests" time="0.001"/>
  <testcase name="[10] б б-б б" classname="ru.ac.uniyar.testingcourse.RussianNameValidatorTests" time="0.002"/>
  <testcase name="[11] б-б б-б б" classname="ru.ac.uniyar.testingcourse.RussianNameValidatorTests" time="0.001"/>
  <testcase name="[12] б б б" classname="ru.ac.uniyar.testingcourse.RussianNameValidatorTests" time="0.001"/>
  <testcase name="[13] б б" classname="ru.ac.uniyar.testingcourse.RussianNameValidatorTests" time="0.001"/>
  <testcase name="[14] б-б б" classname="ru.ac.uniyar.testingcourse.RussianNameValidatorTests" time="0.001"/>
  <testcase name="[15] б б-б" classname="ru.ac.uniyar.testingcourse.RussianNameValidatorTests" time="0.001"/>
  <testcase name="[16] б-б б-б" classname="ru.ac.uniyar.testingcourse.RussianNameValidatorTests" time="0.001"/>
  <testcase name="[17] в-в в в" classname="ru.ac.uniyar.testingcourse.RussianNameValidatorTests" time="0.001"/>
  <testcase name="[18] в в-в в" classname="ru.ac.uniyar.testingcourse.RussianNameValidatorTests" time="0.001"/>
  <testcase name="[19] в-в в-в в" classname="ru.ac.uniyar.testingcourse.RussianNameValidatorTests" time="0.001"/>
  <testcase name="[20] в в в" classname="ru.ac.uniyar.testingcourse.RussianNameValidatorTests" time="0.001"/>
  <testcase name="[21] в в" classname="ru.ac.uniyar.testingcourse.RussianNameValidatorTests" time="0.001"/>
  <testcase name="[22] в-в в" classname="ru.ac.uniyar.testingcourse.RussianNameValidatorTests" time="0.001"/>
  <testcase name="[23] в в-в" classname="ru.ac.uniyar.testingcourse.RussianNameValidatorTests" time="0.001"/>
  <testcase name="[24] в-в в-в" classname="ru.ac.uniyar.testingcourse.RussianNameValidatorTests" time="0.001"/>
  <testcase name="[25] г-г г г" classname="ru.ac.uniyar.testingcourse.RussianNameValidatorTests" time="0.001"/>
  <testcase name="[26] г г-г г" classname="ru.ac.uniyar.testingcourse.RussianNameValidatorTests" time="0.001"/>
  <testcase name="[27] г-г г-г г" classname="ru.ac.uniyar.testingcourse.RussianNameValidatorTests" time="0.001"/>
  <testcase name="[28] г г г" classname="ru.ac.uniyar.testingcourse.RussianNameValidatorTests" time="0.001"/>
  <testcase name="[29] г г" classname="ru.ac.uniyar.testingcourse.RussianNameValidatorTests" time="0.0"/>
  <testcase name="[30] г-г г" classname="ru.ac.uniyar.testingcourse.RussianNameValidatorTests" time="0.001"/>
  <testcase name="[31] г г-г" classname="ru.ac.uniyar.testingcourse.RussianNameValidatorTests" time="0.0"/>
  <testcase name="[32] г-г г-г" classname="ru.ac.uniyar.testingcourse.RussianNameValidatorTests" time="0.001"/>
  <testcase name="[33] д-д д д" classname="ru.ac.uniyar.testingcourse.RussianNameValidatorTests" time="0.001"/>
  <testcase name="[34] д д-д д" classname="ru.ac.uniyar.testingcourse.RussianNameValidatorTests" time="0.001"/>
  <testcase name="[35] д-д д-д д" classname="ru.ac.uniyar.testingcourse.RussianNameValidatorTests" time="0.001"/>
  <testcase name="[36] д д д" classname="ru.ac.uniyar.testingcourse.RussianNameValidatorTests" time="0.0"/>
  <testcase name="[37] д д" classname="ru.ac.uniyar.testingcourse.RussianNameValidatorTests" time="0.001"/>
  <testcase name="[38] д-д д" classname="ru.ac.uniyar.testingcourse.RussianNameValidatorTests" time="0.0"/>
  <testcase name="[39] д д-д" classname="ru.ac.uniyar.testingcourse.RussianNameValidatorTests" time="0.001"/>
  <testcase name="[40] д-д д-д" classname="ru.ac.uniyar.testingcourse.RussianNameValidatorTests" time="0.001"/>
  <testcase name="[41] е-е е е" classname="ru.ac.uniyar.testingcourse.RussianNameValidatorTests" time="0.0"/>
  <testcase name="[42] е е-е е" classname="ru.ac.uniyar.testingcourse.RussianNameValidatorTests" time="0.001"/>
  <testcase name="[43] е-е е-е е" classname="ru.ac.uniyar.testingcourse.RussianNameValidatorTests" time="0.001"/>
  <testcase name="[44] е е е" classname="ru.ac.uniyar.testingcourse.RussianNameValidatorTests" time="0.001"/>
  <testcase name="[45] е е" classname="ru.ac.uniyar.testingcourse.RussianNameValidatorTests" time="0.0"/>
  <testcase name="[46] е-е е" classname="ru.ac.uniyar.testingcourse.RussianNameValidatorTests" time="0.001"/>
  <testcase name="[47] е е-е" classname="ru.ac.uniyar.testingcourse.RussianNameValidatorTests" time="0.001"/>
  <testcase name="[48] е-е е-е" classname="ru.ac.uniyar.testingcourse.RussianNameValidatorTests" time="0.001"/>
  <testcase name="[49] ё-ё ё ё" classname="ru.ac.uniyar.testingcourse.RussianNameValidatorTests" time="0.001"/>
  <testcase name="[50] ё ё-ё ё" classname="ru.ac.uniyar.testingcourse.RussianNameValidatorTests" time="0.001"/>
  <testcase name="[51] ё-ё ё-ё ё" classname="ru.ac.uniyar.testingcourse.RussianNameValidatorTests" time="0.001"/>
  <testcase name="[52] ё ё ё" classname="ru.ac.uniyar.testingcourse.RussianNameValidatorTests" time="0.001"/>
  <testcase name="[53] ё ё" classname="ru.ac.uniyar.testingcourse.RussianNameValidatorTests" time="0.001"/>
  <testcase name="[54] ё-ё ё" classname="ru.ac.uniyar.testingcourse.RussianNameValidatorTests" time="0.0"/>
  <testcase name="[55] ё ё-ё" classname="ru.ac.uniyar.testingcourse.RussianNameValidatorTests" time="0.001"/>
  <testcase name="[56] ё-ё ё-ё" classname="ru.ac.uniyar.testingcourse.RussianNameValidatorTests" time="0.0"/>
  <testcase name="[57] ж-ж ж ж" classname="ru.ac.uniyar.testingcourse.RussianNameValidatorTests" time="0.001"/>
  <testcase name="[58] ж ж-ж ж" classname="ru.ac.uniyar.testingcourse.RussianNameValidatorTests" time="0.0"/>
  <testcase name="[59] ж-ж ж-ж ж" classname="ru.ac.uniyar.testingcourse.RussianNameValidatorTests" time="0.001"/>
  <testcase name="[60] ж ж ж" classname="ru.ac.uniyar.testingcourse.RussianNameValidatorTests" time="0.0"/>
  <testcase name="[61] ж ж" classname="ru.ac.uniyar.testingcourse.RussianNameValidatorTests" time="0.001"/>
  <testcase name="[62] ж-ж ж" classname="ru.ac.uniyar.testingcourse.RussianNameValidatorTests" time="0.001"/>
  <testcase name="[63] ж ж-ж" classname="ru.ac.uniyar.testingcourse.RussianNameValidatorTests" time="0.0"/>
  <testcase name="[64] ж-ж ж-ж" classname="ru.ac.uniyar.testingcourse.RussianNameValidatorTests" time="0.0"/>
  <testcase name="[65] з-з з з" classname="ru.ac.uniyar.testingcourse.RussianNameValidatorTests" time="0.001"/>
  <testcase name="[66] з з-з з" classname="ru.ac.uniyar.testingcourse.RussianNameValidatorTests" time="0.0"/>
  <testcase name="[67] з-з з-з з" classname="ru.ac.uniyar.testingcourse.RussianNameValidatorTests" time="0.001"/>
  <testcase name="[68] з з з" classname="ru.ac.uniyar.testingcourse.RussianNameValidatorTests" time="0.0"/>
  <testcase name="[69] з з" classname="ru.ac.uniyar.testingcourse.RussianNameValidatorTests" time="0.0"/>
  <testcase name="[70] з-з з" classname="ru.ac.uniyar.testingcourse.RussianNameValidatorTests" time="0.001"/>
  <testcase name="[71] з з-з" classname="ru.ac.uniyar.testingcourse.RussianNameValidatorTests" time="0.0"/>
  <testcase name="[72] з-з з-з" classname="ru.ac.uniyar.testingcourse.RussianNameValidatorTests" time="0.001"/>
  <testcase name="[73] и-и и и" classname="ru.ac.uniyar.testingcourse.RussianNameValidatorTests" time="0.0"/>
  <testcase name="[74] и и-и и" classname="ru.ac.uniyar.testingcourse.RussianNameValidatorTests" time="0.001"/>
  <testcase name="[75] и-и и-и и" classname="ru.ac.uniyar.testingcourse.RussianNameValidatorTests" time="0.001"/>
  <testcase name="[76] и и и" classname="ru.ac.uniyar.testingcourse.RussianNameValidatorTests" time="0.0"/>
  <testcase name="[77] и и" classname="ru.ac.uniyar.testingcourse.RussianNameValidatorTests" time="0.001"/>
  <testcase name="[78] и-и и" classname="ru.ac.uniyar.testingcourse.RussianNameValidatorTests" time="0.0"/>
  <testcase name="[79] и и-и" classname="ru.ac.uniyar.testingcourse.RussianNameValidatorTests" time="0.001"/>
  <testcase name="[80] и-и и-и" classname="ru.ac.uniyar.testingcourse.RussianNameValidatorTests" time="0.0"/>
  <testcase name="[81] й-й й й" classname="ru.ac.uniyar.testingcourse.RussianNameValidatorTests" time="0.001"/>
  <testcase name="[82] й й-й й" classname="ru.ac.uniyar.testingcourse.RussianNameValidatorTests" time="0.001"/>
  <testcase name="[83] й-й й-й й" classname="ru.ac.uniyar.testingcourse.RussianNameValidatorTests" time="0.001"/>
  <testcase name="[84] й й й" classname="ru.ac.uniyar.testingcourse.RussianNameValidatorTests" time="0.0"/>
  <testcase name="[85] й й" classname="ru.ac.uniyar.testingcourse.RussianNameValidatorTests" time="0.001"/>
  <testcase name="[86] й-й й" classname="ru.ac.uniyar.testingcourse.RussianNameValidatorTests" time="0.001"/>
  <testcase name="[87] й й-й" classname="ru.ac.uniyar.testingcourse.RussianNameValidatorTests" time="0.0"/>
  <testcase name="[88] й-й й-й" classname="ru.ac.uniyar.testingcourse.RussianNameValidatorTests" time="0.001"/>
  <testcase name="[89] к-к к к" classname="ru.ac.uniyar.testingcourse.RussianNameValidatorTests" time="0.001"/>
  <testcase name="[90] к к-к к" classname="ru.ac.uniyar.testingcourse.RussianNameValidatorTests" time="0.001"/>
  <testcase name="[91] к-к к-к к" classname="ru.ac.uniyar.testingcourse.RussianNameValidatorTests" time="0.0"/>
  <testcase name="[92] к к к" classname="ru.ac.uniyar.testingcourse.RussianNameValidatorTests" time="0.001"/>
  <testcase name="[93] к к" classname="ru.ac.uniyar.testingcourse.RussianNameValidatorTests" time="0.001"/>
  <testcase name="[94] к-к к" classname="ru.ac.uniyar.testingcourse.RussianNameValidatorTests" time="0.001"/>
  <testcase name="[95] к к-к" classname="ru.ac.uniyar.testingcourse.RussianNameValidatorTests" time="0.001"/>
  <testcase name="[96] к-к к-к" classname="ru.ac.uniyar.testingcourse.RussianNameValidatorTests" time="0.0"/>
  <testcase name="[97] л-л л л" classname="ru.ac.uniyar.testingcourse.RussianNameValidatorTests" time="0.0"/>
  <testcase name="[98] л л-л л" classname="ru.ac.uniyar.testingcourse.RussianNameValidatorTests" time="0.001"/>
  <testcase name="[99] л-л л-л л" classname="ru.ac.uniyar.testingcourse.RussianNameValidatorTests" time="0.0"/>
  <testcase name="[100] л л л" classname="ru.ac.uniyar.testingcourse.RussianNameValidatorTests" time="0.001"/>
  <testcase name="[101] л л" classname="ru.ac.uniyar.testingcourse.RussianNameValidatorTests" time="0.0"/>
  <testcase name="[102] л-л л" classname="ru.ac.uniyar.testingcourse.RussianNameValidatorTests" time="0.0"/>
  <testcase name="[103] л л-л" classname="ru.ac.uniyar.testingcourse.RussianNameValidatorTests" time="0.001"/>
  <testcase name="[104] л-л л-л" classname="ru.ac.uniyar.testingcourse.RussianNameValidatorTests" time="0.001"/>
  <testcase name="[105] м-м м м" classname="ru.ac.uniyar.testingcourse.RussianNameValidatorTests" time="0.0"/>
  <testcase name="[106] м м-м м" classname="ru.ac.uniyar.testingcourse.RussianNameValidatorTests" time="0.0"/>
  <testcase name="[107] м-м м-м м" classname="ru.ac.uniyar.testingcourse.RussianNameValidatorTests" time="0.001"/>
  <testcase name="[108] м м м" classname="ru.ac.uniyar.testingcourse.RussianNameValidatorTests" time="0.001"/>
  <testcase name="[109] м м" classname="ru.ac.uniyar.testingcourse.RussianNameValidatorTests" time="0.001"/>
  <testcase name="[110] м-м м" classname="ru.ac.uniyar.testingcourse.RussianNameValidatorTests" time="0.001"/>
  <testcase name="[111] м м-м" classname="ru.ac.uniyar.testingcourse.RussianNameValidatorTests" time="0.001"/>
  <testcase name="[112] м-м м-м" classname="ru.ac.uniyar.testingcourse.RussianNameValidatorTests" time="0.0"/>
  <testcase name="[113] н-н н н" classname="ru.ac.uniyar.testingcourse.RussianNameValidatorTests" time="0.0"/>
  <testcase name="[114] н н-н н" classname="ru.ac.uniyar.testingcourse.RussianNameValidatorTests" time="0.001"/>
  <testcase name="[115] н-н н-н н" classname="ru.ac.uniyar.testingcourse.RussianNameValidatorTests" time="0.001"/>
  <testcase name="[116] н н н" classname="ru.ac.uniyar.testingcourse.RussianNameValidatorTests" time="0.001"/>
  <testcase name="[117] н н" classname="ru.ac.uniyar.testingcourse.RussianNameValidatorTests" time="0.0"/>
  <testcase name="[118] н-н н" classname="ru.ac.uniyar.testingcourse.RussianNameValidatorTests" time="0.001"/>
  <testcase name="[119] н н-н" classname="ru.ac.uniyar.testingcourse.RussianNameValidatorTests" time="0.0"/>
  <testcase name="[120] н-н н-н" classname="ru.ac.uniyar.testingcourse.RussianNameValidatorTests" time="0.0"/>
  <testcase name="[121] о-о о о" classname="ru.ac.uniyar.testingcourse.RussianNameValidatorTests" time="0.001"/>
  <testcase name="[122] о о-о о" classname="ru.ac.uniyar.testingcourse.RussianNameValidatorTests" time="0.0"/>
  <testcase name="[123] о-о о-о о" classname="ru.ac.uniyar.testingcourse.RussianNameValidatorTests" time="0.001"/>
  <testcase name="[124] о о о" classname="ru.ac.uniyar.testingcourse.RussianNameValidatorTests" time="0.001"/>
  <testcase name="[125] о о" classname="ru.ac.uniyar.testingcourse.RussianNameValidatorTests" time="0.0"/>
  <testcase name="[126] о-о о" classname="ru.ac.uniyar.testingcourse.RussianNameValidatorTests" time="0.001"/>
  <testcase name="[127] о о-о" classname="ru.ac.uniyar.testingcourse.RussianNameValidatorTests" time="0.0"/>
  <testcase name="[128] о-о о-о" classname="ru.ac.uniyar.testingcourse.RussianNameValidatorTests" time="0.001"/>
  <testcase name="[129] п-п п п" classname="ru.ac.uniyar.testingcourse.RussianNameValidatorTests" time="0.001"/>
  <testcase name="[130] п п-п п" classname="ru.ac.uniyar.testingcourse.RussianNameValidatorTests" time="0.001"/>
  <testcase name="[131] п-п п-п п" classname="ru.ac.uniyar.testingcourse.RussianNameValidatorTests" time="0.001"/>
  <testcase name="[132] п п п" classname="ru.ac.uniyar.testingcourse.RussianNameValidatorTests" time="0.0"/>
  <testcase name="[133] п п" classname="ru.ac.uniyar.testingcourse.RussianNameValidatorTests" time="0.0"/>
  <testcase name="[134] п-п п" classname="ru.ac.uniyar.testingcourse.RussianNameValidatorTests" time="0.0"/>
  <testcase name="[135] п п-п" classname="ru.ac.uniyar.testingcourse.RussianNameValidatorTests" time="0.001"/>
  <testcase name="[136] п-п п-п" classname="ru.ac.uniyar.testingcourse.RussianNameValidatorTests" time="0.001"/>
  <testcase name="[137] р-р р р" classname="ru.ac.uniyar.testingcourse.RussianNameValidatorTests" time="0.001"/>
  <testcase name="[138] р р-р р" classname="ru.ac.uniyar.testingcourse.RussianNameValidatorTests" time="0.001"/>
  <testcase name="[139] р-р р-р р" classname="ru.ac.uniyar.testingcourse.RussianNameValidatorTests" time="0.0"/>
  <testcase name="[140] р р р" classname="ru.ac.uniyar.testingcourse.RussianNameValidatorTests" time="0.001"/>
  <testcase name="[141] р р" classname="ru.ac.uniyar.testingcourse.RussianNameValidatorTests" time="0.001"/>
  <testcase name="[142] р-р р" classname="ru.ac.uniyar.testingcourse.RussianNameValidatorTests" time="0.0"/>
  <testcase name="[143] р р-р" classname="ru.ac.uniyar.testingcourse.RussianNameValidatorTests" time="0.0"/>
  <testcase name="[144] р-р р-р" classname="ru.ac.uniyar.testingcourse.RussianNameValidatorTests" time="0.0"/>
  <testcase name="[145] с-с с с" classname="ru.ac.uniyar.testingcourse.RussianNameValidatorTests" time="0.001"/>
  <testcase name="[146] с с-с с" classname="ru.ac.uniyar.testingcourse.RussianNameValidatorTests" time="0.001"/>
  <testcase name="[147] с-с с-с с" classname="ru.ac.uniyar.testingcourse.RussianNameValidatorTests" time="0.001"/>
  <testcase name="[148] с с с" classname="ru.ac.uniyar.testingcourse.RussianNameValidatorTests" time="0.001"/>
  <testcase name="[149] с с" classname="ru.ac.uniyar.testingcourse.RussianNameValidatorTests" time="0.001"/>
  <testcase name="[150] с-с с" classname="ru.ac.uniyar.testingcourse.RussianNameValidatorTests" time="0.0"/>
  <testcase name="[151] с с-с" classname="ru.ac.uniyar.testingcourse.RussianNameValidatorTests" time="0.001"/>
  <testcase name="[152] с-с с-с" classname="ru.ac.uniyar.testingcourse.RussianNameValidatorTests" time="0.0"/>
  <testcase name="[153] т-т т т" classname="ru.ac.uniyar.testingcourse.RussianNameValidatorTests" time="0.0"/>
  <testcase name="[154] т т-т т" classname="ru.ac.uniyar.testingcourse.RussianNameValidatorTests" time="0.0"/>
  <testcase name="[155] т-т т-т т" classname="ru.ac.uniyar.testingcourse.RussianNameValidatorTests" time="0.0"/>
  <testcase name="[156] т т т" classname="ru.ac.uniyar.testingcourse.RussianNameValidatorTests" time="0.001"/>
  <testcase name="[157] т т" classname="ru.ac.uniyar.testingcourse.RussianNameValidatorTests" time="0.001"/>
  <testcase name="[158] т-т т" classname="ru.ac.uniyar.testingcourse.RussianNameValidatorTests" time="0.001"/>
  <testcase name="[159] т т-т" classname="ru.ac.uniyar.testingcourse.RussianNameValidatorTests" time="0.001"/>
  <testcase name="[160] т-т т-т" classname="ru.ac.uniyar.testingcourse.RussianNameValidatorTests" time="0.0"/>
  <testcase name="[161] у-у у у" classname="ru.ac.uniyar.testingcourse.RussianNameValidatorTests" time="0.001"/>
  <testcase name="[162] у у-у у" classname="ru.ac.uniyar.testingcourse.RussianNameValidatorTests" time="0.0"/>
  <testcase name="[163] у-у у-у у" classname="ru.ac.uniyar.testingcourse.RussianNameValidatorTests" time="0.001"/>
  <testcase name="[164] у у у" classname="ru.ac.uniyar.testingcourse.RussianNameValidatorTests" time="0.0"/>
  <testcase name="[165] у у" classname="ru.ac.uniyar.testingcourse.RussianNameValidatorTests" time="0.001"/>
  <testcase name="[166] у-у у" classname="ru.ac.uniyar.testingcourse.RussianNameValidatorTests" time="0.0"/>
  <testcase name="[167] у у-у" classname="ru.ac.uniyar.testingcourse.RussianNameValidatorTests" time="0.001"/>
  <testcase name="[168] у-у у-у" classname="ru.ac.uniyar.testingcourse.RussianNameValidatorTests" time="0.0"/>
  <testcase name="[169] ф-ф ф ф" classname="ru.ac.uniyar.testingcourse.RussianNameValidatorTests" time="0.0"/>
  <testcase name="[170] ф ф-ф ф" classname="ru.ac.uniyar.testingcourse.RussianNameValidatorTests" time="0.001"/>
  <testcase name="[171] ф-ф ф-ф ф" classname="ru.ac.uniyar.testingcourse.RussianNameValidatorTests" time="0.001"/>
  <testcase name="[172] ф ф ф" classname="ru.ac.uniyar.testingcourse.RussianNameValidatorTests" time="0.0"/>
  <testcase name="[173] ф ф" classname="ru.ac.uniyar.testingcourse.RussianNameValidatorTests" time="0.0"/>
  <testcase name="[174] ф-ф ф" classname="ru.ac.uniyar.testingcourse.RussianNameValidatorTests" time="0.0"/>
  <testcase name="[175] ф ф-ф" classname="ru.ac.uniyar.testingcourse.RussianNameValidatorTests" time="0.0"/>
  <testcase name="[176] ф-ф ф-ф" classname="ru.ac.uniyar.testingcourse.RussianNameValidatorTests" time="0.0"/>
  <testcase name="[177] х-х х х" classname="ru.ac.uniyar.testingcourse.RussianNameValidatorTests" time="0.001"/>
  <testcase name="[178] х х-х х" classname="ru.ac.uniyar.testingcourse.RussianNameValidatorTests" time="0.0"/>
  <testcase name="[179] х-х х-х х" classname="ru.ac.uniyar.testingcourse.RussianNameValidatorTests" time="0.0"/>
  <testcase name="[180] х х х" classname="ru.ac.uniyar.testingcourse.RussianNameValidatorTests" time="0.001"/>
  <testcase name="[181] х х" classname="ru.ac.uniyar.testingcourse.RussianNameValidatorTests" time="0.0"/>
  <testcase name="[182] х-х х" classname="ru.ac.uniyar.testingcourse.RussianNameValidatorTests" time="0.001"/>
  <testcase name="[183] х х-х" classname="ru.ac.uniyar.testingcourse.RussianNameValidatorTests" time="0.0"/>
  <testcase name="[184] х-х х-х" classname="ru.ac.uniyar.testingcourse.RussianNameValidatorTests" time="0.0"/>
  <testcase name="[185] ц-ц ц ц" classname="ru.ac.uniyar.testingcourse.RussianNameValidatorTests" time="0.001"/>
  <testcase name="[186] ц ц-ц ц" classname="ru.ac.uniyar.testingcourse.RussianNameValidatorTests" time="0.001"/>
  <testcase name="[187] ц-ц ц-ц ц" classname="ru.ac.uniyar.testingcourse.RussianNameValidatorTests" time="0.0"/>
  <testcase name="[188] ц ц ц" classname="ru.ac.uniyar.testingcourse.RussianNameValidatorTests" time="0.0"/>
  <testcase name="[189] ц ц" classname="ru.ac.uniyar.testingcourse.RussianNameValidatorTests" time="0.001"/>
  <testcase name="[190] ц-ц ц" classname="ru.ac.uniyar.testingcourse.RussianNameValidatorTests" time="0.001"/>
  <testcase name="[191] ц ц-ц" classname="ru.ac.uniyar.testingcourse.RussianNameValidatorTests" time="0.001"/>
  <testcase name="[192] ц-ц ц-ц" classname="ru.ac.uniyar.testingcourse.RussianNameValidatorTests" time="0.001"/>
  <testcase name="[193] ч-ч ч ч" classname="ru.ac.uniyar.testingcourse.RussianNameValidatorTests" time="0.0"/>
  <testcase name="[194] ч ч-ч ч" classname="ru.ac.uniyar.testingcourse.RussianNameValidatorTests" time="0.0"/>
  <testcase name="[195] ч-ч ч-ч ч" classname="ru.ac.uniyar.testingcourse.RussianNameValidatorTests" time="0.0"/>
  <testcase name="[196] ч ч ч" classname="ru.ac.uniyar.testingcourse.RussianNameValidatorTests" time="0.001"/>
  <testcase name="[197] ч ч" classname="ru.ac.uniyar.testingcourse.RussianNameValidatorTests" time="0.001"/>
  <testcase name="[198] ч-ч ч" classname="ru.ac.uniyar.testingcourse.RussianNameValidatorTests" time="0.001"/>
  <testcase name="[199] ч ч-ч" classname="ru.ac.uniyar.testingcourse.RussianNameValidatorTests" time="0.001"/>
  <testcase name="[200] ч-ч ч-ч" classname="ru.ac.uniyar.testingcourse.RussianNameValidatorTests" time="0.0"/>
  <testcase name="[201] ш-ш ш ш" classname="ru.ac.uniyar.testingcourse.RussianNameValidatorTests" time="0.0"/>
  <testcase name="[202] ш ш-ш ш" classname="ru.ac.uniyar.testingcourse.RussianNameValidatorTests" time="0.0"/>
  <testcase name="[203] ш-ш ш-ш ш" classname="ru.ac.uniyar.testingcourse.RussianNameValidatorTests" time="0.001"/>
  <testcase name="[204] ш ш ш" classname="ru.ac.uniyar.testingcourse.RussianNameValidatorTests" time="0.001"/>
  <testcase name="[205] ш ш" classname="ru.ac.uniyar.testingcourse.RussianNameValidatorTests" time="0.001"/>
  <testcase name="[206] ш-ш ш" classname="ru.ac.uniyar.testingcourse.RussianNameValidatorTests" time="0.0"/>
  <testcase name="[207] ш ш-ш" classname="ru.ac.uniyar.testingcourse.RussianNameValidatorTests" time="0.0"/>
  <testcase name="[208] ш-ш ш-ш" classname="ru.ac.uniyar.testingcourse.RussianNameValidatorTests" time="0.0"/>
  <testcase name="[209] щ-щ щ щ" classname="ru.ac.uniyar.testingcourse.RussianNameValidatorTests" time="0.0"/>
  <testcase name="[210] щ щ-щ щ" classname="ru.ac.uniyar.testingcourse.RussianNameValidatorTests" time="0.0"/>
  <testcase name="[211] щ-щ щ-щ щ" classname="ru.ac.uniyar.testingcourse.RussianNameValidatorTests" time="0.001"/>
  <testcase name="[212] щ щ щ" classname="ru.ac.uniyar.testingcourse.RussianNameValidatorTests" time="0.001"/>
  <testcase name="[213] щ щ" classname="ru.ac.uniyar.testingcourse.RussianNameValidatorTests" time="0.001"/>
  <testcase name="[214] щ-щ щ" classname="ru.ac.uniyar.testingcourse.RussianNameValidatorTests" time="0.001"/>
  <testcase name="[215] щ щ-щ" classname="ru.ac.uniyar.testingcourse.RussianNameValidatorTests" time="0.0"/>
  <testcase name="[216] щ-щ щ-щ" classname="ru.ac.uniyar.testingcourse.RussianNameValidatorTests" time="0.0"/>
  <testcase name="[217] ъ-ъ ъ ъ" classname="ru.ac.uniyar.testingcourse.RussianNameValidatorTests" time="0.0"/>
  <testcase name="[218] ъ ъ-ъ ъ" classname="ru.ac.uniyar.testingcourse.RussianNameValidatorTests" time="0.0"/>
  <testcase name="[219] ъ-ъ ъ-ъ ъ" classname="ru.ac.uniyar.testingcourse.RussianNameValidatorTests" time="0.0"/>
  <testcase name="[220] ъ ъ ъ" classname="ru.ac.uniyar.testingcourse.RussianNameValidatorTests" time="0.0"/>
  <testcase name="[221] ъ ъ" classname="ru.ac.uniyar.testingcourse.RussianNameValidatorTests" time="0.001"/>
  <testcase name="[222] ъ-ъ ъ" classname="ru.ac.uniyar.testingcourse.RussianNameValidatorTests" time="0.001"/>
  <testcase name="[223] ъ ъ-ъ" classname="ru.ac.uniyar.testingcourse.RussianNameValidatorTests" time="0.001"/>
  <testcase name="[224] ъ-ъ ъ-ъ" classname="ru.ac.uniyar.testingcourse.RussianNameValidatorTests" time="0.0"/>
  <testcase name="[225] ы-ы ы ы" classname="ru.ac.uniyar.testingcourse.RussianNameValidatorTests" time="0.0"/>
  <testcase name="[226] ы ы-ы ы" classname="ru.ac.uniyar.testingcourse.RussianNameValidatorTests" time="0.0"/>
  <testcase name="[227] ы-ы ы-ы ы" classname="ru.ac.uniyar.testingcourse.RussianNameValidatorTests" time="0.0"/>
  <testcase name="[228] ы ы ы" classname="ru.ac.uniyar.testingcourse.RussianNameValidatorTests" time="0.001"/>
  <testcase name="[229] ы ы" classname="ru.ac.uniyar.testingcourse.RussianNameValidatorTests" time="0.0"/>
  <testcase name="[230] ы-ы ы" classname="ru.ac.uniyar.testingcourse.RussianNameValidatorTests" time="0.0"/>
  <testcase name="[231] ы ы-ы" classname="ru.ac.uniyar.testingcourse.RussianNameValidatorTests" time="0.0"/>
  <testcase name="[232] ы-ы ы-ы" classname="ru.ac.uniyar.testingcourse.RussianNameValidatorTests" time="0.001"/>
  <testcase name="[233] ь-ь ь ь" classname="ru.ac.uniyar.testingcourse.RussianNameValidatorTests" time="0.0"/>
  <testcase name="[234] ь ь-ь ь" classname="ru.ac.uniyar.testingcourse.RussianNameValidatorTests" time="0.0"/>
  <testcase name="[235] ь-ь ь-ь ь" classname="ru.ac.uniyar.testingcourse.RussianNameValidatorTests" time="0.0"/>
  <testcase name="[236] ь ь ь" classname="ru.ac.uniyar.testingcourse.RussianNameValidatorTests" time="0.0"/>
  <testcase name="[237] ь ь" classname="ru.ac.uniyar.testingcourse.RussianNameValidatorTests" time="0.0"/>
  <testcase name="[238] ь-ь ь" classname="ru.ac.uniyar.testingcourse.RussianNameValidatorTests" time="0.0"/>
  <testcase name="[239] ь ь-ь" classname="ru.ac.uniyar.testingcourse.RussianNameValidatorTests" time="0.0"/>
  <testcase name="[240] ь-ь ь-ь" classname="ru.ac.uniyar.testingcourse.RussianNameValidatorTests" time="0.001"/>
  <testcase name="[241] э-э э э" classname="ru.ac.uniyar.testingcourse.RussianNameValidatorTests" time="0.001"/>
  <testcase name="[242] э э-э э" classname="ru.ac.uniyar.testingcourse.RussianNameValidatorTests" time="0.001"/>
  <testcase name="[243] э-э э-э э" classname="ru.ac.uniyar.testingcourse.RussianNameValidatorTests" time="0.001"/>
  <testcase name="[244] э э э" classname="ru.ac.uniyar.testingcourse.RussianNameValidatorTests" time="0.001"/>
  <testcase name="[245] э э" classname="ru.ac.uniyar.testingcourse.RussianNameValidatorTests" time="0.0"/>
  <testcase name="[246] э-э э" classname="ru.ac.uniyar.testingcourse.RussianNameValidatorTests" time="0.0"/>
  <testcase name="[247] э э-э" classname="ru.ac.uniyar.testingcourse.RussianNameValidatorTests" time="0.0"/>
  <testcase name="[248] э-э э-э" classname="ru.ac.uniyar.testingcourse.RussianNameValidatorTests" time="0.0"/>
  <testcase name="[249] ю-ю ю ю" classname="ru.ac.uniyar.testingcourse.RussianNameValidatorTests" time="0.0"/>
  <testcase name="[250] ю ю-ю ю" classname="ru.ac.uniyar.testingcourse.RussianNameValidatorTests" time="0.001"/>
  <testcase name="[251] ю-ю ю-ю ю" classname="ru.ac.uniyar.testingcourse.RussianNameValidatorTests" time="0.001"/>
  <testcase name="[252] ю ю ю" classname="ru.ac.uniyar.testingcourse.RussianNameValidatorTests" time="0.0"/>
  <testcase name="[253] ю ю" classname="ru.ac.uniyar.testingcourse.RussianNameValidatorTests" time="0.001"/>
  <testcase name="[254] ю-ю ю" classname="ru.ac.uniyar.testingcourse.RussianNameValidatorTests" time="0.001"/>
  <testcase name="[255] ю ю-ю" classname="ru.ac.uniyar.testingcourse.RussianNameValidatorTests" time="0.001"/>
  <testcase name="[256] ю-ю ю-ю" classname="ru.ac.uniyar.testingcourse.RussianNameValidatorTests" time="0.001"/>
  <testcase name="[257] я-я я я" classname="ru.ac.uniyar.testingcourse.RussianNameValidatorTests" time="0.0"/>
  <testcase name="[258] я я-я я" classname="ru.ac.uniyar.testingcourse.RussianNameValidatorTests" time="0.001"/>
  <testcase name="[259] я-я я-я я" classname="ru.ac.uniyar.testingcourse.RussianNameValidatorTests" time="0.001"/>
  <testcase name="[260] я я я" classname="ru.ac.uniyar.testingcourse.RussianNameValidatorTests" time="0.0"/>
  <testcase name="[261] я я" classname="ru.ac.uniyar.testingcourse.RussianNameValidatorTests" time="0.0"/>
  <testcase name="[262] я-я я" classname="ru.ac.uniyar.testingcourse.RussianNameValidatorTests" time="0.0"/>
  <testcase name="[263] я я-я" classname="ru.ac.uniyar.testingcourse.RussianNameValidatorTests" time="0.0"/>
  <testcase name="[264] я-я я-я" classname="ru.ac.uniyar.testingcourse.RussianNameValidatorTests" time="0.0"/>
  <testcase name="[1] Бб!-Бб Бб" classname="ru.ac.uniyar.testingcourse.RussianNameValidatorTests" time="0.001"/>
  <testcase name="[2] Бб Бб!-Бб" classname="ru.ac.uniyar.testingcourse.RussianNameValidatorTests" time="0.001"/>
  <testcase name="[3] Бб&quot;-Бб Бб" classname="ru.ac.uniyar.testingcourse.RussianNameValidatorTests" time="0.0"/>
  <testcase name="[4] Бб Бб&quot;-Бб" classname="ru.ac.uniyar.testingcourse.RussianNameValidatorTests" time="0.0"/>
  <testcase name="[5] Бб#-Бб Бб" classname="ru.ac.uniyar.testingcourse.RussianNameValidatorTests" time="0.001"/>
  <testcase name="[6] Бб Бб#-Бб" classname="ru.ac.uniyar.testingcourse.RussianNameValidatorTests" time="0.0"/>
  <testcase name="[7] Бб$-Бб Бб" classname="ru.ac.uniyar.testingcourse.RussianNameValidatorTests" time="0.0"/>
  <testcase name="[8] Бб Бб$-Бб" classname="ru.ac.uniyar.testingcourse.RussianNameValidatorTests" time="0.001"/>
  <testcase name="[9] Бб%-Бб Бб" classname="ru.ac.uniyar.testingcourse.RussianNameValidatorTests" time="0.0"/>
  <testcase name="[10] Бб Бб%-Бб" classname="ru.ac.uniyar.testingcourse.RussianNameValidatorTests" time="0.0"/>
  <testcase name="[11] Бб&amp;-Бб Бб" classname="ru.ac.uniyar.testingcourse.RussianNameValidatorTests" time="0.0"/>
  <testcase name="[12] Бб Бб&amp;-Бб" classname="ru.ac.uniyar.testingcourse.RussianNameValidatorTests" time="0.001"/>
  <testcase name="[13] Бб'-Бб Бб" classname="ru.ac.uniyar.testingcourse.RussianNameValidatorTests" time="0.001"/>
  <testcase name="[14] Бб Бб'-Бб" classname="ru.ac.uniyar.testingcourse.RussianNameValidatorTests" time="0.001"/>
  <testcase name="[15] Бб(-Бб Бб" classname="ru.ac.uniyar.testingcourse.RussianNameValidatorTests" time="0.001"/>
  <testcase name="[16] Бб Бб(-Бб" classname="ru.ac.uniyar.testingcourse.RussianNameValidatorTests" time="0.0"/>
  <testcase name="[17] Бб)-Бб Бб" classname="ru.ac.uniyar.testingcourse.RussianNameValidatorTests" time="0.0"/>
  <testcase name="[18] Бб Бб)-Бб" classname="ru.ac.uniyar.testingcourse.RussianNameValidatorTests" time="0.001"/>
  <testcase name="[19] Бб*-Бб Бб" classname="ru.ac.uniyar.testingcourse.RussianNameValidatorTests" time="0.001"/>
  <testcase name="[20] Бб Бб*-Бб" classname="ru.ac.uniyar.testingcourse.RussianNameValidatorTests" time="0.001"/>
  <testcase name="[21] Бб+-Бб Бб" classname="ru.ac.uniyar.testingcourse.RussianNameValidatorTests" time="0.001"/>
  <testcase name="[22] Бб Бб+-Бб" classname="ru.ac.uniyar.testingcourse.RussianNameValidatorTests" time="0.0"/>
  <testcase name="[23] Бб,-Бб Бб" classname="ru.ac.uniyar.testingcourse.RussianNameValidatorTests" time="0.0"/>
  <testcase name="[24] Бб Бб,-Бб" classname="ru.ac.uniyar.testingcourse.RussianNameValidatorTests" time="0.001"/>
  <testcase name="[25] Бб.-Бб Бб" classname="ru.ac.uniyar.testingcourse.RussianNameValidatorTests" time="0.001"/>
  <testcase name="[26] Бб Бб.-Бб" classname="ru.ac.uniyar.testingcourse.RussianNameValidatorTests" time="0.001"/>
  <testcase name="[27] Бб/-Бб Бб" classname="ru.ac.uniyar.testingcourse.RussianNameValidatorTests" time="0.001"/>
  <testcase name="[28] Бб Бб/-Бб" classname="ru.ac.uniyar.testingcourse.RussianNameValidatorTests" time="0.0"/>
  <testcase name="[29] Бб:-Бб Бб" classname="ru.ac.uniyar.testingcourse.RussianNameValidatorTests" time="0.001"/>
  <testcase name="[30] Бб Бб:-Бб" classname="ru.ac.uniyar.testingcourse.RussianNameValidatorTests" time="0.0"/>
  <testcase name="[31] Бб;-Бб Бб" classname="ru.ac.uniyar.testingcourse.RussianNameValidatorTests" time="0.0"/>
  <testcase name="[32] Бб Бб;-Бб" classname="ru.ac.uniyar.testingcourse.RussianNameValidatorTests" time="0.0"/>
  <testcase name="[33] Бб&lt;-Бб Бб" classname="ru.ac.uniyar.testingcourse.RussianNameValidatorTests" time="0.001"/>
  <testcase name="[34] Бб Бб&lt;-Бб" classname="ru.ac.uniyar.testingcourse.RussianNameValidatorTests" time="0.001"/>
  <testcase name="[35] Бб=-Бб Бб" classname="ru.ac.uniyar.testingcourse.RussianNameValidatorTests" time="0.0"/>
  <testcase name="[36] Бб Бб=-Бб" classname="ru.ac.uniyar.testingcourse.RussianNameValidatorTests" time="0.0"/>
  <testcase name="[37] Бб&gt;-Бб Бб" classname="ru.ac.uniyar.testingcourse.RussianNameValidatorTests" time="0.0"/>
  <testcase name="[38] Бб Бб&gt;-Бб" classname="ru.ac.uniyar.testingcourse.RussianNameValidatorTests" time="0.0"/>
  <testcase name="[39] Бб?-Бб Бб" classname="ru.ac.uniyar.testingcourse.RussianNameValidatorTests" time="0.0"/>
  <testcase name="[40] Бб Бб?-Бб" classname="ru.ac.uniyar.testingcourse.RussianNameValidatorTests" time="0.0"/>
  <testcase name="[41] Бб@-Бб Бб" classname="ru.ac.uniyar.testingcourse.RussianNameValidatorTests" time="0.001"/>
  <testcase name="[42] Бб Бб@-Бб" classname="ru.ac.uniyar.testingcourse.RussianNameValidatorTests" time="0.0"/>
  <testcase name="[43] Бб[-Бб Бб" classname="ru.ac.uniyar.testingcourse.RussianNameValidatorTests" time="0.0"/>
  <testcase name="[44] Бб Бб[-Бб" classname="ru.ac.uniyar.testingcourse.RussianNameValidatorTests" time="0.0"/>
  <testcase name="[45] Бб\-Бб Бб" classname="ru.ac.uniyar.testingcourse.RussianNameValidatorTests" time="0.0"/>
  <testcase name="[46] Бб Бб\-Бб" classname="ru.ac.uniyar.testingcourse.RussianNameValidatorTests" time="0.001"/>
  <testcase name="[47] Бб]-Бб Бб" classname="ru.ac.uniyar.testingcourse.RussianNameValidatorTests" time="0.001"/>
  <testcase name="[48] Бб Бб]-Бб" classname="ru.ac.uniyar.testingcourse.RussianNameValidatorTests" time="0.001"/>
  <testcase name="[49] Бб^-Бб Бб" classname="ru.ac.uniyar.testingcourse.RussianNameValidatorTests" time="0.001"/>
  <testcase name="[50] Бб Бб^-Бб" classname="ru.ac.uniyar.testingcourse.RussianNameValidatorTests" time="0.001"/>
  <testcase name="[51] Бб_-Бб Бб" classname="ru.ac.uniyar.testingcourse.RussianNameValidatorTests" time="0.0"/>
  <testcase name="[52] Бб Бб_-Бб" classname="ru.ac.uniyar.testingcourse.RussianNameValidatorTests" time="0.0"/>
  <testcase name="[53] Бб`-Бб Бб" classname="ru.ac.uniyar.testingcourse.RussianNameValidatorTests" time="0.0"/>
  <testcase name="[54] Бб Бб`-Бб" classname="ru.ac.uniyar.testingcourse.RussianNameValidatorTests" time="0.001"/>
  <testcase name="[55] Бб{-Бб Бб" classname="ru.ac.uniyar.testingcourse.RussianNameValidatorTests" time="0.001"/>
  <testcase name="[56] Бб Бб{-Бб" classname="ru.ac.uniyar.testingcourse.RussianNameValidatorTests" time="0.0"/>
  <testcase name="[57] Бб|-Бб Бб" classname="ru.ac.uniyar.testingcourse.RussianNameValidatorTests" time="0.0"/>
  <testcase name="[58] Бб Бб|-Бб" classname="ru.ac.uniyar.testingcourse.RussianNameValidatorTests" time="0.0"/>
  <testcase name="[59] Бб}-Бб Бб" classname="ru.ac.uniyar.testingcourse.RussianNameValidatorTests" time="0.001"/>
  <testcase name="[60] Бб Бб}-Бб" classname="ru.ac.uniyar.testingcourse.RussianNameValidatorTests" time="0.0"/>
  <testcase name="[61] Бб~-Бб Бб" classname="ru.ac.uniyar.testingcourse.RussianNameValidatorTests" time="0.0"/>
  <testcase name="[62] Бб Бб~-Бб" classname="ru.ac.uniyar.testingcourse.RussianNameValidatorTests" time="0.001"/>
  <testcase name="[1] ААа ААа ААа" classname="ru.ac.uniyar.testingcourse.RussianNameValidatorTests" time="0.001"/>
  <testcase name="[2] ББб ББб ББб" classname="ru.ac.uniyar.testingcourse.RussianNameValidatorTests" time="0.001"/>
  <testcase name="[3] ВВв ВВв ВВв" classname="ru.ac.uniyar.testingcourse.RussianNameValidatorTests" time="0.0"/>
  <testcase name="[4] ГГг ГГг ГГг" classname="ru.ac.uniyar.testingcourse.RussianNameValidatorTests" time="0.0"/>
  <testcase name="[5] ДДд ДДд ДДд" classname="ru.ac.uniyar.testingcourse.RussianNameValidatorTests" time="0.0"/>
  <testcase name="[6] ЕЕе ЕЕе ЕЕе" classname="ru.ac.uniyar.testingcourse.RussianNameValidatorTests" time="0.001"/>
  <testcase name="[7] ЁЁё ЁЁё ЁЁё" classname="ru.ac.uniyar.testingcourse.RussianNameValidatorTests" time="0.001"/>
  <testcase name="[8] ЖЖж ЖЖж ЖЖж" classname="ru.ac.uniyar.testingcourse.RussianNameValidatorTests" time="0.001"/>
  <testcase name="[9] ЗЗз ЗЗз ЗЗз" classname="ru.ac.uniyar.testingcourse.RussianNameValidatorTests" time="0.0"/>
  <testcase name="[10] ИИи ИИи ИИи" classname="ru.ac.uniyar.testingcourse.RussianNameValidatorTests" time="0.001"/>
  <testcase name="[11] ЙЙй ЙЙй ЙЙй" classname="ru.ac.uniyar.testingcourse.RussianNameValidatorTests" time="0.001"/>
  <testcase name="[12] ККк ККк ККк" classname="ru.ac.uniyar.testingcourse.RussianNameValidatorTests" time="0.001"/>
  <testcase name="[13] ЛЛл ЛЛл ЛЛл" classname="ru.ac.uniyar.testingcourse.RussianNameValidatorTests" time="0.0"/>
  <testcase name="[14] ММм ММм ММм" classname="ru.ac.uniyar.testingcourse.RussianNameValidatorTests" time="0.0"/>
  <testcase name="[15] ННн ННн ННн" classname="ru.ac.uniyar.testingcourse.RussianNameValidatorTests" time="0.0"/>
  <testcase name="[16] ООо ООо ООо" classname="ru.ac.uniyar.testingcourse.RussianNameValidatorTests" time="0.0"/>
  <testcase name="[17] ППп ППп ППп" classname="ru.ac.uniyar.testingcourse.RussianNameValidatorTests" time="0.0"/>
  <testcase name="[18] РРр РРр РРр" classname="ru.ac.uniyar.testingcourse.RussianNameValidatorTests" time="0.0"/>
  <testcase name="[19] ССс ССс ССс" classname="ru.ac.uniyar.testingcourse.RussianNameValidatorTests" time="0.001"/>
  <testcase name="[20] ТТт ТТт ТТт" classname="ru.ac.uniyar.testingcourse.RussianNameValidatorTests" time="0.001"/>
  <testcase name="[21] УУу УУу УУу" classname="ru.ac.uniyar.testingcourse.RussianNameValidatorTests" time="0.001"/>
  <testcase name="[22] ФФф ФФф ФФф" classname="ru.ac.uniyar.testingcourse.RussianNameValidatorTests" time="0.0"/>
  <testcase name="[23] ХХх ХХх ХХх" classname="ru.ac.uniyar.testingcourse.RussianNameValidatorTests" time="0.0"/>
  <testcase name="[24] ЦЦц ЦЦц ЦЦц" classname="ru.ac.uniyar.testingcourse.RussianNameValidatorTests" time="0.0"/>
  <testcase name="[25] ЧЧч ЧЧч ЧЧч" classname="ru.ac.uniyar.testingcourse.RussianNameValidatorTests" time="0.0"/>
  <testcase name="[26] ШШш ШШш ШШш" classname="ru.ac.uniyar.testingcourse.RussianNameValidatorTests" time="0.001"/>
  <testcase name="[27] ЩЩщ ЩЩщ ЩЩщ" classname="ru.ac.uniyar.testingcourse.RussianNameValidatorTests" time="0.001"/>
  <testcase name="[28] ЪЪъ ЪЪъ ЪЪъ" classname="ru.ac.uniyar.testingcourse.RussianNameValidatorTests" time="0.0"/>
  <testcase name="[29] ЫЫы ЫЫы ЫЫы" classname="ru.ac.uniyar.testingcourse.RussianNameValidatorTests" time="0.0"/>
  <testcase name="[30] ЬЬь ЬЬь ЬЬь" classname="ru.ac.uniyar.testingcourse.RussianNameValidatorTests" time="0.001"/>
  <testcase name="[31] ЭЭэ ЭЭэ ЭЭэ" classname="ru.ac.uniyar.testingcourse.RussianNameValidatorTests" time="0.001"/>
  <testcase name="[32] ЮЮю ЮЮю ЮЮю" classname="ru.ac.uniyar.testingcourse.RussianNameValidatorTests" time="0.001"/>
  <testcase name="[33] ЯЯя ЯЯя ЯЯя" classname="ru.ac.uniyar.testingcourse.RussianNameValidatorTests" time="0.001"/>
  <testcase name="[1] Аа-Аа Аа Аа" classname="ru.ac.uniyar.testingcourse.RussianNameValidatorTests" time="0.001"/>
  <testcase name="[2] Аа Аа-Аа Аа" classname="ru.ac.uniyar.testingcourse.RussianNameValidatorTests" time="0.001"/>
  <testcase name="[3] Аа-Аа Аа-Аа Аа" classname="ru.ac.uniyar.testingcourse.RussianNameValidatorTests" time="0.001"/>
  <testcase name="[4] Аа Аа Аа" classname="ru.ac.uniyar.testingcourse.RussianNameValidatorTests" time="0.001"/>
  <testcase name="[5] Аа Аа" classname="ru.ac.uniyar.testingcourse.RussianNameValidatorTests" time="0.0"/>
  <testcase name="[6] Аа-Аа Аа" classname="ru.ac.uniyar.testingcourse.RussianNameValidatorTests" time="0.0"/>
  <testcase name="[7] Аа Аа-Аа" classname="ru.ac.uniyar.testingcourse.RussianNameValidatorTests" time="0.0"/>
  <testcase name="[8] Аа-Аа Аа-Аа" classname="ru.ac.uniyar.testingcourse.RussianNameValidatorTests" time="0.001"/>
  <testcase name="[9] Бб-Бб Бб Бб" classname="ru.ac.uniyar.testingcourse.RussianNameValidatorTests" time="0.0"/>
  <testcase name="[10] Бб Бб-Бб Бб" classname="ru.ac.uniyar.testingcourse.RussianNameValidatorTests" time="0.0"/>
  <testcase name="[11] Бб-Бб Бб-Бб Бб" classname="ru.ac.uniyar.testingcourse.RussianNameValidatorTests" time="0.0"/>
  <testcase name="[12] Бб Бб Бб" classname="ru.ac.uniyar.testingcourse.RussianNameValidatorTests" time="0.0"/>
  <testcase name="[13] Бб Бб" classname="ru.ac.uniyar.testingcourse.RussianNameValidatorTests" time="0.0"/>
  <testcase name="[14] Бб-Бб Бб" classname="ru.ac.uniyar.testingcourse.RussianNameValidatorTests" time="0.0"/>
  <testcase name="[15] Бб Бб-Бб" classname="ru.ac.uniyar.testingcourse.RussianNameValidatorTests" time="0.0"/>
  <testcase name="[16] Бб-Бб Бб-Бб" classname="ru.ac.uniyar.testingcourse.RussianNameValidatorTests" time="0.0"/>
  <testcase name="[17] Вв-Вв Вв Вв" classname="ru.ac.uniyar.testingcourse.RussianNameValidatorTests" time="0.0"/>
  <testcase name="[18] Вв Вв-Вв Вв" classname="ru.ac.uniyar.testingcourse.RussianNameValidatorTests" time="0.0"/>
  <testcase name="[19] Вв-Вв Вв-Вв Вв" classname="ru.ac.uniyar.testingcourse.RussianNameValidatorTests" time="0.001"/>
  <testcase name="[20] Вв Вв Вв" classname="ru.ac.uniyar.testingcourse.RussianNameValidatorTests" time="0.0"/>
  <testcase name="[21] Вв Вв" classname="ru.ac.uniyar.testingcourse.RussianNameValidatorTests" time="0.001"/>
  <testcase name="[22] Вв-Вв Вв" classname="ru.ac.uniyar.testingcourse.RussianNameValidatorTests" time="0.001"/>
  <testcase name="[23] Вв Вв-Вв" classname="ru.ac.uniyar.testingcourse.RussianNameValidatorTests" time="0.0"/>
  <testcase name="[24] Вв-Вв Вв-Вв" classname="ru.ac.uniyar.testingcourse.RussianNameValidatorTests" time="0.0"/>
  <testcase name="[25] Гг-Гг Гг Гг" classname="ru.ac.uniyar.testingcourse.RussianNameValidatorTests" time="0.001"/>
  <testcase name="[26] Гг Гг-Гг Гг" classname="ru.ac.uniyar.testingcourse.RussianNameValidatorTests" time="0.001"/>
  <testcase name="[27] Гг-Гг Гг-Гг Гг" classname="ru.ac.uniyar.testingcourse.RussianNameValidatorTests" time="0.001"/>
  <testcase name="[28] Гг Гг Гг" classname="ru.ac.uniyar.testingcourse.RussianNameValidatorTests" time="0.001"/>
  <testcase name="[29] Гг Гг" classname="ru.ac.uniyar.testingcourse.RussianNameValidatorTests" time="0.001"/>
  <testcase name="[30] Гг-Гг Гг" classname="ru.ac.uniyar.testingcourse.RussianNameValidatorTests" time="0.0"/>
  <testcase name="[31] Гг Гг-Гг" classname="ru.ac.uniyar.testingcourse.RussianNameValidatorTests" time="0.0"/>
  <testcase name="[32] Гг-Гг Гг-Гг" classname="ru.ac.uniyar.testingcourse.RussianNameValidatorTests" time="0.0"/>
  <testcase name="[33] Дд-Дд Дд Дд" classname="ru.ac.uniyar.testingcourse.RussianNameValidatorTests" time="0.001"/>
  <testcase name="[34] Дд Дд-Дд Дд" classname="ru.ac.uniyar.testingcourse.RussianNameValidatorTests" time="0.0"/>
  <testcase name="[35] Дд-Дд Дд-Дд Дд" classname="ru.ac.uniyar.testingcourse.RussianNameValidatorTests" time="0.0"/>
  <testcase name="[36] Дд Дд Дд" classname="ru.ac.uniyar.testingcourse.RussianNameValidatorTests" time="0.0"/>
  <testcase name="[37] Дд Дд" classname="ru.ac.uniyar.testingcourse.RussianNameValidatorTests" time="0.0"/>
  <testcase name="[38] Дд-Дд Дд" classname="ru.ac.uniyar.testingcourse.RussianNameValidatorTests" time="0.001"/>
  <testcase name="[39] Дд Дд-Дд" classname="ru.ac.uniyar.testingcourse.RussianNameValidatorTests" time="0.001"/>
  <testcase name="[40] Дд-Дд Дд-Дд" classname="ru.ac.uniyar.testingcourse.RussianNameValidatorTests" time="0.0"/>
  <testcase name="[41] Ее-Ее Ее Ее" classname="ru.ac.uniyar.testingcourse.RussianNameValidatorTests" time="0.0"/>
  <testcase name="[42] Ее Ее-Ее Ее" classname="ru.ac.uniyar.testingcourse.RussianNameValidatorTests" time="0.0"/>
  <testcase name="[43] Ее-Ее Ее-Ее Ее" classname="ru.ac.uniyar.testingcourse.RussianNameValidatorTests" time="0.0"/>
  <testcase name="[44] Ее Ее Ее" classname="ru.ac.uniyar.testingcourse.RussianNameValidatorTests" time="0.0"/>
  <testcase name="[45] Ее Ее" classname="ru.ac.uniyar.testingcourse.RussianNameValidatorTests" time="0.0"/>
  <testcase name="[46] Ее-Ее Ее" classname="ru.ac.uniyar.testingcourse.RussianNameValidatorTests" time="0.001"/>
  <testcase name="[47] Ее Ее-Ее" classname="ru.ac.uniyar.testingcourse.RussianNameValidatorTests" time="0.0"/>
  <testcase name="[48] Ее-Ее Ее-Ее" classname="ru.ac.uniyar.testingcourse.RussianNameValidatorTests" time="0.0"/>
  <testcase name="[49] Ёё-Ёё Ёё Ёё" classname="ru.ac.uniyar.testingcourse.RussianNameValidatorTests" time="0.014">
    <failure message="org.opentest4j.AssertionFailedError: &#13;&#10;Expecting value to be true but was false" type="org.opentest4j.AssertionFailedError">org.opentest4j.AssertionFailedError: 
Expecting value to be true but was false
	at java.base@20.0.2.1/jdk.internal.reflect.DirectConstructorHandleAccessor.newInstance(DirectConstructorHandleAccessor.java:67)
	at java.base@20.0.2.1/java.lang.reflect.Constructor.newInstanceWithCaller(Constructor.java:500)
	at app//ru.ac.uniyar.testingcourse.RussianNameValidatorTests.testVerifiedNames(RussianNameValidatorTests.java:63)
	at java.base@20.0.2.1/jdk.internal.reflect.DirectMethodHandleAccessor.invoke(DirectMethodHandleAccessor.java:104)
	at java.base@20.0.2.1/java.lang.reflect.Method.invoke(Method.java:578)
	at app//org.junit.platform.commons.util.ReflectionUtils.invokeMethod(ReflectionUtils.java:728)
	at app//org.junit.jupiter.engine.execution.MethodInvocation.proceed(MethodInvocation.java:60)
	at app//org.junit.jupiter.engine.execution.InvocationInterceptorChain$ValidatingInvocation.proceed(InvocationInterceptorChain.java:131)
	at app//org.junit.jupiter.engine.extension.TimeoutExtension.intercept(TimeoutExtension.java:156)
	at app//org.junit.jupiter.engine.extension.TimeoutExtension.interceptTestableMethod(TimeoutExtension.java:147)
	at app//org.junit.jupiter.engine.extension.TimeoutExtension.interceptTestTemplateMethod(TimeoutExtension.java:94)
	at app//org.junit.jupiter.engine.execution.InterceptingExecutableInvoker$ReflectiveInterceptorCall.lambda$ofVoidMethod$0(InterceptingExecutableInvoker.java:103)
	at app//org.junit.jupiter.engine.execution.InterceptingExecutableInvoker.lambda$invoke$0(InterceptingExecutableInvoker.java:93)
	at app//org.junit.jupiter.engine.execution.InvocationInterceptorChain$InterceptedInvocation.proceed(InvocationInterceptorChain.java:106)
	at app//org.junit.jupiter.engine.execution.InvocationInterceptorChain.proceed(InvocationInterceptorChain.java:64)
	at app//org.junit.jupiter.engine.execution.InvocationInterceptorChain.chainAndInvoke(InvocationInterceptorChain.java:45)
	at app//org.junit.jupiter.engine.execution.InvocationInterceptorChain.invoke(InvocationInterceptorChain.java:37)
	at app//org.junit.jupiter.engine.execution.InterceptingExecutableInvoker.invoke(InterceptingExecutableInvoker.java:92)
	at app//org.junit.jupiter.engine.execution.InterceptingExecutableInvoker.invoke(InterceptingExecutableInvoker.java:86)
	at app//org.junit.jupiter.engine.descriptor.TestMethodTestDescriptor.lambda$invokeTestMethod$7(TestMethodTestDescriptor.java:218)
	at app//org.junit.platform.engine.support.hierarchical.ThrowableCollector.execute(ThrowableCollector.java:73)
	at app//org.junit.jupiter.engine.descriptor.TestMethodTestDescriptor.invokeTestMethod(TestMethodTestDescriptor.java:214)
	at app//org.junit.jupiter.engine.descriptor.TestMethodTestDescriptor.execute(TestMethodTestDescriptor.java:139)
	at app//org.junit.jupiter.engine.descriptor.TestMethodTestDescriptor.execute(TestMethodTestDescriptor.java:69)
	at app//org.junit.platform.engine.support.hierarchical.NodeTestTask.lambda$executeRecursively$6(NodeTestTask.java:151)
	at app//org.junit.platform.engine.support.hierarchical.ThrowableCollector.execute(ThrowableCollector.java:73)
	at app//org.junit.platform.engine.support.hierarchical.NodeTestTask.lambda$executeRecursively$8(NodeTestTask.java:141)
	at app//org.junit.platform.engine.support.hierarchical.Node.around(Node.java:137)
	at app//org.junit.platform.engine.support.hierarchical.NodeTestTask.lambda$executeRecursively$9(NodeTestTask.java:139)
	at app//org.junit.platform.engine.support.hierarchical.ThrowableCollector.execute(ThrowableCollector.java:73)
	at app//org.junit.platform.engine.support.hierarchical.NodeTestTask.executeRecursively(NodeTestTask.java:138)
	at app//org.junit.platform.engine.support.hierarchical.NodeTestTask.execute(NodeTestTask.java:95)
	at app//org.junit.platform.engine.support.hierarchical.SameThreadHierarchicalTestExecutorService.submit(SameThreadHierarchicalTestExecutorService.java:35)
	at app//org.junit.platform.engine.support.hierarchical.NodeTestTask$DefaultDynamicTestExecutor.execute(NodeTestTask.java:226)
	at app//org.junit.platform.engine.support.hierarchical.NodeTestTask$DefaultDynamicTestExecutor.execute(NodeTestTask.java:204)
	at app//org.junit.jupiter.engine.descriptor.TestTemplateTestDescriptor.execute(TestTemplateTestDescriptor.java:142)
	at app//org.junit.jupiter.engine.descriptor.TestTemplateTestDescriptor.lambda$execute$2(TestTemplateTestDescriptor.java:110)
	at java.base@20.0.2.1/java.util.stream.ForEachOps$ForEachOp$OfRef.accept(ForEachOps.java:183)
	at java.base@20.0.2.1/java.util.stream.ReferencePipeline$3$1.accept(ReferencePipeline.java:197)
	at java.base@20.0.2.1/java.util.stream.ReferencePipeline$2$1.accept(ReferencePipeline.java:179)
	at java.base@20.0.2.1/java.util.stream.ReferencePipeline$3$1.accept(ReferencePipeline.java:197)
	at java.base@20.0.2.1/java.util.stream.ForEachOps$ForEachOp$OfRef.accept(ForEachOps.java:183)
	at java.base@20.0.2.1/java.util.stream.ReferencePipeline$3$1.accept(ReferencePipeline.java:197)
	at java.base@20.0.2.1/java.util.stream.ReferencePipeline$3$1.accept(ReferencePipeline.java:197)
	at java.base@20.0.2.1/java.util.stream.ReferencePipeline$3$1.accept(ReferencePipeline.java:197)
	at java.base@20.0.2.1/java.util.stream.ForEachOps$ForEachOp$OfRef.accept(ForEachOps.java:183)
	at java.base@20.0.2.1/java.util.stream.ReferencePipeline$3$1.accept(ReferencePipeline.java:197)
	at java.base@20.0.2.1/java.util.ArrayList$ArrayListSpliterator.forEachRemaining(ArrayList.java:1625)
	at java.base@20.0.2.1/java.util.stream.ReferencePipeline$Head.forEach(ReferencePipeline.java:762)
	at java.base@20.0.2.1/java.util.stream.ReferencePipeline$7$1.accept(ReferencePipeline.java:276)
	at java.base@20.0.2.1/java.util.stream.ReferencePipeline$3$1.accept(ReferencePipeline.java:197)
	at java.base@20.0.2.1/java.util.stream.ReferencePipeline$3$1.accept(ReferencePipeline.java:197)
	at java.base@20.0.2.1/java.util.stream.ReferencePipeline$3$1.accept(ReferencePipeline.java:197)
	at java.base@20.0.2.1/java.util.Spliterators$ArraySpliterator.forEachRemaining(Spliterators.java:1006)
	at java.base@20.0.2.1/java.util.stream.AbstractPipeline.copyInto(AbstractPipeline.java:509)
	at java.base@20.0.2.1/java.util.stream.AbstractPipeline.wrapAndCopyInto(AbstractPipeline.java:499)
	at java.base@20.0.2.1/java.util.stream.ForEachOps$ForEachOp.evaluateSequential(ForEachOps.java:150)
	at java.base@20.0.2.1/java.util.stream.ForEachOps$ForEachOp$OfRef.evaluateSequential(ForEachOps.java:173)
	at java.base@20.0.2.1/java.util.stream.AbstractPipeline.evaluate(AbstractPipeline.java:234)
	at java.base@20.0.2.1/java.util.stream.ReferencePipeline.forEach(ReferencePipeline.java:596)
	at java.base@20.0.2.1/java.util.stream.ReferencePipeline$7$1.accept(ReferencePipeline.java:276)
	at java.base@20.0.2.1/java.util.stream.ReferencePipeline$3$1.accept(ReferencePipeline.java:197)
	at java.base@20.0.2.1/java.util.stream.ReferencePipeline$3$1.accept(ReferencePipeline.java:197)
	at java.base@20.0.2.1/java.util.stream.ReferencePipeline$3$1.accept(ReferencePipeline.java:197)
	at java.base@20.0.2.1/java.util.ArrayList$ArrayListSpliterator.forEachRemaining(ArrayList.java:1625)
	at java.base@20.0.2.1/java.util.stream.AbstractPipeline.copyInto(AbstractPipeline.java:509)
	at java.base@20.0.2.1/java.util.stream.AbstractPipeline.wrapAndCopyInto(AbstractPipeline.java:499)
	at java.base@20.0.2.1/java.util.stream.ForEachOps$ForEachOp.evaluateSequential(ForEachOps.java:150)
	at java.base@20.0.2.1/java.util.stream.ForEachOps$ForEachOp$OfRef.evaluateSequential(ForEachOps.java:173)
	at java.base@20.0.2.1/java.util.stream.AbstractPipeline.evaluate(AbstractPipeline.java:234)
	at java.base@20.0.2.1/java.util.stream.ReferencePipeline.forEach(ReferencePipeline.java:596)
	at java.base@20.0.2.1/java.util.stream.ReferencePipeline$7$1.accept(ReferencePipeline.java:276)
	at java.base@20.0.2.1/java.util.ArrayList$ArrayListSpliterator.forEachRemaining(ArrayList.java:1625)
	at java.base@20.0.2.1/java.util.stream.AbstractPipeline.copyInto(AbstractPipeline.java:509)
	at java.base@20.0.2.1/java.util.stream.AbstractPipeline.wrapAndCopyInto(AbstractPipeline.java:499)
	at java.base@20.0.2.1/java.util.stream.ForEachOps$ForEachOp.evaluateSequential(ForEachOps.java:150)
	at java.base@20.0.2.1/java.util.stream.ForEachOps$ForEachOp$OfRef.evaluateSequential(ForEachOps.java:173)
	at java.base@20.0.2.1/java.util.stream.AbstractPipeline.evaluate(AbstractPipeline.java:234)
	at java.base@20.0.2.1/java.util.stream.ReferencePipeline.forEach(ReferencePipeline.java:596)
	at app//org.junit.jupiter.engine.descriptor.TestTemplateTestDescriptor.execute(TestTemplateTestDescriptor.java:110)
	at app//org.junit.jupiter.engine.descriptor.TestTemplateTestDescriptor.execute(TestTemplateTestDescriptor.java:44)
	at app//org.junit.platform.engine.support.hierarchical.NodeTestTask.lambda$executeRecursively$6(NodeTestTask.java:151)
	at app//org.junit.platform.engine.support.hierarchical.ThrowableCollector.execute(ThrowableCollector.java:73)
	at app//org.junit.platform.engine.support.hierarchical.NodeTestTask.lambda$executeRecursively$8(NodeTestTask.java:141)
	at app//org.junit.platform.engine.support.hierarchical.Node.around(Node.java:137)
	at app//org.junit.platform.engine.support.hierarchical.NodeTestTask.lambda$executeRecursively$9(NodeTestTask.java:139)
	at app//org.junit.platform.engine.support.hierarchical.ThrowableCollector.execute(ThrowableCollector.java:73)
	at app//org.junit.platform.engine.support.hierarchical.NodeTestTask.executeRecursively(NodeTestTask.java:138)
	at app//org.junit.platform.engine.support.hierarchical.NodeTestTask.execute(NodeTestTask.java:95)
	at java.base@20.0.2.1/java.util.ArrayList.forEach(ArrayList.java:1511)
	at app//org.junit.platform.engine.support.hierarchical.SameThreadHierarchicalTestExecutorService.invokeAll(SameThreadHierarchicalTestExecutorService.java:41)
	at app//org.junit.platform.engine.support.hierarchical.NodeTestTask.lambda$executeRecursively$6(NodeTestTask.java:155)
	at app//org.junit.platform.engine.support.hierarchical.ThrowableCollector.execute(ThrowableCollector.java:73)
	at app//org.junit.platform.engine.support.hierarchical.NodeTestTask.lambda$executeRecursively$8(NodeTestTask.java:141)
	at app//org.junit.platform.engine.support.hierarchical.Node.around(Node.java:137)
	at app//org.junit.platform.engine.support.hierarchical.NodeTestTask.lambda$executeRecursively$9(NodeTestTask.java:139)
	at app//org.junit.platform.engine.support.hierarchical.ThrowableCollector.execute(ThrowableCollector.java:73)
	at app//org.junit.platform.engine.support.hierarchical.NodeTestTask.executeRecursively(NodeTestTask.java:138)
	at app//org.junit.platform.engine.support.hierarchical.NodeTestTask.execute(NodeTestTask.java:95)
	at java.base@20.0.2.1/java.util.ArrayList.forEach(ArrayList.java:1511)
	at app//org.junit.platform.engine.support.hierarchical.SameThreadHierarchicalTestExecutorService.invokeAll(SameThreadHierarchicalTestExecutorService.java:41)
	at app//org.junit.platform.engine.support.hierarchical.NodeTestTask.lambda$executeRecursively$6(NodeTestTask.java:155)
	at app//org.junit.platform.engine.support.hierarchical.ThrowableCollector.execute(ThrowableCollector.java:73)
	at app//org.junit.platform.engine.support.hierarchical.NodeTestTask.lambda$executeRecursively$8(NodeTestTask.java:141)
	at app//org.junit.platform.engine.support.hierarchical.Node.around(Node.java:137)
	at app//org.junit.platform.engine.support.hierarchical.NodeTestTask.lambda$executeRecursively$9(NodeTestTask.java:139)
	at app//org.junit.platform.engine.support.hierarchical.ThrowableCollector.execute(ThrowableCollector.java:73)
	at app//org.junit.platform.engine.support.hierarchical.NodeTestTask.executeRecursively(NodeTestTask.java:138)
	at app//org.junit.platform.engine.support.hierarchical.NodeTestTask.execute(NodeTestTask.java:95)
	at app//org.junit.platform.engine.support.hierarchical.SameThreadHierarchicalTestExecutorService.submit(SameThreadHierarchicalTestExecutorService.java:35)
	at app//org.junit.platform.engine.support.hierarchical.HierarchicalTestExecutor.execute(HierarchicalTestExecutor.java:57)
	at app//org.junit.platform.engine.support.hierarchical.HierarchicalTestEngine.execute(HierarchicalTestEngine.java:54)
	at app//org.junit.platform.launcher.core.EngineExecutionOrchestrator.execute(EngineExecutionOrchestrator.java:107)
	at app//org.junit.platform.launcher.core.EngineExecutionOrchestrator.execute(EngineExecutionOrchestrator.java:88)
	at app//org.junit.platform.launcher.core.EngineExecutionOrchestrator.lambda$execute$0(EngineExecutionOrchestrator.java:54)
	at app//org.junit.platform.launcher.core.EngineExecutionOrchestrator.withInterceptedStreams(EngineExecutionOrchestrator.java:67)
	at app//org.junit.platform.launcher.core.EngineExecutionOrchestrator.execute(EngineExecutionOrchestrator.java:52)
	at app//org.junit.platform.launcher.core.DefaultLauncher.execute(DefaultLauncher.java:114)
	at app//org.junit.platform.launcher.core.DefaultLauncher.execute(DefaultLauncher.java:86)
	at app//org.junit.platform.launcher.core.DefaultLauncherSession$DelegatingLauncher.execute(DefaultLauncherSession.java:86)
	at org.gradle.api.internal.tasks.testing.junitplatform.JUnitPlatformTestClassProcessor$CollectAllTestClassesExecutor.processAllTestClasses(JUnitPlatformTestClassProcessor.java:119)
	at org.gradle.api.internal.tasks.testing.junitplatform.JUnitPlatformTestClassProcessor$CollectAllTestClassesExecutor.access$000(JUnitPlatformTestClassProcessor.java:94)
	at org.gradle.api.internal.tasks.testing.junitplatform.JUnitPlatformTestClassProcessor.stop(JUnitPlatformTestClassProcessor.java:89)
	at org.gradle.api.internal.tasks.testing.SuiteTestClassProcessor.stop(SuiteTestClassProcessor.java:62)
	at java.base@20.0.2.1/jdk.internal.reflect.DirectMethodHandleAccessor.invoke(DirectMethodHandleAccessor.java:104)
	at java.base@20.0.2.1/java.lang.reflect.Method.invoke(Method.java:578)
	at org.gradle.internal.dispatch.ReflectionDispatch.dispatch(ReflectionDispatch.java:36)
	at org.gradle.internal.dispatch.ReflectionDispatch.dispatch(ReflectionDispatch.java:24)
	at org.gradle.internal.dispatch.ContextClassLoaderDispatch.dispatch(ContextClassLoaderDispatch.java:33)
	at org.gradle.internal.dispatch.ProxyDispatchAdapter$DispatchingInvocationHandler.invoke(ProxyDispatchAdapter.java:94)
	at jdk.proxy1/jdk.proxy1.$Proxy2.stop(Unknown Source)
	at org.gradle.api.internal.tasks.testing.worker.TestWorker$3.run(TestWorker.java:193)
	at org.gradle.api.internal.tasks.testing.worker.TestWorker.executeAndMaintainThreadName(TestWorker.java:129)
	at org.gradle.api.internal.tasks.testing.worker.TestWorker.execute(TestWorker.java:100)
	at org.gradle.api.internal.tasks.testing.worker.TestWorker.execute(TestWorker.java:60)
	at org.gradle.process.internal.worker.child.ActionExecutionWorker.execute(ActionExecutionWorker.java:56)
	at org.gradle.process.internal.worker.child.SystemApplicationClassLoaderWorker.call(SystemApplicationClassLoaderWorker.java:113)
	at org.gradle.process.internal.worker.child.SystemApplicationClassLoaderWorker.call(SystemApplicationClassLoaderWorker.java:65)
	at app//worker.org.gradle.process.internal.worker.GradleWorkerMain.run(GradleWorkerMain.java:69)
	at app//worker.org.gradle.process.internal.worker.GradleWorkerMain.main(GradleWorkerMain.java:74)
</failure>
  </testcase>
  <testcase name="[50] Ёё Ёё-Ёё Ёё" classname="ru.ac.uniyar.testingcourse.RussianNameValidatorTests" time="0.001">
    <failure message="org.opentest4j.AssertionFailedError: &#13;&#10;Expecting value to be true but was false" type="org.opentest4j.AssertionFailedError">org.opentest4j.AssertionFailedError: 
Expecting value to be true but was false
	at java.base@20.0.2.1/jdk.internal.reflect.DirectConstructorHandleAccessor.newInstance(DirectConstructorHandleAccessor.java:67)
	at java.base@20.0.2.1/java.lang.reflect.Constructor.newInstanceWithCaller(Constructor.java:500)
	at app//ru.ac.uniyar.testingcourse.RussianNameValidatorTests.testVerifiedNames(RussianNameValidatorTests.java:63)
	at java.base@20.0.2.1/jdk.internal.reflect.DirectMethodHandleAccessor.invoke(DirectMethodHandleAccessor.java:104)
	at java.base@20.0.2.1/java.lang.reflect.Method.invoke(Method.java:578)
	at app//org.junit.platform.commons.util.ReflectionUtils.invokeMethod(ReflectionUtils.java:728)
	at app//org.junit.jupiter.engine.execution.MethodInvocation.proceed(MethodInvocation.java:60)
	at app//org.junit.jupiter.engine.execution.InvocationInterceptorChain$ValidatingInvocation.proceed(InvocationInterceptorChain.java:131)
	at app//org.junit.jupiter.engine.extension.TimeoutExtension.intercept(TimeoutExtension.java:156)
	at app//org.junit.jupiter.engine.extension.TimeoutExtension.interceptTestableMethod(TimeoutExtension.java:147)
	at app//org.junit.jupiter.engine.extension.TimeoutExtension.interceptTestTemplateMethod(TimeoutExtension.java:94)
	at app//org.junit.jupiter.engine.execution.InterceptingExecutableInvoker$ReflectiveInterceptorCall.lambda$ofVoidMethod$0(InterceptingExecutableInvoker.java:103)
	at app//org.junit.jupiter.engine.execution.InterceptingExecutableInvoker.lambda$invoke$0(InterceptingExecutableInvoker.java:93)
	at app//org.junit.jupiter.engine.execution.InvocationInterceptorChain$InterceptedInvocation.proceed(InvocationInterceptorChain.java:106)
	at app//org.junit.jupiter.engine.execution.InvocationInterceptorChain.proceed(InvocationInterceptorChain.java:64)
	at app//org.junit.jupiter.engine.execution.InvocationInterceptorChain.chainAndInvoke(InvocationInterceptorChain.java:45)
	at app//org.junit.jupiter.engine.execution.InvocationInterceptorChain.invoke(InvocationInterceptorChain.java:37)
	at app//org.junit.jupiter.engine.execution.InterceptingExecutableInvoker.invoke(InterceptingExecutableInvoker.java:92)
	at app//org.junit.jupiter.engine.execution.InterceptingExecutableInvoker.invoke(InterceptingExecutableInvoker.java:86)
	at app//org.junit.jupiter.engine.descriptor.TestMethodTestDescriptor.lambda$invokeTestMethod$7(TestMethodTestDescriptor.java:218)
	at app//org.junit.platform.engine.support.hierarchical.ThrowableCollector.execute(ThrowableCollector.java:73)
	at app//org.junit.jupiter.engine.descriptor.TestMethodTestDescriptor.invokeTestMethod(TestMethodTestDescriptor.java:214)
	at app//org.junit.jupiter.engine.descriptor.TestMethodTestDescriptor.execute(TestMethodTestDescriptor.java:139)
	at app//org.junit.jupiter.engine.descriptor.TestMethodTestDescriptor.execute(TestMethodTestDescriptor.java:69)
	at app//org.junit.platform.engine.support.hierarchical.NodeTestTask.lambda$executeRecursively$6(NodeTestTask.java:151)
	at app//org.junit.platform.engine.support.hierarchical.ThrowableCollector.execute(ThrowableCollector.java:73)
	at app//org.junit.platform.engine.support.hierarchical.NodeTestTask.lambda$executeRecursively$8(NodeTestTask.java:141)
	at app//org.junit.platform.engine.support.hierarchical.Node.around(Node.java:137)
	at app//org.junit.platform.engine.support.hierarchical.NodeTestTask.lambda$executeRecursively$9(NodeTestTask.java:139)
	at app//org.junit.platform.engine.support.hierarchical.ThrowableCollector.execute(ThrowableCollector.java:73)
	at app//org.junit.platform.engine.support.hierarchical.NodeTestTask.executeRecursively(NodeTestTask.java:138)
	at app//org.junit.platform.engine.support.hierarchical.NodeTestTask.execute(NodeTestTask.java:95)
	at app//org.junit.platform.engine.support.hierarchical.SameThreadHierarchicalTestExecutorService.submit(SameThreadHierarchicalTestExecutorService.java:35)
	at app//org.junit.platform.engine.support.hierarchical.NodeTestTask$DefaultDynamicTestExecutor.execute(NodeTestTask.java:226)
	at app//org.junit.platform.engine.support.hierarchical.NodeTestTask$DefaultDynamicTestExecutor.execute(NodeTestTask.java:204)
	at app//org.junit.jupiter.engine.descriptor.TestTemplateTestDescriptor.execute(TestTemplateTestDescriptor.java:142)
	at app//org.junit.jupiter.engine.descriptor.TestTemplateTestDescriptor.lambda$execute$2(TestTemplateTestDescriptor.java:110)
	at java.base@20.0.2.1/java.util.stream.ForEachOps$ForEachOp$OfRef.accept(ForEachOps.java:183)
	at java.base@20.0.2.1/java.util.stream.ReferencePipeline$3$1.accept(ReferencePipeline.java:197)
	at java.base@20.0.2.1/java.util.stream.ReferencePipeline$2$1.accept(ReferencePipeline.java:179)
	at java.base@20.0.2.1/java.util.stream.ReferencePipeline$3$1.accept(ReferencePipeline.java:197)
	at java.base@20.0.2.1/java.util.stream.ForEachOps$ForEachOp$OfRef.accept(ForEachOps.java:183)
	at java.base@20.0.2.1/java.util.stream.ReferencePipeline$3$1.accept(ReferencePipeline.java:197)
	at java.base@20.0.2.1/java.util.stream.ReferencePipeline$3$1.accept(ReferencePipeline.java:197)
	at java.base@20.0.2.1/java.util.stream.ReferencePipeline$3$1.accept(ReferencePipeline.java:197)
	at java.base@20.0.2.1/java.util.stream.ForEachOps$ForEachOp$OfRef.accept(ForEachOps.java:183)
	at java.base@20.0.2.1/java.util.stream.ReferencePipeline$3$1.accept(ReferencePipeline.java:197)
	at java.base@20.0.2.1/java.util.ArrayList$ArrayListSpliterator.forEachRemaining(ArrayList.java:1625)
	at java.base@20.0.2.1/java.util.stream.ReferencePipeline$Head.forEach(ReferencePipeline.java:762)
	at java.base@20.0.2.1/java.util.stream.ReferencePipeline$7$1.accept(ReferencePipeline.java:276)
	at java.base@20.0.2.1/java.util.stream.ReferencePipeline$3$1.accept(ReferencePipeline.java:197)
	at java.base@20.0.2.1/java.util.stream.ReferencePipeline$3$1.accept(ReferencePipeline.java:197)
	at java.base@20.0.2.1/java.util.stream.ReferencePipeline$3$1.accept(ReferencePipeline.java:197)
	at java.base@20.0.2.1/java.util.Spliterators$ArraySpliterator.forEachRemaining(Spliterators.java:1006)
	at java.base@20.0.2.1/java.util.stream.AbstractPipeline.copyInto(AbstractPipeline.java:509)
	at java.base@20.0.2.1/java.util.stream.AbstractPipeline.wrapAndCopyInto(AbstractPipeline.java:499)
	at java.base@20.0.2.1/java.util.stream.ForEachOps$ForEachOp.evaluateSequential(ForEachOps.java:150)
	at java.base@20.0.2.1/java.util.stream.ForEachOps$ForEachOp$OfRef.evaluateSequential(ForEachOps.java:173)
	at java.base@20.0.2.1/java.util.stream.AbstractPipeline.evaluate(AbstractPipeline.java:234)
	at java.base@20.0.2.1/java.util.stream.ReferencePipeline.forEach(ReferencePipeline.java:596)
	at java.base@20.0.2.1/java.util.stream.ReferencePipeline$7$1.accept(ReferencePipeline.java:276)
	at java.base@20.0.2.1/java.util.stream.ReferencePipeline$3$1.accept(ReferencePipeline.java:197)
	at java.base@20.0.2.1/java.util.stream.ReferencePipeline$3$1.accept(ReferencePipeline.java:197)
	at java.base@20.0.2.1/java.util.stream.ReferencePipeline$3$1.accept(ReferencePipeline.java:197)
	at java.base@20.0.2.1/java.util.ArrayList$ArrayListSpliterator.forEachRemaining(ArrayList.java:1625)
	at java.base@20.0.2.1/java.util.stream.AbstractPipeline.copyInto(AbstractPipeline.java:509)
	at java.base@20.0.2.1/java.util.stream.AbstractPipeline.wrapAndCopyInto(AbstractPipeline.java:499)
	at java.base@20.0.2.1/java.util.stream.ForEachOps$ForEachOp.evaluateSequential(ForEachOps.java:150)
	at java.base@20.0.2.1/java.util.stream.ForEachOps$ForEachOp$OfRef.evaluateSequential(ForEachOps.java:173)
	at java.base@20.0.2.1/java.util.stream.AbstractPipeline.evaluate(AbstractPipeline.java:234)
	at java.base@20.0.2.1/java.util.stream.ReferencePipeline.forEach(ReferencePipeline.java:596)
	at java.base@20.0.2.1/java.util.stream.ReferencePipeline$7$1.accept(ReferencePipeline.java:276)
	at java.base@20.0.2.1/java.util.ArrayList$ArrayListSpliterator.forEachRemaining(ArrayList.java:1625)
	at java.base@20.0.2.1/java.util.stream.AbstractPipeline.copyInto(AbstractPipeline.java:509)
	at java.base@20.0.2.1/java.util.stream.AbstractPipeline.wrapAndCopyInto(AbstractPipeline.java:499)
	at java.base@20.0.2.1/java.util.stream.ForEachOps$ForEachOp.evaluateSequential(ForEachOps.java:150)
	at java.base@20.0.2.1/java.util.stream.ForEachOps$ForEachOp$OfRef.evaluateSequential(ForEachOps.java:173)
	at java.base@20.0.2.1/java.util.stream.AbstractPipeline.evaluate(AbstractPipeline.java:234)
	at java.base@20.0.2.1/java.util.stream.ReferencePipeline.forEach(ReferencePipeline.java:596)
	at app//org.junit.jupiter.engine.descriptor.TestTemplateTestDescriptor.execute(TestTemplateTestDescriptor.java:110)
	at app//org.junit.jupiter.engine.descriptor.TestTemplateTestDescriptor.execute(TestTemplateTestDescriptor.java:44)
	at app//org.junit.platform.engine.support.hierarchical.NodeTestTask.lambda$executeRecursively$6(NodeTestTask.java:151)
	at app//org.junit.platform.engine.support.hierarchical.ThrowableCollector.execute(ThrowableCollector.java:73)
	at app//org.junit.platform.engine.support.hierarchical.NodeTestTask.lambda$executeRecursively$8(NodeTestTask.java:141)
	at app//org.junit.platform.engine.support.hierarchical.Node.around(Node.java:137)
	at app//org.junit.platform.engine.support.hierarchical.NodeTestTask.lambda$executeRecursively$9(NodeTestTask.java:139)
	at app//org.junit.platform.engine.support.hierarchical.ThrowableCollector.execute(ThrowableCollector.java:73)
	at app//org.junit.platform.engine.support.hierarchical.NodeTestTask.executeRecursively(NodeTestTask.java:138)
	at app//org.junit.platform.engine.support.hierarchical.NodeTestTask.execute(NodeTestTask.java:95)
	at java.base@20.0.2.1/java.util.ArrayList.forEach(ArrayList.java:1511)
	at app//org.junit.platform.engine.support.hierarchical.SameThreadHierarchicalTestExecutorService.invokeAll(SameThreadHierarchicalTestExecutorService.java:41)
	at app//org.junit.platform.engine.support.hierarchical.NodeTestTask.lambda$executeRecursively$6(NodeTestTask.java:155)
	at app//org.junit.platform.engine.support.hierarchical.ThrowableCollector.execute(ThrowableCollector.java:73)
	at app//org.junit.platform.engine.support.hierarchical.NodeTestTask.lambda$executeRecursively$8(NodeTestTask.java:141)
	at app//org.junit.platform.engine.support.hierarchical.Node.around(Node.java:137)
	at app//org.junit.platform.engine.support.hierarchical.NodeTestTask.lambda$executeRecursively$9(NodeTestTask.java:139)
	at app//org.junit.platform.engine.support.hierarchical.ThrowableCollector.execute(ThrowableCollector.java:73)
	at app//org.junit.platform.engine.support.hierarchical.NodeTestTask.executeRecursively(NodeTestTask.java:138)
	at app//org.junit.platform.engine.support.hierarchical.NodeTestTask.execute(NodeTestTask.java:95)
	at java.base@20.0.2.1/java.util.ArrayList.forEach(ArrayList.java:1511)
	at app//org.junit.platform.engine.support.hierarchical.SameThreadHierarchicalTestExecutorService.invokeAll(SameThreadHierarchicalTestExecutorService.java:41)
	at app//org.junit.platform.engine.support.hierarchical.NodeTestTask.lambda$executeRecursively$6(NodeTestTask.java:155)
	at app//org.junit.platform.engine.support.hierarchical.ThrowableCollector.execute(ThrowableCollector.java:73)
	at app//org.junit.platform.engine.support.hierarchical.NodeTestTask.lambda$executeRecursively$8(NodeTestTask.java:141)
	at app//org.junit.platform.engine.support.hierarchical.Node.around(Node.java:137)
	at app//org.junit.platform.engine.support.hierarchical.NodeTestTask.lambda$executeRecursively$9(NodeTestTask.java:139)
	at app//org.junit.platform.engine.support.hierarchical.ThrowableCollector.execute(ThrowableCollector.java:73)
	at app//org.junit.platform.engine.support.hierarchical.NodeTestTask.executeRecursively(NodeTestTask.java:138)
	at app//org.junit.platform.engine.support.hierarchical.NodeTestTask.execute(NodeTestTask.java:95)
	at app//org.junit.platform.engine.support.hierarchical.SameThreadHierarchicalTestExecutorService.submit(SameThreadHierarchicalTestExecutorService.java:35)
	at app//org.junit.platform.engine.support.hierarchical.HierarchicalTestExecutor.execute(HierarchicalTestExecutor.java:57)
	at app//org.junit.platform.engine.support.hierarchical.HierarchicalTestEngine.execute(HierarchicalTestEngine.java:54)
	at app//org.junit.platform.launcher.core.EngineExecutionOrchestrator.execute(EngineExecutionOrchestrator.java:107)
	at app//org.junit.platform.launcher.core.EngineExecutionOrchestrator.execute(EngineExecutionOrchestrator.java:88)
	at app//org.junit.platform.launcher.core.EngineExecutionOrchestrator.lambda$execute$0(EngineExecutionOrchestrator.java:54)
	at app//org.junit.platform.launcher.core.EngineExecutionOrchestrator.withInterceptedStreams(EngineExecutionOrchestrator.java:67)
	at app//org.junit.platform.launcher.core.EngineExecutionOrchestrator.execute(EngineExecutionOrchestrator.java:52)
	at app//org.junit.platform.launcher.core.DefaultLauncher.execute(DefaultLauncher.java:114)
	at app//org.junit.platform.launcher.core.DefaultLauncher.execute(DefaultLauncher.java:86)
	at app//org.junit.platform.launcher.core.DefaultLauncherSession$DelegatingLauncher.execute(DefaultLauncherSession.java:86)
	at org.gradle.api.internal.tasks.testing.junitplatform.JUnitPlatformTestClassProcessor$CollectAllTestClassesExecutor.processAllTestClasses(JUnitPlatformTestClassProcessor.java:119)
	at org.gradle.api.internal.tasks.testing.junitplatform.JUnitPlatformTestClassProcessor$CollectAllTestClassesExecutor.access$000(JUnitPlatformTestClassProcessor.java:94)
	at org.gradle.api.internal.tasks.testing.junitplatform.JUnitPlatformTestClassProcessor.stop(JUnitPlatformTestClassProcessor.java:89)
	at org.gradle.api.internal.tasks.testing.SuiteTestClassProcessor.stop(SuiteTestClassProcessor.java:62)
	at java.base@20.0.2.1/jdk.internal.reflect.DirectMethodHandleAccessor.invoke(DirectMethodHandleAccessor.java:104)
	at java.base@20.0.2.1/java.lang.reflect.Method.invoke(Method.java:578)
	at org.gradle.internal.dispatch.ReflectionDispatch.dispatch(ReflectionDispatch.java:36)
	at org.gradle.internal.dispatch.ReflectionDispatch.dispatch(ReflectionDispatch.java:24)
	at org.gradle.internal.dispatch.ContextClassLoaderDispatch.dispatch(ContextClassLoaderDispatch.java:33)
	at org.gradle.internal.dispatch.ProxyDispatchAdapter$DispatchingInvocationHandler.invoke(ProxyDispatchAdapter.java:94)
	at jdk.proxy1/jdk.proxy1.$Proxy2.stop(Unknown Source)
	at org.gradle.api.internal.tasks.testing.worker.TestWorker$3.run(TestWorker.java:193)
	at org.gradle.api.internal.tasks.testing.worker.TestWorker.executeAndMaintainThreadName(TestWorker.java:129)
	at org.gradle.api.internal.tasks.testing.worker.TestWorker.execute(TestWorker.java:100)
	at org.gradle.api.internal.tasks.testing.worker.TestWorker.execute(TestWorker.java:60)
	at org.gradle.process.internal.worker.child.ActionExecutionWorker.execute(ActionExecutionWorker.java:56)
	at org.gradle.process.internal.worker.child.SystemApplicationClassLoaderWorker.call(SystemApplicationClassLoaderWorker.java:113)
	at org.gradle.process.internal.worker.child.SystemApplicationClassLoaderWorker.call(SystemApplicationClassLoaderWorker.java:65)
	at app//worker.org.gradle.process.internal.worker.GradleWorkerMain.run(GradleWorkerMain.java:69)
	at app//worker.org.gradle.process.internal.worker.GradleWorkerMain.main(GradleWorkerMain.java:74)
</failure>
  </testcase>
  <testcase name="[51] Ёё-Ёё Ёё-Ёё Ёё" classname="ru.ac.uniyar.testingcourse.RussianNameValidatorTests" time="0.002">
    <failure message="org.opentest4j.AssertionFailedError: &#13;&#10;Expecting value to be true but was false" type="org.opentest4j.AssertionFailedError">org.opentest4j.AssertionFailedError: 
Expecting value to be true but was false
	at java.base@20.0.2.1/jdk.internal.reflect.DirectConstructorHandleAccessor.newInstance(DirectConstructorHandleAccessor.java:67)
	at java.base@20.0.2.1/java.lang.reflect.Constructor.newInstanceWithCaller(Constructor.java:500)
	at app//ru.ac.uniyar.testingcourse.RussianNameValidatorTests.testVerifiedNames(RussianNameValidatorTests.java:63)
	at java.base@20.0.2.1/jdk.internal.reflect.DirectMethodHandleAccessor.invoke(DirectMethodHandleAccessor.java:104)
	at java.base@20.0.2.1/java.lang.reflect.Method.invoke(Method.java:578)
	at app//org.junit.platform.commons.util.ReflectionUtils.invokeMethod(ReflectionUtils.java:728)
	at app//org.junit.jupiter.engine.execution.MethodInvocation.proceed(MethodInvocation.java:60)
	at app//org.junit.jupiter.engine.execution.InvocationInterceptorChain$ValidatingInvocation.proceed(InvocationInterceptorChain.java:131)
	at app//org.junit.jupiter.engine.extension.TimeoutExtension.intercept(TimeoutExtension.java:156)
	at app//org.junit.jupiter.engine.extension.TimeoutExtension.interceptTestableMethod(TimeoutExtension.java:147)
	at app//org.junit.jupiter.engine.extension.TimeoutExtension.interceptTestTemplateMethod(TimeoutExtension.java:94)
	at app//org.junit.jupiter.engine.execution.InterceptingExecutableInvoker$ReflectiveInterceptorCall.lambda$ofVoidMethod$0(InterceptingExecutableInvoker.java:103)
	at app//org.junit.jupiter.engine.execution.InterceptingExecutableInvoker.lambda$invoke$0(InterceptingExecutableInvoker.java:93)
	at app//org.junit.jupiter.engine.execution.InvocationInterceptorChain$InterceptedInvocation.proceed(InvocationInterceptorChain.java:106)
	at app//org.junit.jupiter.engine.execution.InvocationInterceptorChain.proceed(InvocationInterceptorChain.java:64)
	at app//org.junit.jupiter.engine.execution.InvocationInterceptorChain.chainAndInvoke(InvocationInterceptorChain.java:45)
	at app//org.junit.jupiter.engine.execution.InvocationInterceptorChain.invoke(InvocationInterceptorChain.java:37)
	at app//org.junit.jupiter.engine.execution.InterceptingExecutableInvoker.invoke(InterceptingExecutableInvoker.java:92)
	at app//org.junit.jupiter.engine.execution.InterceptingExecutableInvoker.invoke(InterceptingExecutableInvoker.java:86)
	at app//org.junit.jupiter.engine.descriptor.TestMethodTestDescriptor.lambda$invokeTestMethod$7(TestMethodTestDescriptor.java:218)
	at app//org.junit.platform.engine.support.hierarchical.ThrowableCollector.execute(ThrowableCollector.java:73)
	at app//org.junit.jupiter.engine.descriptor.TestMethodTestDescriptor.invokeTestMethod(TestMethodTestDescriptor.java:214)
	at app//org.junit.jupiter.engine.descriptor.TestMethodTestDescriptor.execute(TestMethodTestDescriptor.java:139)
	at app//org.junit.jupiter.engine.descriptor.TestMethodTestDescriptor.execute(TestMethodTestDescriptor.java:69)
	at app//org.junit.platform.engine.support.hierarchical.NodeTestTask.lambda$executeRecursively$6(NodeTestTask.java:151)
	at app//org.junit.platform.engine.support.hierarchical.ThrowableCollector.execute(ThrowableCollector.java:73)
	at app//org.junit.platform.engine.support.hierarchical.NodeTestTask.lambda$executeRecursively$8(NodeTestTask.java:141)
	at app//org.junit.platform.engine.support.hierarchical.Node.around(Node.java:137)
	at app//org.junit.platform.engine.support.hierarchical.NodeTestTask.lambda$executeRecursively$9(NodeTestTask.java:139)
	at app//org.junit.platform.engine.support.hierarchical.ThrowableCollector.execute(ThrowableCollector.java:73)
	at app//org.junit.platform.engine.support.hierarchical.NodeTestTask.executeRecursively(NodeTestTask.java:138)
	at app//org.junit.platform.engine.support.hierarchical.NodeTestTask.execute(NodeTestTask.java:95)
	at app//org.junit.platform.engine.support.hierarchical.SameThreadHierarchicalTestExecutorService.submit(SameThreadHierarchicalTestExecutorService.java:35)
	at app//org.junit.platform.engine.support.hierarchical.NodeTestTask$DefaultDynamicTestExecutor.execute(NodeTestTask.java:226)
	at app//org.junit.platform.engine.support.hierarchical.NodeTestTask$DefaultDynamicTestExecutor.execute(NodeTestTask.java:204)
	at app//org.junit.jupiter.engine.descriptor.TestTemplateTestDescriptor.execute(TestTemplateTestDescriptor.java:142)
	at app//org.junit.jupiter.engine.descriptor.TestTemplateTestDescriptor.lambda$execute$2(TestTemplateTestDescriptor.java:110)
	at java.base@20.0.2.1/java.util.stream.ForEachOps$ForEachOp$OfRef.accept(ForEachOps.java:183)
	at java.base@20.0.2.1/java.util.stream.ReferencePipeline$3$1.accept(ReferencePipeline.java:197)
	at java.base@20.0.2.1/java.util.stream.ReferencePipeline$2$1.accept(ReferencePipeline.java:179)
	at java.base@20.0.2.1/java.util.stream.ReferencePipeline$3$1.accept(ReferencePipeline.java:197)
	at java.base@20.0.2.1/java.util.stream.ForEachOps$ForEachOp$OfRef.accept(ForEachOps.java:183)
	at java.base@20.0.2.1/java.util.stream.ReferencePipeline$3$1.accept(ReferencePipeline.java:197)
	at java.base@20.0.2.1/java.util.stream.ReferencePipeline$3$1.accept(ReferencePipeline.java:197)
	at java.base@20.0.2.1/java.util.stream.ReferencePipeline$3$1.accept(ReferencePipeline.java:197)
	at java.base@20.0.2.1/java.util.stream.ForEachOps$ForEachOp$OfRef.accept(ForEachOps.java:183)
	at java.base@20.0.2.1/java.util.stream.ReferencePipeline$3$1.accept(ReferencePipeline.java:197)
	at java.base@20.0.2.1/java.util.ArrayList$ArrayListSpliterator.forEachRemaining(ArrayList.java:1625)
	at java.base@20.0.2.1/java.util.stream.ReferencePipeline$Head.forEach(ReferencePipeline.java:762)
	at java.base@20.0.2.1/java.util.stream.ReferencePipeline$7$1.accept(ReferencePipeline.java:276)
	at java.base@20.0.2.1/java.util.stream.ReferencePipeline$3$1.accept(ReferencePipeline.java:197)
	at java.base@20.0.2.1/java.util.stream.ReferencePipeline$3$1.accept(ReferencePipeline.java:197)
	at java.base@20.0.2.1/java.util.stream.ReferencePipeline$3$1.accept(ReferencePipeline.java:197)
	at java.base@20.0.2.1/java.util.Spliterators$ArraySpliterator.forEachRemaining(Spliterators.java:1006)
	at java.base@20.0.2.1/java.util.stream.AbstractPipeline.copyInto(AbstractPipeline.java:509)
	at java.base@20.0.2.1/java.util.stream.AbstractPipeline.wrapAndCopyInto(AbstractPipeline.java:499)
	at java.base@20.0.2.1/java.util.stream.ForEachOps$ForEachOp.evaluateSequential(ForEachOps.java:150)
	at java.base@20.0.2.1/java.util.stream.ForEachOps$ForEachOp$OfRef.evaluateSequential(ForEachOps.java:173)
	at java.base@20.0.2.1/java.util.stream.AbstractPipeline.evaluate(AbstractPipeline.java:234)
	at java.base@20.0.2.1/java.util.stream.ReferencePipeline.forEach(ReferencePipeline.java:596)
	at java.base@20.0.2.1/java.util.stream.ReferencePipeline$7$1.accept(ReferencePipeline.java:276)
	at java.base@20.0.2.1/java.util.stream.ReferencePipeline$3$1.accept(ReferencePipeline.java:197)
	at java.base@20.0.2.1/java.util.stream.ReferencePipeline$3$1.accept(ReferencePipeline.java:197)
	at java.base@20.0.2.1/java.util.stream.ReferencePipeline$3$1.accept(ReferencePipeline.java:197)
	at java.base@20.0.2.1/java.util.ArrayList$ArrayListSpliterator.forEachRemaining(ArrayList.java:1625)
	at java.base@20.0.2.1/java.util.stream.AbstractPipeline.copyInto(AbstractPipeline.java:509)
	at java.base@20.0.2.1/java.util.stream.AbstractPipeline.wrapAndCopyInto(AbstractPipeline.java:499)
	at java.base@20.0.2.1/java.util.stream.ForEachOps$ForEachOp.evaluateSequential(ForEachOps.java:150)
	at java.base@20.0.2.1/java.util.stream.ForEachOps$ForEachOp$OfRef.evaluateSequential(ForEachOps.java:173)
	at java.base@20.0.2.1/java.util.stream.AbstractPipeline.evaluate(AbstractPipeline.java:234)
	at java.base@20.0.2.1/java.util.stream.ReferencePipeline.forEach(ReferencePipeline.java:596)
	at java.base@20.0.2.1/java.util.stream.ReferencePipeline$7$1.accept(ReferencePipeline.java:276)
	at java.base@20.0.2.1/java.util.ArrayList$ArrayListSpliterator.forEachRemaining(ArrayList.java:1625)
	at java.base@20.0.2.1/java.util.stream.AbstractPipeline.copyInto(AbstractPipeline.java:509)
	at java.base@20.0.2.1/java.util.stream.AbstractPipeline.wrapAndCopyInto(AbstractPipeline.java:499)
	at java.base@20.0.2.1/java.util.stream.ForEachOps$ForEachOp.evaluateSequential(ForEachOps.java:150)
	at java.base@20.0.2.1/java.util.stream.ForEachOps$ForEachOp$OfRef.evaluateSequential(ForEachOps.java:173)
	at java.base@20.0.2.1/java.util.stream.AbstractPipeline.evaluate(AbstractPipeline.java:234)
	at java.base@20.0.2.1/java.util.stream.ReferencePipeline.forEach(ReferencePipeline.java:596)
	at app//org.junit.jupiter.engine.descriptor.TestTemplateTestDescriptor.execute(TestTemplateTestDescriptor.java:110)
	at app//org.junit.jupiter.engine.descriptor.TestTemplateTestDescriptor.execute(TestTemplateTestDescriptor.java:44)
	at app//org.junit.platform.engine.support.hierarchical.NodeTestTask.lambda$executeRecursively$6(NodeTestTask.java:151)
	at app//org.junit.platform.engine.support.hierarchical.ThrowableCollector.execute(ThrowableCollector.java:73)
	at app//org.junit.platform.engine.support.hierarchical.NodeTestTask.lambda$executeRecursively$8(NodeTestTask.java:141)
	at app//org.junit.platform.engine.support.hierarchical.Node.around(Node.java:137)
	at app//org.junit.platform.engine.support.hierarchical.NodeTestTask.lambda$executeRecursively$9(NodeTestTask.java:139)
	at app//org.junit.platform.engine.support.hierarchical.ThrowableCollector.execute(ThrowableCollector.java:73)
	at app//org.junit.platform.engine.support.hierarchical.NodeTestTask.executeRecursively(NodeTestTask.java:138)
	at app//org.junit.platform.engine.support.hierarchical.NodeTestTask.execute(NodeTestTask.java:95)
	at java.base@20.0.2.1/java.util.ArrayList.forEach(ArrayList.java:1511)
	at app//org.junit.platform.engine.support.hierarchical.SameThreadHierarchicalTestExecutorService.invokeAll(SameThreadHierarchicalTestExecutorService.java:41)
	at app//org.junit.platform.engine.support.hierarchical.NodeTestTask.lambda$executeRecursively$6(NodeTestTask.java:155)
	at app//org.junit.platform.engine.support.hierarchical.ThrowableCollector.execute(ThrowableCollector.java:73)
	at app//org.junit.platform.engine.support.hierarchical.NodeTestTask.lambda$executeRecursively$8(NodeTestTask.java:141)
	at app//org.junit.platform.engine.support.hierarchical.Node.around(Node.java:137)
	at app//org.junit.platform.engine.support.hierarchical.NodeTestTask.lambda$executeRecursively$9(NodeTestTask.java:139)
	at app//org.junit.platform.engine.support.hierarchical.ThrowableCollector.execute(ThrowableCollector.java:73)
	at app//org.junit.platform.engine.support.hierarchical.NodeTestTask.executeRecursively(NodeTestTask.java:138)
	at app//org.junit.platform.engine.support.hierarchical.NodeTestTask.execute(NodeTestTask.java:95)
	at java.base@20.0.2.1/java.util.ArrayList.forEach(ArrayList.java:1511)
	at app//org.junit.platform.engine.support.hierarchical.SameThreadHierarchicalTestExecutorService.invokeAll(SameThreadHierarchicalTestExecutorService.java:41)
	at app//org.junit.platform.engine.support.hierarchical.NodeTestTask.lambda$executeRecursively$6(NodeTestTask.java:155)
	at app//org.junit.platform.engine.support.hierarchical.ThrowableCollector.execute(ThrowableCollector.java:73)
	at app//org.junit.platform.engine.support.hierarchical.NodeTestTask.lambda$executeRecursively$8(NodeTestTask.java:141)
	at app//org.junit.platform.engine.support.hierarchical.Node.around(Node.java:137)
	at app//org.junit.platform.engine.support.hierarchical.NodeTestTask.lambda$executeRecursively$9(NodeTestTask.java:139)
	at app//org.junit.platform.engine.support.hierarchical.ThrowableCollector.execute(ThrowableCollector.java:73)
	at app//org.junit.platform.engine.support.hierarchical.NodeTestTask.executeRecursively(NodeTestTask.java:138)
	at app//org.junit.platform.engine.support.hierarchical.NodeTestTask.execute(NodeTestTask.java:95)
	at app//org.junit.platform.engine.support.hierarchical.SameThreadHierarchicalTestExecutorService.submit(SameThreadHierarchicalTestExecutorService.java:35)
	at app//org.junit.platform.engine.support.hierarchical.HierarchicalTestExecutor.execute(HierarchicalTestExecutor.java:57)
	at app//org.junit.platform.engine.support.hierarchical.HierarchicalTestEngine.execute(HierarchicalTestEngine.java:54)
	at app//org.junit.platform.launcher.core.EngineExecutionOrchestrator.execute(EngineExecutionOrchestrator.java:107)
	at app//org.junit.platform.launcher.core.EngineExecutionOrchestrator.execute(EngineExecutionOrchestrator.java:88)
	at app//org.junit.platform.launcher.core.EngineExecutionOrchestrator.lambda$execute$0(EngineExecutionOrchestrator.java:54)
	at app//org.junit.platform.launcher.core.EngineExecutionOrchestrator.withInterceptedStreams(EngineExecutionOrchestrator.java:67)
	at app//org.junit.platform.launcher.core.EngineExecutionOrchestrator.execute(EngineExecutionOrchestrator.java:52)
	at app//org.junit.platform.launcher.core.DefaultLauncher.execute(DefaultLauncher.java:114)
	at app//org.junit.platform.launcher.core.DefaultLauncher.execute(DefaultLauncher.java:86)
	at app//org.junit.platform.launcher.core.DefaultLauncherSession$DelegatingLauncher.execute(DefaultLauncherSession.java:86)
	at org.gradle.api.internal.tasks.testing.junitplatform.JUnitPlatformTestClassProcessor$CollectAllTestClassesExecutor.processAllTestClasses(JUnitPlatformTestClassProcessor.java:119)
	at org.gradle.api.internal.tasks.testing.junitplatform.JUnitPlatformTestClassProcessor$CollectAllTestClassesExecutor.access$000(JUnitPlatformTestClassProcessor.java:94)
	at org.gradle.api.internal.tasks.testing.junitplatform.JUnitPlatformTestClassProcessor.stop(JUnitPlatformTestClassProcessor.java:89)
	at org.gradle.api.internal.tasks.testing.SuiteTestClassProcessor.stop(SuiteTestClassProcessor.java:62)
	at java.base@20.0.2.1/jdk.internal.reflect.DirectMethodHandleAccessor.invoke(DirectMethodHandleAccessor.java:104)
	at java.base@20.0.2.1/java.lang.reflect.Method.invoke(Method.java:578)
	at org.gradle.internal.dispatch.ReflectionDispatch.dispatch(ReflectionDispatch.java:36)
	at org.gradle.internal.dispatch.ReflectionDispatch.dispatch(ReflectionDispatch.java:24)
	at org.gradle.internal.dispatch.ContextClassLoaderDispatch.dispatch(ContextClassLoaderDispatch.java:33)
	at org.gradle.internal.dispatch.ProxyDispatchAdapter$DispatchingInvocationHandler.invoke(ProxyDispatchAdapter.java:94)
	at jdk.proxy1/jdk.proxy1.$Proxy2.stop(Unknown Source)
	at org.gradle.api.internal.tasks.testing.worker.TestWorker$3.run(TestWorker.java:193)
	at org.gradle.api.internal.tasks.testing.worker.TestWorker.executeAndMaintainThreadName(TestWorker.java:129)
	at org.gradle.api.internal.tasks.testing.worker.TestWorker.execute(TestWorker.java:100)
	at org.gradle.api.internal.tasks.testing.worker.TestWorker.execute(TestWorker.java:60)
	at org.gradle.process.internal.worker.child.ActionExecutionWorker.execute(ActionExecutionWorker.java:56)
	at org.gradle.process.internal.worker.child.SystemApplicationClassLoaderWorker.call(SystemApplicationClassLoaderWorker.java:113)
	at org.gradle.process.internal.worker.child.SystemApplicationClassLoaderWorker.call(SystemApplicationClassLoaderWorker.java:65)
	at app//worker.org.gradle.process.internal.worker.GradleWorkerMain.run(GradleWorkerMain.java:69)
	at app//worker.org.gradle.process.internal.worker.GradleWorkerMain.main(GradleWorkerMain.java:74)
</failure>
  </testcase>
  <testcase name="[52] Ёё Ёё Ёё" classname="ru.ac.uniyar.testingcourse.RussianNameValidatorTests" time="0.002">
    <failure message="org.opentest4j.AssertionFailedError: &#13;&#10;Expecting value to be true but was false" type="org.opentest4j.AssertionFailedError">org.opentest4j.AssertionFailedError: 
Expecting value to be true but was false
	at java.base@20.0.2.1/jdk.internal.reflect.DirectConstructorHandleAccessor.newInstance(DirectConstructorHandleAccessor.java:67)
	at java.base@20.0.2.1/java.lang.reflect.Constructor.newInstanceWithCaller(Constructor.java:500)
	at app//ru.ac.uniyar.testingcourse.RussianNameValidatorTests.testVerifiedNames(RussianNameValidatorTests.java:63)
	at java.base@20.0.2.1/jdk.internal.reflect.DirectMethodHandleAccessor.invoke(DirectMethodHandleAccessor.java:104)
	at java.base@20.0.2.1/java.lang.reflect.Method.invoke(Method.java:578)
	at app//org.junit.platform.commons.util.ReflectionUtils.invokeMethod(ReflectionUtils.java:728)
	at app//org.junit.jupiter.engine.execution.MethodInvocation.proceed(MethodInvocation.java:60)
	at app//org.junit.jupiter.engine.execution.InvocationInterceptorChain$ValidatingInvocation.proceed(InvocationInterceptorChain.java:131)
	at app//org.junit.jupiter.engine.extension.TimeoutExtension.intercept(TimeoutExtension.java:156)
	at app//org.junit.jupiter.engine.extension.TimeoutExtension.interceptTestableMethod(TimeoutExtension.java:147)
	at app//org.junit.jupiter.engine.extension.TimeoutExtension.interceptTestTemplateMethod(TimeoutExtension.java:94)
	at app//org.junit.jupiter.engine.execution.InterceptingExecutableInvoker$ReflectiveInterceptorCall.lambda$ofVoidMethod$0(InterceptingExecutableInvoker.java:103)
	at app//org.junit.jupiter.engine.execution.InterceptingExecutableInvoker.lambda$invoke$0(InterceptingExecutableInvoker.java:93)
	at app//org.junit.jupiter.engine.execution.InvocationInterceptorChain$InterceptedInvocation.proceed(InvocationInterceptorChain.java:106)
	at app//org.junit.jupiter.engine.execution.InvocationInterceptorChain.proceed(InvocationInterceptorChain.java:64)
	at app//org.junit.jupiter.engine.execution.InvocationInterceptorChain.chainAndInvoke(InvocationInterceptorChain.java:45)
	at app//org.junit.jupiter.engine.execution.InvocationInterceptorChain.invoke(InvocationInterceptorChain.java:37)
	at app//org.junit.jupiter.engine.execution.InterceptingExecutableInvoker.invoke(InterceptingExecutableInvoker.java:92)
	at app//org.junit.jupiter.engine.execution.InterceptingExecutableInvoker.invoke(InterceptingExecutableInvoker.java:86)
	at app//org.junit.jupiter.engine.descriptor.TestMethodTestDescriptor.lambda$invokeTestMethod$7(TestMethodTestDescriptor.java:218)
	at app//org.junit.platform.engine.support.hierarchical.ThrowableCollector.execute(ThrowableCollector.java:73)
	at app//org.junit.jupiter.engine.descriptor.TestMethodTestDescriptor.invokeTestMethod(TestMethodTestDescriptor.java:214)
	at app//org.junit.jupiter.engine.descriptor.TestMethodTestDescriptor.execute(TestMethodTestDescriptor.java:139)
	at app//org.junit.jupiter.engine.descriptor.TestMethodTestDescriptor.execute(TestMethodTestDescriptor.java:69)
	at app//org.junit.platform.engine.support.hierarchical.NodeTestTask.lambda$executeRecursively$6(NodeTestTask.java:151)
	at app//org.junit.platform.engine.support.hierarchical.ThrowableCollector.execute(ThrowableCollector.java:73)
	at app//org.junit.platform.engine.support.hierarchical.NodeTestTask.lambda$executeRecursively$8(NodeTestTask.java:141)
	at app//org.junit.platform.engine.support.hierarchical.Node.around(Node.java:137)
	at app//org.junit.platform.engine.support.hierarchical.NodeTestTask.lambda$executeRecursively$9(NodeTestTask.java:139)
	at app//org.junit.platform.engine.support.hierarchical.ThrowableCollector.execute(ThrowableCollector.java:73)
	at app//org.junit.platform.engine.support.hierarchical.NodeTestTask.executeRecursively(NodeTestTask.java:138)
	at app//org.junit.platform.engine.support.hierarchical.NodeTestTask.execute(NodeTestTask.java:95)
	at app//org.junit.platform.engine.support.hierarchical.SameThreadHierarchicalTestExecutorService.submit(SameThreadHierarchicalTestExecutorService.java:35)
	at app//org.junit.platform.engine.support.hierarchical.NodeTestTask$DefaultDynamicTestExecutor.execute(NodeTestTask.java:226)
	at app//org.junit.platform.engine.support.hierarchical.NodeTestTask$DefaultDynamicTestExecutor.execute(NodeTestTask.java:204)
	at app//org.junit.jupiter.engine.descriptor.TestTemplateTestDescriptor.execute(TestTemplateTestDescriptor.java:142)
	at app//org.junit.jupiter.engine.descriptor.TestTemplateTestDescriptor.lambda$execute$2(TestTemplateTestDescriptor.java:110)
	at java.base@20.0.2.1/java.util.stream.ForEachOps$ForEachOp$OfRef.accept(ForEachOps.java:183)
	at java.base@20.0.2.1/java.util.stream.ReferencePipeline$3$1.accept(ReferencePipeline.java:197)
	at java.base@20.0.2.1/java.util.stream.ReferencePipeline$2$1.accept(ReferencePipeline.java:179)
	at java.base@20.0.2.1/java.util.stream.ReferencePipeline$3$1.accept(ReferencePipeline.java:197)
	at java.base@20.0.2.1/java.util.stream.ForEachOps$ForEachOp$OfRef.accept(ForEachOps.java:183)
	at java.base@20.0.2.1/java.util.stream.ReferencePipeline$3$1.accept(ReferencePipeline.java:197)
	at java.base@20.0.2.1/java.util.stream.ReferencePipeline$3$1.accept(ReferencePipeline.java:197)
	at java.base@20.0.2.1/java.util.stream.ReferencePipeline$3$1.accept(ReferencePipeline.java:197)
	at java.base@20.0.2.1/java.util.stream.ForEachOps$ForEachOp$OfRef.accept(ForEachOps.java:183)
	at java.base@20.0.2.1/java.util.stream.ReferencePipeline$3$1.accept(ReferencePipeline.java:197)
	at java.base@20.0.2.1/java.util.ArrayList$ArrayListSpliterator.forEachRemaining(ArrayList.java:1625)
	at java.base@20.0.2.1/java.util.stream.ReferencePipeline$Head.forEach(ReferencePipeline.java:762)
	at java.base@20.0.2.1/java.util.stream.ReferencePipeline$7$1.accept(ReferencePipeline.java:276)
	at java.base@20.0.2.1/java.util.stream.ReferencePipeline$3$1.accept(ReferencePipeline.java:197)
	at java.base@20.0.2.1/java.util.stream.ReferencePipeline$3$1.accept(ReferencePipeline.java:197)
	at java.base@20.0.2.1/java.util.stream.ReferencePipeline$3$1.accept(ReferencePipeline.java:197)
	at java.base@20.0.2.1/java.util.Spliterators$ArraySpliterator.forEachRemaining(Spliterators.java:1006)
	at java.base@20.0.2.1/java.util.stream.AbstractPipeline.copyInto(AbstractPipeline.java:509)
	at java.base@20.0.2.1/java.util.stream.AbstractPipeline.wrapAndCopyInto(AbstractPipeline.java:499)
	at java.base@20.0.2.1/java.util.stream.ForEachOps$ForEachOp.evaluateSequential(ForEachOps.java:150)
	at java.base@20.0.2.1/java.util.stream.ForEachOps$ForEachOp$OfRef.evaluateSequential(ForEachOps.java:173)
	at java.base@20.0.2.1/java.util.stream.AbstractPipeline.evaluate(AbstractPipeline.java:234)
	at java.base@20.0.2.1/java.util.stream.ReferencePipeline.forEach(ReferencePipeline.java:596)
	at java.base@20.0.2.1/java.util.stream.ReferencePipeline$7$1.accept(ReferencePipeline.java:276)
	at java.base@20.0.2.1/java.util.stream.ReferencePipeline$3$1.accept(ReferencePipeline.java:197)
	at java.base@20.0.2.1/java.util.stream.ReferencePipeline$3$1.accept(ReferencePipeline.java:197)
	at java.base@20.0.2.1/java.util.stream.ReferencePipeline$3$1.accept(ReferencePipeline.java:197)
	at java.base@20.0.2.1/java.util.ArrayList$ArrayListSpliterator.forEachRemaining(ArrayList.java:1625)
	at java.base@20.0.2.1/java.util.stream.AbstractPipeline.copyInto(AbstractPipeline.java:509)
	at java.base@20.0.2.1/java.util.stream.AbstractPipeline.wrapAndCopyInto(AbstractPipeline.java:499)
	at java.base@20.0.2.1/java.util.stream.ForEachOps$ForEachOp.evaluateSequential(ForEachOps.java:150)
	at java.base@20.0.2.1/java.util.stream.ForEachOps$ForEachOp$OfRef.evaluateSequential(ForEachOps.java:173)
	at java.base@20.0.2.1/java.util.stream.AbstractPipeline.evaluate(AbstractPipeline.java:234)
	at java.base@20.0.2.1/java.util.stream.ReferencePipeline.forEach(ReferencePipeline.java:596)
	at java.base@20.0.2.1/java.util.stream.ReferencePipeline$7$1.accept(ReferencePipeline.java:276)
	at java.base@20.0.2.1/java.util.ArrayList$ArrayListSpliterator.forEachRemaining(ArrayList.java:1625)
	at java.base@20.0.2.1/java.util.stream.AbstractPipeline.copyInto(AbstractPipeline.java:509)
	at java.base@20.0.2.1/java.util.stream.AbstractPipeline.wrapAndCopyInto(AbstractPipeline.java:499)
	at java.base@20.0.2.1/java.util.stream.ForEachOps$ForEachOp.evaluateSequential(ForEachOps.java:150)
	at java.base@20.0.2.1/java.util.stream.ForEachOps$ForEachOp$OfRef.evaluateSequential(ForEachOps.java:173)
	at java.base@20.0.2.1/java.util.stream.AbstractPipeline.evaluate(AbstractPipeline.java:234)
	at java.base@20.0.2.1/java.util.stream.ReferencePipeline.forEach(ReferencePipeline.java:596)
	at app//org.junit.jupiter.engine.descriptor.TestTemplateTestDescriptor.execute(TestTemplateTestDescriptor.java:110)
	at app//org.junit.jupiter.engine.descriptor.TestTemplateTestDescriptor.execute(TestTemplateTestDescriptor.java:44)
	at app//org.junit.platform.engine.support.hierarchical.NodeTestTask.lambda$executeRecursively$6(NodeTestTask.java:151)
	at app//org.junit.platform.engine.support.hierarchical.ThrowableCollector.execute(ThrowableCollector.java:73)
	at app//org.junit.platform.engine.support.hierarchical.NodeTestTask.lambda$executeRecursively$8(NodeTestTask.java:141)
	at app//org.junit.platform.engine.support.hierarchical.Node.around(Node.java:137)
	at app//org.junit.platform.engine.support.hierarchical.NodeTestTask.lambda$executeRecursively$9(NodeTestTask.java:139)
	at app//org.junit.platform.engine.support.hierarchical.ThrowableCollector.execute(ThrowableCollector.java:73)
	at app//org.junit.platform.engine.support.hierarchical.NodeTestTask.executeRecursively(NodeTestTask.java:138)
	at app//org.junit.platform.engine.support.hierarchical.NodeTestTask.execute(NodeTestTask.java:95)
	at java.base@20.0.2.1/java.util.ArrayList.forEach(ArrayList.java:1511)
	at app//org.junit.platform.engine.support.hierarchical.SameThreadHierarchicalTestExecutorService.invokeAll(SameThreadHierarchicalTestExecutorService.java:41)
	at app//org.junit.platform.engine.support.hierarchical.NodeTestTask.lambda$executeRecursively$6(NodeTestTask.java:155)
	at app//org.junit.platform.engine.support.hierarchical.ThrowableCollector.execute(ThrowableCollector.java:73)
	at app//org.junit.platform.engine.support.hierarchical.NodeTestTask.lambda$executeRecursively$8(NodeTestTask.java:141)
	at app//org.junit.platform.engine.support.hierarchical.Node.around(Node.java:137)
	at app//org.junit.platform.engine.support.hierarchical.NodeTestTask.lambda$executeRecursively$9(NodeTestTask.java:139)
	at app//org.junit.platform.engine.support.hierarchical.ThrowableCollector.execute(ThrowableCollector.java:73)
	at app//org.junit.platform.engine.support.hierarchical.NodeTestTask.executeRecursively(NodeTestTask.java:138)
	at app//org.junit.platform.engine.support.hierarchical.NodeTestTask.execute(NodeTestTask.java:95)
	at java.base@20.0.2.1/java.util.ArrayList.forEach(ArrayList.java:1511)
	at app//org.junit.platform.engine.support.hierarchical.SameThreadHierarchicalTestExecutorService.invokeAll(SameThreadHierarchicalTestExecutorService.java:41)
	at app//org.junit.platform.engine.support.hierarchical.NodeTestTask.lambda$executeRecursively$6(NodeTestTask.java:155)
	at app//org.junit.platform.engine.support.hierarchical.ThrowableCollector.execute(ThrowableCollector.java:73)
	at app//org.junit.platform.engine.support.hierarchical.NodeTestTask.lambda$executeRecursively$8(NodeTestTask.java:141)
	at app//org.junit.platform.engine.support.hierarchical.Node.around(Node.java:137)
	at app//org.junit.platform.engine.support.hierarchical.NodeTestTask.lambda$executeRecursively$9(NodeTestTask.java:139)
	at app//org.junit.platform.engine.support.hierarchical.ThrowableCollector.execute(ThrowableCollector.java:73)
	at app//org.junit.platform.engine.support.hierarchical.NodeTestTask.executeRecursively(NodeTestTask.java:138)
	at app//org.junit.platform.engine.support.hierarchical.NodeTestTask.execute(NodeTestTask.java:95)
	at app//org.junit.platform.engine.support.hierarchical.SameThreadHierarchicalTestExecutorService.submit(SameThreadHierarchicalTestExecutorService.java:35)
	at app//org.junit.platform.engine.support.hierarchical.HierarchicalTestExecutor.execute(HierarchicalTestExecutor.java:57)
	at app//org.junit.platform.engine.support.hierarchical.HierarchicalTestEngine.execute(HierarchicalTestEngine.java:54)
	at app//org.junit.platform.launcher.core.EngineExecutionOrchestrator.execute(EngineExecutionOrchestrator.java:107)
	at app//org.junit.platform.launcher.core.EngineExecutionOrchestrator.execute(EngineExecutionOrchestrator.java:88)
	at app//org.junit.platform.launcher.core.EngineExecutionOrchestrator.lambda$execute$0(EngineExecutionOrchestrator.java:54)
	at app//org.junit.platform.launcher.core.EngineExecutionOrchestrator.withInterceptedStreams(EngineExecutionOrchestrator.java:67)
	at app//org.junit.platform.launcher.core.EngineExecutionOrchestrator.execute(EngineExecutionOrchestrator.java:52)
	at app//org.junit.platform.launcher.core.DefaultLauncher.execute(DefaultLauncher.java:114)
	at app//org.junit.platform.launcher.core.DefaultLauncher.execute(DefaultLauncher.java:86)
	at app//org.junit.platform.launcher.core.DefaultLauncherSession$DelegatingLauncher.execute(DefaultLauncherSession.java:86)
	at org.gradle.api.internal.tasks.testing.junitplatform.JUnitPlatformTestClassProcessor$CollectAllTestClassesExecutor.processAllTestClasses(JUnitPlatformTestClassProcessor.java:119)
	at org.gradle.api.internal.tasks.testing.junitplatform.JUnitPlatformTestClassProcessor$CollectAllTestClassesExecutor.access$000(JUnitPlatformTestClassProcessor.java:94)
	at org.gradle.api.internal.tasks.testing.junitplatform.JUnitPlatformTestClassProcessor.stop(JUnitPlatformTestClassProcessor.java:89)
	at org.gradle.api.internal.tasks.testing.SuiteTestClassProcessor.stop(SuiteTestClassProcessor.java:62)
	at java.base@20.0.2.1/jdk.internal.reflect.DirectMethodHandleAccessor.invoke(DirectMethodHandleAccessor.java:104)
	at java.base@20.0.2.1/java.lang.reflect.Method.invoke(Method.java:578)
	at org.gradle.internal.dispatch.ReflectionDispatch.dispatch(ReflectionDispatch.java:36)
	at org.gradle.internal.dispatch.ReflectionDispatch.dispatch(ReflectionDispatch.java:24)
	at org.gradle.internal.dispatch.ContextClassLoaderDispatch.dispatch(ContextClassLoaderDispatch.java:33)
	at org.gradle.internal.dispatch.ProxyDispatchAdapter$DispatchingInvocationHandler.invoke(ProxyDispatchAdapter.java:94)
	at jdk.proxy1/jdk.proxy1.$Proxy2.stop(Unknown Source)
	at org.gradle.api.internal.tasks.testing.worker.TestWorker$3.run(TestWorker.java:193)
	at org.gradle.api.internal.tasks.testing.worker.TestWorker.executeAndMaintainThreadName(TestWorker.java:129)
	at org.gradle.api.internal.tasks.testing.worker.TestWorker.execute(TestWorker.java:100)
	at org.gradle.api.internal.tasks.testing.worker.TestWorker.execute(TestWorker.java:60)
	at org.gradle.process.internal.worker.child.ActionExecutionWorker.execute(ActionExecutionWorker.java:56)
	at org.gradle.process.internal.worker.child.SystemApplicationClassLoaderWorker.call(SystemApplicationClassLoaderWorker.java:113)
	at org.gradle.process.internal.worker.child.SystemApplicationClassLoaderWorker.call(SystemApplicationClassLoaderWorker.java:65)
	at app//worker.org.gradle.process.internal.worker.GradleWorkerMain.run(GradleWorkerMain.java:69)
	at app//worker.org.gradle.process.internal.worker.GradleWorkerMain.main(GradleWorkerMain.java:74)
</failure>
  </testcase>
  <testcase name="[53] Ёё Ёё" classname="ru.ac.uniyar.testingcourse.RussianNameValidatorTests" time="0.002">
    <failure message="org.opentest4j.AssertionFailedError: &#13;&#10;Expecting value to be true but was false" type="org.opentest4j.AssertionFailedError">org.opentest4j.AssertionFailedError: 
Expecting value to be true but was false
	at java.base@20.0.2.1/jdk.internal.reflect.DirectConstructorHandleAccessor.newInstance(DirectConstructorHandleAccessor.java:67)
	at java.base@20.0.2.1/java.lang.reflect.Constructor.newInstanceWithCaller(Constructor.java:500)
	at app//ru.ac.uniyar.testingcourse.RussianNameValidatorTests.testVerifiedNames(RussianNameValidatorTests.java:63)
	at java.base@20.0.2.1/jdk.internal.reflect.DirectMethodHandleAccessor.invoke(DirectMethodHandleAccessor.java:104)
	at java.base@20.0.2.1/java.lang.reflect.Method.invoke(Method.java:578)
	at app//org.junit.platform.commons.util.ReflectionUtils.invokeMethod(ReflectionUtils.java:728)
	at app//org.junit.jupiter.engine.execution.MethodInvocation.proceed(MethodInvocation.java:60)
	at app//org.junit.jupiter.engine.execution.InvocationInterceptorChain$ValidatingInvocation.proceed(InvocationInterceptorChain.java:131)
	at app//org.junit.jupiter.engine.extension.TimeoutExtension.intercept(TimeoutExtension.java:156)
	at app//org.junit.jupiter.engine.extension.TimeoutExtension.interceptTestableMethod(TimeoutExtension.java:147)
	at app//org.junit.jupiter.engine.extension.TimeoutExtension.interceptTestTemplateMethod(TimeoutExtension.java:94)
	at app//org.junit.jupiter.engine.execution.InterceptingExecutableInvoker$ReflectiveInterceptorCall.lambda$ofVoidMethod$0(InterceptingExecutableInvoker.java:103)
	at app//org.junit.jupiter.engine.execution.InterceptingExecutableInvoker.lambda$invoke$0(InterceptingExecutableInvoker.java:93)
	at app//org.junit.jupiter.engine.execution.InvocationInterceptorChain$InterceptedInvocation.proceed(InvocationInterceptorChain.java:106)
	at app//org.junit.jupiter.engine.execution.InvocationInterceptorChain.proceed(InvocationInterceptorChain.java:64)
	at app//org.junit.jupiter.engine.execution.InvocationInterceptorChain.chainAndInvoke(InvocationInterceptorChain.java:45)
	at app//org.junit.jupiter.engine.execution.InvocationInterceptorChain.invoke(InvocationInterceptorChain.java:37)
	at app//org.junit.jupiter.engine.execution.InterceptingExecutableInvoker.invoke(InterceptingExecutableInvoker.java:92)
	at app//org.junit.jupiter.engine.execution.InterceptingExecutableInvoker.invoke(InterceptingExecutableInvoker.java:86)
	at app//org.junit.jupiter.engine.descriptor.TestMethodTestDescriptor.lambda$invokeTestMethod$7(TestMethodTestDescriptor.java:218)
	at app//org.junit.platform.engine.support.hierarchical.ThrowableCollector.execute(ThrowableCollector.java:73)
	at app//org.junit.jupiter.engine.descriptor.TestMethodTestDescriptor.invokeTestMethod(TestMethodTestDescriptor.java:214)
	at app//org.junit.jupiter.engine.descriptor.TestMethodTestDescriptor.execute(TestMethodTestDescriptor.java:139)
	at app//org.junit.jupiter.engine.descriptor.TestMethodTestDescriptor.execute(TestMethodTestDescriptor.java:69)
	at app//org.junit.platform.engine.support.hierarchical.NodeTestTask.lambda$executeRecursively$6(NodeTestTask.java:151)
	at app//org.junit.platform.engine.support.hierarchical.ThrowableCollector.execute(ThrowableCollector.java:73)
	at app//org.junit.platform.engine.support.hierarchical.NodeTestTask.lambda$executeRecursively$8(NodeTestTask.java:141)
	at app//org.junit.platform.engine.support.hierarchical.Node.around(Node.java:137)
	at app//org.junit.platform.engine.support.hierarchical.NodeTestTask.lambda$executeRecursively$9(NodeTestTask.java:139)
	at app//org.junit.platform.engine.support.hierarchical.ThrowableCollector.execute(ThrowableCollector.java:73)
	at app//org.junit.platform.engine.support.hierarchical.NodeTestTask.executeRecursively(NodeTestTask.java:138)
	at app//org.junit.platform.engine.support.hierarchical.NodeTestTask.execute(NodeTestTask.java:95)
	at app//org.junit.platform.engine.support.hierarchical.SameThreadHierarchicalTestExecutorService.submit(SameThreadHierarchicalTestExecutorService.java:35)
	at app//org.junit.platform.engine.support.hierarchical.NodeTestTask$DefaultDynamicTestExecutor.execute(NodeTestTask.java:226)
	at app//org.junit.platform.engine.support.hierarchical.NodeTestTask$DefaultDynamicTestExecutor.execute(NodeTestTask.java:204)
	at app//org.junit.jupiter.engine.descriptor.TestTemplateTestDescriptor.execute(TestTemplateTestDescriptor.java:142)
	at app//org.junit.jupiter.engine.descriptor.TestTemplateTestDescriptor.lambda$execute$2(TestTemplateTestDescriptor.java:110)
	at java.base@20.0.2.1/java.util.stream.ForEachOps$ForEachOp$OfRef.accept(ForEachOps.java:183)
	at java.base@20.0.2.1/java.util.stream.ReferencePipeline$3$1.accept(ReferencePipeline.java:197)
	at java.base@20.0.2.1/java.util.stream.ReferencePipeline$2$1.accept(ReferencePipeline.java:179)
	at java.base@20.0.2.1/java.util.stream.ReferencePipeline$3$1.accept(ReferencePipeline.java:197)
	at java.base@20.0.2.1/java.util.stream.ForEachOps$ForEachOp$OfRef.accept(ForEachOps.java:183)
	at java.base@20.0.2.1/java.util.stream.ReferencePipeline$3$1.accept(ReferencePipeline.java:197)
	at java.base@20.0.2.1/java.util.stream.ReferencePipeline$3$1.accept(ReferencePipeline.java:197)
	at java.base@20.0.2.1/java.util.stream.ReferencePipeline$3$1.accept(ReferencePipeline.java:197)
	at java.base@20.0.2.1/java.util.stream.ForEachOps$ForEachOp$OfRef.accept(ForEachOps.java:183)
	at java.base@20.0.2.1/java.util.stream.ReferencePipeline$3$1.accept(ReferencePipeline.java:197)
	at java.base@20.0.2.1/java.util.ArrayList$ArrayListSpliterator.forEachRemaining(ArrayList.java:1625)
	at java.base@20.0.2.1/java.util.stream.ReferencePipeline$Head.forEach(ReferencePipeline.java:762)
	at java.base@20.0.2.1/java.util.stream.ReferencePipeline$7$1.accept(ReferencePipeline.java:276)
	at java.base@20.0.2.1/java.util.stream.ReferencePipeline$3$1.accept(ReferencePipeline.java:197)
	at java.base@20.0.2.1/java.util.stream.ReferencePipeline$3$1.accept(ReferencePipeline.java:197)
	at java.base@20.0.2.1/java.util.stream.ReferencePipeline$3$1.accept(ReferencePipeline.java:197)
	at java.base@20.0.2.1/java.util.Spliterators$ArraySpliterator.forEachRemaining(Spliterators.java:1006)
	at java.base@20.0.2.1/java.util.stream.AbstractPipeline.copyInto(AbstractPipeline.java:509)
	at java.base@20.0.2.1/java.util.stream.AbstractPipeline.wrapAndCopyInto(AbstractPipeline.java:499)
	at java.base@20.0.2.1/java.util.stream.ForEachOps$ForEachOp.evaluateSequential(ForEachOps.java:150)
	at java.base@20.0.2.1/java.util.stream.ForEachOps$ForEachOp$OfRef.evaluateSequential(ForEachOps.java:173)
	at java.base@20.0.2.1/java.util.stream.AbstractPipeline.evaluate(AbstractPipeline.java:234)
	at java.base@20.0.2.1/java.util.stream.ReferencePipeline.forEach(ReferencePipeline.java:596)
	at java.base@20.0.2.1/java.util.stream.ReferencePipeline$7$1.accept(ReferencePipeline.java:276)
	at java.base@20.0.2.1/java.util.stream.ReferencePipeline$3$1.accept(ReferencePipeline.java:197)
	at java.base@20.0.2.1/java.util.stream.ReferencePipeline$3$1.accept(ReferencePipeline.java:197)
	at java.base@20.0.2.1/java.util.stream.ReferencePipeline$3$1.accept(ReferencePipeline.java:197)
	at java.base@20.0.2.1/java.util.ArrayList$ArrayListSpliterator.forEachRemaining(ArrayList.java:1625)
	at java.base@20.0.2.1/java.util.stream.AbstractPipeline.copyInto(AbstractPipeline.java:509)
	at java.base@20.0.2.1/java.util.stream.AbstractPipeline.wrapAndCopyInto(AbstractPipeline.java:499)
	at java.base@20.0.2.1/java.util.stream.ForEachOps$ForEachOp.evaluateSequential(ForEachOps.java:150)
	at java.base@20.0.2.1/java.util.stream.ForEachOps$ForEachOp$OfRef.evaluateSequential(ForEachOps.java:173)
	at java.base@20.0.2.1/java.util.stream.AbstractPipeline.evaluate(AbstractPipeline.java:234)
	at java.base@20.0.2.1/java.util.stream.ReferencePipeline.forEach(ReferencePipeline.java:596)
	at java.base@20.0.2.1/java.util.stream.ReferencePipeline$7$1.accept(ReferencePipeline.java:276)
	at java.base@20.0.2.1/java.util.ArrayList$ArrayListSpliterator.forEachRemaining(ArrayList.java:1625)
	at java.base@20.0.2.1/java.util.stream.AbstractPipeline.copyInto(AbstractPipeline.java:509)
	at java.base@20.0.2.1/java.util.stream.AbstractPipeline.wrapAndCopyInto(AbstractPipeline.java:499)
	at java.base@20.0.2.1/java.util.stream.ForEachOps$ForEachOp.evaluateSequential(ForEachOps.java:150)
	at java.base@20.0.2.1/java.util.stream.ForEachOps$ForEachOp$OfRef.evaluateSequential(ForEachOps.java:173)
	at java.base@20.0.2.1/java.util.stream.AbstractPipeline.evaluate(AbstractPipeline.java:234)
	at java.base@20.0.2.1/java.util.stream.ReferencePipeline.forEach(ReferencePipeline.java:596)
	at app//org.junit.jupiter.engine.descriptor.TestTemplateTestDescriptor.execute(TestTemplateTestDescriptor.java:110)
	at app//org.junit.jupiter.engine.descriptor.TestTemplateTestDescriptor.execute(TestTemplateTestDescriptor.java:44)
	at app//org.junit.platform.engine.support.hierarchical.NodeTestTask.lambda$executeRecursively$6(NodeTestTask.java:151)
	at app//org.junit.platform.engine.support.hierarchical.ThrowableCollector.execute(ThrowableCollector.java:73)
	at app//org.junit.platform.engine.support.hierarchical.NodeTestTask.lambda$executeRecursively$8(NodeTestTask.java:141)
	at app//org.junit.platform.engine.support.hierarchical.Node.around(Node.java:137)
	at app//org.junit.platform.engine.support.hierarchical.NodeTestTask.lambda$executeRecursively$9(NodeTestTask.java:139)
	at app//org.junit.platform.engine.support.hierarchical.ThrowableCollector.execute(ThrowableCollector.java:73)
	at app//org.junit.platform.engine.support.hierarchical.NodeTestTask.executeRecursively(NodeTestTask.java:138)
	at app//org.junit.platform.engine.support.hierarchical.NodeTestTask.execute(NodeTestTask.java:95)
	at java.base@20.0.2.1/java.util.ArrayList.forEach(ArrayList.java:1511)
	at app//org.junit.platform.engine.support.hierarchical.SameThreadHierarchicalTestExecutorService.invokeAll(SameThreadHierarchicalTestExecutorService.java:41)
	at app//org.junit.platform.engine.support.hierarchical.NodeTestTask.lambda$executeRecursively$6(NodeTestTask.java:155)
	at app//org.junit.platform.engine.support.hierarchical.ThrowableCollector.execute(ThrowableCollector.java:73)
	at app//org.junit.platform.engine.support.hierarchical.NodeTestTask.lambda$executeRecursively$8(NodeTestTask.java:141)
	at app//org.junit.platform.engine.support.hierarchical.Node.around(Node.java:137)
	at app//org.junit.platform.engine.support.hierarchical.NodeTestTask.lambda$executeRecursively$9(NodeTestTask.java:139)
	at app//org.junit.platform.engine.support.hierarchical.ThrowableCollector.execute(ThrowableCollector.java:73)
	at app//org.junit.platform.engine.support.hierarchical.NodeTestTask.executeRecursively(NodeTestTask.java:138)
	at app//org.junit.platform.engine.support.hierarchical.NodeTestTask.execute(NodeTestTask.java:95)
	at java.base@20.0.2.1/java.util.ArrayList.forEach(ArrayList.java:1511)
	at app//org.junit.platform.engine.support.hierarchical.SameThreadHierarchicalTestExecutorService.invokeAll(SameThreadHierarchicalTestExecutorService.java:41)
	at app//org.junit.platform.engine.support.hierarchical.NodeTestTask.lambda$executeRecursively$6(NodeTestTask.java:155)
	at app//org.junit.platform.engine.support.hierarchical.ThrowableCollector.execute(ThrowableCollector.java:73)
	at app//org.junit.platform.engine.support.hierarchical.NodeTestTask.lambda$executeRecursively$8(NodeTestTask.java:141)
	at app//org.junit.platform.engine.support.hierarchical.Node.around(Node.java:137)
	at app//org.junit.platform.engine.support.hierarchical.NodeTestTask.lambda$executeRecursively$9(NodeTestTask.java:139)
	at app//org.junit.platform.engine.support.hierarchical.ThrowableCollector.execute(ThrowableCollector.java:73)
	at app//org.junit.platform.engine.support.hierarchical.NodeTestTask.executeRecursively(NodeTestTask.java:138)
	at app//org.junit.platform.engine.support.hierarchical.NodeTestTask.execute(NodeTestTask.java:95)
	at app//org.junit.platform.engine.support.hierarchical.SameThreadHierarchicalTestExecutorService.submit(SameThreadHierarchicalTestExecutorService.java:35)
	at app//org.junit.platform.engine.support.hierarchical.HierarchicalTestExecutor.execute(HierarchicalTestExecutor.java:57)
	at app//org.junit.platform.engine.support.hierarchical.HierarchicalTestEngine.execute(HierarchicalTestEngine.java:54)
	at app//org.junit.platform.launcher.core.EngineExecutionOrchestrator.execute(EngineExecutionOrchestrator.java:107)
	at app//org.junit.platform.launcher.core.EngineExecutionOrchestrator.execute(EngineExecutionOrchestrator.java:88)
	at app//org.junit.platform.launcher.core.EngineExecutionOrchestrator.lambda$execute$0(EngineExecutionOrchestrator.java:54)
	at app//org.junit.platform.launcher.core.EngineExecutionOrchestrator.withInterceptedStreams(EngineExecutionOrchestrator.java:67)
	at app//org.junit.platform.launcher.core.EngineExecutionOrchestrator.execute(EngineExecutionOrchestrator.java:52)
	at app//org.junit.platform.launcher.core.DefaultLauncher.execute(DefaultLauncher.java:114)
	at app//org.junit.platform.launcher.core.DefaultLauncher.execute(DefaultLauncher.java:86)
	at app//org.junit.platform.launcher.core.DefaultLauncherSession$DelegatingLauncher.execute(DefaultLauncherSession.java:86)
	at org.gradle.api.internal.tasks.testing.junitplatform.JUnitPlatformTestClassProcessor$CollectAllTestClassesExecutor.processAllTestClasses(JUnitPlatformTestClassProcessor.java:119)
	at org.gradle.api.internal.tasks.testing.junitplatform.JUnitPlatformTestClassProcessor$CollectAllTestClassesExecutor.access$000(JUnitPlatformTestClassProcessor.java:94)
	at org.gradle.api.internal.tasks.testing.junitplatform.JUnitPlatformTestClassProcessor.stop(JUnitPlatformTestClassProcessor.java:89)
	at org.gradle.api.internal.tasks.testing.SuiteTestClassProcessor.stop(SuiteTestClassProcessor.java:62)
	at java.base@20.0.2.1/jdk.internal.reflect.DirectMethodHandleAccessor.invoke(DirectMethodHandleAccessor.java:104)
	at java.base@20.0.2.1/java.lang.reflect.Method.invoke(Method.java:578)
	at org.gradle.internal.dispatch.ReflectionDispatch.dispatch(ReflectionDispatch.java:36)
	at org.gradle.internal.dispatch.ReflectionDispatch.dispatch(ReflectionDispatch.java:24)
	at org.gradle.internal.dispatch.ContextClassLoaderDispatch.dispatch(ContextClassLoaderDispatch.java:33)
	at org.gradle.internal.dispatch.ProxyDispatchAdapter$DispatchingInvocationHandler.invoke(ProxyDispatchAdapter.java:94)
	at jdk.proxy1/jdk.proxy1.$Proxy2.stop(Unknown Source)
	at org.gradle.api.internal.tasks.testing.worker.TestWorker$3.run(TestWorker.java:193)
	at org.gradle.api.internal.tasks.testing.worker.TestWorker.executeAndMaintainThreadName(TestWorker.java:129)
	at org.gradle.api.internal.tasks.testing.worker.TestWorker.execute(TestWorker.java:100)
	at org.gradle.api.internal.tasks.testing.worker.TestWorker.execute(TestWorker.java:60)
	at org.gradle.process.internal.worker.child.ActionExecutionWorker.execute(ActionExecutionWorker.java:56)
	at org.gradle.process.internal.worker.child.SystemApplicationClassLoaderWorker.call(SystemApplicationClassLoaderWorker.java:113)
	at org.gradle.process.internal.worker.child.SystemApplicationClassLoaderWorker.call(SystemApplicationClassLoaderWorker.java:65)
	at app//worker.org.gradle.process.internal.worker.GradleWorkerMain.run(GradleWorkerMain.java:69)
	at app//worker.org.gradle.process.internal.worker.GradleWorkerMain.main(GradleWorkerMain.java:74)
</failure>
  </testcase>
  <testcase name="[54] Ёё-Ёё Ёё" classname="ru.ac.uniyar.testingcourse.RussianNameValidatorTests" time="0.001">
    <failure message="org.opentest4j.AssertionFailedError: &#13;&#10;Expecting value to be true but was false" type="org.opentest4j.AssertionFailedError">org.opentest4j.AssertionFailedError: 
Expecting value to be true but was false
	at java.base@20.0.2.1/jdk.internal.reflect.DirectConstructorHandleAccessor.newInstance(DirectConstructorHandleAccessor.java:67)
	at java.base@20.0.2.1/java.lang.reflect.Constructor.newInstanceWithCaller(Constructor.java:500)
	at app//ru.ac.uniyar.testingcourse.RussianNameValidatorTests.testVerifiedNames(RussianNameValidatorTests.java:63)
	at java.base@20.0.2.1/jdk.internal.reflect.DirectMethodHandleAccessor.invoke(DirectMethodHandleAccessor.java:104)
	at java.base@20.0.2.1/java.lang.reflect.Method.invoke(Method.java:578)
	at app//org.junit.platform.commons.util.ReflectionUtils.invokeMethod(ReflectionUtils.java:728)
	at app//org.junit.jupiter.engine.execution.MethodInvocation.proceed(MethodInvocation.java:60)
	at app//org.junit.jupiter.engine.execution.InvocationInterceptorChain$ValidatingInvocation.proceed(InvocationInterceptorChain.java:131)
	at app//org.junit.jupiter.engine.extension.TimeoutExtension.intercept(TimeoutExtension.java:156)
	at app//org.junit.jupiter.engine.extension.TimeoutExtension.interceptTestableMethod(TimeoutExtension.java:147)
	at app//org.junit.jupiter.engine.extension.TimeoutExtension.interceptTestTemplateMethod(TimeoutExtension.java:94)
	at app//org.junit.jupiter.engine.execution.InterceptingExecutableInvoker$ReflectiveInterceptorCall.lambda$ofVoidMethod$0(InterceptingExecutableInvoker.java:103)
	at app//org.junit.jupiter.engine.execution.InterceptingExecutableInvoker.lambda$invoke$0(InterceptingExecutableInvoker.java:93)
	at app//org.junit.jupiter.engine.execution.InvocationInterceptorChain$InterceptedInvocation.proceed(InvocationInterceptorChain.java:106)
	at app//org.junit.jupiter.engine.execution.InvocationInterceptorChain.proceed(InvocationInterceptorChain.java:64)
	at app//org.junit.jupiter.engine.execution.InvocationInterceptorChain.chainAndInvoke(InvocationInterceptorChain.java:45)
	at app//org.junit.jupiter.engine.execution.InvocationInterceptorChain.invoke(InvocationInterceptorChain.java:37)
	at app//org.junit.jupiter.engine.execution.InterceptingExecutableInvoker.invoke(InterceptingExecutableInvoker.java:92)
	at app//org.junit.jupiter.engine.execution.InterceptingExecutableInvoker.invoke(InterceptingExecutableInvoker.java:86)
	at app//org.junit.jupiter.engine.descriptor.TestMethodTestDescriptor.lambda$invokeTestMethod$7(TestMethodTestDescriptor.java:218)
	at app//org.junit.platform.engine.support.hierarchical.ThrowableCollector.execute(ThrowableCollector.java:73)
	at app//org.junit.jupiter.engine.descriptor.TestMethodTestDescriptor.invokeTestMethod(TestMethodTestDescriptor.java:214)
	at app//org.junit.jupiter.engine.descriptor.TestMethodTestDescriptor.execute(TestMethodTestDescriptor.java:139)
	at app//org.junit.jupiter.engine.descriptor.TestMethodTestDescriptor.execute(TestMethodTestDescriptor.java:69)
	at app//org.junit.platform.engine.support.hierarchical.NodeTestTask.lambda$executeRecursively$6(NodeTestTask.java:151)
	at app//org.junit.platform.engine.support.hierarchical.ThrowableCollector.execute(ThrowableCollector.java:73)
	at app//org.junit.platform.engine.support.hierarchical.NodeTestTask.lambda$executeRecursively$8(NodeTestTask.java:141)
	at app//org.junit.platform.engine.support.hierarchical.Node.around(Node.java:137)
	at app//org.junit.platform.engine.support.hierarchical.NodeTestTask.lambda$executeRecursively$9(NodeTestTask.java:139)
	at app//org.junit.platform.engine.support.hierarchical.ThrowableCollector.execute(ThrowableCollector.java:73)
	at app//org.junit.platform.engine.support.hierarchical.NodeTestTask.executeRecursively(NodeTestTask.java:138)
	at app//org.junit.platform.engine.support.hierarchical.NodeTestTask.execute(NodeTestTask.java:95)
	at app//org.junit.platform.engine.support.hierarchical.SameThreadHierarchicalTestExecutorService.submit(SameThreadHierarchicalTestExecutorService.java:35)
	at app//org.junit.platform.engine.support.hierarchical.NodeTestTask$DefaultDynamicTestExecutor.execute(NodeTestTask.java:226)
	at app//org.junit.platform.engine.support.hierarchical.NodeTestTask$DefaultDynamicTestExecutor.execute(NodeTestTask.java:204)
	at app//org.junit.jupiter.engine.descriptor.TestTemplateTestDescriptor.execute(TestTemplateTestDescriptor.java:142)
	at app//org.junit.jupiter.engine.descriptor.TestTemplateTestDescriptor.lambda$execute$2(TestTemplateTestDescriptor.java:110)
	at java.base@20.0.2.1/java.util.stream.ForEachOps$ForEachOp$OfRef.accept(ForEachOps.java:183)
	at java.base@20.0.2.1/java.util.stream.ReferencePipeline$3$1.accept(ReferencePipeline.java:197)
	at java.base@20.0.2.1/java.util.stream.ReferencePipeline$2$1.accept(ReferencePipeline.java:179)
	at java.base@20.0.2.1/java.util.stream.ReferencePipeline$3$1.accept(ReferencePipeline.java:197)
	at java.base@20.0.2.1/java.util.stream.ForEachOps$ForEachOp$OfRef.accept(ForEachOps.java:183)
	at java.base@20.0.2.1/java.util.stream.ReferencePipeline$3$1.accept(ReferencePipeline.java:197)
	at java.base@20.0.2.1/java.util.stream.ReferencePipeline$3$1.accept(ReferencePipeline.java:197)
	at java.base@20.0.2.1/java.util.stream.ReferencePipeline$3$1.accept(ReferencePipeline.java:197)
	at java.base@20.0.2.1/java.util.stream.ForEachOps$ForEachOp$OfRef.accept(ForEachOps.java:183)
	at java.base@20.0.2.1/java.util.stream.ReferencePipeline$3$1.accept(ReferencePipeline.java:197)
	at java.base@20.0.2.1/java.util.ArrayList$ArrayListSpliterator.forEachRemaining(ArrayList.java:1625)
	at java.base@20.0.2.1/java.util.stream.ReferencePipeline$Head.forEach(ReferencePipeline.java:762)
	at java.base@20.0.2.1/java.util.stream.ReferencePipeline$7$1.accept(ReferencePipeline.java:276)
	at java.base@20.0.2.1/java.util.stream.ReferencePipeline$3$1.accept(ReferencePipeline.java:197)
	at java.base@20.0.2.1/java.util.stream.ReferencePipeline$3$1.accept(ReferencePipeline.java:197)
	at java.base@20.0.2.1/java.util.stream.ReferencePipeline$3$1.accept(ReferencePipeline.java:197)
	at java.base@20.0.2.1/java.util.Spliterators$ArraySpliterator.forEachRemaining(Spliterators.java:1006)
	at java.base@20.0.2.1/java.util.stream.AbstractPipeline.copyInto(AbstractPipeline.java:509)
	at java.base@20.0.2.1/java.util.stream.AbstractPipeline.wrapAndCopyInto(AbstractPipeline.java:499)
	at java.base@20.0.2.1/java.util.stream.ForEachOps$ForEachOp.evaluateSequential(ForEachOps.java:150)
	at java.base@20.0.2.1/java.util.stream.ForEachOps$ForEachOp$OfRef.evaluateSequential(ForEachOps.java:173)
	at java.base@20.0.2.1/java.util.stream.AbstractPipeline.evaluate(AbstractPipeline.java:234)
	at java.base@20.0.2.1/java.util.stream.ReferencePipeline.forEach(ReferencePipeline.java:596)
	at java.base@20.0.2.1/java.util.stream.ReferencePipeline$7$1.accept(ReferencePipeline.java:276)
	at java.base@20.0.2.1/java.util.stream.ReferencePipeline$3$1.accept(ReferencePipeline.java:197)
	at java.base@20.0.2.1/java.util.stream.ReferencePipeline$3$1.accept(ReferencePipeline.java:197)
	at java.base@20.0.2.1/java.util.stream.ReferencePipeline$3$1.accept(ReferencePipeline.java:197)
	at java.base@20.0.2.1/java.util.ArrayList$ArrayListSpliterator.forEachRemaining(ArrayList.java:1625)
	at java.base@20.0.2.1/java.util.stream.AbstractPipeline.copyInto(AbstractPipeline.java:509)
	at java.base@20.0.2.1/java.util.stream.AbstractPipeline.wrapAndCopyInto(AbstractPipeline.java:499)
	at java.base@20.0.2.1/java.util.stream.ForEachOps$ForEachOp.evaluateSequential(ForEachOps.java:150)
	at java.base@20.0.2.1/java.util.stream.ForEachOps$ForEachOp$OfRef.evaluateSequential(ForEachOps.java:173)
	at java.base@20.0.2.1/java.util.stream.AbstractPipeline.evaluate(AbstractPipeline.java:234)
	at java.base@20.0.2.1/java.util.stream.ReferencePipeline.forEach(ReferencePipeline.java:596)
	at java.base@20.0.2.1/java.util.stream.ReferencePipeline$7$1.accept(ReferencePipeline.java:276)
	at java.base@20.0.2.1/java.util.ArrayList$ArrayListSpliterator.forEachRemaining(ArrayList.java:1625)
	at java.base@20.0.2.1/java.util.stream.AbstractPipeline.copyInto(AbstractPipeline.java:509)
	at java.base@20.0.2.1/java.util.stream.AbstractPipeline.wrapAndCopyInto(AbstractPipeline.java:499)
	at java.base@20.0.2.1/java.util.stream.ForEachOps$ForEachOp.evaluateSequential(ForEachOps.java:150)
	at java.base@20.0.2.1/java.util.stream.ForEachOps$ForEachOp$OfRef.evaluateSequential(ForEachOps.java:173)
	at java.base@20.0.2.1/java.util.stream.AbstractPipeline.evaluate(AbstractPipeline.java:234)
	at java.base@20.0.2.1/java.util.stream.ReferencePipeline.forEach(ReferencePipeline.java:596)
	at app//org.junit.jupiter.engine.descriptor.TestTemplateTestDescriptor.execute(TestTemplateTestDescriptor.java:110)
	at app//org.junit.jupiter.engine.descriptor.TestTemplateTestDescriptor.execute(TestTemplateTestDescriptor.java:44)
	at app//org.junit.platform.engine.support.hierarchical.NodeTestTask.lambda$executeRecursively$6(NodeTestTask.java:151)
	at app//org.junit.platform.engine.support.hierarchical.ThrowableCollector.execute(ThrowableCollector.java:73)
	at app//org.junit.platform.engine.support.hierarchical.NodeTestTask.lambda$executeRecursively$8(NodeTestTask.java:141)
	at app//org.junit.platform.engine.support.hierarchical.Node.around(Node.java:137)
	at app//org.junit.platform.engine.support.hierarchical.NodeTestTask.lambda$executeRecursively$9(NodeTestTask.java:139)
	at app//org.junit.platform.engine.support.hierarchical.ThrowableCollector.execute(ThrowableCollector.java:73)
	at app//org.junit.platform.engine.support.hierarchical.NodeTestTask.executeRecursively(NodeTestTask.java:138)
	at app//org.junit.platform.engine.support.hierarchical.NodeTestTask.execute(NodeTestTask.java:95)
	at java.base@20.0.2.1/java.util.ArrayList.forEach(ArrayList.java:1511)
	at app//org.junit.platform.engine.support.hierarchical.SameThreadHierarchicalTestExecutorService.invokeAll(SameThreadHierarchicalTestExecutorService.java:41)
	at app//org.junit.platform.engine.support.hierarchical.NodeTestTask.lambda$executeRecursively$6(NodeTestTask.java:155)
	at app//org.junit.platform.engine.support.hierarchical.ThrowableCollector.execute(ThrowableCollector.java:73)
	at app//org.junit.platform.engine.support.hierarchical.NodeTestTask.lambda$executeRecursively$8(NodeTestTask.java:141)
	at app//org.junit.platform.engine.support.hierarchical.Node.around(Node.java:137)
	at app//org.junit.platform.engine.support.hierarchical.NodeTestTask.lambda$executeRecursively$9(NodeTestTask.java:139)
	at app//org.junit.platform.engine.support.hierarchical.ThrowableCollector.execute(ThrowableCollector.java:73)
	at app//org.junit.platform.engine.support.hierarchical.NodeTestTask.executeRecursively(NodeTestTask.java:138)
	at app//org.junit.platform.engine.support.hierarchical.NodeTestTask.execute(NodeTestTask.java:95)
	at java.base@20.0.2.1/java.util.ArrayList.forEach(ArrayList.java:1511)
	at app//org.junit.platform.engine.support.hierarchical.SameThreadHierarchicalTestExecutorService.invokeAll(SameThreadHierarchicalTestExecutorService.java:41)
	at app//org.junit.platform.engine.support.hierarchical.NodeTestTask.lambda$executeRecursively$6(NodeTestTask.java:155)
	at app//org.junit.platform.engine.support.hierarchical.ThrowableCollector.execute(ThrowableCollector.java:73)
	at app//org.junit.platform.engine.support.hierarchical.NodeTestTask.lambda$executeRecursively$8(NodeTestTask.java:141)
	at app//org.junit.platform.engine.support.hierarchical.Node.around(Node.java:137)
	at app//org.junit.platform.engine.support.hierarchical.NodeTestTask.lambda$executeRecursively$9(NodeTestTask.java:139)
	at app//org.junit.platform.engine.support.hierarchical.ThrowableCollector.execute(ThrowableCollector.java:73)
	at app//org.junit.platform.engine.support.hierarchical.NodeTestTask.executeRecursively(NodeTestTask.java:138)
	at app//org.junit.platform.engine.support.hierarchical.NodeTestTask.execute(NodeTestTask.java:95)
	at app//org.junit.platform.engine.support.hierarchical.SameThreadHierarchicalTestExecutorService.submit(SameThreadHierarchicalTestExecutorService.java:35)
	at app//org.junit.platform.engine.support.hierarchical.HierarchicalTestExecutor.execute(HierarchicalTestExecutor.java:57)
	at app//org.junit.platform.engine.support.hierarchical.HierarchicalTestEngine.execute(HierarchicalTestEngine.java:54)
	at app//org.junit.platform.launcher.core.EngineExecutionOrchestrator.execute(EngineExecutionOrchestrator.java:107)
	at app//org.junit.platform.launcher.core.EngineExecutionOrchestrator.execute(EngineExecutionOrchestrator.java:88)
	at app//org.junit.platform.launcher.core.EngineExecutionOrchestrator.lambda$execute$0(EngineExecutionOrchestrator.java:54)
	at app//org.junit.platform.launcher.core.EngineExecutionOrchestrator.withInterceptedStreams(EngineExecutionOrchestrator.java:67)
	at app//org.junit.platform.launcher.core.EngineExecutionOrchestrator.execute(EngineExecutionOrchestrator.java:52)
	at app//org.junit.platform.launcher.core.DefaultLauncher.execute(DefaultLauncher.java:114)
	at app//org.junit.platform.launcher.core.DefaultLauncher.execute(DefaultLauncher.java:86)
	at app//org.junit.platform.launcher.core.DefaultLauncherSession$DelegatingLauncher.execute(DefaultLauncherSession.java:86)
	at org.gradle.api.internal.tasks.testing.junitplatform.JUnitPlatformTestClassProcessor$CollectAllTestClassesExecutor.processAllTestClasses(JUnitPlatformTestClassProcessor.java:119)
	at org.gradle.api.internal.tasks.testing.junitplatform.JUnitPlatformTestClassProcessor$CollectAllTestClassesExecutor.access$000(JUnitPlatformTestClassProcessor.java:94)
	at org.gradle.api.internal.tasks.testing.junitplatform.JUnitPlatformTestClassProcessor.stop(JUnitPlatformTestClassProcessor.java:89)
	at org.gradle.api.internal.tasks.testing.SuiteTestClassProcessor.stop(SuiteTestClassProcessor.java:62)
	at java.base@20.0.2.1/jdk.internal.reflect.DirectMethodHandleAccessor.invoke(DirectMethodHandleAccessor.java:104)
	at java.base@20.0.2.1/java.lang.reflect.Method.invoke(Method.java:578)
	at org.gradle.internal.dispatch.ReflectionDispatch.dispatch(ReflectionDispatch.java:36)
	at org.gradle.internal.dispatch.ReflectionDispatch.dispatch(ReflectionDispatch.java:24)
	at org.gradle.internal.dispatch.ContextClassLoaderDispatch.dispatch(ContextClassLoaderDispatch.java:33)
	at org.gradle.internal.dispatch.ProxyDispatchAdapter$DispatchingInvocationHandler.invoke(ProxyDispatchAdapter.java:94)
	at jdk.proxy1/jdk.proxy1.$Proxy2.stop(Unknown Source)
	at org.gradle.api.internal.tasks.testing.worker.TestWorker$3.run(TestWorker.java:193)
	at org.gradle.api.internal.tasks.testing.worker.TestWorker.executeAndMaintainThreadName(TestWorker.java:129)
	at org.gradle.api.internal.tasks.testing.worker.TestWorker.execute(TestWorker.java:100)
	at org.gradle.api.internal.tasks.testing.worker.TestWorker.execute(TestWorker.java:60)
	at org.gradle.process.internal.worker.child.ActionExecutionWorker.execute(ActionExecutionWorker.java:56)
	at org.gradle.process.internal.worker.child.SystemApplicationClassLoaderWorker.call(SystemApplicationClassLoaderWorker.java:113)
	at org.gradle.process.internal.worker.child.SystemApplicationClassLoaderWorker.call(SystemApplicationClassLoaderWorker.java:65)
	at app//worker.org.gradle.process.internal.worker.GradleWorkerMain.run(GradleWorkerMain.java:69)
	at app//worker.org.gradle.process.internal.worker.GradleWorkerMain.main(GradleWorkerMain.java:74)
</failure>
  </testcase>
  <testcase name="[55] Ёё Ёё-Ёё" classname="ru.ac.uniyar.testingcourse.RussianNameValidatorTests" time="0.001">
    <failure message="org.opentest4j.AssertionFailedError: &#13;&#10;Expecting value to be true but was false" type="org.opentest4j.AssertionFailedError">org.opentest4j.AssertionFailedError: 
Expecting value to be true but was false
	at java.base@20.0.2.1/jdk.internal.reflect.DirectConstructorHandleAccessor.newInstance(DirectConstructorHandleAccessor.java:67)
	at java.base@20.0.2.1/java.lang.reflect.Constructor.newInstanceWithCaller(Constructor.java:500)
	at app//ru.ac.uniyar.testingcourse.RussianNameValidatorTests.testVerifiedNames(RussianNameValidatorTests.java:63)
	at java.base@20.0.2.1/jdk.internal.reflect.DirectMethodHandleAccessor.invoke(DirectMethodHandleAccessor.java:104)
	at java.base@20.0.2.1/java.lang.reflect.Method.invoke(Method.java:578)
	at app//org.junit.platform.commons.util.ReflectionUtils.invokeMethod(ReflectionUtils.java:728)
	at app//org.junit.jupiter.engine.execution.MethodInvocation.proceed(MethodInvocation.java:60)
	at app//org.junit.jupiter.engine.execution.InvocationInterceptorChain$ValidatingInvocation.proceed(InvocationInterceptorChain.java:131)
	at app//org.junit.jupiter.engine.extension.TimeoutExtension.intercept(TimeoutExtension.java:156)
	at app//org.junit.jupiter.engine.extension.TimeoutExtension.interceptTestableMethod(TimeoutExtension.java:147)
	at app//org.junit.jupiter.engine.extension.TimeoutExtension.interceptTestTemplateMethod(TimeoutExtension.java:94)
	at app//org.junit.jupiter.engine.execution.InterceptingExecutableInvoker$ReflectiveInterceptorCall.lambda$ofVoidMethod$0(InterceptingExecutableInvoker.java:103)
	at app//org.junit.jupiter.engine.execution.InterceptingExecutableInvoker.lambda$invoke$0(InterceptingExecutableInvoker.java:93)
	at app//org.junit.jupiter.engine.execution.InvocationInterceptorChain$InterceptedInvocation.proceed(InvocationInterceptorChain.java:106)
	at app//org.junit.jupiter.engine.execution.InvocationInterceptorChain.proceed(InvocationInterceptorChain.java:64)
	at app//org.junit.jupiter.engine.execution.InvocationInterceptorChain.chainAndInvoke(InvocationInterceptorChain.java:45)
	at app//org.junit.jupiter.engine.execution.InvocationInterceptorChain.invoke(InvocationInterceptorChain.java:37)
	at app//org.junit.jupiter.engine.execution.InterceptingExecutableInvoker.invoke(InterceptingExecutableInvoker.java:92)
	at app//org.junit.jupiter.engine.execution.InterceptingExecutableInvoker.invoke(InterceptingExecutableInvoker.java:86)
	at app//org.junit.jupiter.engine.descriptor.TestMethodTestDescriptor.lambda$invokeTestMethod$7(TestMethodTestDescriptor.java:218)
	at app//org.junit.platform.engine.support.hierarchical.ThrowableCollector.execute(ThrowableCollector.java:73)
	at app//org.junit.jupiter.engine.descriptor.TestMethodTestDescriptor.invokeTestMethod(TestMethodTestDescriptor.java:214)
	at app//org.junit.jupiter.engine.descriptor.TestMethodTestDescriptor.execute(TestMethodTestDescriptor.java:139)
	at app//org.junit.jupiter.engine.descriptor.TestMethodTestDescriptor.execute(TestMethodTestDescriptor.java:69)
	at app//org.junit.platform.engine.support.hierarchical.NodeTestTask.lambda$executeRecursively$6(NodeTestTask.java:151)
	at app//org.junit.platform.engine.support.hierarchical.ThrowableCollector.execute(ThrowableCollector.java:73)
	at app//org.junit.platform.engine.support.hierarchical.NodeTestTask.lambda$executeRecursively$8(NodeTestTask.java:141)
	at app//org.junit.platform.engine.support.hierarchical.Node.around(Node.java:137)
	at app//org.junit.platform.engine.support.hierarchical.NodeTestTask.lambda$executeRecursively$9(NodeTestTask.java:139)
	at app//org.junit.platform.engine.support.hierarchical.ThrowableCollector.execute(ThrowableCollector.java:73)
	at app//org.junit.platform.engine.support.hierarchical.NodeTestTask.executeRecursively(NodeTestTask.java:138)
	at app//org.junit.platform.engine.support.hierarchical.NodeTestTask.execute(NodeTestTask.java:95)
	at app//org.junit.platform.engine.support.hierarchical.SameThreadHierarchicalTestExecutorService.submit(SameThreadHierarchicalTestExecutorService.java:35)
	at app//org.junit.platform.engine.support.hierarchical.NodeTestTask$DefaultDynamicTestExecutor.execute(NodeTestTask.java:226)
	at app//org.junit.platform.engine.support.hierarchical.NodeTestTask$DefaultDynamicTestExecutor.execute(NodeTestTask.java:204)
	at app//org.junit.jupiter.engine.descriptor.TestTemplateTestDescriptor.execute(TestTemplateTestDescriptor.java:142)
	at app//org.junit.jupiter.engine.descriptor.TestTemplateTestDescriptor.lambda$execute$2(TestTemplateTestDescriptor.java:110)
	at java.base@20.0.2.1/java.util.stream.ForEachOps$ForEachOp$OfRef.accept(ForEachOps.java:183)
	at java.base@20.0.2.1/java.util.stream.ReferencePipeline$3$1.accept(ReferencePipeline.java:197)
	at java.base@20.0.2.1/java.util.stream.ReferencePipeline$2$1.accept(ReferencePipeline.java:179)
	at java.base@20.0.2.1/java.util.stream.ReferencePipeline$3$1.accept(ReferencePipeline.java:197)
	at java.base@20.0.2.1/java.util.stream.ForEachOps$ForEachOp$OfRef.accept(ForEachOps.java:183)
	at java.base@20.0.2.1/java.util.stream.ReferencePipeline$3$1.accept(ReferencePipeline.java:197)
	at java.base@20.0.2.1/java.util.stream.ReferencePipeline$3$1.accept(ReferencePipeline.java:197)
	at java.base@20.0.2.1/java.util.stream.ReferencePipeline$3$1.accept(ReferencePipeline.java:197)
	at java.base@20.0.2.1/java.util.stream.ForEachOps$ForEachOp$OfRef.accept(ForEachOps.java:183)
	at java.base@20.0.2.1/java.util.stream.ReferencePipeline$3$1.accept(ReferencePipeline.java:197)
	at java.base@20.0.2.1/java.util.ArrayList$ArrayListSpliterator.forEachRemaining(ArrayList.java:1625)
	at java.base@20.0.2.1/java.util.stream.ReferencePipeline$Head.forEach(ReferencePipeline.java:762)
	at java.base@20.0.2.1/java.util.stream.ReferencePipeline$7$1.accept(ReferencePipeline.java:276)
	at java.base@20.0.2.1/java.util.stream.ReferencePipeline$3$1.accept(ReferencePipeline.java:197)
	at java.base@20.0.2.1/java.util.stream.ReferencePipeline$3$1.accept(ReferencePipeline.java:197)
	at java.base@20.0.2.1/java.util.stream.ReferencePipeline$3$1.accept(ReferencePipeline.java:197)
	at java.base@20.0.2.1/java.util.Spliterators$ArraySpliterator.forEachRemaining(Spliterators.java:1006)
	at java.base@20.0.2.1/java.util.stream.AbstractPipeline.copyInto(AbstractPipeline.java:509)
	at java.base@20.0.2.1/java.util.stream.AbstractPipeline.wrapAndCopyInto(AbstractPipeline.java:499)
	at java.base@20.0.2.1/java.util.stream.ForEachOps$ForEachOp.evaluateSequential(ForEachOps.java:150)
	at java.base@20.0.2.1/java.util.stream.ForEachOps$ForEachOp$OfRef.evaluateSequential(ForEachOps.java:173)
	at java.base@20.0.2.1/java.util.stream.AbstractPipeline.evaluate(AbstractPipeline.java:234)
	at java.base@20.0.2.1/java.util.stream.ReferencePipeline.forEach(ReferencePipeline.java:596)
	at java.base@20.0.2.1/java.util.stream.ReferencePipeline$7$1.accept(ReferencePipeline.java:276)
	at java.base@20.0.2.1/java.util.stream.ReferencePipeline$3$1.accept(ReferencePipeline.java:197)
	at java.base@20.0.2.1/java.util.stream.ReferencePipeline$3$1.accept(ReferencePipeline.java:197)
	at java.base@20.0.2.1/java.util.stream.ReferencePipeline$3$1.accept(ReferencePipeline.java:197)
	at java.base@20.0.2.1/java.util.ArrayList$ArrayListSpliterator.forEachRemaining(ArrayList.java:1625)
	at java.base@20.0.2.1/java.util.stream.AbstractPipeline.copyInto(AbstractPipeline.java:509)
	at java.base@20.0.2.1/java.util.stream.AbstractPipeline.wrapAndCopyInto(AbstractPipeline.java:499)
	at java.base@20.0.2.1/java.util.stream.ForEachOps$ForEachOp.evaluateSequential(ForEachOps.java:150)
	at java.base@20.0.2.1/java.util.stream.ForEachOps$ForEachOp$OfRef.evaluateSequential(ForEachOps.java:173)
	at java.base@20.0.2.1/java.util.stream.AbstractPipeline.evaluate(AbstractPipeline.java:234)
	at java.base@20.0.2.1/java.util.stream.ReferencePipeline.forEach(ReferencePipeline.java:596)
	at java.base@20.0.2.1/java.util.stream.ReferencePipeline$7$1.accept(ReferencePipeline.java:276)
	at java.base@20.0.2.1/java.util.ArrayList$ArrayListSpliterator.forEachRemaining(ArrayList.java:1625)
	at java.base@20.0.2.1/java.util.stream.AbstractPipeline.copyInto(AbstractPipeline.java:509)
	at java.base@20.0.2.1/java.util.stream.AbstractPipeline.wrapAndCopyInto(AbstractPipeline.java:499)
	at java.base@20.0.2.1/java.util.stream.ForEachOps$ForEachOp.evaluateSequential(ForEachOps.java:150)
	at java.base@20.0.2.1/java.util.stream.ForEachOps$ForEachOp$OfRef.evaluateSequential(ForEachOps.java:173)
	at java.base@20.0.2.1/java.util.stream.AbstractPipeline.evaluate(AbstractPipeline.java:234)
	at java.base@20.0.2.1/java.util.stream.ReferencePipeline.forEach(ReferencePipeline.java:596)
	at app//org.junit.jupiter.engine.descriptor.TestTemplateTestDescriptor.execute(TestTemplateTestDescriptor.java:110)
	at app//org.junit.jupiter.engine.descriptor.TestTemplateTestDescriptor.execute(TestTemplateTestDescriptor.java:44)
	at app//org.junit.platform.engine.support.hierarchical.NodeTestTask.lambda$executeRecursively$6(NodeTestTask.java:151)
	at app//org.junit.platform.engine.support.hierarchical.ThrowableCollector.execute(ThrowableCollector.java:73)
	at app//org.junit.platform.engine.support.hierarchical.NodeTestTask.lambda$executeRecursively$8(NodeTestTask.java:141)
	at app//org.junit.platform.engine.support.hierarchical.Node.around(Node.java:137)
	at app//org.junit.platform.engine.support.hierarchical.NodeTestTask.lambda$executeRecursively$9(NodeTestTask.java:139)
	at app//org.junit.platform.engine.support.hierarchical.ThrowableCollector.execute(ThrowableCollector.java:73)
	at app//org.junit.platform.engine.support.hierarchical.NodeTestTask.executeRecursively(NodeTestTask.java:138)
	at app//org.junit.platform.engine.support.hierarchical.NodeTestTask.execute(NodeTestTask.java:95)
	at java.base@20.0.2.1/java.util.ArrayList.forEach(ArrayList.java:1511)
	at app//org.junit.platform.engine.support.hierarchical.SameThreadHierarchicalTestExecutorService.invokeAll(SameThreadHierarchicalTestExecutorService.java:41)
	at app//org.junit.platform.engine.support.hierarchical.NodeTestTask.lambda$executeRecursively$6(NodeTestTask.java:155)
	at app//org.junit.platform.engine.support.hierarchical.ThrowableCollector.execute(ThrowableCollector.java:73)
	at app//org.junit.platform.engine.support.hierarchical.NodeTestTask.lambda$executeRecursively$8(NodeTestTask.java:141)
	at app//org.junit.platform.engine.support.hierarchical.Node.around(Node.java:137)
	at app//org.junit.platform.engine.support.hierarchical.NodeTestTask.lambda$executeRecursively$9(NodeTestTask.java:139)
	at app//org.junit.platform.engine.support.hierarchical.ThrowableCollector.execute(ThrowableCollector.java:73)
	at app//org.junit.platform.engine.support.hierarchical.NodeTestTask.executeRecursively(NodeTestTask.java:138)
	at app//org.junit.platform.engine.support.hierarchical.NodeTestTask.execute(NodeTestTask.java:95)
	at java.base@20.0.2.1/java.util.ArrayList.forEach(ArrayList.java:1511)
	at app//org.junit.platform.engine.support.hierarchical.SameThreadHierarchicalTestExecutorService.invokeAll(SameThreadHierarchicalTestExecutorService.java:41)
	at app//org.junit.platform.engine.support.hierarchical.NodeTestTask.lambda$executeRecursively$6(NodeTestTask.java:155)
	at app//org.junit.platform.engine.support.hierarchical.ThrowableCollector.execute(ThrowableCollector.java:73)
	at app//org.junit.platform.engine.support.hierarchical.NodeTestTask.lambda$executeRecursively$8(NodeTestTask.java:141)
	at app//org.junit.platform.engine.support.hierarchical.Node.around(Node.java:137)
	at app//org.junit.platform.engine.support.hierarchical.NodeTestTask.lambda$executeRecursively$9(NodeTestTask.java:139)
	at app//org.junit.platform.engine.support.hierarchical.ThrowableCollector.execute(ThrowableCollector.java:73)
	at app//org.junit.platform.engine.support.hierarchical.NodeTestTask.executeRecursively(NodeTestTask.java:138)
	at app//org.junit.platform.engine.support.hierarchical.NodeTestTask.execute(NodeTestTask.java:95)
	at app//org.junit.platform.engine.support.hierarchical.SameThreadHierarchicalTestExecutorService.submit(SameThreadHierarchicalTestExecutorService.java:35)
	at app//org.junit.platform.engine.support.hierarchical.HierarchicalTestExecutor.execute(HierarchicalTestExecutor.java:57)
	at app//org.junit.platform.engine.support.hierarchical.HierarchicalTestEngine.execute(HierarchicalTestEngine.java:54)
	at app//org.junit.platform.launcher.core.EngineExecutionOrchestrator.execute(EngineExecutionOrchestrator.java:107)
	at app//org.junit.platform.launcher.core.EngineExecutionOrchestrator.execute(EngineExecutionOrchestrator.java:88)
	at app//org.junit.platform.launcher.core.EngineExecutionOrchestrator.lambda$execute$0(EngineExecutionOrchestrator.java:54)
	at app//org.junit.platform.launcher.core.EngineExecutionOrchestrator.withInterceptedStreams(EngineExecutionOrchestrator.java:67)
	at app//org.junit.platform.launcher.core.EngineExecutionOrchestrator.execute(EngineExecutionOrchestrator.java:52)
	at app//org.junit.platform.launcher.core.DefaultLauncher.execute(DefaultLauncher.java:114)
	at app//org.junit.platform.launcher.core.DefaultLauncher.execute(DefaultLauncher.java:86)
	at app//org.junit.platform.launcher.core.DefaultLauncherSession$DelegatingLauncher.execute(DefaultLauncherSession.java:86)
	at org.gradle.api.internal.tasks.testing.junitplatform.JUnitPlatformTestClassProcessor$CollectAllTestClassesExecutor.processAllTestClasses(JUnitPlatformTestClassProcessor.java:119)
	at org.gradle.api.internal.tasks.testing.junitplatform.JUnitPlatformTestClassProcessor$CollectAllTestClassesExecutor.access$000(JUnitPlatformTestClassProcessor.java:94)
	at org.gradle.api.internal.tasks.testing.junitplatform.JUnitPlatformTestClassProcessor.stop(JUnitPlatformTestClassProcessor.java:89)
	at org.gradle.api.internal.tasks.testing.SuiteTestClassProcessor.stop(SuiteTestClassProcessor.java:62)
	at java.base@20.0.2.1/jdk.internal.reflect.DirectMethodHandleAccessor.invoke(DirectMethodHandleAccessor.java:104)
	at java.base@20.0.2.1/java.lang.reflect.Method.invoke(Method.java:578)
	at org.gradle.internal.dispatch.ReflectionDispatch.dispatch(ReflectionDispatch.java:36)
	at org.gradle.internal.dispatch.ReflectionDispatch.dispatch(ReflectionDispatch.java:24)
	at org.gradle.internal.dispatch.ContextClassLoaderDispatch.dispatch(ContextClassLoaderDispatch.java:33)
	at org.gradle.internal.dispatch.ProxyDispatchAdapter$DispatchingInvocationHandler.invoke(ProxyDispatchAdapter.java:94)
	at jdk.proxy1/jdk.proxy1.$Proxy2.stop(Unknown Source)
	at org.gradle.api.internal.tasks.testing.worker.TestWorker$3.run(TestWorker.java:193)
	at org.gradle.api.internal.tasks.testing.worker.TestWorker.executeAndMaintainThreadName(TestWorker.java:129)
	at org.gradle.api.internal.tasks.testing.worker.TestWorker.execute(TestWorker.java:100)
	at org.gradle.api.internal.tasks.testing.worker.TestWorker.execute(TestWorker.java:60)
	at org.gradle.process.internal.worker.child.ActionExecutionWorker.execute(ActionExecutionWorker.java:56)
	at org.gradle.process.internal.worker.child.SystemApplicationClassLoaderWorker.call(SystemApplicationClassLoaderWorker.java:113)
	at org.gradle.process.internal.worker.child.SystemApplicationClassLoaderWorker.call(SystemApplicationClassLoaderWorker.java:65)
	at app//worker.org.gradle.process.internal.worker.GradleWorkerMain.run(GradleWorkerMain.java:69)
	at app//worker.org.gradle.process.internal.worker.GradleWorkerMain.main(GradleWorkerMain.java:74)
</failure>
  </testcase>
  <testcase name="[56] Ёё-Ёё Ёё-Ёё" classname="ru.ac.uniyar.testingcourse.RussianNameValidatorTests" time="0.002">
    <failure message="org.opentest4j.AssertionFailedError: &#13;&#10;Expecting value to be true but was false" type="org.opentest4j.AssertionFailedError">org.opentest4j.AssertionFailedError: 
Expecting value to be true but was false
	at java.base@20.0.2.1/jdk.internal.reflect.DirectConstructorHandleAccessor.newInstance(DirectConstructorHandleAccessor.java:67)
	at java.base@20.0.2.1/java.lang.reflect.Constructor.newInstanceWithCaller(Constructor.java:500)
	at app//ru.ac.uniyar.testingcourse.RussianNameValidatorTests.testVerifiedNames(RussianNameValidatorTests.java:63)
	at java.base@20.0.2.1/jdk.internal.reflect.DirectMethodHandleAccessor.invoke(DirectMethodHandleAccessor.java:104)
	at java.base@20.0.2.1/java.lang.reflect.Method.invoke(Method.java:578)
	at app//org.junit.platform.commons.util.ReflectionUtils.invokeMethod(ReflectionUtils.java:728)
	at app//org.junit.jupiter.engine.execution.MethodInvocation.proceed(MethodInvocation.java:60)
	at app//org.junit.jupiter.engine.execution.InvocationInterceptorChain$ValidatingInvocation.proceed(InvocationInterceptorChain.java:131)
	at app//org.junit.jupiter.engine.extension.TimeoutExtension.intercept(TimeoutExtension.java:156)
	at app//org.junit.jupiter.engine.extension.TimeoutExtension.interceptTestableMethod(TimeoutExtension.java:147)
	at app//org.junit.jupiter.engine.extension.TimeoutExtension.interceptTestTemplateMethod(TimeoutExtension.java:94)
	at app//org.junit.jupiter.engine.execution.InterceptingExecutableInvoker$ReflectiveInterceptorCall.lambda$ofVoidMethod$0(InterceptingExecutableInvoker.java:103)
	at app//org.junit.jupiter.engine.execution.InterceptingExecutableInvoker.lambda$invoke$0(InterceptingExecutableInvoker.java:93)
	at app//org.junit.jupiter.engine.execution.InvocationInterceptorChain$InterceptedInvocation.proceed(InvocationInterceptorChain.java:106)
	at app//org.junit.jupiter.engine.execution.InvocationInterceptorChain.proceed(InvocationInterceptorChain.java:64)
	at app//org.junit.jupiter.engine.execution.InvocationInterceptorChain.chainAndInvoke(InvocationInterceptorChain.java:45)
	at app//org.junit.jupiter.engine.execution.InvocationInterceptorChain.invoke(InvocationInterceptorChain.java:37)
	at app//org.junit.jupiter.engine.execution.InterceptingExecutableInvoker.invoke(InterceptingExecutableInvoker.java:92)
	at app//org.junit.jupiter.engine.execution.InterceptingExecutableInvoker.invoke(InterceptingExecutableInvoker.java:86)
	at app//org.junit.jupiter.engine.descriptor.TestMethodTestDescriptor.lambda$invokeTestMethod$7(TestMethodTestDescriptor.java:218)
	at app//org.junit.platform.engine.support.hierarchical.ThrowableCollector.execute(ThrowableCollector.java:73)
	at app//org.junit.jupiter.engine.descriptor.TestMethodTestDescriptor.invokeTestMethod(TestMethodTestDescriptor.java:214)
	at app//org.junit.jupiter.engine.descriptor.TestMethodTestDescriptor.execute(TestMethodTestDescriptor.java:139)
	at app//org.junit.jupiter.engine.descriptor.TestMethodTestDescriptor.execute(TestMethodTestDescriptor.java:69)
	at app//org.junit.platform.engine.support.hierarchical.NodeTestTask.lambda$executeRecursively$6(NodeTestTask.java:151)
	at app//org.junit.platform.engine.support.hierarchical.ThrowableCollector.execute(ThrowableCollector.java:73)
	at app//org.junit.platform.engine.support.hierarchical.NodeTestTask.lambda$executeRecursively$8(NodeTestTask.java:141)
	at app//org.junit.platform.engine.support.hierarchical.Node.around(Node.java:137)
	at app//org.junit.platform.engine.support.hierarchical.NodeTestTask.lambda$executeRecursively$9(NodeTestTask.java:139)
	at app//org.junit.platform.engine.support.hierarchical.ThrowableCollector.execute(ThrowableCollector.java:73)
	at app//org.junit.platform.engine.support.hierarchical.NodeTestTask.executeRecursively(NodeTestTask.java:138)
	at app//org.junit.platform.engine.support.hierarchical.NodeTestTask.execute(NodeTestTask.java:95)
	at app//org.junit.platform.engine.support.hierarchical.SameThreadHierarchicalTestExecutorService.submit(SameThreadHierarchicalTestExecutorService.java:35)
	at app//org.junit.platform.engine.support.hierarchical.NodeTestTask$DefaultDynamicTestExecutor.execute(NodeTestTask.java:226)
	at app//org.junit.platform.engine.support.hierarchical.NodeTestTask$DefaultDynamicTestExecutor.execute(NodeTestTask.java:204)
	at app//org.junit.jupiter.engine.descriptor.TestTemplateTestDescriptor.execute(TestTemplateTestDescriptor.java:142)
	at app//org.junit.jupiter.engine.descriptor.TestTemplateTestDescriptor.lambda$execute$2(TestTemplateTestDescriptor.java:110)
	at java.base@20.0.2.1/java.util.stream.ForEachOps$ForEachOp$OfRef.accept(ForEachOps.java:183)
	at java.base@20.0.2.1/java.util.stream.ReferencePipeline$3$1.accept(ReferencePipeline.java:197)
	at java.base@20.0.2.1/java.util.stream.ReferencePipeline$2$1.accept(ReferencePipeline.java:179)
	at java.base@20.0.2.1/java.util.stream.ReferencePipeline$3$1.accept(ReferencePipeline.java:197)
	at java.base@20.0.2.1/java.util.stream.ForEachOps$ForEachOp$OfRef.accept(ForEachOps.java:183)
	at java.base@20.0.2.1/java.util.stream.ReferencePipeline$3$1.accept(ReferencePipeline.java:197)
	at java.base@20.0.2.1/java.util.stream.ReferencePipeline$3$1.accept(ReferencePipeline.java:197)
	at java.base@20.0.2.1/java.util.stream.ReferencePipeline$3$1.accept(ReferencePipeline.java:197)
	at java.base@20.0.2.1/java.util.stream.ForEachOps$ForEachOp$OfRef.accept(ForEachOps.java:183)
	at java.base@20.0.2.1/java.util.stream.ReferencePipeline$3$1.accept(ReferencePipeline.java:197)
	at java.base@20.0.2.1/java.util.ArrayList$ArrayListSpliterator.forEachRemaining(ArrayList.java:1625)
	at java.base@20.0.2.1/java.util.stream.ReferencePipeline$Head.forEach(ReferencePipeline.java:762)
	at java.base@20.0.2.1/java.util.stream.ReferencePipeline$7$1.accept(ReferencePipeline.java:276)
	at java.base@20.0.2.1/java.util.stream.ReferencePipeline$3$1.accept(ReferencePipeline.java:197)
	at java.base@20.0.2.1/java.util.stream.ReferencePipeline$3$1.accept(ReferencePipeline.java:197)
	at java.base@20.0.2.1/java.util.stream.ReferencePipeline$3$1.accept(ReferencePipeline.java:197)
	at java.base@20.0.2.1/java.util.Spliterators$ArraySpliterator.forEachRemaining(Spliterators.java:1006)
	at java.base@20.0.2.1/java.util.stream.AbstractPipeline.copyInto(AbstractPipeline.java:509)
	at java.base@20.0.2.1/java.util.stream.AbstractPipeline.wrapAndCopyInto(AbstractPipeline.java:499)
	at java.base@20.0.2.1/java.util.stream.ForEachOps$ForEachOp.evaluateSequential(ForEachOps.java:150)
	at java.base@20.0.2.1/java.util.stream.ForEachOps$ForEachOp$OfRef.evaluateSequential(ForEachOps.java:173)
	at java.base@20.0.2.1/java.util.stream.AbstractPipeline.evaluate(AbstractPipeline.java:234)
	at java.base@20.0.2.1/java.util.stream.ReferencePipeline.forEach(ReferencePipeline.java:596)
	at java.base@20.0.2.1/java.util.stream.ReferencePipeline$7$1.accept(ReferencePipeline.java:276)
	at java.base@20.0.2.1/java.util.stream.ReferencePipeline$3$1.accept(ReferencePipeline.java:197)
	at java.base@20.0.2.1/java.util.stream.ReferencePipeline$3$1.accept(ReferencePipeline.java:197)
	at java.base@20.0.2.1/java.util.stream.ReferencePipeline$3$1.accept(ReferencePipeline.java:197)
	at java.base@20.0.2.1/java.util.ArrayList$ArrayListSpliterator.forEachRemaining(ArrayList.java:1625)
	at java.base@20.0.2.1/java.util.stream.AbstractPipeline.copyInto(AbstractPipeline.java:509)
	at java.base@20.0.2.1/java.util.stream.AbstractPipeline.wrapAndCopyInto(AbstractPipeline.java:499)
	at java.base@20.0.2.1/java.util.stream.ForEachOps$ForEachOp.evaluateSequential(ForEachOps.java:150)
	at java.base@20.0.2.1/java.util.stream.ForEachOps$ForEachOp$OfRef.evaluateSequential(ForEachOps.java:173)
	at java.base@20.0.2.1/java.util.stream.AbstractPipeline.evaluate(AbstractPipeline.java:234)
	at java.base@20.0.2.1/java.util.stream.ReferencePipeline.forEach(ReferencePipeline.java:596)
	at java.base@20.0.2.1/java.util.stream.ReferencePipeline$7$1.accept(ReferencePipeline.java:276)
	at java.base@20.0.2.1/java.util.ArrayList$ArrayListSpliterator.forEachRemaining(ArrayList.java:1625)
	at java.base@20.0.2.1/java.util.stream.AbstractPipeline.copyInto(AbstractPipeline.java:509)
	at java.base@20.0.2.1/java.util.stream.AbstractPipeline.wrapAndCopyInto(AbstractPipeline.java:499)
	at java.base@20.0.2.1/java.util.stream.ForEachOps$ForEachOp.evaluateSequential(ForEachOps.java:150)
	at java.base@20.0.2.1/java.util.stream.ForEachOps$ForEachOp$OfRef.evaluateSequential(ForEachOps.java:173)
	at java.base@20.0.2.1/java.util.stream.AbstractPipeline.evaluate(AbstractPipeline.java:234)
	at java.base@20.0.2.1/java.util.stream.ReferencePipeline.forEach(ReferencePipeline.java:596)
	at app//org.junit.jupiter.engine.descriptor.TestTemplateTestDescriptor.execute(TestTemplateTestDescriptor.java:110)
	at app//org.junit.jupiter.engine.descriptor.TestTemplateTestDescriptor.execute(TestTemplateTestDescriptor.java:44)
	at app//org.junit.platform.engine.support.hierarchical.NodeTestTask.lambda$executeRecursively$6(NodeTestTask.java:151)
	at app//org.junit.platform.engine.support.hierarchical.ThrowableCollector.execute(ThrowableCollector.java:73)
	at app//org.junit.platform.engine.support.hierarchical.NodeTestTask.lambda$executeRecursively$8(NodeTestTask.java:141)
	at app//org.junit.platform.engine.support.hierarchical.Node.around(Node.java:137)
	at app//org.junit.platform.engine.support.hierarchical.NodeTestTask.lambda$executeRecursively$9(NodeTestTask.java:139)
	at app//org.junit.platform.engine.support.hierarchical.ThrowableCollector.execute(ThrowableCollector.java:73)
	at app//org.junit.platform.engine.support.hierarchical.NodeTestTask.executeRecursively(NodeTestTask.java:138)
	at app//org.junit.platform.engine.support.hierarchical.NodeTestTask.execute(NodeTestTask.java:95)
	at java.base@20.0.2.1/java.util.ArrayList.forEach(ArrayList.java:1511)
	at app//org.junit.platform.engine.support.hierarchical.SameThreadHierarchicalTestExecutorService.invokeAll(SameThreadHierarchicalTestExecutorService.java:41)
	at app//org.junit.platform.engine.support.hierarchical.NodeTestTask.lambda$executeRecursively$6(NodeTestTask.java:155)
	at app//org.junit.platform.engine.support.hierarchical.ThrowableCollector.execute(ThrowableCollector.java:73)
	at app//org.junit.platform.engine.support.hierarchical.NodeTestTask.lambda$executeRecursively$8(NodeTestTask.java:141)
	at app//org.junit.platform.engine.support.hierarchical.Node.around(Node.java:137)
	at app//org.junit.platform.engine.support.hierarchical.NodeTestTask.lambda$executeRecursively$9(NodeTestTask.java:139)
	at app//org.junit.platform.engine.support.hierarchical.ThrowableCollector.execute(ThrowableCollector.java:73)
	at app//org.junit.platform.engine.support.hierarchical.NodeTestTask.executeRecursively(NodeTestTask.java:138)
	at app//org.junit.platform.engine.support.hierarchical.NodeTestTask.execute(NodeTestTask.java:95)
	at java.base@20.0.2.1/java.util.ArrayList.forEach(ArrayList.java:1511)
	at app//org.junit.platform.engine.support.hierarchical.SameThreadHierarchicalTestExecutorService.invokeAll(SameThreadHierarchicalTestExecutorService.java:41)
	at app//org.junit.platform.engine.support.hierarchical.NodeTestTask.lambda$executeRecursively$6(NodeTestTask.java:155)
	at app//org.junit.platform.engine.support.hierarchical.ThrowableCollector.execute(ThrowableCollector.java:73)
	at app//org.junit.platform.engine.support.hierarchical.NodeTestTask.lambda$executeRecursively$8(NodeTestTask.java:141)
	at app//org.junit.platform.engine.support.hierarchical.Node.around(Node.java:137)
	at app//org.junit.platform.engine.support.hierarchical.NodeTestTask.lambda$executeRecursively$9(NodeTestTask.java:139)
	at app//org.junit.platform.engine.support.hierarchical.ThrowableCollector.execute(ThrowableCollector.java:73)
	at app//org.junit.platform.engine.support.hierarchical.NodeTestTask.executeRecursively(NodeTestTask.java:138)
	at app//org.junit.platform.engine.support.hierarchical.NodeTestTask.execute(NodeTestTask.java:95)
	at app//org.junit.platform.engine.support.hierarchical.SameThreadHierarchicalTestExecutorService.submit(SameThreadHierarchicalTestExecutorService.java:35)
	at app//org.junit.platform.engine.support.hierarchical.HierarchicalTestExecutor.execute(HierarchicalTestExecutor.java:57)
	at app//org.junit.platform.engine.support.hierarchical.HierarchicalTestEngine.execute(HierarchicalTestEngine.java:54)
	at app//org.junit.platform.launcher.core.EngineExecutionOrchestrator.execute(EngineExecutionOrchestrator.java:107)
	at app//org.junit.platform.launcher.core.EngineExecutionOrchestrator.execute(EngineExecutionOrchestrator.java:88)
	at app//org.junit.platform.launcher.core.EngineExecutionOrchestrator.lambda$execute$0(EngineExecutionOrchestrator.java:54)
	at app//org.junit.platform.launcher.core.EngineExecutionOrchestrator.withInterceptedStreams(EngineExecutionOrchestrator.java:67)
	at app//org.junit.platform.launcher.core.EngineExecutionOrchestrator.execute(EngineExecutionOrchestrator.java:52)
	at app//org.junit.platform.launcher.core.DefaultLauncher.execute(DefaultLauncher.java:114)
	at app//org.junit.platform.launcher.core.DefaultLauncher.execute(DefaultLauncher.java:86)
	at app//org.junit.platform.launcher.core.DefaultLauncherSession$DelegatingLauncher.execute(DefaultLauncherSession.java:86)
	at org.gradle.api.internal.tasks.testing.junitplatform.JUnitPlatformTestClassProcessor$CollectAllTestClassesExecutor.processAllTestClasses(JUnitPlatformTestClassProcessor.java:119)
	at org.gradle.api.internal.tasks.testing.junitplatform.JUnitPlatformTestClassProcessor$CollectAllTestClassesExecutor.access$000(JUnitPlatformTestClassProcessor.java:94)
	at org.gradle.api.internal.tasks.testing.junitplatform.JUnitPlatformTestClassProcessor.stop(JUnitPlatformTestClassProcessor.java:89)
	at org.gradle.api.internal.tasks.testing.SuiteTestClassProcessor.stop(SuiteTestClassProcessor.java:62)
	at java.base@20.0.2.1/jdk.internal.reflect.DirectMethodHandleAccessor.invoke(DirectMethodHandleAccessor.java:104)
	at java.base@20.0.2.1/java.lang.reflect.Method.invoke(Method.java:578)
	at org.gradle.internal.dispatch.ReflectionDispatch.dispatch(ReflectionDispatch.java:36)
	at org.gradle.internal.dispatch.ReflectionDispatch.dispatch(ReflectionDispatch.java:24)
	at org.gradle.internal.dispatch.ContextClassLoaderDispatch.dispatch(ContextClassLoaderDispatch.java:33)
	at org.gradle.internal.dispatch.ProxyDispatchAdapter$DispatchingInvocationHandler.invoke(ProxyDispatchAdapter.java:94)
	at jdk.proxy1/jdk.proxy1.$Proxy2.stop(Unknown Source)
	at org.gradle.api.internal.tasks.testing.worker.TestWorker$3.run(TestWorker.java:193)
	at org.gradle.api.internal.tasks.testing.worker.TestWorker.executeAndMaintainThreadName(TestWorker.java:129)
	at org.gradle.api.internal.tasks.testing.worker.TestWorker.execute(TestWorker.java:100)
	at org.gradle.api.internal.tasks.testing.worker.TestWorker.execute(TestWorker.java:60)
	at org.gradle.process.internal.worker.child.ActionExecutionWorker.execute(ActionExecutionWorker.java:56)
	at org.gradle.process.internal.worker.child.SystemApplicationClassLoaderWorker.call(SystemApplicationClassLoaderWorker.java:113)
	at org.gradle.process.internal.worker.child.SystemApplicationClassLoaderWorker.call(SystemApplicationClassLoaderWorker.java:65)
	at app//worker.org.gradle.process.internal.worker.GradleWorkerMain.run(GradleWorkerMain.java:69)
	at app//worker.org.gradle.process.internal.worker.GradleWorkerMain.main(GradleWorkerMain.java:74)
</failure>
  </testcase>
  <testcase name="[57] Жж-Жж Жж Жж" classname="ru.ac.uniyar.testingcourse.RussianNameValidatorTests" time="0.001"/>
  <testcase name="[58] Жж Жж-Жж Жж" classname="ru.ac.uniyar.testingcourse.RussianNameValidatorTests" time="0.0"/>
  <testcase name="[59] Жж-Жж Жж-Жж Жж" classname="ru.ac.uniyar.testingcourse.RussianNameValidatorTests" time="0.0"/>
  <testcase name="[60] Жж Жж Жж" classname="ru.ac.uniyar.testingcourse.RussianNameValidatorTests" time="0.0"/>
  <testcase name="[61] Жж Жж" classname="ru.ac.uniyar.testingcourse.RussianNameValidatorTests" time="0.0"/>
  <testcase name="[62] Жж-Жж Жж" classname="ru.ac.uniyar.testingcourse.RussianNameValidatorTests" time="0.0"/>
  <testcase name="[63] Жж Жж-Жж" classname="ru.ac.uniyar.testingcourse.RussianNameValidatorTests" time="0.0"/>
  <testcase name="[64] Жж-Жж Жж-Жж" classname="ru.ac.uniyar.testingcourse.RussianNameValidatorTests" time="0.0"/>
  <testcase name="[65] Зз-Зз Зз Зз" classname="ru.ac.uniyar.testingcourse.RussianNameValidatorTests" time="0.001"/>
  <testcase name="[66] Зз Зз-Зз Зз" classname="ru.ac.uniyar.testingcourse.RussianNameValidatorTests" time="0.0"/>
  <testcase name="[67] Зз-Зз Зз-Зз Зз" classname="ru.ac.uniyar.testingcourse.RussianNameValidatorTests" time="0.0"/>
  <testcase name="[68] Зз Зз Зз" classname="ru.ac.uniyar.testingcourse.RussianNameValidatorTests" time="0.001"/>
  <testcase name="[69] Зз Зз" classname="ru.ac.uniyar.testingcourse.RussianNameValidatorTests" time="0.0"/>
  <testcase name="[70] Зз-Зз Зз" classname="ru.ac.uniyar.testingcourse.RussianNameValidatorTests" time="0.0"/>
  <testcase name="[71] Зз Зз-Зз" classname="ru.ac.uniyar.testingcourse.RussianNameValidatorTests" time="0.0"/>
  <testcase name="[72] Зз-Зз Зз-Зз" classname="ru.ac.uniyar.testingcourse.RussianNameValidatorTests" time="0.0"/>
  <testcase name="[73] Ии-Ии Ии Ии" classname="ru.ac.uniyar.testingcourse.RussianNameValidatorTests" time="0.0"/>
  <testcase name="[74] Ии Ии-Ии Ии" classname="ru.ac.uniyar.testingcourse.RussianNameValidatorTests" time="0.0"/>
  <testcase name="[75] Ии-Ии Ии-Ии Ии" classname="ru.ac.uniyar.testingcourse.RussianNameValidatorTests" time="0.001"/>
  <testcase name="[76] Ии Ии Ии" classname="ru.ac.uniyar.testingcourse.RussianNameValidatorTests" time="0.0"/>
  <testcase name="[77] Ии Ии" classname="ru.ac.uniyar.testingcourse.RussianNameValidatorTests" time="0.0"/>
  <testcase name="[78] Ии-Ии Ии" classname="ru.ac.uniyar.testingcourse.RussianNameValidatorTests" time="0.0"/>
  <testcase name="[79] Ии Ии-Ии" classname="ru.ac.uniyar.testingcourse.RussianNameValidatorTests" time="0.0"/>
  <testcase name="[80] Ии-Ии Ии-Ии" classname="ru.ac.uniyar.testingcourse.RussianNameValidatorTests" time="0.0"/>
  <testcase name="[81] Йй-Йй Йй Йй" classname="ru.ac.uniyar.testingcourse.RussianNameValidatorTests" time="0.001"/>
  <testcase name="[82] Йй Йй-Йй Йй" classname="ru.ac.uniyar.testingcourse.RussianNameValidatorTests" time="0.0"/>
  <testcase name="[83] Йй-Йй Йй-Йй Йй" classname="ru.ac.uniyar.testingcourse.RussianNameValidatorTests" time="0.0"/>
  <testcase name="[84] Йй Йй Йй" classname="ru.ac.uniyar.testingcourse.RussianNameValidatorTests" time="0.001"/>
  <testcase name="[85] Йй Йй" classname="ru.ac.uniyar.testingcourse.RussianNameValidatorTests" time="0.001"/>
  <testcase name="[86] Йй-Йй Йй" classname="ru.ac.uniyar.testingcourse.RussianNameValidatorTests" time="0.001"/>
  <testcase name="[87] Йй Йй-Йй" classname="ru.ac.uniyar.testingcourse.RussianNameValidatorTests" time="0.0"/>
  <testcase name="[88] Йй-Йй Йй-Йй" classname="ru.ac.uniyar.testingcourse.RussianNameValidatorTests" time="0.0"/>
  <testcase name="[89] Кк-Кк Кк Кк" classname="ru.ac.uniyar.testingcourse.RussianNameValidatorTests" time="0.001"/>
  <testcase name="[90] Кк Кк-Кк Кк" classname="ru.ac.uniyar.testingcourse.RussianNameValidatorTests" time="0.001"/>
  <testcase name="[91] Кк-Кк Кк-Кк Кк" classname="ru.ac.uniyar.testingcourse.RussianNameValidatorTests" time="0.0"/>
  <testcase name="[92] Кк Кк Кк" classname="ru.ac.uniyar.testingcourse.RussianNameValidatorTests" time="0.002"/>
  <testcase name="[93] Кк Кк" classname="ru.ac.uniyar.testingcourse.RussianNameValidatorTests" time="0.001"/>
  <testcase name="[94] Кк-Кк Кк" classname="ru.ac.uniyar.testingcourse.RussianNameValidatorTests" time="0.0"/>
  <testcase name="[95] Кк Кк-Кк" classname="ru.ac.uniyar.testingcourse.RussianNameValidatorTests" time="0.002"/>
  <testcase name="[96] Кк-Кк Кк-Кк" classname="ru.ac.uniyar.testingcourse.RussianNameValidatorTests" time="0.0"/>
  <testcase name="[97] Лл-Лл Лл Лл" classname="ru.ac.uniyar.testingcourse.RussianNameValidatorTests" time="0.001"/>
  <testcase name="[98] Лл Лл-Лл Лл" classname="ru.ac.uniyar.testingcourse.RussianNameValidatorTests" time="0.001"/>
  <testcase name="[99] Лл-Лл Лл-Лл Лл" classname="ru.ac.uniyar.testingcourse.RussianNameValidatorTests" time="0.001"/>
  <testcase name="[100] Лл Лл Лл" classname="ru.ac.uniyar.testingcourse.RussianNameValidatorTests" time="0.001"/>
  <testcase name="[101] Лл Лл" classname="ru.ac.uniyar.testingcourse.RussianNameValidatorTests" time="0.001"/>
  <testcase name="[102] Лл-Лл Лл" classname="ru.ac.uniyar.testingcourse.RussianNameValidatorTests" time="0.0"/>
  <testcase name="[103] Лл Лл-Лл" classname="ru.ac.uniyar.testingcourse.RussianNameValidatorTests" time="0.0"/>
  <testcase name="[104] Лл-Лл Лл-Лл" classname="ru.ac.uniyar.testingcourse.RussianNameValidatorTests" time="0.0"/>
  <testcase name="[105] Мм-Мм Мм Мм" classname="ru.ac.uniyar.testingcourse.RussianNameValidatorTests" time="0.0"/>
  <testcase name="[106] Мм Мм-Мм Мм" classname="ru.ac.uniyar.testingcourse.RussianNameValidatorTests" time="0.0"/>
  <testcase name="[107] Мм-Мм Мм-Мм Мм" classname="ru.ac.uniyar.testingcourse.RussianNameValidatorTests" time="0.0"/>
  <testcase name="[108] Мм Мм Мм" classname="ru.ac.uniyar.testingcourse.RussianNameValidatorTests" time="0.0"/>
  <testcase name="[109] Мм Мм" classname="ru.ac.uniyar.testingcourse.RussianNameValidatorTests" time="0.0"/>
  <testcase name="[110] Мм-Мм Мм" classname="ru.ac.uniyar.testingcourse.RussianNameValidatorTests" time="0.0"/>
  <testcase name="[111] Мм Мм-Мм" classname="ru.ac.uniyar.testingcourse.RussianNameValidatorTests" time="0.001"/>
  <testcase name="[112] Мм-Мм Мм-Мм" classname="ru.ac.uniyar.testingcourse.RussianNameValidatorTests" time="0.0"/>
  <testcase name="[113] Нн-Нн Нн Нн" classname="ru.ac.uniyar.testingcourse.RussianNameValidatorTests" time="0.001"/>
  <testcase name="[114] Нн Нн-Нн Нн" classname="ru.ac.uniyar.testingcourse.RussianNameValidatorTests" time="0.0"/>
  <testcase name="[115] Нн-Нн Нн-Нн Нн" classname="ru.ac.uniyar.testingcourse.RussianNameValidatorTests" time="0.001"/>
  <testcase name="[116] Нн Нн Нн" classname="ru.ac.uniyar.testingcourse.RussianNameValidatorTests" time="0.0"/>
  <testcase name="[117] Нн Нн" classname="ru.ac.uniyar.testingcourse.RussianNameValidatorTests" time="0.001"/>
  <testcase name="[118] Нн-Нн Нн" classname="ru.ac.uniyar.testingcourse.RussianNameValidatorTests" time="0.0"/>
  <testcase name="[119] Нн Нн-Нн" classname="ru.ac.uniyar.testingcourse.RussianNameValidatorTests" time="0.001"/>
  <testcase name="[120] Нн-Нн Нн-Нн" classname="ru.ac.uniyar.testingcourse.RussianNameValidatorTests" time="0.0"/>
  <testcase name="[121] Оо-Оо Оо Оо" classname="ru.ac.uniyar.testingcourse.RussianNameValidatorTests" time="0.001"/>
  <testcase name="[122] Оо Оо-Оо Оо" classname="ru.ac.uniyar.testingcourse.RussianNameValidatorTests" time="0.0"/>
  <testcase name="[123] Оо-Оо Оо-Оо Оо" classname="ru.ac.uniyar.testingcourse.RussianNameValidatorTests" time="0.001"/>
  <testcase name="[124] Оо Оо Оо" classname="ru.ac.uniyar.testingcourse.RussianNameValidatorTests" time="0.0"/>
  <testcase name="[125] Оо Оо" classname="ru.ac.uniyar.testingcourse.RussianNameValidatorTests" time="0.001"/>
  <testcase name="[126] Оо-Оо Оо" classname="ru.ac.uniyar.testingcourse.RussianNameValidatorTests" time="0.001"/>
  <testcase name="[127] Оо Оо-Оо" classname="ru.ac.uniyar.testingcourse.RussianNameValidatorTests" time="0.0"/>
  <testcase name="[128] Оо-Оо Оо-Оо" classname="ru.ac.uniyar.testingcourse.RussianNameValidatorTests" time="0.001"/>
  <testcase name="[129] Пп-Пп Пп Пп" classname="ru.ac.uniyar.testingcourse.RussianNameValidatorTests" time="0.0"/>
  <testcase name="[130] Пп Пп-Пп Пп" classname="ru.ac.uniyar.testingcourse.RussianNameValidatorTests" time="0.001"/>
  <testcase name="[131] Пп-Пп Пп-Пп Пп" classname="ru.ac.uniyar.testingcourse.RussianNameValidatorTests" time="0.001"/>
  <testcase name="[132] Пп Пп Пп" classname="ru.ac.uniyar.testingcourse.RussianNameValidatorTests" time="0.001"/>
  <testcase name="[133] Пп Пп" classname="ru.ac.uniyar.testingcourse.RussianNameValidatorTests" time="0.001"/>
  <testcase name="[134] Пп-Пп Пп" classname="ru.ac.uniyar.testingcourse.RussianNameValidatorTests" time="0.0"/>
  <testcase name="[135] Пп Пп-Пп" classname="ru.ac.uniyar.testingcourse.RussianNameValidatorTests" time="0.0"/>
  <testcase name="[136] Пп-Пп Пп-Пп" classname="ru.ac.uniyar.testingcourse.RussianNameValidatorTests" time="0.001"/>
  <testcase name="[137] Рр-Рр Рр Рр" classname="ru.ac.uniyar.testingcourse.RussianNameValidatorTests" time="0.0"/>
  <testcase name="[138] Рр Рр-Рр Рр" classname="ru.ac.uniyar.testingcourse.RussianNameValidatorTests" time="0.0"/>
  <testcase name="[139] Рр-Рр Рр-Рр Рр" classname="ru.ac.uniyar.testingcourse.RussianNameValidatorTests" time="0.0"/>
  <testcase name="[140] Рр Рр Рр" classname="ru.ac.uniyar.testingcourse.RussianNameValidatorTests" time="0.001"/>
  <testcase name="[141] Рр Рр" classname="ru.ac.uniyar.testingcourse.RussianNameValidatorTests" time="0.0"/>
  <testcase name="[142] Рр-Рр Рр" classname="ru.ac.uniyar.testingcourse.RussianNameValidatorTests" time="0.001"/>
  <testcase name="[143] Рр Рр-Рр" classname="ru.ac.uniyar.testingcourse.RussianNameValidatorTests" time="0.0"/>
  <testcase name="[144] Рр-Рр Рр-Рр" classname="ru.ac.uniyar.testingcourse.RussianNameValidatorTests" time="0.001"/>
  <testcase name="[145] Сс-Сс Сс Сс" classname="ru.ac.uniyar.testingcourse.RussianNameValidatorTests" time="0.001"/>
  <testcase name="[146] Сс Сс-Сс Сс" classname="ru.ac.uniyar.testingcourse.RussianNameValidatorTests" time="0.001"/>
  <testcase name="[147] Сс-Сс Сс-Сс Сс" classname="ru.ac.uniyar.testingcourse.RussianNameValidatorTests" time="0.0"/>
  <testcase name="[148] Сс Сс Сс" classname="ru.ac.uniyar.testingcourse.RussianNameValidatorTests" time="0.001"/>
  <testcase name="[149] Сс Сс" classname="ru.ac.uniyar.testingcourse.RussianNameValidatorTests" time="0.001"/>
  <testcase name="[150] Сс-Сс Сс" classname="ru.ac.uniyar.testingcourse.RussianNameValidatorTests" time="0.001"/>
  <testcase name="[151] Сс Сс-Сс" classname="ru.ac.uniyar.testingcourse.RussianNameValidatorTests" time="0.001"/>
  <testcase name="[152] Сс-Сс Сс-Сс" classname="ru.ac.uniyar.testingcourse.RussianNameValidatorTests" time="0.001"/>
  <testcase name="[153] Тт-Тт Тт Тт" classname="ru.ac.uniyar.testingcourse.RussianNameValidatorTests" time="0.001"/>
  <testcase name="[154] Тт Тт-Тт Тт" classname="ru.ac.uniyar.testingcourse.RussianNameValidatorTests" time="0.0"/>
  <testcase name="[155] Тт-Тт Тт-Тт Тт" classname="ru.ac.uniyar.testingcourse.RussianNameValidatorTests" time="0.0"/>
  <testcase name="[156] Тт Тт Тт" classname="ru.ac.uniyar.testingcourse.RussianNameValidatorTests" time="0.001"/>
  <testcase name="[157] Тт Тт" classname="ru.ac.uniyar.testingcourse.RussianNameValidatorTests" time="0.0"/>
  <testcase name="[158] Тт-Тт Тт" classname="ru.ac.uniyar.testingcourse.RussianNameValidatorTests" time="0.0"/>
  <testcase name="[159] Тт Тт-Тт" classname="ru.ac.uniyar.testingcourse.RussianNameValidatorTests" time="0.0"/>
  <testcase name="[160] Тт-Тт Тт-Тт" classname="ru.ac.uniyar.testingcourse.RussianNameValidatorTests" time="0.0"/>
  <testcase name="[161] Уу-Уу Уу Уу" classname="ru.ac.uniyar.testingcourse.RussianNameValidatorTests" time="0.0"/>
  <testcase name="[162] Уу Уу-Уу Уу" classname="ru.ac.uniyar.testingcourse.RussianNameValidatorTests" time="0.0"/>
  <testcase name="[163] Уу-Уу Уу-Уу Уу" classname="ru.ac.uniyar.testingcourse.RussianNameValidatorTests" time="0.001"/>
  <testcase name="[164] Уу Уу Уу" classname="ru.ac.uniyar.testingcourse.RussianNameValidatorTests" time="0.001"/>
  <testcase name="[165] Уу Уу" classname="ru.ac.uniyar.testingcourse.RussianNameValidatorTests" time="0.0"/>
  <testcase name="[166] Уу-Уу Уу" classname="ru.ac.uniyar.testingcourse.RussianNameValidatorTests" time="0.0"/>
  <testcase name="[167] Уу Уу-Уу" classname="ru.ac.uniyar.testingcourse.RussianNameValidatorTests" time="0.0"/>
  <testcase name="[168] Уу-Уу Уу-Уу" classname="ru.ac.uniyar.testingcourse.RussianNameValidatorTests" time="0.0"/>
  <testcase name="[169] Фф-Фф Фф Фф" classname="ru.ac.uniyar.testingcourse.RussianNameValidatorTests" time="0.001"/>
  <testcase name="[170] Фф Фф-Фф Фф" classname="ru.ac.uniyar.testingcourse.RussianNameValidatorTests" time="0.001"/>
  <testcase name="[171] Фф-Фф Фф-Фф Фф" classname="ru.ac.uniyar.testingcourse.RussianNameValidatorTests" time="0.001"/>
  <testcase name="[172] Фф Фф Фф" classname="ru.ac.uniyar.testingcourse.RussianNameValidatorTests" time="0.0"/>
  <testcase name="[173] Фф Фф" classname="ru.ac.uniyar.testingcourse.RussianNameValidatorTests" time="0.0"/>
  <testcase name="[174] Фф-Фф Фф" classname="ru.ac.uniyar.testingcourse.RussianNameValidatorTests" time="0.001"/>
  <testcase name="[175] Фф Фф-Фф" classname="ru.ac.uniyar.testingcourse.RussianNameValidatorTests" time="0.0"/>
  <testcase name="[176] Фф-Фф Фф-Фф" classname="ru.ac.uniyar.testingcourse.RussianNameValidatorTests" time="0.0"/>
  <testcase name="[177] Хх-Хх Хх Хх" classname="ru.ac.uniyar.testingcourse.RussianNameValidatorTests" time="0.001"/>
  <testcase name="[178] Хх Хх-Хх Хх" classname="ru.ac.uniyar.testingcourse.RussianNameValidatorTests" time="0.0"/>
  <testcase name="[179] Хх-Хх Хх-Хх Хх" classname="ru.ac.uniyar.testingcourse.RussianNameValidatorTests" time="0.0"/>
  <testcase name="[180] Хх Хх Хх" classname="ru.ac.uniyar.testingcourse.RussianNameValidatorTests" time="0.0"/>
  <testcase name="[181] Хх Хх" classname="ru.ac.uniyar.testingcourse.RussianNameValidatorTests" time="0.001"/>
  <testcase name="[182] Хх-Хх Хх" classname="ru.ac.uniyar.testingcourse.RussianNameValidatorTests" time="0.0"/>
  <testcase name="[183] Хх Хх-Хх" classname="ru.ac.uniyar.testingcourse.RussianNameValidatorTests" time="0.0"/>
  <testcase name="[184] Хх-Хх Хх-Хх" classname="ru.ac.uniyar.testingcourse.RussianNameValidatorTests" time="0.001"/>
  <testcase name="[185] Цц-Цц Цц Цц" classname="ru.ac.uniyar.testingcourse.RussianNameValidatorTests" time="0.001"/>
  <testcase name="[186] Цц Цц-Цц Цц" classname="ru.ac.uniyar.testingcourse.RussianNameValidatorTests" time="0.0"/>
  <testcase name="[187] Цц-Цц Цц-Цц Цц" classname="ru.ac.uniyar.testingcourse.RussianNameValidatorTests" time="0.0"/>
  <testcase name="[188] Цц Цц Цц" classname="ru.ac.uniyar.testingcourse.RussianNameValidatorTests" time="0.0"/>
  <testcase name="[189] Цц Цц" classname="ru.ac.uniyar.testingcourse.RussianNameValidatorTests" time="0.001"/>
  <testcase name="[190] Цц-Цц Цц" classname="ru.ac.uniyar.testingcourse.RussianNameValidatorTests" time="0.001"/>
  <testcase name="[191] Цц Цц-Цц" classname="ru.ac.uniyar.testingcourse.RussianNameValidatorTests" time="0.0"/>
  <testcase name="[192] Цц-Цц Цц-Цц" classname="ru.ac.uniyar.testingcourse.RussianNameValidatorTests" time="0.001"/>
  <testcase name="[193] Чч-Чч Чч Чч" classname="ru.ac.uniyar.testingcourse.RussianNameValidatorTests" time="0.0"/>
  <testcase name="[194] Чч Чч-Чч Чч" classname="ru.ac.uniyar.testingcourse.RussianNameValidatorTests" time="0.0"/>
  <testcase name="[195] Чч-Чч Чч-Чч Чч" classname="ru.ac.uniyar.testingcourse.RussianNameValidatorTests" time="0.001"/>
  <testcase name="[196] Чч Чч Чч" classname="ru.ac.uniyar.testingcourse.RussianNameValidatorTests" time="0.0"/>
  <testcase name="[197] Чч Чч" classname="ru.ac.uniyar.testingcourse.RussianNameValidatorTests" time="0.001"/>
  <testcase name="[198] Чч-Чч Чч" classname="ru.ac.uniyar.testingcourse.RussianNameValidatorTests" time="0.0"/>
  <testcase name="[199] Чч Чч-Чч" classname="ru.ac.uniyar.testingcourse.RussianNameValidatorTests" time="0.0"/>
  <testcase name="[200] Чч-Чч Чч-Чч" classname="ru.ac.uniyar.testingcourse.RussianNameValidatorTests" time="0.0"/>
  <testcase name="[201] Шш-Шш Шш Шш" classname="ru.ac.uniyar.testingcourse.RussianNameValidatorTests" time="0.0"/>
  <testcase name="[202] Шш Шш-Шш Шш" classname="ru.ac.uniyar.testingcourse.RussianNameValidatorTests" time="0.001"/>
  <testcase name="[203] Шш-Шш Шш-Шш Шш" classname="ru.ac.uniyar.testingcourse.RussianNameValidatorTests" time="0.0"/>
  <testcase name="[204] Шш Шш Шш" classname="ru.ac.uniyar.testingcourse.RussianNameValidatorTests" time="0.0"/>
  <testcase name="[205] Шш Шш" classname="ru.ac.uniyar.testingcourse.RussianNameValidatorTests" time="0.001"/>
  <testcase name="[206] Шш-Шш Шш" classname="ru.ac.uniyar.testingcourse.RussianNameValidatorTests" time="0.001"/>
  <testcase name="[207] Шш Шш-Шш" classname="ru.ac.uniyar.testingcourse.RussianNameValidatorTests" time="0.001"/>
  <testcase name="[208] Шш-Шш Шш-Шш" classname="ru.ac.uniyar.testingcourse.RussianNameValidatorTests" time="0.001"/>
  <testcase name="[209] Щщ-Щщ Щщ Щщ" classname="ru.ac.uniyar.testingcourse.RussianNameValidatorTests" time="0.0"/>
  <testcase name="[210] Щщ Щщ-Щщ Щщ" classname="ru.ac.uniyar.testingcourse.RussianNameValidatorTests" time="0.0"/>
  <testcase name="[211] Щщ-Щщ Щщ-Щщ Щщ" classname="ru.ac.uniyar.testingcourse.RussianNameValidatorTests" time="0.001"/>
  <testcase name="[212] Щщ Щщ Щщ" classname="ru.ac.uniyar.testingcourse.RussianNameValidatorTests" time="0.001"/>
  <testcase name="[213] Щщ Щщ" classname="ru.ac.uniyar.testingcourse.RussianNameValidatorTests" time="0.0"/>
  <testcase name="[214] Щщ-Щщ Щщ" classname="ru.ac.uniyar.testingcourse.RussianNameValidatorTests" time="0.0"/>
  <testcase name="[215] Щщ Щщ-Щщ" classname="ru.ac.uniyar.testingcourse.RussianNameValidatorTests" time="0.0"/>
  <testcase name="[216] Щщ-Щщ Щщ-Щщ" classname="ru.ac.uniyar.testingcourse.RussianNameValidatorTests" time="0.0"/>
  <testcase name="[217] Ъъ-Ъъ Ъъ Ъъ" classname="ru.ac.uniyar.testingcourse.RussianNameValidatorTests" time="0.001"/>
  <testcase name="[218] Ъъ Ъъ-Ъъ Ъъ" classname="ru.ac.uniyar.testingcourse.RussianNameValidatorTests" time="0.0"/>
  <testcase name="[219] Ъъ-Ъъ Ъъ-Ъъ Ъъ" classname="ru.ac.uniyar.testingcourse.RussianNameValidatorTests" time="0.0"/>
  <testcase name="[220] Ъъ Ъъ Ъъ" classname="ru.ac.uniyar.testingcourse.RussianNameValidatorTests" time="0.0"/>
  <testcase name="[221] Ъъ Ъъ" classname="ru.ac.uniyar.testingcourse.RussianNameValidatorTests" time="0.0"/>
  <testcase name="[222] Ъъ-Ъъ Ъъ" classname="ru.ac.uniyar.testingcourse.RussianNameValidatorTests" time="0.0"/>
  <testcase name="[223] Ъъ Ъъ-Ъъ" classname="ru.ac.uniyar.testingcourse.RussianNameValidatorTests" time="0.001"/>
  <testcase name="[224] Ъъ-Ъъ Ъъ-Ъъ" classname="ru.ac.uniyar.testingcourse.RussianNameValidatorTests" time="0.001"/>
  <testcase name="[225] Ыы-Ыы Ыы Ыы" classname="ru.ac.uniyar.testingcourse.RussianNameValidatorTests" time="0.001"/>
  <testcase name="[226] Ыы Ыы-Ыы Ыы" classname="ru.ac.uniyar.testingcourse.RussianNameValidatorTests" time="0.001"/>
  <testcase name="[227] Ыы-Ыы Ыы-Ыы Ыы" classname="ru.ac.uniyar.testingcourse.RussianNameValidatorTests" time="0.001"/>
  <testcase name="[228] Ыы Ыы Ыы" classname="ru.ac.uniyar.testingcourse.RussianNameValidatorTests" time="0.001"/>
  <testcase name="[229] Ыы Ыы" classname="ru.ac.uniyar.testingcourse.RussianNameValidatorTests" time="0.001"/>
  <testcase name="[230] Ыы-Ыы Ыы" classname="ru.ac.uniyar.testingcourse.RussianNameValidatorTests" time="0.0"/>
  <testcase name="[231] Ыы Ыы-Ыы" classname="ru.ac.uniyar.testingcourse.RussianNameValidatorTests" time="0.0"/>
  <testcase name="[232] Ыы-Ыы Ыы-Ыы" classname="ru.ac.uniyar.testingcourse.RussianNameValidatorTests" time="0.001"/>
  <testcase name="[233] Ьь-Ьь Ьь Ьь" classname="ru.ac.uniyar.testingcourse.RussianNameValidatorTests" time="0.001"/>
  <testcase name="[234] Ьь Ьь-Ьь Ьь" classname="ru.ac.uniyar.testingcourse.RussianNameValidatorTests" time="0.0"/>
  <testcase name="[235] Ьь-Ьь Ьь-Ьь Ьь" classname="ru.ac.uniyar.testingcourse.RussianNameValidatorTests" time="0.001"/>
  <testcase name="[236] Ьь Ьь Ьь" classname="ru.ac.uniyar.testingcourse.RussianNameValidatorTests" time="0.001"/>
  <testcase name="[237] Ьь Ьь" classname="ru.ac.uniyar.testingcourse.RussianNameValidatorTests" time="0.0"/>
  <testcase name="[238] Ьь-Ьь Ьь" classname="ru.ac.uniyar.testingcourse.RussianNameValidatorTests" time="0.0"/>
  <testcase name="[239] Ьь Ьь-Ьь" classname="ru.ac.uniyar.testingcourse.RussianNameValidatorTests" time="0.0"/>
  <testcase name="[240] Ьь-Ьь Ьь-Ьь" classname="ru.ac.uniyar.testingcourse.RussianNameValidatorTests" time="0.001"/>
  <testcase name="[241] Ээ-Ээ Ээ Ээ" classname="ru.ac.uniyar.testingcourse.RussianNameValidatorTests" time="0.0"/>
  <testcase name="[242] Ээ Ээ-Ээ Ээ" classname="ru.ac.uniyar.testingcourse.RussianNameValidatorTests" time="0.0"/>
  <testcase name="[243] Ээ-Ээ Ээ-Ээ Ээ" classname="ru.ac.uniyar.testingcourse.RussianNameValidatorTests" time="0.0"/>
  <testcase name="[244] Ээ Ээ Ээ" classname="ru.ac.uniyar.testingcourse.RussianNameValidatorTests" time="0.0"/>
  <testcase name="[245] Ээ Ээ" classname="ru.ac.uniyar.testingcourse.RussianNameValidatorTests" time="0.0"/>
  <testcase name="[246] Ээ-Ээ Ээ" classname="ru.ac.uniyar.testingcourse.RussianNameValidatorTests" time="0.0"/>
  <testcase name="[247] Ээ Ээ-Ээ" classname="ru.ac.uniyar.testingcourse.RussianNameValidatorTests" time="0.0"/>
  <testcase name="[248] Ээ-Ээ Ээ-Ээ" classname="ru.ac.uniyar.testingcourse.RussianNameValidatorTests" time="0.001"/>
  <testcase name="[249] Юю-Юю Юю Юю" classname="ru.ac.uniyar.testingcourse.RussianNameValidatorTests" time="0.0"/>
  <testcase name="[250] Юю Юю-Юю Юю" classname="ru.ac.uniyar.testingcourse.RussianNameValidatorTests" time="0.0"/>
  <testcase name="[251] Юю-Юю Юю-Юю Юю" classname="ru.ac.uniyar.testingcourse.RussianNameValidatorTests" time="0.001"/>
  <testcase name="[252] Юю Юю Юю" classname="ru.ac.uniyar.testingcourse.RussianNameValidatorTests" time="0.0"/>
  <testcase name="[253] Юю Юю" classname="ru.ac.uniyar.testingcourse.RussianNameValidatorTests" time="0.0"/>
  <testcase name="[254] Юю-Юю Юю" classname="ru.ac.uniyar.testingcourse.RussianNameValidatorTests" time="0.001"/>
  <testcase name="[255] Юю Юю-Юю" classname="ru.ac.uniyar.testingcourse.RussianNameValidatorTests" time="0.0"/>
  <testcase name="[256] Юю-Юю Юю-Юю" classname="ru.ac.uniyar.testingcourse.RussianNameValidatorTests" time="0.001"/>
  <testcase name="[257] Яя-Яя Яя Яя" classname="ru.ac.uniyar.testingcourse.RussianNameValidatorTests" time="0.001"/>
  <testcase name="[258] Яя Яя-Яя Яя" classname="ru.ac.uniyar.testingcourse.RussianNameValidatorTests" time="0.0"/>
  <testcase name="[259] Яя-Яя Яя-Яя Яя" classname="ru.ac.uniyar.testingcourse.RussianNameValidatorTests" time="0.0"/>
  <testcase name="[260] Яя Яя Яя" classname="ru.ac.uniyar.testingcourse.RussianNameValidatorTests" time="0.0"/>
  <testcase name="[261] Яя Яя" classname="ru.ac.uniyar.testingcourse.RussianNameValidatorTests" time="0.0"/>
  <testcase name="[262] Яя-Яя Яя" classname="ru.ac.uniyar.testingcourse.RussianNameValidatorTests" time="0.001"/>
  <testcase name="[263] Яя Яя-Яя" classname="ru.ac.uniyar.testingcourse.RussianNameValidatorTests" time="0.0"/>
  <testcase name="[264] Яя-Яя Яя-Яя" classname="ru.ac.uniyar.testingcourse.RussianNameValidatorTests" time="0.0"/>
  <testcase name="[1] 0 Аа Аа" classname="ru.ac.uniyar.testingcourse.RussianNameValidatorTests" time="0.0"/>
  <testcase name="[2] Аa 0 Аа" classname="ru.ac.uniyar.testingcourse.RussianNameValidatorTests" time="0.001"/>
  <testcase name="[3] Аa Аа 0" classname="ru.ac.uniyar.testingcourse.RussianNameValidatorTests" time="0.0"/>
  <testcase name="[4] 1 Аа Аа" classname="ru.ac.uniyar.testingcourse.RussianNameValidatorTests" time="0.0"/>
  <testcase name="[5] Аa 1 Аа" classname="ru.ac.uniyar.testingcourse.RussianNameValidatorTests" time="0.0"/>
  <testcase name="[6] Аa Аа 1" classname="ru.ac.uniyar.testingcourse.RussianNameValidatorTests" time="0.0"/>
  <testcase name="[7] 2 Аа Аа" classname="ru.ac.uniyar.testingcourse.RussianNameValidatorTests" time="0.001"/>
  <testcase name="[8] Аa 2 Аа" classname="ru.ac.uniyar.testingcourse.RussianNameValidatorTests" time="0.0"/>
  <testcase name="[9] Аa Аа 2" classname="ru.ac.uniyar.testingcourse.RussianNameValidatorTests" time="0.0"/>
  <testcase name="[10] 3 Аа Аа" classname="ru.ac.uniyar.testingcourse.RussianNameValidatorTests" time="0.0"/>
  <testcase name="[11] Аa 3 Аа" classname="ru.ac.uniyar.testingcourse.RussianNameValidatorTests" time="0.0"/>
  <testcase name="[12] Аa Аа 3" classname="ru.ac.uniyar.testingcourse.RussianNameValidatorTests" time="0.0"/>
  <testcase name="[13] 4 Аа Аа" classname="ru.ac.uniyar.testingcourse.RussianNameValidatorTests" time="0.0"/>
  <testcase name="[14] Аa 4 Аа" classname="ru.ac.uniyar.testingcourse.RussianNameValidatorTests" time="0.001"/>
  <testcase name="[15] Аa Аа 4" classname="ru.ac.uniyar.testingcourse.RussianNameValidatorTests" time="0.001"/>
  <testcase name="[16] 5 Аа Аа" classname="ru.ac.uniyar.testingcourse.RussianNameValidatorTests" time="0.0"/>
  <testcase name="[17] Аa 5 Аа" classname="ru.ac.uniyar.testingcourse.RussianNameValidatorTests" time="0.0"/>
  <testcase name="[18] Аa Аа 5" classname="ru.ac.uniyar.testingcourse.RussianNameValidatorTests" time="0.001"/>
  <testcase name="[19] 6 Аа Аа" classname="ru.ac.uniyar.testingcourse.RussianNameValidatorTests" time="0.0"/>
  <testcase name="[20] Аa 6 Аа" classname="ru.ac.uniyar.testingcourse.RussianNameValidatorTests" time="0.0"/>
  <testcase name="[21] Аa Аа 6" classname="ru.ac.uniyar.testingcourse.RussianNameValidatorTests" time="0.0"/>
  <testcase name="[22] 7 Аа Аа" classname="ru.ac.uniyar.testingcourse.RussianNameValidatorTests" time="0.001"/>
  <testcase name="[23] Аa 7 Аа" classname="ru.ac.uniyar.testingcourse.RussianNameValidatorTests" time="0.0"/>
  <testcase name="[24] Аa Аа 7" classname="ru.ac.uniyar.testingcourse.RussianNameValidatorTests" time="0.0"/>
  <testcase name="[25] 8 Аа Аа" classname="ru.ac.uniyar.testingcourse.RussianNameValidatorTests" time="0.0"/>
  <testcase name="[26] Аa 8 Аа" classname="ru.ac.uniyar.testingcourse.RussianNameValidatorTests" time="0.001"/>
  <testcase name="[27] Аa Аа 8" classname="ru.ac.uniyar.testingcourse.RussianNameValidatorTests" time="0.001"/>
  <testcase name="[28] 9 Аа Аа" classname="ru.ac.uniyar.testingcourse.RussianNameValidatorTests" time="0.0"/>
  <testcase name="[29] Аa 9 Аа" classname="ru.ac.uniyar.testingcourse.RussianNameValidatorTests" time="0.0"/>
  <testcase name="[30] Аa Аа 9" classname="ru.ac.uniyar.testingcourse.RussianNameValidatorTests" time="0.0"/>
  <testcase name="[1] Aaбб Бб Бб" classname="ru.ac.uniyar.testingcourse.RussianNameValidatorTests" time="0.0"/>
  <testcase name="[2] Бб Aaбб Бб" classname="ru.ac.uniyar.testingcourse.RussianNameValidatorTests" time="0.0"/>
  <testcase name="[3] Бб Бб Aaбб" classname="ru.ac.uniyar.testingcourse.RussianNameValidatorTests" time="0.0"/>
  <testcase name="[4] Bbбб Бб Бб" classname="ru.ac.uniyar.testingcourse.RussianNameValidatorTests" time="0.0"/>
  <testcase name="[5] Бб Bbбб Бб" classname="ru.ac.uniyar.testingcourse.RussianNameValidatorTests" time="0.0"/>
  <testcase name="[6] Бб Бб Bbбб" classname="ru.ac.uniyar.testingcourse.RussianNameValidatorTests" time="0.0"/>
  <testcase name="[7] Ccбб Бб Бб" classname="ru.ac.uniyar.testingcourse.RussianNameValidatorTests" time="0.0"/>
  <testcase name="[8] Бб Ccбб Бб" classname="ru.ac.uniyar.testingcourse.RussianNameValidatorTests" time="0.0"/>
  <testcase name="[9] Бб Бб Ccбб" classname="ru.ac.uniyar.testingcourse.RussianNameValidatorTests" time="0.0"/>
  <testcase name="[10] Ddбб Бб Бб" classname="ru.ac.uniyar.testingcourse.RussianNameValidatorTests" time="0.0"/>
  <testcase name="[11] Бб Ddбб Бб" classname="ru.ac.uniyar.testingcourse.RussianNameValidatorTests" time="0.0"/>
  <testcase name="[12] Бб Бб Ddбб" classname="ru.ac.uniyar.testingcourse.RussianNameValidatorTests" time="0.001"/>
  <testcase name="[13] Eeбб Бб Бб" classname="ru.ac.uniyar.testingcourse.RussianNameValidatorTests" time="0.001"/>
  <testcase name="[14] Бб Eeбб Бб" classname="ru.ac.uniyar.testingcourse.RussianNameValidatorTests" time="0.0"/>
  <testcase name="[15] Бб Бб Eeбб" classname="ru.ac.uniyar.testingcourse.RussianNameValidatorTests" time="0.0"/>
  <testcase name="[16] Ffбб Бб Бб" classname="ru.ac.uniyar.testingcourse.RussianNameValidatorTests" time="0.0"/>
  <testcase name="[17] Бб Ffбб Бб" classname="ru.ac.uniyar.testingcourse.RussianNameValidatorTests" time="0.0"/>
  <testcase name="[18] Бб Бб Ffбб" classname="ru.ac.uniyar.testingcourse.RussianNameValidatorTests" time="0.001"/>
  <testcase name="[19] Ggбб Бб Бб" classname="ru.ac.uniyar.testingcourse.RussianNameValidatorTests" time="0.001"/>
  <testcase name="[20] Бб Ggбб Бб" classname="ru.ac.uniyar.testingcourse.RussianNameValidatorTests" time="0.0"/>
  <testcase name="[21] Бб Бб Ggбб" classname="ru.ac.uniyar.testingcourse.RussianNameValidatorTests" time="0.0"/>
  <testcase name="[22] Hhбб Бб Бб" classname="ru.ac.uniyar.testingcourse.RussianNameValidatorTests" time="0.0"/>
  <testcase name="[23] Бб Hhбб Бб" classname="ru.ac.uniyar.testingcourse.RussianNameValidatorTests" time="0.0"/>
  <testcase name="[24] Бб Бб Hhбб" classname="ru.ac.uniyar.testingcourse.RussianNameValidatorTests" time="0.0"/>
  <testcase name="[25] Iiбб Бб Бб" classname="ru.ac.uniyar.testingcourse.RussianNameValidatorTests" time="0.001"/>
  <testcase name="[26] Бб Iiбб Бб" classname="ru.ac.uniyar.testingcourse.RussianNameValidatorTests" time="0.001"/>
  <testcase name="[27] Бб Бб Iiбб" classname="ru.ac.uniyar.testingcourse.RussianNameValidatorTests" time="0.001"/>
  <testcase name="[28] Jjбб Бб Бб" classname="ru.ac.uniyar.testingcourse.RussianNameValidatorTests" time="0.0"/>
  <testcase name="[29] Бб Jjбб Бб" classname="ru.ac.uniyar.testingcourse.RussianNameValidatorTests" time="0.0"/>
  <testcase name="[30] Бб Бб Jjбб" classname="ru.ac.uniyar.testingcourse.RussianNameValidatorTests" time="0.0"/>
  <testcase name="[31] Kkбб Бб Бб" classname="ru.ac.uniyar.testingcourse.RussianNameValidatorTests" time="0.0"/>
  <testcase name="[32] Бб Kkбб Бб" classname="ru.ac.uniyar.testingcourse.RussianNameValidatorTests" time="0.0"/>
  <testcase name="[33] Бб Бб Kkбб" classname="ru.ac.uniyar.testingcourse.RussianNameValidatorTests" time="0.0"/>
  <testcase name="[34] Llбб Бб Бб" classname="ru.ac.uniyar.testingcourse.RussianNameValidatorTests" time="0.001"/>
  <testcase name="[35] Бб Llбб Бб" classname="ru.ac.uniyar.testingcourse.RussianNameValidatorTests" time="0.0"/>
  <testcase name="[36] Бб Бб Llбб" classname="ru.ac.uniyar.testingcourse.RussianNameValidatorTests" time="0.0"/>
  <testcase name="[37] Mmбб Бб Бб" classname="ru.ac.uniyar.testingcourse.RussianNameValidatorTests" time="0.0"/>
  <testcase name="[38] Бб Mmбб Бб" classname="ru.ac.uniyar.testingcourse.RussianNameValidatorTests" time="0.0"/>
  <testcase name="[39] Бб Бб Mmбб" classname="ru.ac.uniyar.testingcourse.RussianNameValidatorTests" time="0.0"/>
  <testcase name="[40] Nnбб Бб Бб" classname="ru.ac.uniyar.testingcourse.RussianNameValidatorTests" time="0.0"/>
  <testcase name="[41] Бб Nnбб Бб" classname="ru.ac.uniyar.testingcourse.RussianNameValidatorTests" time="0.001"/>
  <testcase name="[42] Бб Бб Nnбб" classname="ru.ac.uniyar.testingcourse.RussianNameValidatorTests" time="0.0"/>
  <testcase name="[43] Ooбб Бб Бб" classname="ru.ac.uniyar.testingcourse.RussianNameValidatorTests" time="0.001"/>
  <testcase name="[44] Бб Ooбб Бб" classname="ru.ac.uniyar.testingcourse.RussianNameValidatorTests" time="0.0"/>
  <testcase name="[45] Бб Бб Ooбб" classname="ru.ac.uniyar.testingcourse.RussianNameValidatorTests" time="0.001"/>
  <testcase name="[46] Ppбб Бб Бб" classname="ru.ac.uniyar.testingcourse.RussianNameValidatorTests" time="0.0"/>
  <testcase name="[47] Бб Ppбб Бб" classname="ru.ac.uniyar.testingcourse.RussianNameValidatorTests" time="0.001"/>
  <testcase name="[48] Бб Бб Ppбб" classname="ru.ac.uniyar.testingcourse.RussianNameValidatorTests" time="0.0"/>
  <testcase name="[49] Qqбб Бб Бб" classname="ru.ac.uniyar.testingcourse.RussianNameValidatorTests" time="0.001"/>
  <testcase name="[50] Бб Qqбб Бб" classname="ru.ac.uniyar.testingcourse.RussianNameValidatorTests" time="0.0"/>
  <testcase name="[51] Бб Бб Qqбб" classname="ru.ac.uniyar.testingcourse.RussianNameValidatorTests" time="0.001"/>
  <testcase name="[52] Rrбб Бб Бб" classname="ru.ac.uniyar.testingcourse.RussianNameValidatorTests" time="0.0"/>
  <testcase name="[53] Бб Rrбб Бб" classname="ru.ac.uniyar.testingcourse.RussianNameValidatorTests" time="0.0"/>
  <testcase name="[54] Бб Бб Rrбб" classname="ru.ac.uniyar.testingcourse.RussianNameValidatorTests" time="0.001"/>
  <testcase name="[55] Ssбб Бб Бб" classname="ru.ac.uniyar.testingcourse.RussianNameValidatorTests" time="0.0"/>
  <testcase name="[56] Бб Ssбб Бб" classname="ru.ac.uniyar.testingcourse.RussianNameValidatorTests" time="0.0"/>
  <testcase name="[57] Бб Бб Ssбб" classname="ru.ac.uniyar.testingcourse.RussianNameValidatorTests" time="0.001"/>
  <testcase name="[58] Ttбб Бб Бб" classname="ru.ac.uniyar.testingcourse.RussianNameValidatorTests" time="0.001"/>
  <testcase name="[59] Бб Ttбб Бб" classname="ru.ac.uniyar.testingcourse.RussianNameValidatorTests" time="0.0"/>
  <testcase name="[60] Бб Бб Ttбб" classname="ru.ac.uniyar.testingcourse.RussianNameValidatorTests" time="0.001"/>
  <testcase name="[61] Uuбб Бб Бб" classname="ru.ac.uniyar.testingcourse.RussianNameValidatorTests" time="0.0"/>
  <testcase name="[62] Бб Uuбб Бб" classname="ru.ac.uniyar.testingcourse.RussianNameValidatorTests" time="0.0"/>
  <testcase name="[63] Бб Бб Uuбб" classname="ru.ac.uniyar.testingcourse.RussianNameValidatorTests" time="0.0"/>
  <testcase name="[64] Vvбб Бб Бб" classname="ru.ac.uniyar.testingcourse.RussianNameValidatorTests" time="0.0"/>
  <testcase name="[65] Бб Vvбб Бб" classname="ru.ac.uniyar.testingcourse.RussianNameValidatorTests" time="0.001"/>
  <testcase name="[66] Бб Бб Vvбб" classname="ru.ac.uniyar.testingcourse.RussianNameValidatorTests" time="0.001"/>
  <testcase name="[67] Wwбб Бб Бб" classname="ru.ac.uniyar.testingcourse.RussianNameValidatorTests" time="0.0"/>
  <testcase name="[68] Бб Wwбб Бб" classname="ru.ac.uniyar.testingcourse.RussianNameValidatorTests" time="0.0"/>
  <testcase name="[69] Бб Бб Wwбб" classname="ru.ac.uniyar.testingcourse.RussianNameValidatorTests" time="0.001"/>
  <testcase name="[70] Xxбб Бб Бб" classname="ru.ac.uniyar.testingcourse.RussianNameValidatorTests" time="0.0"/>
  <testcase name="[71] Бб Xxбб Бб" classname="ru.ac.uniyar.testingcourse.RussianNameValidatorTests" time="0.0"/>
  <testcase name="[72] Бб Бб Xxбб" classname="ru.ac.uniyar.testingcourse.RussianNameValidatorTests" time="0.0"/>
  <testcase name="[73] Yyбб Бб Бб" classname="ru.ac.uniyar.testingcourse.RussianNameValidatorTests" time="0.0"/>
  <testcase name="[74] Бб Yyбб Бб" classname="ru.ac.uniyar.testingcourse.RussianNameValidatorTests" time="0.0"/>
  <testcase name="[75] Бб Бб Yyбб" classname="ru.ac.uniyar.testingcourse.RussianNameValidatorTests" time="0.001"/>
  <testcase name="[76] Zzбб Бб Бб" classname="ru.ac.uniyar.testingcourse.RussianNameValidatorTests" time="0.001"/>
  <testcase name="[77] Бб Zzбб Бб" classname="ru.ac.uniyar.testingcourse.RussianNameValidatorTests" time="0.0"/>
  <testcase name="[78] Бб Бб Zzбб" classname="ru.ac.uniyar.testingcourse.RussianNameValidatorTests" time="0.0"/>
  <testcase name="[1] Аа-Аа Аа Аа-Аа-Аа Аа Аа-Аа-Аа Аа Аа Аа-Аа Аа Аа" classname="ru.ac.uniyar.testingcourse.RussianNameValidatorTests" time="0.001"/>
  <testcase name="[2] Аа-Аа Аа Аа Аа-Аа Аа Аа-Аа-Аа Аа Аа-Аа-Аа Аа Аа" classname="ru.ac.uniyar.testingcourse.RussianNameValidatorTests" time="0.001"/>
  <testcase name="[3] Аа-Аа Аа Аа Аа-Аа Аа Аа Аа-Аа Аа Аа-Аа-Аа Аа Аа" classname="ru.ac.uniyar.testingcourse.RussianNameValidatorTests" time="0.001"/>
  <testcase name="[4] Аа Аа-Аа Аа-Аа Аа-Аа Аа-Аа Аа-Аа Аа Аа Аа-Аа Аа" classname="ru.ac.uniyar.testingcourse.RussianNameValidatorTests" time="0.001"/>
  <testcase name="[5] Аа Аа-Аа Аа Аа Аа-Аа Аа-Аа Аа-Аа Аа-Аа Аа-Аа Аа" classname="ru.ac.uniyar.testingcourse.RussianNameValidatorTests" time="0.0"/>
  <testcase name="[6] Аа Аа-Аа Аа Аа Аа-Аа Аа Аа Аа-Аа Аа-Аа Аа-Аа Аа" classname="ru.ac.uniyar.testingcourse.RussianNameValidatorTests" time="0.001"/>
  <testcase name="[7] Аа-Аа Аа-Аа Аа-Аа-Аа Аа-Аа Аа-Аа-Аа Аа-Аа Аа Аа-Аа Аа-Аа Аа" classname="ru.ac.uniyar.testingcourse.RussianNameValidatorTests" time="0.001"/>
  <testcase name="[8] Аа-Аа Аа-Аа Аа Аа-Аа Аа-Аа Аа-Аа-Аа Аа-Аа Аа-Аа-Аа Аа-Аа Аа" classname="ru.ac.uniyar.testingcourse.RussianNameValidatorTests" time="0.0"/>
  <testcase name="[9] Аа-Аа Аа-Аа Аа Аа-Аа Аа-Аа Аа Аа-Аа Аа-Аа Аа-Аа-Аа Аа-Аа Аа" classname="ru.ac.uniyar.testingcourse.RussianNameValidatorTests" time="0.001"/>
  <testcase name="[10] Аа Аа Аа-Аа Аа Аа-Аа Аа Аа Аа Аа Аа" classname="ru.ac.uniyar.testingcourse.RussianNameValidatorTests" time="0.001"/>
  <testcase name="[11] Аа Аа Аа Аа Аа Аа-Аа Аа Аа-Аа Аа Аа" classname="ru.ac.uniyar.testingcourse.RussianNameValidatorTests" time="0.001"/>
  <testcase name="[12] Аа Аа Аа Аа Аа Аа Аа Аа Аа-Аа Аа Аа" classname="ru.ac.uniyar.testingcourse.RussianNameValidatorTests" time="0.0"/>
  <testcase name="[13] Аа Аа-Аа Аа-Аа Аа Аа Аа" classname="ru.ac.uniyar.testingcourse.RussianNameValidatorTests" time="0.001"/>
  <testcase name="[14] Аа Аа Аа Аа-Аа Аа-Аа Аа" classname="ru.ac.uniyar.testingcourse.RussianNameValidatorTests" time="0.0"/>
  <testcase name="[15] Аа Аа Аа Аа Аа Аа-Аа Аа" classname="ru.ac.uniyar.testingcourse.RussianNameValidatorTests" time="0.0"/>
  <testcase name="[16] Аа-Аа Аа-Аа-Аа Аа-Аа-Аа Аа Аа-Аа Аа" classname="ru.ac.uniyar.testingcourse.RussianNameValidatorTests" time="0.0"/>
  <testcase name="[17] Аа-Аа Аа Аа-Аа Аа-Аа-Аа Аа-Аа-Аа Аа" classname="ru.ac.uniyar.testingcourse.RussianNameValidatorTests" time="0.0"/>
  <testcase name="[18] Аа-Аа Аа Аа-Аа Аа Аа-Аа Аа-Аа-Аа Аа" classname="ru.ac.uniyar.testingcourse.RussianNameValidatorTests" time="0.0"/>
  <testcase name="[19] Аа Аа-Аа-Аа Аа-Аа-Аа Аа-Аа Аа Аа-Аа" classname="ru.ac.uniyar.testingcourse.RussianNameValidatorTests" time="0.001"/>
  <testcase name="[20] Аа Аа-Аа Аа Аа-Аа-Аа Аа-Аа-Аа Аа-Аа" classname="ru.ac.uniyar.testingcourse.RussianNameValidatorTests" time="0.0"/>
  <testcase name="[21] Аа Аа-Аа Аа Аа-Аа Аа Аа-Аа-Аа Аа-Аа" classname="ru.ac.uniyar.testingcourse.RussianNameValidatorTests" time="0.001"/>
  <testcase name="[22] Аа-Аа Аа-Аа-Аа-Аа Аа-Аа-Аа-Аа Аа-Аа Аа-Аа Аа-Аа" classname="ru.ac.uniyar.testingcourse.RussianNameValidatorTests" time="0.0"/>
  <testcase name="[23] Аа-Аа Аа-Аа Аа-Аа Аа-Аа-Аа-Аа Аа-Аа-Аа-Аа Аа-Аа" classname="ru.ac.uniyar.testingcourse.RussianNameValidatorTests" time="0.001"/>
  <testcase name="[24] Аа-Аа Аа-Аа Аа-Аа Аа-Аа Аа-Аа Аа-Аа-Аа-Аа Аа-Аа" classname="ru.ac.uniyar.testingcourse.RussianNameValidatorTests" time="0.001"/>
  <testcase name="[25] Бб-Бб Бб Бб-Бб-Бб Бб Бб-Бб-Бб Бб Бб Бб-Бб Бб Бб" classname="ru.ac.uniyar.testingcourse.RussianNameValidatorTests" time="0.0"/>
  <testcase name="[26] Бб-Бб Бб Бб Бб-Бб Бб Бб-Бб-Бб Бб Бб-Бб-Бб Бб Бб" classname="ru.ac.uniyar.testingcourse.RussianNameValidatorTests" time="0.0"/>
  <testcase name="[27] Бб-Бб Бб Бб Бб-Бб Бб Бб Бб-Бб Бб Бб-Бб-Бб Бб Бб" classname="ru.ac.uniyar.testingcourse.RussianNameValidatorTests" time="0.001"/>
  <testcase name="[28] Бб Бб-Бб Бб-Бб Бб-Бб Бб-Бб Бб-Бб Бб Бб Бб-Бб Бб" classname="ru.ac.uniyar.testingcourse.RussianNameValidatorTests" time="0.001"/>
  <testcase name="[29] Бб Бб-Бб Бб Бб Бб-Бб Бб-Бб Бб-Бб Бб-Бб Бб-Бб Бб" classname="ru.ac.uniyar.testingcourse.RussianNameValidatorTests" time="0.0"/>
  <testcase name="[30] Бб Бб-Бб Бб Бб Бб-Бб Бб Бб Бб-Бб Бб-Бб Бб-Бб Бб" classname="ru.ac.uniyar.testingcourse.RussianNameValidatorTests" time="0.001"/>
  <testcase name="[31] Бб-Бб Бб-Бб Бб-Бб-Бб Бб-Бб Бб-Бб-Бб Бб-Бб Бб Бб-Бб Бб-Бб Бб" classname="ru.ac.uniyar.testingcourse.RussianNameValidatorTests" time="0.0"/>
  <testcase name="[32] Бб-Бб Бб-Бб Бб Бб-Бб Бб-Бб Бб-Бб-Бб Бб-Бб Бб-Бб-Бб Бб-Бб Бб" classname="ru.ac.uniyar.testingcourse.RussianNameValidatorTests" time="0.0"/>
  <testcase name="[33] Бб-Бб Бб-Бб Бб Бб-Бб Бб-Бб Бб Бб-Бб Бб-Бб Бб-Бб-Бб Бб-Бб Бб" classname="ru.ac.uniyar.testingcourse.RussianNameValidatorTests" time="0.001"/>
  <testcase name="[34] Бб Бб Бб-Бб Бб Бб-Бб Бб Бб Бб Бб Бб" classname="ru.ac.uniyar.testingcourse.RussianNameValidatorTests" time="0.0"/>
  <testcase name="[35] Бб Бб Бб Бб Бб Бб-Бб Бб Бб-Бб Бб Бб" classname="ru.ac.uniyar.testingcourse.RussianNameValidatorTests" time="0.001"/>
  <testcase name="[36] Бб Бб Бб Бб Бб Бб Бб Бб Бб-Бб Бб Бб" classname="ru.ac.uniyar.testingcourse.RussianNameValidatorTests" time="0.0"/>
  <testcase name="[37] Бб Бб-Бб Бб-Бб Бб Бб Бб" classname="ru.ac.uniyar.testingcourse.RussianNameValidatorTests" time="0.0"/>
  <testcase name="[38] Бб Бб Бб Бб-Бб Бб-Бб Бб" classname="ru.ac.uniyar.testingcourse.RussianNameValidatorTests" time="0.0"/>
  <testcase name="[39] Бб Бб Бб Бб Бб Бб-Бб Бб" classname="ru.ac.uniyar.testingcourse.RussianNameValidatorTests" time="0.0"/>
  <testcase name="[40] Бб-Бб Бб-Бб-Бб Бб-Бб-Бб Бб Бб-Бб Бб" classname="ru.ac.uniyar.testingcourse.RussianNameValidatorTests" time="0.0"/>
  <testcase name="[41] Бб-Бб Бб Бб-Бб Бб-Бб-Бб Бб-Бб-Бб Бб" classname="ru.ac.uniyar.testingcourse.RussianNameValidatorTests" time="0.0"/>
  <testcase name="[42] Бб-Бб Бб Бб-Бб Бб Бб-Бб Бб-Бб-Бб Бб" classname="ru.ac.uniyar.testingcourse.RussianNameValidatorTests" time="0.0"/>
  <testcase name="[43] Бб Бб-Бб-Бб Бб-Бб-Бб Бб-Бб Бб Бб-Бб" classname="ru.ac.uniyar.testingcourse.RussianNameValidatorTests" time="0.0"/>
  <testcase name="[44] Бб Бб-Бб Бб Бб-Бб-Бб Бб-Бб-Бб Бб-Бб" classname="ru.ac.uniyar.testingcourse.RussianNameValidatorTests" time="0.0"/>
  <testcase name="[45] Бб Бб-Бб Бб Бб-Бб Бб Бб-Бб-Бб Бб-Бб" classname="ru.ac.uniyar.testingcourse.RussianNameValidatorTests" time="0.001"/>
  <testcase name="[46] Бб-Бб Бб-Бб-Бб-Бб Бб-Бб-Бб-Бб Бб-Бб Бб-Бб Бб-Бб" classname="ru.ac.uniyar.testingcourse.RussianNameValidatorTests" time="0.001"/>
  <testcase name="[47] Бб-Бб Бб-Бб Бб-Бб Бб-Бб-Бб-Бб Бб-Бб-Бб-Бб Бб-Бб" classname="ru.ac.uniyar.testingcourse.RussianNameValidatorTests" time="0.001"/>
  <testcase name="[48] Бб-Бб Бб-Бб Бб-Бб Бб-Бб Бб-Бб Бб-Бб-Бб-Бб Бб-Бб" classname="ru.ac.uniyar.testingcourse.RussianNameValidatorTests" time="0.001"/>
  <testcase name="[49] Вв-Вв Вв Вв-Вв-Вв Вв Вв-Вв-Вв Вв Вв Вв-Вв Вв Вв" classname="ru.ac.uniyar.testingcourse.RussianNameValidatorTests" time="0.0"/>
  <testcase name="[50] Вв-Вв Вв Вв Вв-Вв Вв Вв-Вв-Вв Вв Вв-Вв-Вв Вв Вв" classname="ru.ac.uniyar.testingcourse.RussianNameValidatorTests" time="0.001"/>
  <testcase name="[51] Вв-Вв Вв Вв Вв-Вв Вв Вв Вв-Вв Вв Вв-Вв-Вв Вв Вв" classname="ru.ac.uniyar.testingcourse.RussianNameValidatorTests" time="0.001"/>
  <testcase name="[52] Вв Вв-Вв Вв-Вв Вв-Вв Вв-Вв Вв-Вв Вв Вв Вв-Вв Вв" classname="ru.ac.uniyar.testingcourse.RussianNameValidatorTests" time="0.001"/>
  <testcase name="[53] Вв Вв-Вв Вв Вв Вв-Вв Вв-Вв Вв-Вв Вв-Вв Вв-Вв Вв" classname="ru.ac.uniyar.testingcourse.RussianNameValidatorTests" time="0.0"/>
  <testcase name="[54] Вв Вв-Вв Вв Вв Вв-Вв Вв Вв Вв-Вв Вв-Вв Вв-Вв Вв" classname="ru.ac.uniyar.testingcourse.RussianNameValidatorTests" time="0.0"/>
  <testcase name="[55] Вв-Вв Вв-Вв Вв-Вв-Вв Вв-Вв Вв-Вв-Вв Вв-Вв Вв Вв-Вв Вв-Вв Вв" classname="ru.ac.uniyar.testingcourse.RussianNameValidatorTests" time="0.0"/>
  <testcase name="[56] Вв-Вв Вв-Вв Вв Вв-Вв Вв-Вв Вв-Вв-Вв Вв-Вв Вв-Вв-Вв Вв-Вв Вв" classname="ru.ac.uniyar.testingcourse.RussianNameValidatorTests" time="0.001"/>
  <testcase name="[57] Вв-Вв Вв-Вв Вв Вв-Вв Вв-Вв Вв Вв-Вв Вв-Вв Вв-Вв-Вв Вв-Вв Вв" classname="ru.ac.uniyar.testingcourse.RussianNameValidatorTests" time="0.0"/>
  <testcase name="[58] Вв Вв Вв-Вв Вв Вв-Вв Вв Вв Вв Вв Вв" classname="ru.ac.uniyar.testingcourse.RussianNameValidatorTests" time="0.001"/>
  <testcase name="[59] Вв Вв Вв Вв Вв Вв-Вв Вв Вв-Вв Вв Вв" classname="ru.ac.uniyar.testingcourse.RussianNameValidatorTests" time="0.0"/>
  <testcase name="[60] Вв Вв Вв Вв Вв Вв Вв Вв Вв-Вв Вв Вв" classname="ru.ac.uniyar.testingcourse.RussianNameValidatorTests" time="0.001"/>
  <testcase name="[61] Вв Вв-Вв Вв-Вв Вв Вв Вв" classname="ru.ac.uniyar.testingcourse.RussianNameValidatorTests" time="0.0"/>
  <testcase name="[62] Вв Вв Вв Вв-Вв Вв-Вв Вв" classname="ru.ac.uniyar.testingcourse.RussianNameValidatorTests" time="0.001"/>
  <testcase name="[63] Вв Вв Вв Вв Вв Вв-Вв Вв" classname="ru.ac.uniyar.testingcourse.RussianNameValidatorTests" time="0.001"/>
  <testcase name="[64] Вв-Вв Вв-Вв-Вв Вв-Вв-Вв Вв Вв-Вв Вв" classname="ru.ac.uniyar.testingcourse.RussianNameValidatorTests" time="0.0"/>
  <testcase name="[65] Вв-Вв Вв Вв-Вв Вв-Вв-Вв Вв-Вв-Вв Вв" classname="ru.ac.uniyar.testingcourse.RussianNameValidatorTests" time="0.0"/>
  <testcase name="[66] Вв-Вв Вв Вв-Вв Вв Вв-Вв Вв-Вв-Вв Вв" classname="ru.ac.uniyar.testingcourse.RussianNameValidatorTests" time="0.0"/>
  <testcase name="[67] Вв Вв-Вв-Вв Вв-Вв-Вв Вв-Вв Вв Вв-Вв" classname="ru.ac.uniyar.testingcourse.RussianNameValidatorTests" time="0.0"/>
  <testcase name="[68] Вв Вв-Вв Вв Вв-Вв-Вв Вв-Вв-Вв Вв-Вв" classname="ru.ac.uniyar.testingcourse.RussianNameValidatorTests" time="0.0"/>
  <testcase name="[69] Вв Вв-Вв Вв Вв-Вв Вв Вв-Вв-Вв Вв-Вв" classname="ru.ac.uniyar.testingcourse.RussianNameValidatorTests" time="0.0"/>
  <testcase name="[70] Вв-Вв Вв-Вв-Вв-Вв Вв-Вв-Вв-Вв Вв-Вв Вв-Вв Вв-Вв" classname="ru.ac.uniyar.testingcourse.RussianNameValidatorTests" time="0.0"/>
  <testcase name="[71] Вв-Вв Вв-Вв Вв-Вв Вв-Вв-Вв-Вв Вв-Вв-Вв-Вв Вв-Вв" classname="ru.ac.uniyar.testingcourse.RussianNameValidatorTests" time="0.0"/>
  <testcase name="[72] Вв-Вв Вв-Вв Вв-Вв Вв-Вв Вв-Вв Вв-Вв-Вв-Вв Вв-Вв" classname="ru.ac.uniyar.testingcourse.RussianNameValidatorTests" time="0.0"/>
  <testcase name="[73] Гг-Гг Гг Гг-Гг-Гг Гг Гг-Гг-Гг Гг Гг Гг-Гг Гг Гг" classname="ru.ac.uniyar.testingcourse.RussianNameValidatorTests" time="0.0"/>
  <testcase name="[74] Гг-Гг Гг Гг Гг-Гг Гг Гг-Гг-Гг Гг Гг-Гг-Гг Гг Гг" classname="ru.ac.uniyar.testingcourse.RussianNameValidatorTests" time="0.0"/>
  <testcase name="[75] Гг-Гг Гг Гг Гг-Гг Гг Гг Гг-Гг Гг Гг-Гг-Гг Гг Гг" classname="ru.ac.uniyar.testingcourse.RussianNameValidatorTests" time="0.0"/>
  <testcase name="[76] Гг Гг-Гг Гг-Гг Гг-Гг Гг-Гг Гг-Гг Гг Гг Гг-Гг Гг" classname="ru.ac.uniyar.testingcourse.RussianNameValidatorTests" time="0.001"/>
  <testcase name="[77] Гг Гг-Гг Гг Гг Гг-Гг Гг-Гг Гг-Гг Гг-Гг Гг-Гг Гг" classname="ru.ac.uniyar.testingcourse.RussianNameValidatorTests" time="0.0"/>
  <testcase name="[78] Гг Гг-Гг Гг Гг Гг-Гг Гг Гг Гг-Гг Гг-Гг Гг-Гг Гг" classname="ru.ac.uniyar.testingcourse.RussianNameValidatorTests" time="0.0"/>
  <testcase name="[79] Гг-Гг Гг-Гг Гг-Гг-Гг Гг-Гг Гг-Гг-Гг Гг-Гг Гг Гг-Гг Гг-Гг Гг" classname="ru.ac.uniyar.testingcourse.RussianNameValidatorTests" time="0.0"/>
  <testcase name="[80] Гг-Гг Гг-Гг Гг Гг-Гг Гг-Гг Гг-Гг-Гг Гг-Гг Гг-Гг-Гг Гг-Гг Гг" classname="ru.ac.uniyar.testingcourse.RussianNameValidatorTests" time="0.0"/>
  <testcase name="[81] Гг-Гг Гг-Гг Гг Гг-Гг Гг-Гг Гг Гг-Гг Гг-Гг Гг-Гг-Гг Гг-Гг Гг" classname="ru.ac.uniyar.testingcourse.RussianNameValidatorTests" time="0.0"/>
  <testcase name="[82] Гг Гг Гг-Гг Гг Гг-Гг Гг Гг Гг Гг Гг" classname="ru.ac.uniyar.testingcourse.RussianNameValidatorTests" time="0.0"/>
  <testcase name="[83] Гг Гг Гг Гг Гг Гг-Гг Гг Гг-Гг Гг Гг" classname="ru.ac.uniyar.testingcourse.RussianNameValidatorTests" time="0.001"/>
  <testcase name="[84] Гг Гг Гг Гг Гг Гг Гг Гг Гг-Гг Гг Гг" classname="ru.ac.uniyar.testingcourse.RussianNameValidatorTests" time="0.001"/>
  <testcase name="[85] Гг Гг-Гг Гг-Гг Гг Гг Гг" classname="ru.ac.uniyar.testingcourse.RussianNameValidatorTests" time="0.001"/>
  <testcase name="[86] Гг Гг Гг Гг-Гг Гг-Гг Гг" classname="ru.ac.uniyar.testingcourse.RussianNameValidatorTests" time="0.001"/>
  <testcase name="[87] Гг Гг Гг Гг Гг Гг-Гг Гг" classname="ru.ac.uniyar.testingcourse.RussianNameValidatorTests" time="0.001"/>
  <testcase name="[88] Гг-Гг Гг-Гг-Гг Гг-Гг-Гг Гг Гг-Гг Гг" classname="ru.ac.uniyar.testingcourse.RussianNameValidatorTests" time="0.001"/>
  <testcase name="[89] Гг-Гг Гг Гг-Гг Гг-Гг-Гг Гг-Гг-Гг Гг" classname="ru.ac.uniyar.testingcourse.RussianNameValidatorTests" time="0.001"/>
  <testcase name="[90] Гг-Гг Гг Гг-Гг Гг Гг-Гг Гг-Гг-Гг Гг" classname="ru.ac.uniyar.testingcourse.RussianNameValidatorTests" time="0.001"/>
  <testcase name="[91] Гг Гг-Гг-Гг Гг-Гг-Гг Гг-Гг Гг Гг-Гг" classname="ru.ac.uniyar.testingcourse.RussianNameValidatorTests" time="0.001"/>
  <testcase name="[92] Гг Гг-Гг Гг Гг-Гг-Гг Гг-Гг-Гг Гг-Гг" classname="ru.ac.uniyar.testingcourse.RussianNameValidatorTests" time="0.0"/>
  <testcase name="[93] Гг Гг-Гг Гг Гг-Гг Гг Гг-Гг-Гг Гг-Гг" classname="ru.ac.uniyar.testingcourse.RussianNameValidatorTests" time="0.0"/>
  <testcase name="[94] Гг-Гг Гг-Гг-Гг-Гг Гг-Гг-Гг-Гг Гг-Гг Гг-Гг Гг-Гг" classname="ru.ac.uniyar.testingcourse.RussianNameValidatorTests" time="0.0"/>
  <testcase name="[95] Гг-Гг Гг-Гг Гг-Гг Гг-Гг-Гг-Гг Гг-Гг-Гг-Гг Гг-Гг" classname="ru.ac.uniyar.testingcourse.RussianNameValidatorTests" time="0.001"/>
  <testcase name="[96] Гг-Гг Гг-Гг Гг-Гг Гг-Гг Гг-Гг Гг-Гг-Гг-Гг Гг-Гг" classname="ru.ac.uniyar.testingcourse.RussianNameValidatorTests" time="0.0"/>
  <testcase name="[97] Дд-Дд Дд Дд-Дд-Дд Дд Дд-Дд-Дд Дд Дд Дд-Дд Дд Дд" classname="ru.ac.uniyar.testingcourse.RussianNameValidatorTests" time="0.0"/>
  <testcase name="[98] Дд-Дд Дд Дд Дд-Дд Дд Дд-Дд-Дд Дд Дд-Дд-Дд Дд Дд" classname="ru.ac.uniyar.testingcourse.RussianNameValidatorTests" time="0.001"/>
  <testcase name="[99] Дд-Дд Дд Дд Дд-Дд Дд Дд Дд-Дд Дд Дд-Дд-Дд Дд Дд" classname="ru.ac.uniyar.testingcourse.RussianNameValidatorTests" time="0.001"/>
  <testcase name="[100] Дд Дд-Дд Дд-Дд Дд-Дд Дд-Дд Дд-Дд Дд Дд Дд-Дд Дд" classname="ru.ac.uniyar.testingcourse.RussianNameValidatorTests" time="0.001"/>
  <testcase name="[101] Дд Дд-Дд Дд Дд Дд-Дд Дд-Дд Дд-Дд Дд-Дд Дд-Дд Дд" classname="ru.ac.uniyar.testingcourse.RussianNameValidatorTests" time="0.001"/>
  <testcase name="[102] Дд Дд-Дд Дд Дд Дд-Дд Дд Дд Дд-Дд Дд-Дд Дд-Дд Дд" classname="ru.ac.uniyar.testingcourse.RussianNameValidatorTests" time="0.001"/>
  <testcase name="[103] Дд-Дд Дд-Дд Дд-Дд-Дд Дд-Дд Дд-Дд-Дд Дд-Дд Дд Дд-Дд Дд-Дд Дд" classname="ru.ac.uniyar.testingcourse.RussianNameValidatorTests" time="0.0"/>
  <testcase name="[104] Дд-Дд Дд-Дд Дд Дд-Дд Дд-Дд Дд-Дд-Дд Дд-Дд Дд-Дд-Дд Дд-Дд Дд" classname="ru.ac.uniyar.testingcourse.RussianNameValidatorTests" time="0.0"/>
  <testcase name="[105] Дд-Дд Дд-Дд Дд Дд-Дд Дд-Дд Дд Дд-Дд Дд-Дд Дд-Дд-Дд Дд-Дд Дд" classname="ru.ac.uniyar.testingcourse.RussianNameValidatorTests" time="0.0"/>
  <testcase name="[106] Дд Дд Дд-Дд Дд Дд-Дд Дд Дд Дд Дд Дд" classname="ru.ac.uniyar.testingcourse.RussianNameValidatorTests" time="0.0"/>
  <testcase name="[107] Дд Дд Дд Дд Дд Дд-Дд Дд Дд-Дд Дд Дд" classname="ru.ac.uniyar.testingcourse.RussianNameValidatorTests" time="0.0"/>
  <testcase name="[108] Дд Дд Дд Дд Дд Дд Дд Дд Дд-Дд Дд Дд" classname="ru.ac.uniyar.testingcourse.RussianNameValidatorTests" time="0.0"/>
  <testcase name="[109] Дд Дд-Дд Дд-Дд Дд Дд Дд" classname="ru.ac.uniyar.testingcourse.RussianNameValidatorTests" time="0.001"/>
  <testcase name="[110] Дд Дд Дд Дд-Дд Дд-Дд Дд" classname="ru.ac.uniyar.testingcourse.RussianNameValidatorTests" time="0.001"/>
  <testcase name="[111] Дд Дд Дд Дд Дд Дд-Дд Дд" classname="ru.ac.uniyar.testingcourse.RussianNameValidatorTests" time="0.0"/>
  <testcase name="[112] Дд-Дд Дд-Дд-Дд Дд-Дд-Дд Дд Дд-Дд Дд" classname="ru.ac.uniyar.testingcourse.RussianNameValidatorTests" time="0.001"/>
  <testcase name="[113] Дд-Дд Дд Дд-Дд Дд-Дд-Дд Дд-Дд-Дд Дд" classname="ru.ac.uniyar.testingcourse.RussianNameValidatorTests" time="0.0"/>
  <testcase name="[114] Дд-Дд Дд Дд-Дд Дд Дд-Дд Дд-Дд-Дд Дд" classname="ru.ac.uniyar.testingcourse.RussianNameValidatorTests" time="0.0"/>
  <testcase name="[115] Дд Дд-Дд-Дд Дд-Дд-Дд Дд-Дд Дд Дд-Дд" classname="ru.ac.uniyar.testingcourse.RussianNameValidatorTests" time="0.0"/>
  <testcase name="[116] Дд Дд-Дд Дд Дд-Дд-Дд Дд-Дд-Дд Дд-Дд" classname="ru.ac.uniyar.testingcourse.RussianNameValidatorTests" time="0.0"/>
  <testcase name="[117] Дд Дд-Дд Дд Дд-Дд Дд Дд-Дд-Дд Дд-Дд" classname="ru.ac.uniyar.testingcourse.RussianNameValidatorTests" time="0.0"/>
  <testcase name="[118] Дд-Дд Дд-Дд-Дд-Дд Дд-Дд-Дд-Дд Дд-Дд Дд-Дд Дд-Дд" classname="ru.ac.uniyar.testingcourse.RussianNameValidatorTests" time="0.0"/>
  <testcase name="[119] Дд-Дд Дд-Дд Дд-Дд Дд-Дд-Дд-Дд Дд-Дд-Дд-Дд Дд-Дд" classname="ru.ac.uniyar.testingcourse.RussianNameValidatorTests" time="0.0"/>
  <testcase name="[120] Дд-Дд Дд-Дд Дд-Дд Дд-Дд Дд-Дд Дд-Дд-Дд-Дд Дд-Дд" classname="ru.ac.uniyar.testingcourse.RussianNameValidatorTests" time="0.0"/>
  <testcase name="[121] Ее-Ее Ее Ее-Ее-Ее Ее Ее-Ее-Ее Ее Ее Ее-Ее Ее Ее" classname="ru.ac.uniyar.testingcourse.RussianNameValidatorTests" time="0.0"/>
  <testcase name="[122] Ее-Ее Ее Ее Ее-Ее Ее Ее-Ее-Ее Ее Ее-Ее-Ее Ее Ее" classname="ru.ac.uniyar.testingcourse.RussianNameValidatorTests" time="0.0"/>
  <testcase name="[123] Ее-Ее Ее Ее Ее-Ее Ее Ее Ее-Ее Ее Ее-Ее-Ее Ее Ее" classname="ru.ac.uniyar.testingcourse.RussianNameValidatorTests" time="0.001"/>
  <testcase name="[124] Ее Ее-Ее Ее-Ее Ее-Ее Ее-Ее Ее-Ее Ее Ее Ее-Ее Ее" classname="ru.ac.uniyar.testingcourse.RussianNameValidatorTests" time="0.001"/>
  <testcase name="[125] Ее Ее-Ее Ее Ее Ее-Ее Ее-Ее Ее-Ее Ее-Ее Ее-Ее Ее" classname="ru.ac.uniyar.testingcourse.RussianNameValidatorTests" time="0.001"/>
  <testcase name="[126] Ее Ее-Ее Ее Ее Ее-Ее Ее Ее Ее-Ее Ее-Ее Ее-Ее Ее" classname="ru.ac.uniyar.testingcourse.RussianNameValidatorTests" time="0.001"/>
  <testcase name="[127] Ее-Ее Ее-Ее Ее-Ее-Ее Ее-Ее Ее-Ее-Ее Ее-Ее Ее Ее-Ее Ее-Ее Ее" classname="ru.ac.uniyar.testingcourse.RussianNameValidatorTests" time="0.0"/>
  <testcase name="[128] Ее-Ее Ее-Ее Ее Ее-Ее Ее-Ее Ее-Ее-Ее Ее-Ее Ее-Ее-Ее Ее-Ее Ее" classname="ru.ac.uniyar.testingcourse.RussianNameValidatorTests" time="0.001"/>
  <testcase name="[129] Ее-Ее Ее-Ее Ее Ее-Ее Ее-Ее Ее Ее-Ее Ее-Ее Ее-Ее-Ее Ее-Ее Ее" classname="ru.ac.uniyar.testingcourse.RussianNameValidatorTests" time="0.0"/>
  <testcase name="[130] Ее Ее Ее-Ее Ее Ее-Ее Ее Ее Ее Ее Ее" classname="ru.ac.uniyar.testingcourse.RussianNameValidatorTests" time="0.0"/>
  <testcase name="[131] Ее Ее Ее Ее Ее Ее-Ее Ее Ее-Ее Ее Ее" classname="ru.ac.uniyar.testingcourse.RussianNameValidatorTests" time="0.001"/>
  <testcase name="[132] Ее Ее Ее Ее Ее Ее Ее Ее Ее-Ее Ее Ее" classname="ru.ac.uniyar.testingcourse.RussianNameValidatorTests" time="0.001"/>
  <testcase name="[133] Ее Ее-Ее Ее-Ее Ее Ее Ее" classname="ru.ac.uniyar.testingcourse.RussianNameValidatorTests" time="0.0"/>
  <testcase name="[134] Ее Ее Ее Ее-Ее Ее-Ее Ее" classname="ru.ac.uniyar.testingcourse.RussianNameValidatorTests" time="0.0"/>
  <testcase name="[135] Ее Ее Ее Ее Ее Ее-Ее Ее" classname="ru.ac.uniyar.testingcourse.RussianNameValidatorTests" time="0.0"/>
  <testcase name="[136] Ее-Ее Ее-Ее-Ее Ее-Ее-Ее Ее Ее-Ее Ее" classname="ru.ac.uniyar.testingcourse.RussianNameValidatorTests" time="0.001"/>
  <testcase name="[137] Ее-Ее Ее Ее-Ее Ее-Ее-Ее Ее-Ее-Ее Ее" classname="ru.ac.uniyar.testingcourse.RussianNameValidatorTests" time="0.001"/>
  <testcase name="[138] Ее-Ее Ее Ее-Ее Ее Ее-Ее Ее-Ее-Ее Ее" classname="ru.ac.uniyar.testingcourse.RussianNameValidatorTests" time="0.0"/>
  <testcase name="[139] Ее Ее-Ее-Ее Ее-Ее-Ее Ее-Ее Ее Ее-Ее" classname="ru.ac.uniyar.testingcourse.RussianNameValidatorTests" time="0.0"/>
  <testcase name="[140] Ее Ее-Ее Ее Ее-Ее-Ее Ее-Ее-Ее Ее-Ее" classname="ru.ac.uniyar.testingcourse.RussianNameValidatorTests" time="0.0"/>
  <testcase name="[141] Ее Ее-Ее Ее Ее-Ее Ее Ее-Ее-Ее Ее-Ее" classname="ru.ac.uniyar.testingcourse.RussianNameValidatorTests" time="0.0"/>
  <testcase name="[142] Ее-Ее Ее-Ее-Ее-Ее Ее-Ее-Ее-Ее Ее-Ее Ее-Ее Ее-Ее" classname="ru.ac.uniyar.testingcourse.RussianNameValidatorTests" time="0.0"/>
  <testcase name="[143] Ее-Ее Ее-Ее Ее-Ее Ее-Ее-Ее-Ее Ее-Ее-Ее-Ее Ее-Ее" classname="ru.ac.uniyar.testingcourse.RussianNameValidatorTests" time="0.0"/>
  <testcase name="[144] Ее-Ее Ее-Ее Ее-Ее Ее-Ее Ее-Ее Ее-Ее-Ее-Ее Ее-Ее" classname="ru.ac.uniyar.testingcourse.RussianNameValidatorTests" time="0.0"/>
  <testcase name="[145] Ёё-Ёё Ёё Ёё-Ёё-Ёё Ёё Ёё-Ёё-Ёё Ёё Ёё Ёё-Ёё Ёё Ёё" classname="ru.ac.uniyar.testingcourse.RussianNameValidatorTests" time="0.0"/>
  <testcase name="[146] Ёё-Ёё Ёё Ёё Ёё-Ёё Ёё Ёё-Ёё-Ёё Ёё Ёё-Ёё-Ёё Ёё Ёё" classname="ru.ac.uniyar.testingcourse.RussianNameValidatorTests" time="0.0"/>
  <testcase name="[147] Ёё-Ёё Ёё Ёё Ёё-Ёё Ёё Ёё Ёё-Ёё Ёё Ёё-Ёё-Ёё Ёё Ёё" classname="ru.ac.uniyar.testingcourse.RussianNameValidatorTests" time="0.0"/>
  <testcase name="[148] Ёё Ёё-Ёё Ёё-Ёё Ёё-Ёё Ёё-Ёё Ёё-Ёё Ёё Ёё Ёё-Ёё Ёё" classname="ru.ac.uniyar.testingcourse.RussianNameValidatorTests" time="0.0"/>
  <testcase name="[149] Ёё Ёё-Ёё Ёё Ёё Ёё-Ёё Ёё-Ёё Ёё-Ёё Ёё-Ёё Ёё-Ёё Ёё" classname="ru.ac.uniyar.testingcourse.RussianNameValidatorTests" time="0.001"/>
  <testcase name="[150] Ёё Ёё-Ёё Ёё Ёё Ёё-Ёё Ёё Ёё Ёё-Ёё Ёё-Ёё Ёё-Ёё Ёё" classname="ru.ac.uniyar.testingcourse.RussianNameValidatorTests" time="0.001"/>
  <testcase name="[151] Ёё-Ёё Ёё-Ёё Ёё-Ёё-Ёё Ёё-Ёё Ёё-Ёё-Ёё Ёё-Ёё Ёё Ёё-Ёё Ёё-Ёё Ёё" classname="ru.ac.uniyar.testingcourse.RussianNameValidatorTests" time="0.001"/>
  <testcase name="[152] Ёё-Ёё Ёё-Ёё Ёё Ёё-Ёё Ёё-Ёё Ёё-Ёё-Ёё Ёё-Ёё Ёё-Ёё-Ёё Ёё-Ёё Ёё" classname="ru.ac.uniyar.testingcourse.RussianNameValidatorTests" time="0.0"/>
  <testcase name="[153] Ёё-Ёё Ёё-Ёё Ёё Ёё-Ёё Ёё-Ёё Ёё Ёё-Ёё Ёё-Ёё Ёё-Ёё-Ёё Ёё-Ёё Ёё" classname="ru.ac.uniyar.testingcourse.RussianNameValidatorTests" time="0.0"/>
  <testcase name="[154] Ёё Ёё Ёё-Ёё Ёё Ёё-Ёё Ёё Ёё Ёё Ёё Ёё" classname="ru.ac.uniyar.testingcourse.RussianNameValidatorTests" time="0.0"/>
  <testcase name="[155] Ёё Ёё Ёё Ёё Ёё Ёё-Ёё Ёё Ёё-Ёё Ёё Ёё" classname="ru.ac.uniyar.testingcourse.RussianNameValidatorTests" time="0.0"/>
  <testcase name="[156] Ёё Ёё Ёё Ёё Ёё Ёё Ёё Ёё Ёё-Ёё Ёё Ёё" classname="ru.ac.uniyar.testingcourse.RussianNameValidatorTests" time="0.0"/>
  <testcase name="[157] Ёё Ёё-Ёё Ёё-Ёё Ёё Ёё Ёё" classname="ru.ac.uniyar.testingcourse.RussianNameValidatorTests" time="0.0"/>
  <testcase name="[158] Ёё Ёё Ёё Ёё-Ёё Ёё-Ёё Ёё" classname="ru.ac.uniyar.testingcourse.RussianNameValidatorTests" time="0.001"/>
  <testcase name="[159] Ёё Ёё Ёё Ёё Ёё Ёё-Ёё Ёё" classname="ru.ac.uniyar.testingcourse.RussianNameValidatorTests" time="0.001"/>
  <testcase name="[160] Ёё-Ёё Ёё-Ёё-Ёё Ёё-Ёё-Ёё Ёё Ёё-Ёё Ёё" classname="ru.ac.uniyar.testingcourse.RussianNameValidatorTests" time="0.0"/>
  <testcase name="[161] Ёё-Ёё Ёё Ёё-Ёё Ёё-Ёё-Ёё Ёё-Ёё-Ёё Ёё" classname="ru.ac.uniyar.testingcourse.RussianNameValidatorTests" time="0.0"/>
  <testcase name="[162] Ёё-Ёё Ёё Ёё-Ёё Ёё Ёё-Ёё Ёё-Ёё-Ёё Ёё" classname="ru.ac.uniyar.testingcourse.RussianNameValidatorTests" time="0.0"/>
  <testcase name="[163] Ёё Ёё-Ёё-Ёё Ёё-Ёё-Ёё Ёё-Ёё Ёё Ёё-Ёё" classname="ru.ac.uniyar.testingcourse.RussianNameValidatorTests" time="0.0"/>
  <testcase name="[164] Ёё Ёё-Ёё Ёё Ёё-Ёё-Ёё Ёё-Ёё-Ёё Ёё-Ёё" classname="ru.ac.uniyar.testingcourse.RussianNameValidatorTests" time="0.0"/>
  <testcase name="[165] Ёё Ёё-Ёё Ёё Ёё-Ёё Ёё Ёё-Ёё-Ёё Ёё-Ёё" classname="ru.ac.uniyar.testingcourse.RussianNameValidatorTests" time="0.0"/>
  <testcase name="[166] Ёё-Ёё Ёё-Ёё-Ёё-Ёё Ёё-Ёё-Ёё-Ёё Ёё-Ёё Ёё-Ёё Ёё-Ёё" classname="ru.ac.uniyar.testingcourse.RussianNameValidatorTests" time="0.0"/>
  <testcase name="[167] Ёё-Ёё Ёё-Ёё Ёё-Ёё Ёё-Ёё-Ёё-Ёё Ёё-Ёё-Ёё-Ёё Ёё-Ёё" classname="ru.ac.uniyar.testingcourse.RussianNameValidatorTests" time="0.001"/>
  <testcase name="[168] Ёё-Ёё Ёё-Ёё Ёё-Ёё Ёё-Ёё Ёё-Ёё Ёё-Ёё-Ёё-Ёё Ёё-Ёё" classname="ru.ac.uniyar.testingcourse.RussianNameValidatorTests" time="0.001"/>
  <testcase name="[169] Жж-Жж Жж Жж-Жж-Жж Жж Жж-Жж-Жж Жж Жж Жж-Жж Жж Жж" classname="ru.ac.uniyar.testingcourse.RussianNameValidatorTests" time="0.0"/>
  <testcase name="[170] Жж-Жж Жж Жж Жж-Жж Жж Жж-Жж-Жж Жж Жж-Жж-Жж Жж Жж" classname="ru.ac.uniyar.testingcourse.RussianNameValidatorTests" time="0.0"/>
  <testcase name="[171] Жж-Жж Жж Жж Жж-Жж Жж Жж Жж-Жж Жж Жж-Жж-Жж Жж Жж" classname="ru.ac.uniyar.testingcourse.RussianNameValidatorTests" time="0.0"/>
  <testcase name="[172] Жж Жж-Жж Жж-Жж Жж-Жж Жж-Жж Жж-Жж Жж Жж Жж-Жж Жж" classname="ru.ac.uniyar.testingcourse.RussianNameValidatorTests" time="0.0"/>
  <testcase name="[173] Жж Жж-Жж Жж Жж Жж-Жж Жж-Жж Жж-Жж Жж-Жж Жж-Жж Жж" classname="ru.ac.uniyar.testingcourse.RussianNameValidatorTests" time="0.0"/>
  <testcase name="[174] Жж Жж-Жж Жж Жж Жж-Жж Жж Жж Жж-Жж Жж-Жж Жж-Жж Жж" classname="ru.ac.uniyar.testingcourse.RussianNameValidatorTests" time="0.0"/>
  <testcase name="[175] Жж-Жж Жж-Жж Жж-Жж-Жж Жж-Жж Жж-Жж-Жж Жж-Жж Жж Жж-Жж Жж-Жж Жж" classname="ru.ac.uniyar.testingcourse.RussianNameValidatorTests" time="0.0"/>
  <testcase name="[176] Жж-Жж Жж-Жж Жж Жж-Жж Жж-Жж Жж-Жж-Жж Жж-Жж Жж-Жж-Жж Жж-Жж Жж" classname="ru.ac.uniyar.testingcourse.RussianNameValidatorTests" time="0.0"/>
  <testcase name="[177] Жж-Жж Жж-Жж Жж Жж-Жж Жж-Жж Жж Жж-Жж Жж-Жж Жж-Жж-Жж Жж-Жж Жж" classname="ru.ac.uniyar.testingcourse.RussianNameValidatorTests" time="0.0"/>
  <testcase name="[178] Жж Жж Жж-Жж Жж Жж-Жж Жж Жж Жж Жж Жж" classname="ru.ac.uniyar.testingcourse.RussianNameValidatorTests" time="0.0"/>
  <testcase name="[179] Жж Жж Жж Жж Жж Жж-Жж Жж Жж-Жж Жж Жж" classname="ru.ac.uniyar.testingcourse.RussianNameValidatorTests" time="0.0"/>
  <testcase name="[180] Жж Жж Жж Жж Жж Жж Жж Жж Жж-Жж Жж Жж" classname="ru.ac.uniyar.testingcourse.RussianNameValidatorTests" time="0.001"/>
  <testcase name="[181] Жж Жж-Жж Жж-Жж Жж Жж Жж" classname="ru.ac.uniyar.testingcourse.RussianNameValidatorTests" time="0.0"/>
  <testcase name="[182] Жж Жж Жж Жж-Жж Жж-Жж Жж" classname="ru.ac.uniyar.testingcourse.RussianNameValidatorTests" time="0.0"/>
  <testcase name="[183] Жж Жж Жж Жж Жж Жж-Жж Жж" classname="ru.ac.uniyar.testingcourse.RussianNameValidatorTests" time="0.001"/>
  <testcase name="[184] Жж-Жж Жж-Жж-Жж Жж-Жж-Жж Жж Жж-Жж Жж" classname="ru.ac.uniyar.testingcourse.RussianNameValidatorTests" time="0.001"/>
  <testcase name="[185] Жж-Жж Жж Жж-Жж Жж-Жж-Жж Жж-Жж-Жж Жж" classname="ru.ac.uniyar.testingcourse.RussianNameValidatorTests" time="0.0"/>
  <testcase name="[186] Жж-Жж Жж Жж-Жж Жж Жж-Жж Жж-Жж-Жж Жж" classname="ru.ac.uniyar.testingcourse.RussianNameValidatorTests" time="0.0"/>
  <testcase name="[187] Жж Жж-Жж-Жж Жж-Жж-Жж Жж-Жж Жж Жж-Жж" classname="ru.ac.uniyar.testingcourse.RussianNameValidatorTests" time="0.0"/>
  <testcase name="[188] Жж Жж-Жж Жж Жж-Жж-Жж Жж-Жж-Жж Жж-Жж" classname="ru.ac.uniyar.testingcourse.RussianNameValidatorTests" time="0.001"/>
  <testcase name="[189] Жж Жж-Жж Жж Жж-Жж Жж Жж-Жж-Жж Жж-Жж" classname="ru.ac.uniyar.testingcourse.RussianNameValidatorTests" time="0.001"/>
  <testcase name="[190] Жж-Жж Жж-Жж-Жж-Жж Жж-Жж-Жж-Жж Жж-Жж Жж-Жж Жж-Жж" classname="ru.ac.uniyar.testingcourse.RussianNameValidatorTests" time="0.0"/>
  <testcase name="[191] Жж-Жж Жж-Жж Жж-Жж Жж-Жж-Жж-Жж Жж-Жж-Жж-Жж Жж-Жж" classname="ru.ac.uniyar.testingcourse.RussianNameValidatorTests" time="0.0"/>
  <testcase name="[192] Жж-Жж Жж-Жж Жж-Жж Жж-Жж Жж-Жж Жж-Жж-Жж-Жж Жж-Жж" classname="ru.ac.uniyar.testingcourse.RussianNameValidatorTests" time="0.001"/>
  <testcase name="[193] Зз-Зз Зз Зз-Зз-Зз Зз Зз-Зз-Зз Зз Зз Зз-Зз Зз Зз" classname="ru.ac.uniyar.testingcourse.RussianNameValidatorTests" time="0.0"/>
  <testcase name="[194] Зз-Зз Зз Зз Зз-Зз Зз Зз-Зз-Зз Зз Зз-Зз-Зз Зз Зз" classname="ru.ac.uniyar.testingcourse.RussianNameValidatorTests" time="0.0"/>
  <testcase name="[195] Зз-Зз Зз Зз Зз-Зз Зз Зз Зз-Зз Зз Зз-Зз-Зз Зз Зз" classname="ru.ac.uniyar.testingcourse.RussianNameValidatorTests" time="0.001"/>
  <testcase name="[196] Зз Зз-Зз Зз-Зз Зз-Зз Зз-Зз Зз-Зз Зз Зз Зз-Зз Зз" classname="ru.ac.uniyar.testingcourse.RussianNameValidatorTests" time="0.001"/>
  <testcase name="[197] Зз Зз-Зз Зз Зз Зз-Зз Зз-Зз Зз-Зз Зз-Зз Зз-Зз Зз" classname="ru.ac.uniyar.testingcourse.RussianNameValidatorTests" time="0.001"/>
  <testcase name="[198] Зз Зз-Зз Зз Зз Зз-Зз Зз Зз Зз-Зз Зз-Зз Зз-Зз Зз" classname="ru.ac.uniyar.testingcourse.RussianNameValidatorTests" time="0.001"/>
  <testcase name="[199] Зз-Зз Зз-Зз Зз-Зз-Зз Зз-Зз Зз-Зз-Зз Зз-Зз Зз Зз-Зз Зз-Зз Зз" classname="ru.ac.uniyar.testingcourse.RussianNameValidatorTests" time="0.001"/>
  <testcase name="[200] Зз-Зз Зз-Зз Зз Зз-Зз Зз-Зз Зз-Зз-Зз Зз-Зз Зз-Зз-Зз Зз-Зз Зз" classname="ru.ac.uniyar.testingcourse.RussianNameValidatorTests" time="0.0"/>
  <testcase name="[201] Зз-Зз Зз-Зз Зз Зз-Зз Зз-Зз Зз Зз-Зз Зз-Зз Зз-Зз-Зз Зз-Зз Зз" classname="ru.ac.uniyar.testingcourse.RussianNameValidatorTests" time="0.0"/>
  <testcase name="[202] Зз Зз Зз-Зз Зз Зз-Зз Зз Зз Зз Зз Зз" classname="ru.ac.uniyar.testingcourse.RussianNameValidatorTests" time="0.0"/>
  <testcase name="[203] Зз Зз Зз Зз Зз Зз-Зз Зз Зз-Зз Зз Зз" classname="ru.ac.uniyar.testingcourse.RussianNameValidatorTests" time="0.001"/>
  <testcase name="[204] Зз Зз Зз Зз Зз Зз Зз Зз Зз-Зз Зз Зз" classname="ru.ac.uniyar.testingcourse.RussianNameValidatorTests" time="0.001"/>
  <testcase name="[205] Зз Зз-Зз Зз-Зз Зз Зз Зз" classname="ru.ac.uniyar.testingcourse.RussianNameValidatorTests" time="0.0"/>
  <testcase name="[206] Зз Зз Зз Зз-Зз Зз-Зз Зз" classname="ru.ac.uniyar.testingcourse.RussianNameValidatorTests" time="0.0"/>
  <testcase name="[207] Зз Зз Зз Зз Зз Зз-Зз Зз" classname="ru.ac.uniyar.testingcourse.RussianNameValidatorTests" time="0.0"/>
  <testcase name="[208] Зз-Зз Зз-Зз-Зз Зз-Зз-Зз Зз Зз-Зз Зз" classname="ru.ac.uniyar.testingcourse.RussianNameValidatorTests" time="0.001"/>
  <testcase name="[209] Зз-Зз Зз Зз-Зз Зз-Зз-Зз Зз-Зз-Зз Зз" classname="ru.ac.uniyar.testingcourse.RussianNameValidatorTests" time="0.001"/>
  <testcase name="[210] Зз-Зз Зз Зз-Зз Зз Зз-Зз Зз-Зз-Зз Зз" classname="ru.ac.uniyar.testingcourse.RussianNameValidatorTests" time="0.0"/>
  <testcase name="[211] Зз Зз-Зз-Зз Зз-Зз-Зз Зз-Зз Зз Зз-Зз" classname="ru.ac.uniyar.testingcourse.RussianNameValidatorTests" time="0.0"/>
  <testcase name="[212] Зз Зз-Зз Зз Зз-Зз-Зз Зз-Зз-Зз Зз-Зз" classname="ru.ac.uniyar.testingcourse.RussianNameValidatorTests" time="0.0"/>
  <testcase name="[213] Зз Зз-Зз Зз Зз-Зз Зз Зз-Зз-Зз Зз-Зз" classname="ru.ac.uniyar.testingcourse.RussianNameValidatorTests" time="0.001"/>
  <testcase name="[214] Зз-Зз Зз-Зз-Зз-Зз Зз-Зз-Зз-Зз Зз-Зз Зз-Зз Зз-Зз" classname="ru.ac.uniyar.testingcourse.RussianNameValidatorTests" time="0.001"/>
  <testcase name="[215] Зз-Зз Зз-Зз Зз-Зз Зз-Зз-Зз-Зз Зз-Зз-Зз-Зз Зз-Зз" classname="ru.ac.uniyar.testingcourse.RussianNameValidatorTests" time="0.0"/>
  <testcase name="[216] Зз-Зз Зз-Зз Зз-Зз Зз-Зз Зз-Зз Зз-Зз-Зз-Зз Зз-Зз" classname="ru.ac.uniyar.testingcourse.RussianNameValidatorTests" time="0.0"/>
  <testcase name="[217] Ии-Ии Ии Ии-Ии-Ии Ии Ии-Ии-Ии Ии Ии Ии-Ии Ии Ии" classname="ru.ac.uniyar.testingcourse.RussianNameValidatorTests" time="0.0"/>
  <testcase name="[218] Ии-Ии Ии Ии Ии-Ии Ии Ии-Ии-Ии Ии Ии-Ии-Ии Ии Ии" classname="ru.ac.uniyar.testingcourse.RussianNameValidatorTests" time="0.0"/>
  <testcase name="[219] Ии-Ии Ии Ии Ии-Ии Ии Ии Ии-Ии Ии Ии-Ии-Ии Ии Ии" classname="ru.ac.uniyar.testingcourse.RussianNameValidatorTests" time="0.0"/>
  <testcase name="[220] Ии Ии-Ии Ии-Ии Ии-Ии Ии-Ии Ии-Ии Ии Ии Ии-Ии Ии" classname="ru.ac.uniyar.testingcourse.RussianNameValidatorTests" time="0.0"/>
  <testcase name="[221] Ии Ии-Ии Ии Ии Ии-Ии Ии-Ии Ии-Ии Ии-Ии Ии-Ии Ии" classname="ru.ac.uniyar.testingcourse.RussianNameValidatorTests" time="0.0"/>
  <testcase name="[222] Ии Ии-Ии Ии Ии Ии-Ии Ии Ии Ии-Ии Ии-Ии Ии-Ии Ии" classname="ru.ac.uniyar.testingcourse.RussianNameValidatorTests" time="0.001"/>
  <testcase name="[223] Ии-Ии Ии-Ии Ии-Ии-Ии Ии-Ии Ии-Ии-Ии Ии-Ии Ии Ии-Ии Ии-Ии Ии" classname="ru.ac.uniyar.testingcourse.RussianNameValidatorTests" time="0.0"/>
  <testcase name="[224] Ии-Ии Ии-Ии Ии Ии-Ии Ии-Ии Ии-Ии-Ии Ии-Ии Ии-Ии-Ии Ии-Ии Ии" classname="ru.ac.uniyar.testingcourse.RussianNameValidatorTests" time="0.0"/>
  <testcase name="[225] Ии-Ии Ии-Ии Ии Ии-Ии Ии-Ии Ии Ии-Ии Ии-Ии Ии-Ии-Ии Ии-Ии Ии" classname="ru.ac.uniyar.testingcourse.RussianNameValidatorTests" time="0.0"/>
  <testcase name="[226] Ии Ии Ии-Ии Ии Ии-Ии Ии Ии Ии Ии Ии" classname="ru.ac.uniyar.testingcourse.RussianNameValidatorTests" time="0.001"/>
  <testcase name="[227] Ии Ии Ии Ии Ии Ии-Ии Ии Ии-Ии Ии Ии" classname="ru.ac.uniyar.testingcourse.RussianNameValidatorTests" time="0.0"/>
  <testcase name="[228] Ии Ии Ии Ии Ии Ии Ии Ии Ии-Ии Ии Ии" classname="ru.ac.uniyar.testingcourse.RussianNameValidatorTests" time="0.0"/>
  <testcase name="[229] Ии Ии-Ии Ии-Ии Ии Ии Ии" classname="ru.ac.uniyar.testingcourse.RussianNameValidatorTests" time="0.0"/>
  <testcase name="[230] Ии Ии Ии Ии-Ии Ии-Ии Ии" classname="ru.ac.uniyar.testingcourse.RussianNameValidatorTests" time="0.0"/>
  <testcase name="[231] Ии Ии Ии Ии Ии Ии-Ии Ии" classname="ru.ac.uniyar.testingcourse.RussianNameValidatorTests" time="0.0"/>
  <testcase name="[232] Ии-Ии Ии-Ии-Ии Ии-Ии-Ии Ии Ии-Ии Ии" classname="ru.ac.uniyar.testingcourse.RussianNameValidatorTests" time="0.0"/>
  <testcase name="[233] Ии-Ии Ии Ии-Ии Ии-Ии-Ии Ии-Ии-Ии Ии" classname="ru.ac.uniyar.testingcourse.RussianNameValidatorTests" time="0.001"/>
  <testcase name="[234] Ии-Ии Ии Ии-Ии Ии Ии-Ии Ии-Ии-Ии Ии" classname="ru.ac.uniyar.testingcourse.RussianNameValidatorTests" time="0.0"/>
  <testcase name="[235] Ии Ии-Ии-Ии Ии-Ии-Ии Ии-Ии Ии Ии-Ии" classname="ru.ac.uniyar.testingcourse.RussianNameValidatorTests" time="0.001"/>
  <testcase name="[236] Ии Ии-Ии Ии Ии-Ии-Ии Ии-Ии-Ии Ии-Ии" classname="ru.ac.uniyar.testingcourse.RussianNameValidatorTests" time="0.0"/>
  <testcase name="[237] Ии Ии-Ии Ии Ии-Ии Ии Ии-Ии-Ии Ии-Ии" classname="ru.ac.uniyar.testingcourse.RussianNameValidatorTests" time="0.0"/>
  <testcase name="[238] Ии-Ии Ии-Ии-Ии-Ии Ии-Ии-Ии-Ии Ии-Ии Ии-Ии Ии-Ии" classname="ru.ac.uniyar.testingcourse.RussianNameValidatorTests" time="0.0"/>
  <testcase name="[239] Ии-Ии Ии-Ии Ии-Ии Ии-Ии-Ии-Ии Ии-Ии-Ии-Ии Ии-Ии" classname="ru.ac.uniyar.testingcourse.RussianNameValidatorTests" time="0.0"/>
  <testcase name="[240] Ии-Ии Ии-Ии Ии-Ии Ии-Ии Ии-Ии Ии-Ии-Ии-Ии Ии-Ии" classname="ru.ac.uniyar.testingcourse.RussianNameValidatorTests" time="0.0"/>
  <testcase name="[241] Йй-Йй Йй Йй-Йй-Йй Йй Йй-Йй-Йй Йй Йй Йй-Йй Йй Йй" classname="ru.ac.uniyar.testingcourse.RussianNameValidatorTests" time="0.001"/>
  <testcase name="[242] Йй-Йй Йй Йй Йй-Йй Йй Йй-Йй-Йй Йй Йй-Йй-Йй Йй Йй" classname="ru.ac.uniyar.testingcourse.RussianNameValidatorTests" time="0.001"/>
  <testcase name="[243] Йй-Йй Йй Йй Йй-Йй Йй Йй Йй-Йй Йй Йй-Йй-Йй Йй Йй" classname="ru.ac.uniyar.testingcourse.RussianNameValidatorTests" time="0.001"/>
  <testcase name="[244] Йй Йй-Йй Йй-Йй Йй-Йй Йй-Йй Йй-Йй Йй Йй Йй-Йй Йй" classname="ru.ac.uniyar.testingcourse.RussianNameValidatorTests" time="0.001"/>
  <testcase name="[245] Йй Йй-Йй Йй Йй Йй-Йй Йй-Йй Йй-Йй Йй-Йй Йй-Йй Йй" classname="ru.ac.uniyar.testingcourse.RussianNameValidatorTests" time="0.0"/>
  <testcase name="[246] Йй Йй-Йй Йй Йй Йй-Йй Йй Йй Йй-Йй Йй-Йй Йй-Йй Йй" classname="ru.ac.uniyar.testingcourse.RussianNameValidatorTests" time="0.0"/>
  <testcase name="[247] Йй-Йй Йй-Йй Йй-Йй-Йй Йй-Йй Йй-Йй-Йй Йй-Йй Йй Йй-Йй Йй-Йй Йй" classname="ru.ac.uniyar.testingcourse.RussianNameValidatorTests" time="0.001"/>
  <testcase name="[248] Йй-Йй Йй-Йй Йй Йй-Йй Йй-Йй Йй-Йй-Йй Йй-Йй Йй-Йй-Йй Йй-Йй Йй" classname="ru.ac.uniyar.testingcourse.RussianNameValidatorTests" time="0.0"/>
  <testcase name="[249] Йй-Йй Йй-Йй Йй Йй-Йй Йй-Йй Йй Йй-Йй Йй-Йй Йй-Йй-Йй Йй-Йй Йй" classname="ru.ac.uniyar.testingcourse.RussianNameValidatorTests" time="0.0"/>
  <testcase name="[250] Йй Йй Йй-Йй Йй Йй-Йй Йй Йй Йй Йй Йй" classname="ru.ac.uniyar.testingcourse.RussianNameValidatorTests" time="0.0"/>
  <testcase name="[251] Йй Йй Йй Йй Йй Йй-Йй Йй Йй-Йй Йй Йй" classname="ru.ac.uniyar.testingcourse.RussianNameValidatorTests" time="0.001"/>
  <testcase name="[252] Йй Йй Йй Йй Йй Йй Йй Йй Йй-Йй Йй Йй" classname="ru.ac.uniyar.testingcourse.RussianNameValidatorTests" time="0.0"/>
  <testcase name="[253] Йй Йй-Йй Йй-Йй Йй Йй Йй" classname="ru.ac.uniyar.testingcourse.RussianNameValidatorTests" time="0.0"/>
  <testcase name="[254] Йй Йй Йй Йй-Йй Йй-Йй Йй" classname="ru.ac.uniyar.testingcourse.RussianNameValidatorTests" time="0.0"/>
  <testcase name="[255] Йй Йй Йй Йй Йй Йй-Йй Йй" classname="ru.ac.uniyar.testingcourse.RussianNameValidatorTests" time="0.0"/>
  <testcase name="[256] Йй-Йй Йй-Йй-Йй Йй-Йй-Йй Йй Йй-Йй Йй" classname="ru.ac.uniyar.testingcourse.RussianNameValidatorTests" time="0.0"/>
  <testcase name="[257] Йй-Йй Йй Йй-Йй Йй-Йй-Йй Йй-Йй-Йй Йй" classname="ru.ac.uniyar.testingcourse.RussianNameValidatorTests" time="0.0"/>
  <testcase name="[258] Йй-Йй Йй Йй-Йй Йй Йй-Йй Йй-Йй-Йй Йй" classname="ru.ac.uniyar.testingcourse.RussianNameValidatorTests" time="0.0"/>
  <testcase name="[259] Йй Йй-Йй-Йй Йй-Йй-Йй Йй-Йй Йй Йй-Йй" classname="ru.ac.uniyar.testingcourse.RussianNameValidatorTests" time="0.0"/>
  <testcase name="[260] Йй Йй-Йй Йй Йй-Йй-Йй Йй-Йй-Йй Йй-Йй" classname="ru.ac.uniyar.testingcourse.RussianNameValidatorTests" time="0.0"/>
  <testcase name="[261] Йй Йй-Йй Йй Йй-Йй Йй Йй-Йй-Йй Йй-Йй" classname="ru.ac.uniyar.testingcourse.RussianNameValidatorTests" time="0.0"/>
  <testcase name="[262] Йй-Йй Йй-Йй-Йй-Йй Йй-Йй-Йй-Йй Йй-Йй Йй-Йй Йй-Йй" classname="ru.ac.uniyar.testingcourse.RussianNameValidatorTests" time="0.001"/>
  <testcase name="[263] Йй-Йй Йй-Йй Йй-Йй Йй-Йй-Йй-Йй Йй-Йй-Йй-Йй Йй-Йй" classname="ru.ac.uniyar.testingcourse.RussianNameValidatorTests" time="0.0"/>
  <testcase name="[264] Йй-Йй Йй-Йй Йй-Йй Йй-Йй Йй-Йй Йй-Йй-Йй-Йй Йй-Йй" classname="ru.ac.uniyar.testingcourse.RussianNameValidatorTests" time="0.001"/>
  <testcase name="[265] Кк-Кк Кк Кк-Кк-Кк Кк Кк-Кк-Кк Кк Кк Кк-Кк Кк Кк" classname="ru.ac.uniyar.testingcourse.RussianNameValidatorTests" time="0.0"/>
  <testcase name="[266] Кк-Кк Кк Кк Кк-Кк Кк Кк-Кк-Кк Кк Кк-Кк-Кк Кк Кк" classname="ru.ac.uniyar.testingcourse.RussianNameValidatorTests" time="0.0"/>
  <testcase name="[267] Кк-Кк Кк Кк Кк-Кк Кк Кк Кк-Кк Кк Кк-Кк-Кк Кк Кк" classname="ru.ac.uniyar.testingcourse.RussianNameValidatorTests" time="0.001"/>
  <testcase name="[268] Кк Кк-Кк Кк-Кк Кк-Кк Кк-Кк Кк-Кк Кк Кк Кк-Кк Кк" classname="ru.ac.uniyar.testingcourse.RussianNameValidatorTests" time="0.0"/>
  <testcase name="[269] Кк Кк-Кк Кк Кк Кк-Кк Кк-Кк Кк-Кк Кк-Кк Кк-Кк Кк" classname="ru.ac.uniyar.testingcourse.RussianNameValidatorTests" time="0.001"/>
  <testcase name="[270] Кк Кк-Кк Кк Кк Кк-Кк Кк Кк Кк-Кк Кк-Кк Кк-Кк Кк" classname="ru.ac.uniyar.testingcourse.RussianNameValidatorTests" time="0.0"/>
  <testcase name="[271] Кк-Кк Кк-Кк Кк-Кк-Кк Кк-Кк Кк-Кк-Кк Кк-Кк Кк Кк-Кк Кк-Кк Кк" classname="ru.ac.uniyar.testingcourse.RussianNameValidatorTests" time="0.0"/>
  <testcase name="[272] Кк-Кк Кк-Кк Кк Кк-Кк Кк-Кк Кк-Кк-Кк Кк-Кк Кк-Кк-Кк Кк-Кк Кк" classname="ru.ac.uniyar.testingcourse.RussianNameValidatorTests" time="0.001"/>
  <testcase name="[273] Кк-Кк Кк-Кк Кк Кк-Кк Кк-Кк Кк Кк-Кк Кк-Кк Кк-Кк-Кк Кк-Кк Кк" classname="ru.ac.uniyar.testingcourse.RussianNameValidatorTests" time="0.0"/>
  <testcase name="[274] Кк Кк Кк-Кк Кк Кк-Кк Кк Кк Кк Кк Кк" classname="ru.ac.uniyar.testingcourse.RussianNameValidatorTests" time="0.0"/>
  <testcase name="[275] Кк Кк Кк Кк Кк Кк-Кк Кк Кк-Кк Кк Кк" classname="ru.ac.uniyar.testingcourse.RussianNameValidatorTests" time="0.0"/>
  <testcase name="[276] Кк Кк Кк Кк Кк Кк Кк Кк Кк-Кк Кк Кк" classname="ru.ac.uniyar.testingcourse.RussianNameValidatorTests" time="0.001"/>
  <testcase name="[277] Кк Кк-Кк Кк-Кк Кк Кк Кк" classname="ru.ac.uniyar.testingcourse.RussianNameValidatorTests" time="0.0"/>
  <testcase name="[278] Кк Кк Кк Кк-Кк Кк-Кк Кк" classname="ru.ac.uniyar.testingcourse.RussianNameValidatorTests" time="0.0"/>
  <testcase name="[279] Кк Кк Кк Кк Кк Кк-Кк Кк" classname="ru.ac.uniyar.testingcourse.RussianNameValidatorTests" time="0.0"/>
  <testcase name="[280] Кк-Кк Кк-Кк-Кк Кк-Кк-Кк Кк Кк-Кк Кк" classname="ru.ac.uniyar.testingcourse.RussianNameValidatorTests" time="0.001"/>
  <testcase name="[281] Кк-Кк Кк Кк-Кк Кк-Кк-Кк Кк-Кк-Кк Кк" classname="ru.ac.uniyar.testingcourse.RussianNameValidatorTests" time="0.0"/>
  <testcase name="[282] Кк-Кк Кк Кк-Кк Кк Кк-Кк Кк-Кк-Кк Кк" classname="ru.ac.uniyar.testingcourse.RussianNameValidatorTests" time="0.0"/>
  <testcase name="[283] Кк Кк-Кк-Кк Кк-Кк-Кк Кк-Кк Кк Кк-Кк" classname="ru.ac.uniyar.testingcourse.RussianNameValidatorTests" time="0.001"/>
  <testcase name="[284] Кк Кк-Кк Кк Кк-Кк-Кк Кк-Кк-Кк Кк-Кк" classname="ru.ac.uniyar.testingcourse.RussianNameValidatorTests" time="0.001"/>
  <testcase name="[285] Кк Кк-Кк Кк Кк-Кк Кк Кк-Кк-Кк Кк-Кк" classname="ru.ac.uniyar.testingcourse.RussianNameValidatorTests" time="0.001"/>
  <testcase name="[286] Кк-Кк Кк-Кк-Кк-Кк Кк-Кк-Кк-Кк Кк-Кк Кк-Кк Кк-Кк" classname="ru.ac.uniyar.testingcourse.RussianNameValidatorTests" time="0.0"/>
  <testcase name="[287] Кк-Кк Кк-Кк Кк-Кк Кк-Кк-Кк-Кк Кк-Кк-Кк-Кк Кк-Кк" classname="ru.ac.uniyar.testingcourse.RussianNameValidatorTests" time="0.0"/>
  <testcase name="[288] Кк-Кк Кк-Кк Кк-Кк Кк-Кк Кк-Кк Кк-Кк-Кк-Кк Кк-Кк" classname="ru.ac.uniyar.testingcourse.RussianNameValidatorTests" time="0.001"/>
  <testcase name="[289] Лл-Лл Лл Лл-Лл-Лл Лл Лл-Лл-Лл Лл Лл Лл-Лл Лл Лл" classname="ru.ac.uniyar.testingcourse.RussianNameValidatorTests" time="0.0"/>
  <testcase name="[290] Лл-Лл Лл Лл Лл-Лл Лл Лл-Лл-Лл Лл Лл-Лл-Лл Лл Лл" classname="ru.ac.uniyar.testingcourse.RussianNameValidatorTests" time="0.0"/>
  <testcase name="[291] Лл-Лл Лл Лл Лл-Лл Лл Лл Лл-Лл Лл Лл-Лл-Лл Лл Лл" classname="ru.ac.uniyar.testingcourse.RussianNameValidatorTests" time="0.0"/>
  <testcase name="[292] Лл Лл-Лл Лл-Лл Лл-Лл Лл-Лл Лл-Лл Лл Лл Лл-Лл Лл" classname="ru.ac.uniyar.testingcourse.RussianNameValidatorTests" time="0.0"/>
  <testcase name="[293] Лл Лл-Лл Лл Лл Лл-Лл Лл-Лл Лл-Лл Лл-Лл Лл-Лл Лл" classname="ru.ac.uniyar.testingcourse.RussianNameValidatorTests" time="0.0"/>
  <testcase name="[294] Лл Лл-Лл Лл Лл Лл-Лл Лл Лл Лл-Лл Лл-Лл Лл-Лл Лл" classname="ru.ac.uniyar.testingcourse.RussianNameValidatorTests" time="0.0"/>
  <testcase name="[295] Лл-Лл Лл-Лл Лл-Лл-Лл Лл-Лл Лл-Лл-Лл Лл-Лл Лл Лл-Лл Лл-Лл Лл" classname="ru.ac.uniyar.testingcourse.RussianNameValidatorTests" time="0.0"/>
  <testcase name="[296] Лл-Лл Лл-Лл Лл Лл-Лл Лл-Лл Лл-Лл-Лл Лл-Лл Лл-Лл-Лл Лл-Лл Лл" classname="ru.ac.uniyar.testingcourse.RussianNameValidatorTests" time="0.0"/>
  <testcase name="[297] Лл-Лл Лл-Лл Лл Лл-Лл Лл-Лл Лл Лл-Лл Лл-Лл Лл-Лл-Лл Лл-Лл Лл" classname="ru.ac.uniyar.testingcourse.RussianNameValidatorTests" time="0.001"/>
  <testcase name="[298] Лл Лл Лл-Лл Лл Лл-Лл Лл Лл Лл Лл Лл" classname="ru.ac.uniyar.testingcourse.RussianNameValidatorTests" time="0.001"/>
  <testcase name="[299] Лл Лл Лл Лл Лл Лл-Лл Лл Лл-Лл Лл Лл" classname="ru.ac.uniyar.testingcourse.RussianNameValidatorTests" time="0.001"/>
  <testcase name="[300] Лл Лл Лл Лл Лл Лл Лл Лл Лл-Лл Лл Лл" classname="ru.ac.uniyar.testingcourse.RussianNameValidatorTests" time="0.0"/>
  <testcase name="[301] Лл Лл-Лл Лл-Лл Лл Лл Лл" classname="ru.ac.uniyar.testingcourse.RussianNameValidatorTests" time="0.0"/>
  <testcase name="[302] Лл Лл Лл Лл-Лл Лл-Лл Лл" classname="ru.ac.uniyar.testingcourse.RussianNameValidatorTests" time="0.0"/>
  <testcase name="[303] Лл Лл Лл Лл Лл Лл-Лл Лл" classname="ru.ac.uniyar.testingcourse.RussianNameValidatorTests" time="0.001"/>
  <testcase name="[304] Лл-Лл Лл-Лл-Лл Лл-Лл-Лл Лл Лл-Лл Лл" classname="ru.ac.uniyar.testingcourse.RussianNameValidatorTests" time="0.0"/>
  <testcase name="[305] Лл-Лл Лл Лл-Лл Лл-Лл-Лл Лл-Лл-Лл Лл" classname="ru.ac.uniyar.testingcourse.RussianNameValidatorTests" time="0.0"/>
  <testcase name="[306] Лл-Лл Лл Лл-Лл Лл Лл-Лл Лл-Лл-Лл Лл" classname="ru.ac.uniyar.testingcourse.RussianNameValidatorTests" time="0.001"/>
  <testcase name="[307] Лл Лл-Лл-Лл Лл-Лл-Лл Лл-Лл Лл Лл-Лл" classname="ru.ac.uniyar.testingcourse.RussianNameValidatorTests" time="0.0"/>
  <testcase name="[308] Лл Лл-Лл Лл Лл-Лл-Лл Лл-Лл-Лл Лл-Лл" classname="ru.ac.uniyar.testingcourse.RussianNameValidatorTests" time="0.0"/>
  <testcase name="[309] Лл Лл-Лл Лл Лл-Лл Лл Лл-Лл-Лл Лл-Лл" classname="ru.ac.uniyar.testingcourse.RussianNameValidatorTests" time="0.0"/>
  <testcase name="[310] Лл-Лл Лл-Лл-Лл-Лл Лл-Лл-Лл-Лл Лл-Лл Лл-Лл Лл-Лл" classname="ru.ac.uniyar.testingcourse.RussianNameValidatorTests" time="0.0"/>
  <testcase name="[311] Лл-Лл Лл-Лл Лл-Лл Лл-Лл-Лл-Лл Лл-Лл-Лл-Лл Лл-Лл" classname="ru.ac.uniyar.testingcourse.RussianNameValidatorTests" time="0.0"/>
  <testcase name="[312] Лл-Лл Лл-Лл Лл-Лл Лл-Лл Лл-Лл Лл-Лл-Лл-Лл Лл-Лл" classname="ru.ac.uniyar.testingcourse.RussianNameValidatorTests" time="0.0"/>
  <testcase name="[313] Мм-Мм Мм Мм-Мм-Мм Мм Мм-Мм-Мм Мм Мм Мм-Мм Мм Мм" classname="ru.ac.uniyar.testingcourse.RussianNameValidatorTests" time="0.001"/>
  <testcase name="[314] Мм-Мм Мм Мм Мм-Мм Мм Мм-Мм-Мм Мм Мм-Мм-Мм Мм Мм" classname="ru.ac.uniyar.testingcourse.RussianNameValidatorTests" time="0.0"/>
  <testcase name="[315] Мм-Мм Мм Мм Мм-Мм Мм Мм Мм-Мм Мм Мм-Мм-Мм Мм Мм" classname="ru.ac.uniyar.testingcourse.RussianNameValidatorTests" time="0.0"/>
  <testcase name="[316] Мм Мм-Мм Мм-Мм Мм-Мм Мм-Мм Мм-Мм Мм Мм Мм-Мм Мм" classname="ru.ac.uniyar.testingcourse.RussianNameValidatorTests" time="0.0"/>
  <testcase name="[317] Мм Мм-Мм Мм Мм Мм-Мм Мм-Мм Мм-Мм Мм-Мм Мм-Мм Мм" classname="ru.ac.uniyar.testingcourse.RussianNameValidatorTests" time="0.0"/>
  <testcase name="[318] Мм Мм-Мм Мм Мм Мм-Мм Мм Мм Мм-Мм Мм-Мм Мм-Мм Мм" classname="ru.ac.uniyar.testingcourse.RussianNameValidatorTests" time="0.0"/>
  <testcase name="[319] Мм-Мм Мм-Мм Мм-Мм-Мм Мм-Мм Мм-Мм-Мм Мм-Мм Мм Мм-Мм Мм-Мм Мм" classname="ru.ac.uniyar.testingcourse.RussianNameValidatorTests" time="0.001"/>
  <testcase name="[320] Мм-Мм Мм-Мм Мм Мм-Мм Мм-Мм Мм-Мм-Мм Мм-Мм Мм-Мм-Мм Мм-Мм Мм" classname="ru.ac.uniyar.testingcourse.RussianNameValidatorTests" time="0.001"/>
  <testcase name="[321] Мм-Мм Мм-Мм Мм Мм-Мм Мм-Мм Мм Мм-Мм Мм-Мм Мм-Мм-Мм Мм-Мм Мм" classname="ru.ac.uniyar.testingcourse.RussianNameValidatorTests" time="0.001"/>
  <testcase name="[322] Мм Мм Мм-Мм Мм Мм-Мм Мм Мм Мм Мм Мм" classname="ru.ac.uniyar.testingcourse.RussianNameValidatorTests" time="0.0"/>
  <testcase name="[323] Мм Мм Мм Мм Мм Мм-Мм Мм Мм-Мм Мм Мм" classname="ru.ac.uniyar.testingcourse.RussianNameValidatorTests" time="0.0"/>
  <testcase name="[324] Мм Мм Мм Мм Мм Мм Мм Мм Мм-Мм Мм Мм" classname="ru.ac.uniyar.testingcourse.RussianNameValidatorTests" time="0.0"/>
  <testcase name="[325] Мм Мм-Мм Мм-Мм Мм Мм Мм" classname="ru.ac.uniyar.testingcourse.RussianNameValidatorTests" time="0.0"/>
  <testcase name="[326] Мм Мм Мм Мм-Мм Мм-Мм Мм" classname="ru.ac.uniyar.testingcourse.RussianNameValidatorTests" time="0.0"/>
  <testcase name="[327] Мм Мм Мм Мм Мм Мм-Мм Мм" classname="ru.ac.uniyar.testingcourse.RussianNameValidatorTests" time="0.0"/>
  <testcase name="[328] Мм-Мм Мм-Мм-Мм Мм-Мм-Мм Мм Мм-Мм Мм" classname="ru.ac.uniyar.testingcourse.RussianNameValidatorTests" time="0.0"/>
  <testcase name="[329] Мм-Мм Мм Мм-Мм Мм-Мм-Мм Мм-Мм-Мм Мм" classname="ru.ac.uniyar.testingcourse.RussianNameValidatorTests" time="0.0"/>
  <testcase name="[330] Мм-Мм Мм Мм-Мм Мм Мм-Мм Мм-Мм-Мм Мм" classname="ru.ac.uniyar.testingcourse.RussianNameValidatorTests" time="0.0"/>
  <testcase name="[331] Мм Мм-Мм-Мм Мм-Мм-Мм Мм-Мм Мм Мм-Мм" classname="ru.ac.uniyar.testingcourse.RussianNameValidatorTests" time="0.0"/>
  <testcase name="[332] Мм Мм-Мм Мм Мм-Мм-Мм Мм-Мм-Мм Мм-Мм" classname="ru.ac.uniyar.testingcourse.RussianNameValidatorTests" time="0.001"/>
  <testcase name="[333] Мм Мм-Мм Мм Мм-Мм Мм Мм-Мм-Мм Мм-Мм" classname="ru.ac.uniyar.testingcourse.RussianNameValidatorTests" time="0.0"/>
  <testcase name="[334] Мм-Мм Мм-Мм-Мм-Мм Мм-Мм-Мм-Мм Мм-Мм Мм-Мм Мм-Мм" classname="ru.ac.uniyar.testingcourse.RussianNameValidatorTests" time="0.0"/>
  <testcase name="[335] Мм-Мм Мм-Мм Мм-Мм Мм-Мм-Мм-Мм Мм-Мм-Мм-Мм Мм-Мм" classname="ru.ac.uniyar.testingcourse.RussianNameValidatorTests" time="0.001"/>
  <testcase name="[336] Мм-Мм Мм-Мм Мм-Мм Мм-Мм Мм-Мм Мм-Мм-Мм-Мм Мм-Мм" classname="ru.ac.uniyar.testingcourse.RussianNameValidatorTests" time="0.0"/>
  <testcase name="[337] Нн-Нн Нн Нн-Нн-Нн Нн Нн-Нн-Нн Нн Нн Нн-Нн Нн Нн" classname="ru.ac.uniyar.testingcourse.RussianNameValidatorTests" time="0.001"/>
  <testcase name="[338] Нн-Нн Нн Нн Нн-Нн Нн Нн-Нн-Нн Нн Нн-Нн-Нн Нн Нн" classname="ru.ac.uniyar.testingcourse.RussianNameValidatorTests" time="0.0"/>
  <testcase name="[339] Нн-Нн Нн Нн Нн-Нн Нн Нн Нн-Нн Нн Нн-Нн-Нн Нн Нн" classname="ru.ac.uniyar.testingcourse.RussianNameValidatorTests" time="0.0"/>
  <testcase name="[340] Нн Нн-Нн Нн-Нн Нн-Нн Нн-Нн Нн-Нн Нн Нн Нн-Нн Нн" classname="ru.ac.uniyar.testingcourse.RussianNameValidatorTests" time="0.0"/>
  <testcase name="[341] Нн Нн-Нн Нн Нн Нн-Нн Нн-Нн Нн-Нн Нн-Нн Нн-Нн Нн" classname="ru.ac.uniyar.testingcourse.RussianNameValidatorTests" time="0.001"/>
  <testcase name="[342] Нн Нн-Нн Нн Нн Нн-Нн Нн Нн Нн-Нн Нн-Нн Нн-Нн Нн" classname="ru.ac.uniyar.testingcourse.RussianNameValidatorTests" time="0.0"/>
  <testcase name="[343] Нн-Нн Нн-Нн Нн-Нн-Нн Нн-Нн Нн-Нн-Нн Нн-Нн Нн Нн-Нн Нн-Нн Нн" classname="ru.ac.uniyar.testingcourse.RussianNameValidatorTests" time="0.0"/>
  <testcase name="[344] Нн-Нн Нн-Нн Нн Нн-Нн Нн-Нн Нн-Нн-Нн Нн-Нн Нн-Нн-Нн Нн-Нн Нн" classname="ru.ac.uniyar.testingcourse.RussianNameValidatorTests" time="0.0"/>
  <testcase name="[345] Нн-Нн Нн-Нн Нн Нн-Нн Нн-Нн Нн Нн-Нн Нн-Нн Нн-Нн-Нн Нн-Нн Нн" classname="ru.ac.uniyar.testingcourse.RussianNameValidatorTests" time="0.0"/>
  <testcase name="[346] Нн Нн Нн-Нн Нн Нн-Нн Нн Нн Нн Нн Нн" classname="ru.ac.uniyar.testingcourse.RussianNameValidatorTests" time="0.0"/>
  <testcase name="[347] Нн Нн Нн Нн Нн Нн-Нн Нн Нн-Нн Нн Нн" classname="ru.ac.uniyar.testingcourse.RussianNameValidatorTests" time="0.0"/>
  <testcase name="[348] Нн Нн Нн Нн Нн Нн Нн Нн Нн-Нн Нн Нн" classname="ru.ac.uniyar.testingcourse.RussianNameValidatorTests" time="0.001"/>
  <testcase name="[349] Нн Нн-Нн Нн-Нн Нн Нн Нн" classname="ru.ac.uniyar.testingcourse.RussianNameValidatorTests" time="0.0"/>
  <testcase name="[350] Нн Нн Нн Нн-Нн Нн-Нн Нн" classname="ru.ac.uniyar.testingcourse.RussianNameValidatorTests" time="0.0"/>
  <testcase name="[351] Нн Нн Нн Нн Нн Нн-Нн Нн" classname="ru.ac.uniyar.testingcourse.RussianNameValidatorTests" time="0.0"/>
  <testcase name="[352] Нн-Нн Нн-Нн-Нн Нн-Нн-Нн Нн Нн-Нн Нн" classname="ru.ac.uniyar.testingcourse.RussianNameValidatorTests" time="0.001"/>
  <testcase name="[353] Нн-Нн Нн Нн-Нн Нн-Нн-Нн Нн-Нн-Нн Нн" classname="ru.ac.uniyar.testingcourse.RussianNameValidatorTests" time="0.0"/>
  <testcase name="[354] Нн-Нн Нн Нн-Нн Нн Нн-Нн Нн-Нн-Нн Нн" classname="ru.ac.uniyar.testingcourse.RussianNameValidatorTests" time="0.0"/>
  <testcase name="[355] Нн Нн-Нн-Нн Нн-Нн-Нн Нн-Нн Нн Нн-Нн" classname="ru.ac.uniyar.testingcourse.RussianNameValidatorTests" time="0.001"/>
  <testcase name="[356] Нн Нн-Нн Нн Нн-Нн-Нн Нн-Нн-Нн Нн-Нн" classname="ru.ac.uniyar.testingcourse.RussianNameValidatorTests" time="0.0"/>
  <testcase name="[357] Нн Нн-Нн Нн Нн-Нн Нн Нн-Нн-Нн Нн-Нн" classname="ru.ac.uniyar.testingcourse.RussianNameValidatorTests" time="0.0"/>
  <testcase name="[358] Нн-Нн Нн-Нн-Нн-Нн Нн-Нн-Нн-Нн Нн-Нн Нн-Нн Нн-Нн" classname="ru.ac.uniyar.testingcourse.RussianNameValidatorTests" time="0.0"/>
  <testcase name="[359] Нн-Нн Нн-Нн Нн-Нн Нн-Нн-Нн-Нн Нн-Нн-Нн-Нн Нн-Нн" classname="ru.ac.uniyar.testingcourse.RussianNameValidatorTests" time="0.0"/>
  <testcase name="[360] Нн-Нн Нн-Нн Нн-Нн Нн-Нн Нн-Нн Нн-Нн-Нн-Нн Нн-Нн" classname="ru.ac.uniyar.testingcourse.RussianNameValidatorTests" time="0.0"/>
  <testcase name="[361] Оо-Оо Оо Оо-Оо-Оо Оо Оо-Оо-Оо Оо Оо Оо-Оо Оо Оо" classname="ru.ac.uniyar.testingcourse.RussianNameValidatorTests" time="0.0"/>
  <testcase name="[362] Оо-Оо Оо Оо Оо-Оо Оо Оо-Оо-Оо Оо Оо-Оо-Оо Оо Оо" classname="ru.ac.uniyar.testingcourse.RussianNameValidatorTests" time="0.0"/>
  <testcase name="[363] Оо-Оо Оо Оо Оо-Оо Оо Оо Оо-Оо Оо Оо-Оо-Оо Оо Оо" classname="ru.ac.uniyar.testingcourse.RussianNameValidatorTests" time="0.0"/>
  <testcase name="[364] Оо Оо-Оо Оо-Оо Оо-Оо Оо-Оо Оо-Оо Оо Оо Оо-Оо Оо" classname="ru.ac.uniyar.testingcourse.RussianNameValidatorTests" time="0.0"/>
  <testcase name="[365] Оо Оо-Оо Оо Оо Оо-Оо Оо-Оо Оо-Оо Оо-Оо Оо-Оо Оо" classname="ru.ac.uniyar.testingcourse.RussianNameValidatorTests" time="0.0"/>
  <testcase name="[366] Оо Оо-Оо Оо Оо Оо-Оо Оо Оо Оо-Оо Оо-Оо Оо-Оо Оо" classname="ru.ac.uniyar.testingcourse.RussianNameValidatorTests" time="0.001"/>
  <testcase name="[367] Оо-Оо Оо-Оо Оо-Оо-Оо Оо-Оо Оо-Оо-Оо Оо-Оо Оо Оо-Оо Оо-Оо Оо" classname="ru.ac.uniyar.testingcourse.RussianNameValidatorTests" time="0.0"/>
  <testcase name="[368] Оо-Оо Оо-Оо Оо Оо-Оо Оо-Оо Оо-Оо-Оо Оо-Оо Оо-Оо-Оо Оо-Оо Оо" classname="ru.ac.uniyar.testingcourse.RussianNameValidatorTests" time="0.0"/>
  <testcase name="[369] Оо-Оо Оо-Оо Оо Оо-Оо Оо-Оо Оо Оо-Оо Оо-Оо Оо-Оо-Оо Оо-Оо Оо" classname="ru.ac.uniyar.testingcourse.RussianNameValidatorTests" time="0.0"/>
  <testcase name="[370] Оо Оо Оо-Оо Оо Оо-Оо Оо Оо Оо Оо Оо" classname="ru.ac.uniyar.testingcourse.RussianNameValidatorTests" time="0.0"/>
  <testcase name="[371] Оо Оо Оо Оо Оо Оо-Оо Оо Оо-Оо Оо Оо" classname="ru.ac.uniyar.testingcourse.RussianNameValidatorTests" time="0.001"/>
  <testcase name="[372] Оо Оо Оо Оо Оо Оо Оо Оо Оо-Оо Оо Оо" classname="ru.ac.uniyar.testingcourse.RussianNameValidatorTests" time="0.001"/>
  <testcase name="[373] Оо Оо-Оо Оо-Оо Оо Оо Оо" classname="ru.ac.uniyar.testingcourse.RussianNameValidatorTests" time="0.0"/>
  <testcase name="[374] Оо Оо Оо Оо-Оо Оо-Оо Оо" classname="ru.ac.uniyar.testingcourse.RussianNameValidatorTests" time="0.001"/>
  <testcase name="[375] Оо Оо Оо Оо Оо Оо-Оо Оо" classname="ru.ac.uniyar.testingcourse.RussianNameValidatorTests" time="0.0"/>
  <testcase name="[376] Оо-Оо Оо-Оо-Оо Оо-Оо-Оо Оо Оо-Оо Оо" classname="ru.ac.uniyar.testingcourse.RussianNameValidatorTests" time="0.0"/>
  <testcase name="[377] Оо-Оо Оо Оо-Оо Оо-Оо-Оо Оо-Оо-Оо Оо" classname="ru.ac.uniyar.testingcourse.RussianNameValidatorTests" time="0.0"/>
  <testcase name="[378] Оо-Оо Оо Оо-Оо Оо Оо-Оо Оо-Оо-Оо Оо" classname="ru.ac.uniyar.testingcourse.RussianNameValidatorTests" time="0.0"/>
  <testcase name="[379] Оо Оо-Оо-Оо Оо-Оо-Оо Оо-Оо Оо Оо-Оо" classname="ru.ac.uniyar.testingcourse.RussianNameValidatorTests" time="0.0"/>
  <testcase name="[380] Оо Оо-Оо Оо Оо-Оо-Оо Оо-Оо-Оо Оо-Оо" classname="ru.ac.uniyar.testingcourse.RussianNameValidatorTests" time="0.0"/>
  <testcase name="[381] Оо Оо-Оо Оо Оо-Оо Оо Оо-Оо-Оо Оо-Оо" classname="ru.ac.uniyar.testingcourse.RussianNameValidatorTests" time="0.0"/>
  <testcase name="[382] Оо-Оо Оо-Оо-Оо-Оо Оо-Оо-Оо-Оо Оо-Оо Оо-Оо Оо-Оо" classname="ru.ac.uniyar.testingcourse.RussianNameValidatorTests" time="0.0"/>
  <testcase name="[383] Оо-Оо Оо-Оо Оо-Оо Оо-Оо-Оо-Оо Оо-Оо-Оо-Оо Оо-Оо" classname="ru.ac.uniyar.testingcourse.RussianNameValidatorTests" time="0.001"/>
  <testcase name="[384] Оо-Оо Оо-Оо Оо-Оо Оо-Оо Оо-Оо Оо-Оо-Оо-Оо Оо-Оо" classname="ru.ac.uniyar.testingcourse.RussianNameValidatorTests" time="0.0"/>
  <testcase name="[385] Пп-Пп Пп Пп-Пп-Пп Пп Пп-Пп-Пп Пп Пп Пп-Пп Пп Пп" classname="ru.ac.uniyar.testingcourse.RussianNameValidatorTests" time="0.0"/>
  <testcase name="[386] Пп-Пп Пп Пп Пп-Пп Пп Пп-Пп-Пп Пп Пп-Пп-Пп Пп Пп" classname="ru.ac.uniyar.testingcourse.RussianNameValidatorTests" time="0.001"/>
  <testcase name="[387] Пп-Пп Пп Пп Пп-Пп Пп Пп Пп-Пп Пп Пп-Пп-Пп Пп Пп" classname="ru.ac.uniyar.testingcourse.RussianNameValidatorTests" time="0.0"/>
  <testcase name="[388] Пп Пп-Пп Пп-Пп Пп-Пп Пп-Пп Пп-Пп Пп Пп Пп-Пп Пп" classname="ru.ac.uniyar.testingcourse.RussianNameValidatorTests" time="0.0"/>
  <testcase name="[389] Пп Пп-Пп Пп Пп Пп-Пп Пп-Пп Пп-Пп Пп-Пп Пп-Пп Пп" classname="ru.ac.uniyar.testingcourse.RussianNameValidatorTests" time="0.0"/>
  <testcase name="[390] Пп Пп-Пп Пп Пп Пп-Пп Пп Пп Пп-Пп Пп-Пп Пп-Пп Пп" classname="ru.ac.uniyar.testingcourse.RussianNameValidatorTests" time="0.0"/>
  <testcase name="[391] Пп-Пп Пп-Пп Пп-Пп-Пп Пп-Пп Пп-Пп-Пп Пп-Пп Пп Пп-Пп Пп-Пп Пп" classname="ru.ac.uniyar.testingcourse.RussianNameValidatorTests" time="0.0"/>
  <testcase name="[392] Пп-Пп Пп-Пп Пп Пп-Пп Пп-Пп Пп-Пп-Пп Пп-Пп Пп-Пп-Пп Пп-Пп Пп" classname="ru.ac.uniyar.testingcourse.RussianNameValidatorTests" time="0.0"/>
  <testcase name="[393] Пп-Пп Пп-Пп Пп Пп-Пп Пп-Пп Пп Пп-Пп Пп-Пп Пп-Пп-Пп Пп-Пп Пп" classname="ru.ac.uniyar.testingcourse.RussianNameValidatorTests" time="0.0"/>
  <testcase name="[394] Пп Пп Пп-Пп Пп Пп-Пп Пп Пп Пп Пп Пп" classname="ru.ac.uniyar.testingcourse.RussianNameValidatorTests" time="0.0"/>
  <testcase name="[395] Пп Пп Пп Пп Пп Пп-Пп Пп Пп-Пп Пп Пп" classname="ru.ac.uniyar.testingcourse.RussianNameValidatorTests" time="0.0"/>
  <testcase name="[396] Пп Пп Пп Пп Пп Пп Пп Пп Пп-Пп Пп Пп" classname="ru.ac.uniyar.testingcourse.RussianNameValidatorTests" time="0.0"/>
  <testcase name="[397] Пп Пп-Пп Пп-Пп Пп Пп Пп" classname="ru.ac.uniyar.testingcourse.RussianNameValidatorTests" time="0.0"/>
  <testcase name="[398] Пп Пп Пп Пп-Пп Пп-Пп Пп" classname="ru.ac.uniyar.testingcourse.RussianNameValidatorTests" time="0.0"/>
  <testcase name="[399] Пп Пп Пп Пп Пп Пп-Пп Пп" classname="ru.ac.uniyar.testingcourse.RussianNameValidatorTests" time="0.001"/>
  <testcase name="[400] Пп-Пп Пп-Пп-Пп Пп-Пп-Пп Пп Пп-Пп Пп" classname="ru.ac.uniyar.testingcourse.RussianNameValidatorTests" time="0.0"/>
  <testcase name="[401] Пп-Пп Пп Пп-Пп Пп-Пп-Пп Пп-Пп-Пп Пп" classname="ru.ac.uniyar.testingcourse.RussianNameValidatorTests" time="0.001"/>
  <testcase name="[402] Пп-Пп Пп Пп-Пп Пп Пп-Пп Пп-Пп-Пп Пп" classname="ru.ac.uniyar.testingcourse.RussianNameValidatorTests" time="0.001"/>
  <testcase name="[403] Пп Пп-Пп-Пп Пп-Пп-Пп Пп-Пп Пп Пп-Пп" classname="ru.ac.uniyar.testingcourse.RussianNameValidatorTests" time="0.001"/>
  <testcase name="[404] Пп Пп-Пп Пп Пп-Пп-Пп Пп-Пп-Пп Пп-Пп" classname="ru.ac.uniyar.testingcourse.RussianNameValidatorTests" time="0.0"/>
  <testcase name="[405] Пп Пп-Пп Пп Пп-Пп Пп Пп-Пп-Пп Пп-Пп" classname="ru.ac.uniyar.testingcourse.RussianNameValidatorTests" time="0.0"/>
  <testcase name="[406] Пп-Пп Пп-Пп-Пп-Пп Пп-Пп-Пп-Пп Пп-Пп Пп-Пп Пп-Пп" classname="ru.ac.uniyar.testingcourse.RussianNameValidatorTests" time="0.0"/>
  <testcase name="[407] Пп-Пп Пп-Пп Пп-Пп Пп-Пп-Пп-Пп Пп-Пп-Пп-Пп Пп-Пп" classname="ru.ac.uniyar.testingcourse.RussianNameValidatorTests" time="0.0"/>
  <testcase name="[408] Пп-Пп Пп-Пп Пп-Пп Пп-Пп Пп-Пп Пп-Пп-Пп-Пп Пп-Пп" classname="ru.ac.uniyar.testingcourse.RussianNameValidatorTests" time="0.001"/>
  <testcase name="[409] Рр-Рр Рр Рр-Рр-Рр Рр Рр-Рр-Рр Рр Рр Рр-Рр Рр Рр" classname="ru.ac.uniyar.testingcourse.RussianNameValidatorTests" time="0.0"/>
  <testcase name="[410] Рр-Рр Рр Рр Рр-Рр Рр Рр-Рр-Рр Рр Рр-Рр-Рр Рр Рр" classname="ru.ac.uniyar.testingcourse.RussianNameValidatorTests" time="0.0"/>
  <testcase name="[411] Рр-Рр Рр Рр Рр-Рр Рр Рр Рр-Рр Рр Рр-Рр-Рр Рр Рр" classname="ru.ac.uniyar.testingcourse.RussianNameValidatorTests" time="0.0"/>
  <testcase name="[412] Рр Рр-Рр Рр-Рр Рр-Рр Рр-Рр Рр-Рр Рр Рр Рр-Рр Рр" classname="ru.ac.uniyar.testingcourse.RussianNameValidatorTests" time="0.0"/>
  <testcase name="[413] Рр Рр-Рр Рр Рр Рр-Рр Рр-Рр Рр-Рр Рр-Рр Рр-Рр Рр" classname="ru.ac.uniyar.testingcourse.RussianNameValidatorTests" time="0.0"/>
  <testcase name="[414] Рр Рр-Рр Рр Рр Рр-Рр Рр Рр Рр-Рр Рр-Рр Рр-Рр Рр" classname="ru.ac.uniyar.testingcourse.RussianNameValidatorTests" time="0.0"/>
  <testcase name="[415] Рр-Рр Рр-Рр Рр-Рр-Рр Рр-Рр Рр-Рр-Рр Рр-Рр Рр Рр-Рр Рр-Рр Рр" classname="ru.ac.uniyar.testingcourse.RussianNameValidatorTests" time="0.0"/>
  <testcase name="[416] Рр-Рр Рр-Рр Рр Рр-Рр Рр-Рр Рр-Рр-Рр Рр-Рр Рр-Рр-Рр Рр-Рр Рр" classname="ru.ac.uniyar.testingcourse.RussianNameValidatorTests" time="0.0"/>
  <testcase name="[417] Рр-Рр Рр-Рр Рр Рр-Рр Рр-Рр Рр Рр-Рр Рр-Рр Рр-Рр-Рр Рр-Рр Рр" classname="ru.ac.uniyar.testingcourse.RussianNameValidatorTests" time="0.0"/>
  <testcase name="[418] Рр Рр Рр-Рр Рр Рр-Рр Рр Рр Рр Рр Рр" classname="ru.ac.uniyar.testingcourse.RussianNameValidatorTests" time="0.001"/>
  <testcase name="[419] Рр Рр Рр Рр Рр Рр-Рр Рр Рр-Рр Рр Рр" classname="ru.ac.uniyar.testingcourse.RussianNameValidatorTests" time="0.0"/>
  <testcase name="[420] Рр Рр Рр Рр Рр Рр Рр Рр Рр-Рр Рр Рр" classname="ru.ac.uniyar.testingcourse.RussianNameValidatorTests" time="0.001"/>
  <testcase name="[421] Рр Рр-Рр Рр-Рр Рр Рр Рр" classname="ru.ac.uniyar.testingcourse.RussianNameValidatorTests" time="0.001"/>
  <testcase name="[422] Рр Рр Рр Рр-Рр Рр-Рр Рр" classname="ru.ac.uniyar.testingcourse.RussianNameValidatorTests" time="0.0"/>
  <testcase name="[423] Рр Рр Рр Рр Рр Рр-Рр Рр" classname="ru.ac.uniyar.testingcourse.RussianNameValidatorTests" time="0.0"/>
  <testcase name="[424] Рр-Рр Рр-Рр-Рр Рр-Рр-Рр Рр Рр-Рр Рр" classname="ru.ac.uniyar.testingcourse.RussianNameValidatorTests" time="0.0"/>
  <testcase name="[425] Рр-Рр Рр Рр-Рр Рр-Рр-Рр Рр-Рр-Рр Рр" classname="ru.ac.uniyar.testingcourse.RussianNameValidatorTests" time="0.0"/>
  <testcase name="[426] Рр-Рр Рр Рр-Рр Рр Рр-Рр Рр-Рр-Рр Рр" classname="ru.ac.uniyar.testingcourse.RussianNameValidatorTests" time="0.0"/>
  <testcase name="[427] Рр Рр-Рр-Рр Рр-Рр-Рр Рр-Рр Рр Рр-Рр" classname="ru.ac.uniyar.testingcourse.RussianNameValidatorTests" time="0.0"/>
  <testcase name="[428] Рр Рр-Рр Рр Рр-Рр-Рр Рр-Рр-Рр Рр-Рр" classname="ru.ac.uniyar.testingcourse.RussianNameValidatorTests" time="0.001"/>
  <testcase name="[429] Рр Рр-Рр Рр Рр-Рр Рр Рр-Рр-Рр Рр-Рр" classname="ru.ac.uniyar.testingcourse.RussianNameValidatorTests" time="0.001"/>
  <testcase name="[430] Рр-Рр Рр-Рр-Рр-Рр Рр-Рр-Рр-Рр Рр-Рр Рр-Рр Рр-Рр" classname="ru.ac.uniyar.testingcourse.RussianNameValidatorTests" time="0.0"/>
  <testcase name="[431] Рр-Рр Рр-Рр Рр-Рр Рр-Рр-Рр-Рр Рр-Рр-Рр-Рр Рр-Рр" classname="ru.ac.uniyar.testingcourse.RussianNameValidatorTests" time="0.0"/>
  <testcase name="[432] Рр-Рр Рр-Рр Рр-Рр Рр-Рр Рр-Рр Рр-Рр-Рр-Рр Рр-Рр" classname="ru.ac.uniyar.testingcourse.RussianNameValidatorTests" time="0.001"/>
  <testcase name="[433] Сс-Сс Сс Сс-Сс-Сс Сс Сс-Сс-Сс Сс Сс Сс-Сс Сс Сс" classname="ru.ac.uniyar.testingcourse.RussianNameValidatorTests" time="0.0"/>
  <testcase name="[434] Сс-Сс Сс Сс Сс-Сс Сс Сс-Сс-Сс Сс Сс-Сс-Сс Сс Сс" classname="ru.ac.uniyar.testingcourse.RussianNameValidatorTests" time="0.0"/>
  <testcase name="[435] Сс-Сс Сс Сс Сс-Сс Сс Сс Сс-Сс Сс Сс-Сс-Сс Сс Сс" classname="ru.ac.uniyar.testingcourse.RussianNameValidatorTests" time="0.0"/>
  <testcase name="[436] Сс Сс-Сс Сс-Сс Сс-Сс Сс-Сс Сс-Сс Сс Сс Сс-Сс Сс" classname="ru.ac.uniyar.testingcourse.RussianNameValidatorTests" time="0.0"/>
  <testcase name="[437] Сс Сс-Сс Сс Сс Сс-Сс Сс-Сс Сс-Сс Сс-Сс Сс-Сс Сс" classname="ru.ac.uniyar.testingcourse.RussianNameValidatorTests" time="0.0"/>
  <testcase name="[438] Сс Сс-Сс Сс Сс Сс-Сс Сс Сс Сс-Сс Сс-Сс Сс-Сс Сс" classname="ru.ac.uniyar.testingcourse.RussianNameValidatorTests" time="0.0"/>
  <testcase name="[439] Сс-Сс Сс-Сс Сс-Сс-Сс Сс-Сс Сс-Сс-Сс Сс-Сс Сс Сс-Сс Сс-Сс Сс" classname="ru.ac.uniyar.testingcourse.RussianNameValidatorTests" time="0.0"/>
  <testcase name="[440] Сс-Сс Сс-Сс Сс Сс-Сс Сс-Сс Сс-Сс-Сс Сс-Сс Сс-Сс-Сс Сс-Сс Сс" classname="ru.ac.uniyar.testingcourse.RussianNameValidatorTests" time="0.0"/>
  <testcase name="[441] Сс-Сс Сс-Сс Сс Сс-Сс Сс-Сс Сс Сс-Сс Сс-Сс Сс-Сс-Сс Сс-Сс Сс" classname="ru.ac.uniyar.testingcourse.RussianNameValidatorTests" time="0.001"/>
  <testcase name="[442] Сс Сс Сс-Сс Сс Сс-Сс Сс Сс Сс Сс Сс" classname="ru.ac.uniyar.testingcourse.RussianNameValidatorTests" time="0.0"/>
  <testcase name="[443] Сс Сс Сс Сс Сс Сс-Сс Сс Сс-Сс Сс Сс" classname="ru.ac.uniyar.testingcourse.RussianNameValidatorTests" time="0.0"/>
  <testcase name="[444] Сс Сс Сс Сс Сс Сс Сс Сс Сс-Сс Сс Сс" classname="ru.ac.uniyar.testingcourse.RussianNameValidatorTests" time="0.001"/>
  <testcase name="[445] Сс Сс-Сс Сс-Сс Сс Сс Сс" classname="ru.ac.uniyar.testingcourse.RussianNameValidatorTests" time="0.0"/>
  <testcase name="[446] Сс Сс Сс Сс-Сс Сс-Сс Сс" classname="ru.ac.uniyar.testingcourse.RussianNameValidatorTests" time="0.0"/>
  <testcase name="[447] Сс Сс Сс Сс Сс Сс-Сс Сс" classname="ru.ac.uniyar.testingcourse.RussianNameValidatorTests" time="0.0"/>
  <testcase name="[448] Сс-Сс Сс-Сс-Сс Сс-Сс-Сс Сс Сс-Сс Сс" classname="ru.ac.uniyar.testingcourse.RussianNameValidatorTests" time="0.0"/>
  <testcase name="[449] Сс-Сс Сс Сс-Сс Сс-Сс-Сс Сс-Сс-Сс Сс" classname="ru.ac.uniyar.testingcourse.RussianNameValidatorTests" time="0.0"/>
  <testcase name="[450] Сс-Сс Сс Сс-Сс Сс Сс-Сс Сс-Сс-Сс Сс" classname="ru.ac.uniyar.testingcourse.RussianNameValidatorTests" time="0.0"/>
  <testcase name="[451] Сс Сс-Сс-Сс Сс-Сс-Сс Сс-Сс Сс Сс-Сс" classname="ru.ac.uniyar.testingcourse.RussianNameValidatorTests" time="0.0"/>
  <testcase name="[452] Сс Сс-Сс Сс Сс-Сс-Сс Сс-Сс-Сс Сс-Сс" classname="ru.ac.uniyar.testingcourse.RussianNameValidatorTests" time="0.0"/>
  <testcase name="[453] Сс Сс-Сс Сс Сс-Сс Сс Сс-Сс-Сс Сс-Сс" classname="ru.ac.uniyar.testingcourse.RussianNameValidatorTests" time="0.001"/>
  <testcase name="[454] Сс-Сс Сс-Сс-Сс-Сс Сс-Сс-Сс-Сс Сс-Сс Сс-Сс Сс-Сс" classname="ru.ac.uniyar.testingcourse.RussianNameValidatorTests" time="0.0"/>
  <testcase name="[455] Сс-Сс Сс-Сс Сс-Сс Сс-Сс-Сс-Сс Сс-Сс-Сс-Сс Сс-Сс" classname="ru.ac.uniyar.testingcourse.RussianNameValidatorTests" time="0.001"/>
  <testcase name="[456] Сс-Сс Сс-Сс Сс-Сс Сс-Сс Сс-Сс Сс-Сс-Сс-Сс Сс-Сс" classname="ru.ac.uniyar.testingcourse.RussianNameValidatorTests" time="0.0"/>
  <testcase name="[457] Тт-Тт Тт Тт-Тт-Тт Тт Тт-Тт-Тт Тт Тт Тт-Тт Тт Тт" classname="ru.ac.uniyar.testingcourse.RussianNameValidatorTests" time="0.0"/>
  <testcase name="[458] Тт-Тт Тт Тт Тт-Тт Тт Тт-Тт-Тт Тт Тт-Тт-Тт Тт Тт" classname="ru.ac.uniyar.testingcourse.RussianNameValidatorTests" time="0.0"/>
  <testcase name="[459] Тт-Тт Тт Тт Тт-Тт Тт Тт Тт-Тт Тт Тт-Тт-Тт Тт Тт" classname="ru.ac.uniyar.testingcourse.RussianNameValidatorTests" time="0.0"/>
  <testcase name="[460] Тт Тт-Тт Тт-Тт Тт-Тт Тт-Тт Тт-Тт Тт Тт Тт-Тт Тт" classname="ru.ac.uniyar.testingcourse.RussianNameValidatorTests" time="0.0"/>
  <testcase name="[461] Тт Тт-Тт Тт Тт Тт-Тт Тт-Тт Тт-Тт Тт-Тт Тт-Тт Тт" classname="ru.ac.uniyar.testingcourse.RussianNameValidatorTests" time="0.0"/>
  <testcase name="[462] Тт Тт-Тт Тт Тт Тт-Тт Тт Тт Тт-Тт Тт-Тт Тт-Тт Тт" classname="ru.ac.uniyar.testingcourse.RussianNameValidatorTests" time="0.0"/>
  <testcase name="[463] Тт-Тт Тт-Тт Тт-Тт-Тт Тт-Тт Тт-Тт-Тт Тт-Тт Тт Тт-Тт Тт-Тт Тт" classname="ru.ac.uniyar.testingcourse.RussianNameValidatorTests" time="0.0"/>
  <testcase name="[464] Тт-Тт Тт-Тт Тт Тт-Тт Тт-Тт Тт-Тт-Тт Тт-Тт Тт-Тт-Тт Тт-Тт Тт" classname="ru.ac.uniyar.testingcourse.RussianNameValidatorTests" time="0.001"/>
  <testcase name="[465] Тт-Тт Тт-Тт Тт Тт-Тт Тт-Тт Тт Тт-Тт Тт-Тт Тт-Тт-Тт Тт-Тт Тт" classname="ru.ac.uniyar.testingcourse.RussianNameValidatorTests" time="0.0"/>
  <testcase name="[466] Тт Тт Тт-Тт Тт Тт-Тт Тт Тт Тт Тт Тт" classname="ru.ac.uniyar.testingcourse.RussianNameValidatorTests" time="0.0"/>
  <testcase name="[467] Тт Тт Тт Тт Тт Тт-Тт Тт Тт-Тт Тт Тт" classname="ru.ac.uniyar.testingcourse.RussianNameValidatorTests" time="0.0"/>
  <testcase name="[468] Тт Тт Тт Тт Тт Тт Тт Тт Тт-Тт Тт Тт" classname="ru.ac.uniyar.testingcourse.RussianNameValidatorTests" time="0.001"/>
  <testcase name="[469] Тт Тт-Тт Тт-Тт Тт Тт Тт" classname="ru.ac.uniyar.testingcourse.RussianNameValidatorTests" time="0.0"/>
  <testcase name="[470] Тт Тт Тт Тт-Тт Тт-Тт Тт" classname="ru.ac.uniyar.testingcourse.RussianNameValidatorTests" time="0.0"/>
  <testcase name="[471] Тт Тт Тт Тт Тт Тт-Тт Тт" classname="ru.ac.uniyar.testingcourse.RussianNameValidatorTests" time="0.0"/>
  <testcase name="[472] Тт-Тт Тт-Тт-Тт Тт-Тт-Тт Тт Тт-Тт Тт" classname="ru.ac.uniyar.testingcourse.RussianNameValidatorTests" time="0.0"/>
  <testcase name="[473] Тт-Тт Тт Тт-Тт Тт-Тт-Тт Тт-Тт-Тт Тт" classname="ru.ac.uniyar.testingcourse.RussianNameValidatorTests" time="0.0"/>
  <testcase name="[474] Тт-Тт Тт Тт-Тт Тт Тт-Тт Тт-Тт-Тт Тт" classname="ru.ac.uniyar.testingcourse.RussianNameValidatorTests" time="0.001"/>
  <testcase name="[475] Тт Тт-Тт-Тт Тт-Тт-Тт Тт-Тт Тт Тт-Тт" classname="ru.ac.uniyar.testingcourse.RussianNameValidatorTests" time="0.0"/>
  <testcase name="[476] Тт Тт-Тт Тт Тт-Тт-Тт Тт-Тт-Тт Тт-Тт" classname="ru.ac.uniyar.testingcourse.RussianNameValidatorTests" time="0.001"/>
  <testcase name="[477] Тт Тт-Тт Тт Тт-Тт Тт Тт-Тт-Тт Тт-Тт" classname="ru.ac.uniyar.testingcourse.RussianNameValidatorTests" time="0.0"/>
  <testcase name="[478] Тт-Тт Тт-Тт-Тт-Тт Тт-Тт-Тт-Тт Тт-Тт Тт-Тт Тт-Тт" classname="ru.ac.uniyar.testingcourse.RussianNameValidatorTests" time="0.0"/>
  <testcase name="[479] Тт-Тт Тт-Тт Тт-Тт Тт-Тт-Тт-Тт Тт-Тт-Тт-Тт Тт-Тт" classname="ru.ac.uniyar.testingcourse.RussianNameValidatorTests" time="0.0"/>
  <testcase name="[480] Тт-Тт Тт-Тт Тт-Тт Тт-Тт Тт-Тт Тт-Тт-Тт-Тт Тт-Тт" classname="ru.ac.uniyar.testingcourse.RussianNameValidatorTests" time="0.001"/>
  <testcase name="[481] Уу-Уу Уу Уу-Уу-Уу Уу Уу-Уу-Уу Уу Уу Уу-Уу Уу Уу" classname="ru.ac.uniyar.testingcourse.RussianNameValidatorTests" time="0.001"/>
  <testcase name="[482] Уу-Уу Уу Уу Уу-Уу Уу Уу-Уу-Уу Уу Уу-Уу-Уу Уу Уу" classname="ru.ac.uniyar.testingcourse.RussianNameValidatorTests" time="0.0"/>
  <testcase name="[483] Уу-Уу Уу Уу Уу-Уу Уу Уу Уу-Уу Уу Уу-Уу-Уу Уу Уу" classname="ru.ac.uniyar.testingcourse.RussianNameValidatorTests" time="0.0"/>
  <testcase name="[484] Уу Уу-Уу Уу-Уу Уу-Уу Уу-Уу Уу-Уу Уу Уу Уу-Уу Уу" classname="ru.ac.uniyar.testingcourse.RussianNameValidatorTests" time="0.0"/>
  <testcase name="[485] Уу Уу-Уу Уу Уу Уу-Уу Уу-Уу Уу-Уу Уу-Уу Уу-Уу Уу" classname="ru.ac.uniyar.testingcourse.RussianNameValidatorTests" time="0.0"/>
  <testcase name="[486] Уу Уу-Уу Уу Уу Уу-Уу Уу Уу Уу-Уу Уу-Уу Уу-Уу Уу" classname="ru.ac.uniyar.testingcourse.RussianNameValidatorTests" time="0.0"/>
  <testcase name="[487] Уу-Уу Уу-Уу Уу-Уу-Уу Уу-Уу Уу-Уу-Уу Уу-Уу Уу Уу-Уу Уу-Уу Уу" classname="ru.ac.uniyar.testingcourse.RussianNameValidatorTests" time="0.0"/>
  <testcase name="[488] Уу-Уу Уу-Уу Уу Уу-Уу Уу-Уу Уу-Уу-Уу Уу-Уу Уу-Уу-Уу Уу-Уу Уу" classname="ru.ac.uniyar.testingcourse.RussianNameValidatorTests" time="0.0"/>
  <testcase name="[489] Уу-Уу Уу-Уу Уу Уу-Уу Уу-Уу Уу Уу-Уу Уу-Уу Уу-Уу-Уу Уу-Уу Уу" classname="ru.ac.uniyar.testingcourse.RussianNameValidatorTests" time="0.0"/>
  <testcase name="[490] Уу Уу Уу-Уу Уу Уу-Уу Уу Уу Уу Уу Уу" classname="ru.ac.uniyar.testingcourse.RussianNameValidatorTests" time="0.001"/>
  <testcase name="[491] Уу Уу Уу Уу Уу Уу-Уу Уу Уу-Уу Уу Уу" classname="ru.ac.uniyar.testingcourse.RussianNameValidatorTests" time="0.001"/>
  <testcase name="[492] Уу Уу Уу Уу Уу Уу Уу Уу Уу-Уу Уу Уу" classname="ru.ac.uniyar.testingcourse.RussianNameValidatorTests" time="0.0"/>
  <testcase name="[493] Уу Уу-Уу Уу-Уу Уу Уу Уу" classname="ru.ac.uniyar.testingcourse.RussianNameValidatorTests" time="0.0"/>
  <testcase name="[494] Уу Уу Уу Уу-Уу Уу-Уу Уу" classname="ru.ac.uniyar.testingcourse.RussianNameValidatorTests" time="0.001"/>
  <testcase name="[495] Уу Уу Уу Уу Уу Уу-Уу Уу" classname="ru.ac.uniyar.testingcourse.RussianNameValidatorTests" time="0.001"/>
  <testcase name="[496] Уу-Уу Уу-Уу-Уу Уу-Уу-Уу Уу Уу-Уу Уу" classname="ru.ac.uniyar.testingcourse.RussianNameValidatorTests" time="0.001"/>
  <testcase name="[497] Уу-Уу Уу Уу-Уу Уу-Уу-Уу Уу-Уу-Уу Уу" classname="ru.ac.uniyar.testingcourse.RussianNameValidatorTests" time="0.0"/>
  <testcase name="[498] Уу-Уу Уу Уу-Уу Уу Уу-Уу Уу-Уу-Уу Уу" classname="ru.ac.uniyar.testingcourse.RussianNameValidatorTests" time="0.0"/>
  <testcase name="[499] Уу Уу-Уу-Уу Уу-Уу-Уу Уу-Уу Уу Уу-Уу" classname="ru.ac.uniyar.testingcourse.RussianNameValidatorTests" time="0.0"/>
  <testcase name="[500] Уу Уу-Уу Уу Уу-Уу-Уу Уу-Уу-Уу Уу-Уу" classname="ru.ac.uniyar.testingcourse.RussianNameValidatorTests" time="0.001"/>
  <testcase name="[501] Уу Уу-Уу Уу Уу-Уу Уу Уу-Уу-Уу Уу-Уу" classname="ru.ac.uniyar.testingcourse.RussianNameValidatorTests" time="0.0"/>
  <testcase name="[502] Уу-Уу Уу-Уу-Уу-Уу Уу-Уу-Уу-Уу Уу-Уу Уу-Уу Уу-Уу" classname="ru.ac.uniyar.testingcourse.RussianNameValidatorTests" time="0.0"/>
  <testcase name="[503] Уу-Уу Уу-Уу Уу-Уу Уу-Уу-Уу-Уу Уу-Уу-Уу-Уу Уу-Уу" classname="ru.ac.uniyar.testingcourse.RussianNameValidatorTests" time="0.001"/>
  <testcase name="[504] Уу-Уу Уу-Уу Уу-Уу Уу-Уу Уу-Уу Уу-Уу-Уу-Уу Уу-Уу" classname="ru.ac.uniyar.testingcourse.RussianNameValidatorTests" time="0.0"/>
  <testcase name="[505] Фф-Фф Фф Фф-Фф-Фф Фф Фф-Фф-Фф Фф Фф Фф-Фф Фф Фф" classname="ru.ac.uniyar.testingcourse.RussianNameValidatorTests" time="0.0"/>
  <testcase name="[506] Фф-Фф Фф Фф Фф-Фф Фф Фф-Фф-Фф Фф Фф-Фф-Фф Фф Фф" classname="ru.ac.uniyar.testingcourse.RussianNameValidatorTests" time="0.0"/>
  <testcase name="[507] Фф-Фф Фф Фф Фф-Фф Фф Фф Фф-Фф Фф Фф-Фф-Фф Фф Фф" classname="ru.ac.uniyar.testingcourse.RussianNameValidatorTests" time="0.001"/>
  <testcase name="[508] Фф Фф-Фф Фф-Фф Фф-Фф Фф-Фф Фф-Фф Фф Фф Фф-Фф Фф" classname="ru.ac.uniyar.testingcourse.RussianNameValidatorTests" time="0.0"/>
  <testcase name="[509] Фф Фф-Фф Фф Фф Фф-Фф Фф-Фф Фф-Фф Фф-Фф Фф-Фф Фф" classname="ru.ac.uniyar.testingcourse.RussianNameValidatorTests" time="0.0"/>
  <testcase name="[510] Фф Фф-Фф Фф Фф Фф-Фф Фф Фф Фф-Фф Фф-Фф Фф-Фф Фф" classname="ru.ac.uniyar.testingcourse.RussianNameValidatorTests" time="0.0"/>
  <testcase name="[511] Фф-Фф Фф-Фф Фф-Фф-Фф Фф-Фф Фф-Фф-Фф Фф-Фф Фф Фф-Фф Фф-Фф Фф" classname="ru.ac.uniyar.testingcourse.RussianNameValidatorTests" time="0.0"/>
  <testcase name="[512] Фф-Фф Фф-Фф Фф Фф-Фф Фф-Фф Фф-Фф-Фф Фф-Фф Фф-Фф-Фф Фф-Фф Фф" classname="ru.ac.uniyar.testingcourse.RussianNameValidatorTests" time="0.0"/>
  <testcase name="[513] Фф-Фф Фф-Фф Фф Фф-Фф Фф-Фф Фф Фф-Фф Фф-Фф Фф-Фф-Фф Фф-Фф Фф" classname="ru.ac.uniyar.testingcourse.RussianNameValidatorTests" time="0.0"/>
  <testcase name="[514] Фф Фф Фф-Фф Фф Фф-Фф Фф Фф Фф Фф Фф" classname="ru.ac.uniyar.testingcourse.RussianNameValidatorTests" time="0.0"/>
  <testcase name="[515] Фф Фф Фф Фф Фф Фф-Фф Фф Фф-Фф Фф Фф" classname="ru.ac.uniyar.testingcourse.RussianNameValidatorTests" time="0.0"/>
  <testcase name="[516] Фф Фф Фф Фф Фф Фф Фф Фф Фф-Фф Фф Фф" classname="ru.ac.uniyar.testingcourse.RussianNameValidatorTests" time="0.0"/>
  <testcase name="[517] Фф Фф-Фф Фф-Фф Фф Фф Фф" classname="ru.ac.uniyar.testingcourse.RussianNameValidatorTests" time="0.001"/>
  <testcase name="[518] Фф Фф Фф Фф-Фф Фф-Фф Фф" classname="ru.ac.uniyar.testingcourse.RussianNameValidatorTests" time="0.0"/>
  <testcase name="[519] Фф Фф Фф Фф Фф Фф-Фф Фф" classname="ru.ac.uniyar.testingcourse.RussianNameValidatorTests" time="0.001"/>
  <testcase name="[520] Фф-Фф Фф-Фф-Фф Фф-Фф-Фф Фф Фф-Фф Фф" classname="ru.ac.uniyar.testingcourse.RussianNameValidatorTests" time="0.0"/>
  <testcase name="[521] Фф-Фф Фф Фф-Фф Фф-Фф-Фф Фф-Фф-Фф Фф" classname="ru.ac.uniyar.testingcourse.RussianNameValidatorTests" time="0.0"/>
  <testcase name="[522] Фф-Фф Фф Фф-Фф Фф Фф-Фф Фф-Фф-Фф Фф" classname="ru.ac.uniyar.testingcourse.RussianNameValidatorTests" time="0.0"/>
  <testcase name="[523] Фф Фф-Фф-Фф Фф-Фф-Фф Фф-Фф Фф Фф-Фф" classname="ru.ac.uniyar.testingcourse.RussianNameValidatorTests" time="0.0"/>
  <testcase name="[524] Фф Фф-Фф Фф Фф-Фф-Фф Фф-Фф-Фф Фф-Фф" classname="ru.ac.uniyar.testingcourse.RussianNameValidatorTests" time="0.0"/>
  <testcase name="[525] Фф Фф-Фф Фф Фф-Фф Фф Фф-Фф-Фф Фф-Фф" classname="ru.ac.uniyar.testingcourse.RussianNameValidatorTests" time="0.001"/>
  <testcase name="[526] Фф-Фф Фф-Фф-Фф-Фф Фф-Фф-Фф-Фф Фф-Фф Фф-Фф Фф-Фф" classname="ru.ac.uniyar.testingcourse.RussianNameValidatorTests" time="0.0"/>
  <testcase name="[527] Фф-Фф Фф-Фф Фф-Фф Фф-Фф-Фф-Фф Фф-Фф-Фф-Фф Фф-Фф" classname="ru.ac.uniyar.testingcourse.RussianNameValidatorTests" time="0.001"/>
  <testcase name="[528] Фф-Фф Фф-Фф Фф-Фф Фф-Фф Фф-Фф Фф-Фф-Фф-Фф Фф-Фф" classname="ru.ac.uniyar.testingcourse.RussianNameValidatorTests" time="0.0"/>
  <testcase name="[529] Хх-Хх Хх Хх-Хх-Хх Хх Хх-Хх-Хх Хх Хх Хх-Хх Хх Хх" classname="ru.ac.uniyar.testingcourse.RussianNameValidatorTests" time="0.001"/>
  <testcase name="[530] Хх-Хх Хх Хх Хх-Хх Хх Хх-Хх-Хх Хх Хх-Хх-Хх Хх Хх" classname="ru.ac.uniyar.testingcourse.RussianNameValidatorTests" time="0.0"/>
  <testcase name="[531] Хх-Хх Хх Хх Хх-Хх Хх Хх Хх-Хх Хх Хх-Хх-Хх Хх Хх" classname="ru.ac.uniyar.testingcourse.RussianNameValidatorTests" time="0.0"/>
  <testcase name="[532] Хх Хх-Хх Хх-Хх Хх-Хх Хх-Хх Хх-Хх Хх Хх Хх-Хх Хх" classname="ru.ac.uniyar.testingcourse.RussianNameValidatorTests" time="0.0"/>
  <testcase name="[533] Хх Хх-Хх Хх Хх Хх-Хх Хх-Хх Хх-Хх Хх-Хх Хх-Хх Хх" classname="ru.ac.uniyar.testingcourse.RussianNameValidatorTests" time="0.0"/>
  <testcase name="[534] Хх Хх-Хх Хх Хх Хх-Хх Хх Хх Хх-Хх Хх-Хх Хх-Хх Хх" classname="ru.ac.uniyar.testingcourse.RussianNameValidatorTests" time="0.0"/>
  <testcase name="[535] Хх-Хх Хх-Хх Хх-Хх-Хх Хх-Хх Хх-Хх-Хх Хх-Хх Хх Хх-Хх Хх-Хх Хх" classname="ru.ac.uniyar.testingcourse.RussianNameValidatorTests" time="0.0"/>
  <testcase name="[536] Хх-Хх Хх-Хх Хх Хх-Хх Хх-Хх Хх-Хх-Хх Хх-Хх Хх-Хх-Хх Хх-Хх Хх" classname="ru.ac.uniyar.testingcourse.RussianNameValidatorTests" time="0.0"/>
  <testcase name="[537] Хх-Хх Хх-Хх Хх Хх-Хх Хх-Хх Хх Хх-Хх Хх-Хх Хх-Хх-Хх Хх-Хх Хх" classname="ru.ac.uniyar.testingcourse.RussianNameValidatorTests" time="0.001"/>
  <testcase name="[538] Хх Хх Хх-Хх Хх Хх-Хх Хх Хх Хх Хх Хх" classname="ru.ac.uniyar.testingcourse.RussianNameValidatorTests" time="0.0"/>
  <testcase name="[539] Хх Хх Хх Хх Хх Хх-Хх Хх Хх-Хх Хх Хх" classname="ru.ac.uniyar.testingcourse.RussianNameValidatorTests" time="0.0"/>
  <testcase name="[540] Хх Хх Хх Хх Хх Хх Хх Хх Хх-Хх Хх Хх" classname="ru.ac.uniyar.testingcourse.RussianNameValidatorTests" time="0.001"/>
  <testcase name="[541] Хх Хх-Хх Хх-Хх Хх Хх Хх" classname="ru.ac.uniyar.testingcourse.RussianNameValidatorTests" time="0.0"/>
  <testcase name="[542] Хх Хх Хх Хх-Хх Хх-Хх Хх" classname="ru.ac.uniyar.testingcourse.RussianNameValidatorTests" time="0.0"/>
  <testcase name="[543] Хх Хх Хх Хх Хх Хх-Хх Хх" classname="ru.ac.uniyar.testingcourse.RussianNameValidatorTests" time="0.0"/>
  <testcase name="[544] Хх-Хх Хх-Хх-Хх Хх-Хх-Хх Хх Хх-Хх Хх" classname="ru.ac.uniyar.testingcourse.RussianNameValidatorTests" time="0.001"/>
  <testcase name="[545] Хх-Хх Хх Хх-Хх Хх-Хх-Хх Хх-Хх-Хх Хх" classname="ru.ac.uniyar.testingcourse.RussianNameValidatorTests" time="0.0"/>
  <testcase name="[546] Хх-Хх Хх Хх-Хх Хх Хх-Хх Хх-Хх-Хх Хх" classname="ru.ac.uniyar.testingcourse.RussianNameValidatorTests" time="0.0"/>
  <testcase name="[547] Хх Хх-Хх-Хх Хх-Хх-Хх Хх-Хх Хх Хх-Хх" classname="ru.ac.uniyar.testingcourse.RussianNameValidatorTests" time="0.001"/>
  <testcase name="[548] Хх Хх-Хх Хх Хх-Хх-Хх Хх-Хх-Хх Хх-Хх" classname="ru.ac.uniyar.testingcourse.RussianNameValidatorTests" time="0.0"/>
  <testcase name="[549] Хх Хх-Хх Хх Хх-Хх Хх Хх-Хх-Хх Хх-Хх" classname="ru.ac.uniyar.testingcourse.RussianNameValidatorTests" time="0.001"/>
  <testcase name="[550] Хх-Хх Хх-Хх-Хх-Хх Хх-Хх-Хх-Хх Хх-Хх Хх-Хх Хх-Хх" classname="ru.ac.uniyar.testingcourse.RussianNameValidatorTests" time="0.0"/>
  <testcase name="[551] Хх-Хх Хх-Хх Хх-Хх Хх-Хх-Хх-Хх Хх-Хх-Хх-Хх Хх-Хх" classname="ru.ac.uniyar.testingcourse.RussianNameValidatorTests" time="0.0"/>
  <testcase name="[552] Хх-Хх Хх-Хх Хх-Хх Хх-Хх Хх-Хх Хх-Хх-Хх-Хх Хх-Хх" classname="ru.ac.uniyar.testingcourse.RussianNameValidatorTests" time="0.0"/>
  <testcase name="[553] Цц-Цц Цц Цц-Цц-Цц Цц Цц-Цц-Цц Цц Цц Цц-Цц Цц Цц" classname="ru.ac.uniyar.testingcourse.RussianNameValidatorTests" time="0.001"/>
  <testcase name="[554] Цц-Цц Цц Цц Цц-Цц Цц Цц-Цц-Цц Цц Цц-Цц-Цц Цц Цц" classname="ru.ac.uniyar.testingcourse.RussianNameValidatorTests" time="0.001"/>
  <testcase name="[555] Цц-Цц Цц Цц Цц-Цц Цц Цц Цц-Цц Цц Цц-Цц-Цц Цц Цц" classname="ru.ac.uniyar.testingcourse.RussianNameValidatorTests" time="0.0"/>
  <testcase name="[556] Цц Цц-Цц Цц-Цц Цц-Цц Цц-Цц Цц-Цц Цц Цц Цц-Цц Цц" classname="ru.ac.uniyar.testingcourse.RussianNameValidatorTests" time="0.0"/>
  <testcase name="[557] Цц Цц-Цц Цц Цц Цц-Цц Цц-Цц Цц-Цц Цц-Цц Цц-Цц Цц" classname="ru.ac.uniyar.testingcourse.RussianNameValidatorTests" time="0.001"/>
  <testcase name="[558] Цц Цц-Цц Цц Цц Цц-Цц Цц Цц Цц-Цц Цц-Цц Цц-Цц Цц" classname="ru.ac.uniyar.testingcourse.RussianNameValidatorTests" time="0.0"/>
  <testcase name="[559] Цц-Цц Цц-Цц Цц-Цц-Цц Цц-Цц Цц-Цц-Цц Цц-Цц Цц Цц-Цц Цц-Цц Цц" classname="ru.ac.uniyar.testingcourse.RussianNameValidatorTests" time="0.0"/>
  <testcase name="[560] Цц-Цц Цц-Цц Цц Цц-Цц Цц-Цц Цц-Цц-Цц Цц-Цц Цц-Цц-Цц Цц-Цц Цц" classname="ru.ac.uniyar.testingcourse.RussianNameValidatorTests" time="0.0"/>
  <testcase name="[561] Цц-Цц Цц-Цц Цц Цц-Цц Цц-Цц Цц Цц-Цц Цц-Цц Цц-Цц-Цц Цц-Цц Цц" classname="ru.ac.uniyar.testingcourse.RussianNameValidatorTests" time="0.0"/>
  <testcase name="[562] Цц Цц Цц-Цц Цц Цц-Цц Цц Цц Цц Цц Цц" classname="ru.ac.uniyar.testingcourse.RussianNameValidatorTests" time="0.0"/>
  <testcase name="[563] Цц Цц Цц Цц Цц Цц-Цц Цц Цц-Цц Цц Цц" classname="ru.ac.uniyar.testingcourse.RussianNameValidatorTests" time="0.0"/>
  <testcase name="[564] Цц Цц Цц Цц Цц Цц Цц Цц Цц-Цц Цц Цц" classname="ru.ac.uniyar.testingcourse.RussianNameValidatorTests" time="0.0"/>
  <testcase name="[565] Цц Цц-Цц Цц-Цц Цц Цц Цц" classname="ru.ac.uniyar.testingcourse.RussianNameValidatorTests" time="0.0"/>
  <testcase name="[566] Цц Цц Цц Цц-Цц Цц-Цц Цц" classname="ru.ac.uniyar.testingcourse.RussianNameValidatorTests" time="0.0"/>
  <testcase name="[567] Цц Цц Цц Цц Цц Цц-Цц Цц" classname="ru.ac.uniyar.testingcourse.RussianNameValidatorTests" time="0.0"/>
  <testcase name="[568] Цц-Цц Цц-Цц-Цц Цц-Цц-Цц Цц Цц-Цц Цц" classname="ru.ac.uniyar.testingcourse.RussianNameValidatorTests" time="0.0"/>
  <testcase name="[569] Цц-Цц Цц Цц-Цц Цц-Цц-Цц Цц-Цц-Цц Цц" classname="ru.ac.uniyar.testingcourse.RussianNameValidatorTests" time="0.0"/>
  <testcase name="[570] Цц-Цц Цц Цц-Цц Цц Цц-Цц Цц-Цц-Цц Цц" classname="ru.ac.uniyar.testingcourse.RussianNameValidatorTests" time="0.0"/>
  <testcase name="[571] Цц Цц-Цц-Цц Цц-Цц-Цц Цц-Цц Цц Цц-Цц" classname="ru.ac.uniyar.testingcourse.RussianNameValidatorTests" time="0.0"/>
  <testcase name="[572] Цц Цц-Цц Цц Цц-Цц-Цц Цц-Цц-Цц Цц-Цц" classname="ru.ac.uniyar.testingcourse.RussianNameValidatorTests" time="0.001"/>
  <testcase name="[573] Цц Цц-Цц Цц Цц-Цц Цц Цц-Цц-Цц Цц-Цц" classname="ru.ac.uniyar.testingcourse.RussianNameValidatorTests" time="0.0"/>
  <testcase name="[574] Цц-Цц Цц-Цц-Цц-Цц Цц-Цц-Цц-Цц Цц-Цц Цц-Цц Цц-Цц" classname="ru.ac.uniyar.testingcourse.RussianNameValidatorTests" time="0.0"/>
  <testcase name="[575] Цц-Цц Цц-Цц Цц-Цц Цц-Цц-Цц-Цц Цц-Цц-Цц-Цц Цц-Цц" classname="ru.ac.uniyar.testingcourse.RussianNameValidatorTests" time="0.0"/>
  <testcase name="[576] Цц-Цц Цц-Цц Цц-Цц Цц-Цц Цц-Цц Цц-Цц-Цц-Цц Цц-Цц" classname="ru.ac.uniyar.testingcourse.RussianNameValidatorTests" time="0.0"/>
  <testcase name="[577] Чч-Чч Чч Чч-Чч-Чч Чч Чч-Чч-Чч Чч Чч Чч-Чч Чч Чч" classname="ru.ac.uniyar.testingcourse.RussianNameValidatorTests" time="0.0"/>
  <testcase name="[578] Чч-Чч Чч Чч Чч-Чч Чч Чч-Чч-Чч Чч Чч-Чч-Чч Чч Чч" classname="ru.ac.uniyar.testingcourse.RussianNameValidatorTests" time="0.0"/>
  <testcase name="[579] Чч-Чч Чч Чч Чч-Чч Чч Чч Чч-Чч Чч Чч-Чч-Чч Чч Чч" classname="ru.ac.uniyar.testingcourse.RussianNameValidatorTests" time="0.0"/>
  <testcase name="[580] Чч Чч-Чч Чч-Чч Чч-Чч Чч-Чч Чч-Чч Чч Чч Чч-Чч Чч" classname="ru.ac.uniyar.testingcourse.RussianNameValidatorTests" time="0.0"/>
  <testcase name="[581] Чч Чч-Чч Чч Чч Чч-Чч Чч-Чч Чч-Чч Чч-Чч Чч-Чч Чч" classname="ru.ac.uniyar.testingcourse.RussianNameValidatorTests" time="0.001"/>
  <testcase name="[582] Чч Чч-Чч Чч Чч Чч-Чч Чч Чч Чч-Чч Чч-Чч Чч-Чч Чч" classname="ru.ac.uniyar.testingcourse.RussianNameValidatorTests" time="0.0"/>
  <testcase name="[583] Чч-Чч Чч-Чч Чч-Чч-Чч Чч-Чч Чч-Чч-Чч Чч-Чч Чч Чч-Чч Чч-Чч Чч" classname="ru.ac.uniyar.testingcourse.RussianNameValidatorTests" time="0.0"/>
  <testcase name="[584] Чч-Чч Чч-Чч Чч Чч-Чч Чч-Чч Чч-Чч-Чч Чч-Чч Чч-Чч-Чч Чч-Чч Чч" classname="ru.ac.uniyar.testingcourse.RussianNameValidatorTests" time="0.0"/>
  <testcase name="[585] Чч-Чч Чч-Чч Чч Чч-Чч Чч-Чч Чч Чч-Чч Чч-Чч Чч-Чч-Чч Чч-Чч Чч" classname="ru.ac.uniyar.testingcourse.RussianNameValidatorTests" time="0.0"/>
  <testcase name="[586] Чч Чч Чч-Чч Чч Чч-Чч Чч Чч Чч Чч Чч" classname="ru.ac.uniyar.testingcourse.RussianNameValidatorTests" time="0.0"/>
  <testcase name="[587] Чч Чч Чч Чч Чч Чч-Чч Чч Чч-Чч Чч Чч" classname="ru.ac.uniyar.testingcourse.RussianNameValidatorTests" time="0.0"/>
  <testcase name="[588] Чч Чч Чч Чч Чч Чч Чч Чч Чч-Чч Чч Чч" classname="ru.ac.uniyar.testingcourse.RussianNameValidatorTests" time="0.0"/>
  <testcase name="[589] Чч Чч-Чч Чч-Чч Чч Чч Чч" classname="ru.ac.uniyar.testingcourse.RussianNameValidatorTests" time="0.001"/>
  <testcase name="[590] Чч Чч Чч Чч-Чч Чч-Чч Чч" classname="ru.ac.uniyar.testingcourse.RussianNameValidatorTests" time="0.001"/>
  <testcase name="[591] Чч Чч Чч Чч Чч Чч-Чч Чч" classname="ru.ac.uniyar.testingcourse.RussianNameValidatorTests" time="0.001"/>
  <testcase name="[592] Чч-Чч Чч-Чч-Чч Чч-Чч-Чч Чч Чч-Чч Чч" classname="ru.ac.uniyar.testingcourse.RussianNameValidatorTests" time="0.001"/>
  <testcase name="[593] Чч-Чч Чч Чч-Чч Чч-Чч-Чч Чч-Чч-Чч Чч" classname="ru.ac.uniyar.testingcourse.RussianNameValidatorTests" time="0.0"/>
  <testcase name="[594] Чч-Чч Чч Чч-Чч Чч Чч-Чч Чч-Чч-Чч Чч" classname="ru.ac.uniyar.testingcourse.RussianNameValidatorTests" time="0.0"/>
  <testcase name="[595] Чч Чч-Чч-Чч Чч-Чч-Чч Чч-Чч Чч Чч-Чч" classname="ru.ac.uniyar.testingcourse.RussianNameValidatorTests" time="0.0"/>
  <testcase name="[596] Чч Чч-Чч Чч Чч-Чч-Чч Чч-Чч-Чч Чч-Чч" classname="ru.ac.uniyar.testingcourse.RussianNameValidatorTests" time="0.0"/>
  <testcase name="[597] Чч Чч-Чч Чч Чч-Чч Чч Чч-Чч-Чч Чч-Чч" classname="ru.ac.uniyar.testingcourse.RussianNameValidatorTests" time="0.0"/>
  <testcase name="[598] Чч-Чч Чч-Чч-Чч-Чч Чч-Чч-Чч-Чч Чч-Чч Чч-Чч Чч-Чч" classname="ru.ac.uniyar.testingcourse.RussianNameValidatorTests" time="0.0"/>
  <testcase name="[599] Чч-Чч Чч-Чч Чч-Чч Чч-Чч-Чч-Чч Чч-Чч-Чч-Чч Чч-Чч" classname="ru.ac.uniyar.testingcourse.RussianNameValidatorTests" time="0.0"/>
  <testcase name="[600] Чч-Чч Чч-Чч Чч-Чч Чч-Чч Чч-Чч Чч-Чч-Чч-Чч Чч-Чч" classname="ru.ac.uniyar.testingcourse.RussianNameValidatorTests" time="0.0"/>
  <testcase name="[601] Шш-Шш Шш Шш-Шш-Шш Шш Шш-Шш-Шш Шш Шш Шш-Шш Шш Шш" classname="ru.ac.uniyar.testingcourse.RussianNameValidatorTests" time="0.0"/>
  <testcase name="[602] Шш-Шш Шш Шш Шш-Шш Шш Шш-Шш-Шш Шш Шш-Шш-Шш Шш Шш" classname="ru.ac.uniyar.testingcourse.RussianNameValidatorTests" time="0.001"/>
  <testcase name="[603] Шш-Шш Шш Шш Шш-Шш Шш Шш Шш-Шш Шш Шш-Шш-Шш Шш Шш" classname="ru.ac.uniyar.testingcourse.RussianNameValidatorTests" time="0.0"/>
  <testcase name="[604] Шш Шш-Шш Шш-Шш Шш-Шш Шш-Шш Шш-Шш Шш Шш Шш-Шш Шш" classname="ru.ac.uniyar.testingcourse.RussianNameValidatorTests" time="0.0"/>
  <testcase name="[605] Шш Шш-Шш Шш Шш Шш-Шш Шш-Шш Шш-Шш Шш-Шш Шш-Шш Шш" classname="ru.ac.uniyar.testingcourse.RussianNameValidatorTests" time="0.001"/>
  <testcase name="[606] Шш Шш-Шш Шш Шш Шш-Шш Шш Шш Шш-Шш Шш-Шш Шш-Шш Шш" classname="ru.ac.uniyar.testingcourse.RussianNameValidatorTests" time="0.0"/>
  <testcase name="[607] Шш-Шш Шш-Шш Шш-Шш-Шш Шш-Шш Шш-Шш-Шш Шш-Шш Шш Шш-Шш Шш-Шш Шш" classname="ru.ac.uniyar.testingcourse.RussianNameValidatorTests" time="0.0"/>
  <testcase name="[608] Шш-Шш Шш-Шш Шш Шш-Шш Шш-Шш Шш-Шш-Шш Шш-Шш Шш-Шш-Шш Шш-Шш Шш" classname="ru.ac.uniyar.testingcourse.RussianNameValidatorTests" time="0.0"/>
  <testcase name="[609] Шш-Шш Шш-Шш Шш Шш-Шш Шш-Шш Шш Шш-Шш Шш-Шш Шш-Шш-Шш Шш-Шш Шш" classname="ru.ac.uniyar.testingcourse.RussianNameValidatorTests" time="0.0"/>
  <testcase name="[610] Шш Шш Шш-Шш Шш Шш-Шш Шш Шш Шш Шш Шш" classname="ru.ac.uniyar.testingcourse.RussianNameValidatorTests" time="0.0"/>
  <testcase name="[611] Шш Шш Шш Шш Шш Шш-Шш Шш Шш-Шш Шш Шш" classname="ru.ac.uniyar.testingcourse.RussianNameValidatorTests" time="0.0"/>
  <testcase name="[612] Шш Шш Шш Шш Шш Шш Шш Шш Шш-Шш Шш Шш" classname="ru.ac.uniyar.testingcourse.RussianNameValidatorTests" time="0.0"/>
  <testcase name="[613] Шш Шш-Шш Шш-Шш Шш Шш Шш" classname="ru.ac.uniyar.testingcourse.RussianNameValidatorTests" time="0.001"/>
  <testcase name="[614] Шш Шш Шш Шш-Шш Шш-Шш Шш" classname="ru.ac.uniyar.testingcourse.RussianNameValidatorTests" time="0.0"/>
  <testcase name="[615] Шш Шш Шш Шш Шш Шш-Шш Шш" classname="ru.ac.uniyar.testingcourse.RussianNameValidatorTests" time="0.001"/>
  <testcase name="[616] Шш-Шш Шш-Шш-Шш Шш-Шш-Шш Шш Шш-Шш Шш" classname="ru.ac.uniyar.testingcourse.RussianNameValidatorTests" time="0.001"/>
  <testcase name="[617] Шш-Шш Шш Шш-Шш Шш-Шш-Шш Шш-Шш-Шш Шш" classname="ru.ac.uniyar.testingcourse.RussianNameValidatorTests" time="0.001"/>
  <testcase name="[618] Шш-Шш Шш Шш-Шш Шш Шш-Шш Шш-Шш-Шш Шш" classname="ru.ac.uniyar.testingcourse.RussianNameValidatorTests" time="0.0"/>
  <testcase name="[619] Шш Шш-Шш-Шш Шш-Шш-Шш Шш-Шш Шш Шш-Шш" classname="ru.ac.uniyar.testingcourse.RussianNameValidatorTests" time="0.001"/>
  <testcase name="[620] Шш Шш-Шш Шш Шш-Шш-Шш Шш-Шш-Шш Шш-Шш" classname="ru.ac.uniyar.testingcourse.RussianNameValidatorTests" time="0.001"/>
  <testcase name="[621] Шш Шш-Шш Шш Шш-Шш Шш Шш-Шш-Шш Шш-Шш" classname="ru.ac.uniyar.testingcourse.RussianNameValidatorTests" time="0.0"/>
  <testcase name="[622] Шш-Шш Шш-Шш-Шш-Шш Шш-Шш-Шш-Шш Шш-Шш Шш-Шш Шш-Шш" classname="ru.ac.uniyar.testingcourse.RussianNameValidatorTests" time="0.0"/>
  <testcase name="[623] Шш-Шш Шш-Шш Шш-Шш Шш-Шш-Шш-Шш Шш-Шш-Шш-Шш Шш-Шш" classname="ru.ac.uniyar.testingcourse.RussianNameValidatorTests" time="0.0"/>
  <testcase name="[624] Шш-Шш Шш-Шш Шш-Шш Шш-Шш Шш-Шш Шш-Шш-Шш-Шш Шш-Шш" classname="ru.ac.uniyar.testingcourse.RussianNameValidatorTests" time="0.001"/>
  <testcase name="[625] Щщ-Щщ Щщ Щщ-Щщ-Щщ Щщ Щщ-Щщ-Щщ Щщ Щщ Щщ-Щщ Щщ Щщ" classname="ru.ac.uniyar.testingcourse.RussianNameValidatorTests" time="0.0"/>
  <testcase name="[626] Щщ-Щщ Щщ Щщ Щщ-Щщ Щщ Щщ-Щщ-Щщ Щщ Щщ-Щщ-Щщ Щщ Щщ" classname="ru.ac.uniyar.testingcourse.RussianNameValidatorTests" time="0.0"/>
  <testcase name="[627] Щщ-Щщ Щщ Щщ Щщ-Щщ Щщ Щщ Щщ-Щщ Щщ Щщ-Щщ-Щщ Щщ Щщ" classname="ru.ac.uniyar.testingcourse.RussianNameValidatorTests" time="0.0"/>
  <testcase name="[628] Щщ Щщ-Щщ Щщ-Щщ Щщ-Щщ Щщ-Щщ Щщ-Щщ Щщ Щщ Щщ-Щщ Щщ" classname="ru.ac.uniyar.testingcourse.RussianNameValidatorTests" time="0.001"/>
  <testcase name="[629] Щщ Щщ-Щщ Щщ Щщ Щщ-Щщ Щщ-Щщ Щщ-Щщ Щщ-Щщ Щщ-Щщ Щщ" classname="ru.ac.uniyar.testingcourse.RussianNameValidatorTests" time="0.0"/>
  <testcase name="[630] Щщ Щщ-Щщ Щщ Щщ Щщ-Щщ Щщ Щщ Щщ-Щщ Щщ-Щщ Щщ-Щщ Щщ" classname="ru.ac.uniyar.testingcourse.RussianNameValidatorTests" time="0.0"/>
  <testcase name="[631] Щщ-Щщ Щщ-Щщ Щщ-Щщ-Щщ Щщ-Щщ Щщ-Щщ-Щщ Щщ-Щщ Щщ Щщ-Щщ Щщ-Щщ Щщ" classname="ru.ac.uniyar.testingcourse.RussianNameValidatorTests" time="0.0"/>
  <testcase name="[632] Щщ-Щщ Щщ-Щщ Щщ Щщ-Щщ Щщ-Щщ Щщ-Щщ-Щщ Щщ-Щщ Щщ-Щщ-Щщ Щщ-Щщ Щщ" classname="ru.ac.uniyar.testingcourse.RussianNameValidatorTests" time="0.0"/>
  <testcase name="[633] Щщ-Щщ Щщ-Щщ Щщ Щщ-Щщ Щщ-Щщ Щщ Щщ-Щщ Щщ-Щщ Щщ-Щщ-Щщ Щщ-Щщ Щщ" classname="ru.ac.uniyar.testingcourse.RussianNameValidatorTests" time="0.001"/>
  <testcase name="[634] Щщ Щщ Щщ-Щщ Щщ Щщ-Щщ Щщ Щщ Щщ Щщ Щщ" classname="ru.ac.uniyar.testingcourse.RussianNameValidatorTests" time="0.0"/>
  <testcase name="[635] Щщ Щщ Щщ Щщ Щщ Щщ-Щщ Щщ Щщ-Щщ Щщ Щщ" classname="ru.ac.uniyar.testingcourse.RussianNameValidatorTests" time="0.0"/>
  <testcase name="[636] Щщ Щщ Щщ Щщ Щщ Щщ Щщ Щщ Щщ-Щщ Щщ Щщ" classname="ru.ac.uniyar.testingcourse.RussianNameValidatorTests" time="0.001"/>
  <testcase name="[637] Щщ Щщ-Щщ Щщ-Щщ Щщ Щщ Щщ" classname="ru.ac.uniyar.testingcourse.RussianNameValidatorTests" time="0.0"/>
  <testcase name="[638] Щщ Щщ Щщ Щщ-Щщ Щщ-Щщ Щщ" classname="ru.ac.uniyar.testingcourse.RussianNameValidatorTests" time="0.0"/>
  <testcase name="[639] Щщ Щщ Щщ Щщ Щщ Щщ-Щщ Щщ" classname="ru.ac.uniyar.testingcourse.RussianNameValidatorTests" time="0.0"/>
  <testcase name="[640] Щщ-Щщ Щщ-Щщ-Щщ Щщ-Щщ-Щщ Щщ Щщ-Щщ Щщ" classname="ru.ac.uniyar.testingcourse.RussianNameValidatorTests" time="0.001"/>
  <testcase name="[641] Щщ-Щщ Щщ Щщ-Щщ Щщ-Щщ-Щщ Щщ-Щщ-Щщ Щщ" classname="ru.ac.uniyar.testingcourse.RussianNameValidatorTests" time="0.0"/>
  <testcase name="[642] Щщ-Щщ Щщ Щщ-Щщ Щщ Щщ-Щщ Щщ-Щщ-Щщ Щщ" classname="ru.ac.uniyar.testingcourse.RussianNameValidatorTests" time="0.0"/>
  <testcase name="[643] Щщ Щщ-Щщ-Щщ Щщ-Щщ-Щщ Щщ-Щщ Щщ Щщ-Щщ" classname="ru.ac.uniyar.testingcourse.RussianNameValidatorTests" time="0.001"/>
  <testcase name="[644] Щщ Щщ-Щщ Щщ Щщ-Щщ-Щщ Щщ-Щщ-Щщ Щщ-Щщ" classname="ru.ac.uniyar.testingcourse.RussianNameValidatorTests" time="0.0"/>
  <testcase name="[645] Щщ Щщ-Щщ Щщ Щщ-Щщ Щщ Щщ-Щщ-Щщ Щщ-Щщ" classname="ru.ac.uniyar.testingcourse.RussianNameValidatorTests" time="0.0"/>
  <testcase name="[646] Щщ-Щщ Щщ-Щщ-Щщ-Щщ Щщ-Щщ-Щщ-Щщ Щщ-Щщ Щщ-Щщ Щщ-Щщ" classname="ru.ac.uniyar.testingcourse.RussianNameValidatorTests" time="0.0"/>
  <testcase name="[647] Щщ-Щщ Щщ-Щщ Щщ-Щщ Щщ-Щщ-Щщ-Щщ Щщ-Щщ-Щщ-Щщ Щщ-Щщ" classname="ru.ac.uniyar.testingcourse.RussianNameValidatorTests" time="0.0"/>
  <testcase name="[648] Щщ-Щщ Щщ-Щщ Щщ-Щщ Щщ-Щщ Щщ-Щщ Щщ-Щщ-Щщ-Щщ Щщ-Щщ" classname="ru.ac.uniyar.testingcourse.RussianNameValidatorTests" time="0.0"/>
  <testcase name="[649] Ъъ-Ъъ Ъъ Ъъ-Ъъ-Ъъ Ъъ Ъъ-Ъъ-Ъъ Ъъ Ъъ Ъъ-Ъъ Ъъ Ъъ" classname="ru.ac.uniyar.testingcourse.RussianNameValidatorTests" time="0.001"/>
  <testcase name="[650] Ъъ-Ъъ Ъъ Ъъ Ъъ-Ъъ Ъъ Ъъ-Ъъ-Ъъ Ъъ Ъъ-Ъъ-Ъъ Ъъ Ъъ" classname="ru.ac.uniyar.testingcourse.RussianNameValidatorTests" time="0.0"/>
  <testcase name="[651] Ъъ-Ъъ Ъъ Ъъ Ъъ-Ъъ Ъъ Ъъ Ъъ-Ъъ Ъъ Ъъ-Ъъ-Ъъ Ъъ Ъъ" classname="ru.ac.uniyar.testingcourse.RussianNameValidatorTests" time="0.0"/>
  <testcase name="[652] Ъъ Ъъ-Ъъ Ъъ-Ъъ Ъъ-Ъъ Ъъ-Ъъ Ъъ-Ъъ Ъъ Ъъ Ъъ-Ъъ Ъъ" classname="ru.ac.uniyar.testingcourse.RussianNameValidatorTests" time="0.001"/>
  <testcase name="[653] Ъъ Ъъ-Ъъ Ъъ Ъъ Ъъ-Ъъ Ъъ-Ъъ Ъъ-Ъъ Ъъ-Ъъ Ъъ-Ъъ Ъъ" classname="ru.ac.uniyar.testingcourse.RussianNameValidatorTests" time="0.0"/>
  <testcase name="[654] Ъъ Ъъ-Ъъ Ъъ Ъъ Ъъ-Ъъ Ъъ Ъъ Ъъ-Ъъ Ъъ-Ъъ Ъъ-Ъъ Ъъ" classname="ru.ac.uniyar.testingcourse.RussianNameValidatorTests" time="0.0"/>
  <testcase name="[655] Ъъ-Ъъ Ъъ-Ъъ Ъъ-Ъъ-Ъъ Ъъ-Ъъ Ъъ-Ъъ-Ъъ Ъъ-Ъъ Ъъ Ъъ-Ъъ Ъъ-Ъъ Ъъ" classname="ru.ac.uniyar.testingcourse.RussianNameValidatorTests" time="0.0"/>
  <testcase name="[656] Ъъ-Ъъ Ъъ-Ъъ Ъъ Ъъ-Ъъ Ъъ-Ъъ Ъъ-Ъъ-Ъъ Ъъ-Ъъ Ъъ-Ъъ-Ъъ Ъъ-Ъъ Ъъ" classname="ru.ac.uniyar.testingcourse.RussianNameValidatorTests" time="0.0"/>
  <testcase name="[657] Ъъ-Ъъ Ъъ-Ъъ Ъъ Ъъ-Ъъ Ъъ-Ъъ Ъъ Ъъ-Ъъ Ъъ-Ъъ Ъъ-Ъъ-Ъъ Ъъ-Ъъ Ъъ" classname="ru.ac.uniyar.testingcourse.RussianNameValidatorTests" time="0.0"/>
  <testcase name="[658] Ъъ Ъъ Ъъ-Ъъ Ъъ Ъъ-Ъъ Ъъ Ъъ Ъъ Ъъ Ъъ" classname="ru.ac.uniyar.testingcourse.RussianNameValidatorTests" time="0.001"/>
  <testcase name="[659] Ъъ Ъъ Ъъ Ъъ Ъъ Ъъ-Ъъ Ъъ Ъъ-Ъъ Ъъ Ъъ" classname="ru.ac.uniyar.testingcourse.RussianNameValidatorTests" time="0.0"/>
  <testcase name="[660] Ъъ Ъъ Ъъ Ъъ Ъъ Ъъ Ъъ Ъъ Ъъ-Ъъ Ъъ Ъъ" classname="ru.ac.uniyar.testingcourse.RussianNameValidatorTests" time="0.0"/>
  <testcase name="[661] Ъъ Ъъ-Ъъ Ъъ-Ъъ Ъъ Ъъ Ъъ" classname="ru.ac.uniyar.testingcourse.RussianNameValidatorTests" time="0.0"/>
  <testcase name="[662] Ъъ Ъъ Ъъ Ъъ-Ъъ Ъъ-Ъъ Ъъ" classname="ru.ac.uniyar.testingcourse.RussianNameValidatorTests" time="0.0"/>
  <testcase name="[663] Ъъ Ъъ Ъъ Ъъ Ъъ Ъъ-Ъъ Ъъ" classname="ru.ac.uniyar.testingcourse.RussianNameValidatorTests" time="0.0"/>
  <testcase name="[664] Ъъ-Ъъ Ъъ-Ъъ-Ъъ Ъъ-Ъъ-Ъъ Ъъ Ъъ-Ъъ Ъъ" classname="ru.ac.uniyar.testingcourse.RussianNameValidatorTests" time="0.0"/>
  <testcase name="[665] Ъъ-Ъъ Ъъ Ъъ-Ъъ Ъъ-Ъъ-Ъъ Ъъ-Ъъ-Ъъ Ъъ" classname="ru.ac.uniyar.testingcourse.RussianNameValidatorTests" time="0.001"/>
  <testcase name="[666] Ъъ-Ъъ Ъъ Ъъ-Ъъ Ъъ Ъъ-Ъъ Ъъ-Ъъ-Ъъ Ъъ" classname="ru.ac.uniyar.testingcourse.RussianNameValidatorTests" time="0.0"/>
  <testcase name="[667] Ъъ Ъъ-Ъъ-Ъъ Ъъ-Ъъ-Ъъ Ъъ-Ъъ Ъъ Ъъ-Ъъ" classname="ru.ac.uniyar.testingcourse.RussianNameValidatorTests" time="0.0"/>
  <testcase name="[668] Ъъ Ъъ-Ъъ Ъъ Ъъ-Ъъ-Ъъ Ъъ-Ъъ-Ъъ Ъъ-Ъъ" classname="ru.ac.uniyar.testingcourse.RussianNameValidatorTests" time="0.0"/>
  <testcase name="[669] Ъъ Ъъ-Ъъ Ъъ Ъъ-Ъъ Ъъ Ъъ-Ъъ-Ъъ Ъъ-Ъъ" classname="ru.ac.uniyar.testingcourse.RussianNameValidatorTests" time="0.001"/>
  <testcase name="[670] Ъъ-Ъъ Ъъ-Ъъ-Ъъ-Ъъ Ъъ-Ъъ-Ъъ-Ъъ Ъъ-Ъъ Ъъ-Ъъ Ъъ-Ъъ" classname="ru.ac.uniyar.testingcourse.RussianNameValidatorTests" time="0.001"/>
  <testcase name="[671] Ъъ-Ъъ Ъъ-Ъъ Ъъ-Ъъ Ъъ-Ъъ-Ъъ-Ъъ Ъъ-Ъъ-Ъъ-Ъъ Ъъ-Ъъ" classname="ru.ac.uniyar.testingcourse.RussianNameValidatorTests" time="0.0"/>
  <testcase name="[672] Ъъ-Ъъ Ъъ-Ъъ Ъъ-Ъъ Ъъ-Ъъ Ъъ-Ъъ Ъъ-Ъъ-Ъъ-Ъъ Ъъ-Ъъ" classname="ru.ac.uniyar.testingcourse.RussianNameValidatorTests" time="0.0"/>
  <testcase name="[673] Ыы-Ыы Ыы Ыы-Ыы-Ыы Ыы Ыы-Ыы-Ыы Ыы Ыы Ыы-Ыы Ыы Ыы" classname="ru.ac.uniyar.testingcourse.RussianNameValidatorTests" time="0.0"/>
  <testcase name="[674] Ыы-Ыы Ыы Ыы Ыы-Ыы Ыы Ыы-Ыы-Ыы Ыы Ыы-Ыы-Ыы Ыы Ыы" classname="ru.ac.uniyar.testingcourse.RussianNameValidatorTests" time="0.0"/>
  <testcase name="[675] Ыы-Ыы Ыы Ыы Ыы-Ыы Ыы Ыы Ыы-Ыы Ыы Ыы-Ыы-Ыы Ыы Ыы" classname="ru.ac.uniyar.testingcourse.RussianNameValidatorTests" time="0.001"/>
  <testcase name="[676] Ыы Ыы-Ыы Ыы-Ыы Ыы-Ыы Ыы-Ыы Ыы-Ыы Ыы Ыы Ыы-Ыы Ыы" classname="ru.ac.uniyar.testingcourse.RussianNameValidatorTests" time="0.0"/>
  <testcase name="[677] Ыы Ыы-Ыы Ыы Ыы Ыы-Ыы Ыы-Ыы Ыы-Ыы Ыы-Ыы Ыы-Ыы Ыы" classname="ru.ac.uniyar.testingcourse.RussianNameValidatorTests" time="0.0"/>
  <testcase name="[678] Ыы Ыы-Ыы Ыы Ыы Ыы-Ыы Ыы Ыы Ыы-Ыы Ыы-Ыы Ыы-Ыы Ыы" classname="ru.ac.uniyar.testingcourse.RussianNameValidatorTests" time="0.0"/>
  <testcase name="[679] Ыы-Ыы Ыы-Ыы Ыы-Ыы-Ыы Ыы-Ыы Ыы-Ыы-Ыы Ыы-Ыы Ыы Ыы-Ыы Ыы-Ыы Ыы" classname="ru.ac.uniyar.testingcourse.RussianNameValidatorTests" time="0.0"/>
  <testcase name="[680] Ыы-Ыы Ыы-Ыы Ыы Ыы-Ыы Ыы-Ыы Ыы-Ыы-Ыы Ыы-Ыы Ыы-Ыы-Ыы Ыы-Ыы Ыы" classname="ru.ac.uniyar.testingcourse.RussianNameValidatorTests" time="0.0"/>
  <testcase name="[681] Ыы-Ыы Ыы-Ыы Ыы Ыы-Ыы Ыы-Ыы Ыы Ыы-Ыы Ыы-Ыы Ыы-Ыы-Ыы Ыы-Ыы Ыы" classname="ru.ac.uniyar.testingcourse.RussianNameValidatorTests" time="0.0"/>
  <testcase name="[682] Ыы Ыы Ыы-Ыы Ыы Ыы-Ыы Ыы Ыы Ыы Ыы Ыы" classname="ru.ac.uniyar.testingcourse.RussianNameValidatorTests" time="0.0"/>
  <testcase name="[683] Ыы Ыы Ыы Ыы Ыы Ыы-Ыы Ыы Ыы-Ыы Ыы Ыы" classname="ru.ac.uniyar.testingcourse.RussianNameValidatorTests" time="0.0"/>
  <testcase name="[684] Ыы Ыы Ыы Ыы Ыы Ыы Ыы Ыы Ыы-Ыы Ыы Ыы" classname="ru.ac.uniyar.testingcourse.RussianNameValidatorTests" time="0.0"/>
  <testcase name="[685] Ыы Ыы-Ыы Ыы-Ыы Ыы Ыы Ыы" classname="ru.ac.uniyar.testingcourse.RussianNameValidatorTests" time="0.0"/>
  <testcase name="[686] Ыы Ыы Ыы Ыы-Ыы Ыы-Ыы Ыы" classname="ru.ac.uniyar.testingcourse.RussianNameValidatorTests" time="0.001"/>
  <testcase name="[687] Ыы Ыы Ыы Ыы Ыы Ыы-Ыы Ыы" classname="ru.ac.uniyar.testingcourse.RussianNameValidatorTests" time="0.0"/>
  <testcase name="[688] Ыы-Ыы Ыы-Ыы-Ыы Ыы-Ыы-Ыы Ыы Ыы-Ыы Ыы" classname="ru.ac.uniyar.testingcourse.RussianNameValidatorTests" time="0.0"/>
  <testcase name="[689] Ыы-Ыы Ыы Ыы-Ыы Ыы-Ыы-Ыы Ыы-Ыы-Ыы Ыы" classname="ru.ac.uniyar.testingcourse.RussianNameValidatorTests" time="0.001"/>
  <testcase name="[690] Ыы-Ыы Ыы Ыы-Ыы Ыы Ыы-Ыы Ыы-Ыы-Ыы Ыы" classname="ru.ac.uniyar.testingcourse.RussianNameValidatorTests" time="0.0"/>
  <testcase name="[691] Ыы Ыы-Ыы-Ыы Ыы-Ыы-Ыы Ыы-Ыы Ыы Ыы-Ыы" classname="ru.ac.uniyar.testingcourse.RussianNameValidatorTests" time="0.0"/>
  <testcase name="[692] Ыы Ыы-Ыы Ыы Ыы-Ыы-Ыы Ыы-Ыы-Ыы Ыы-Ыы" classname="ru.ac.uniyar.testingcourse.RussianNameValidatorTests" time="0.0"/>
  <testcase name="[693] Ыы Ыы-Ыы Ыы Ыы-Ыы Ыы Ыы-Ыы-Ыы Ыы-Ыы" classname="ru.ac.uniyar.testingcourse.RussianNameValidatorTests" time="0.001"/>
  <testcase name="[694] Ыы-Ыы Ыы-Ыы-Ыы-Ыы Ыы-Ыы-Ыы-Ыы Ыы-Ыы Ыы-Ыы Ыы-Ыы" classname="ru.ac.uniyar.testingcourse.RussianNameValidatorTests" time="0.0"/>
  <testcase name="[695] Ыы-Ыы Ыы-Ыы Ыы-Ыы Ыы-Ыы-Ыы-Ыы Ыы-Ыы-Ыы-Ыы Ыы-Ыы" classname="ru.ac.uniyar.testingcourse.RussianNameValidatorTests" time="0.0"/>
  <testcase name="[696] Ыы-Ыы Ыы-Ыы Ыы-Ыы Ыы-Ыы Ыы-Ыы Ыы-Ыы-Ыы-Ыы Ыы-Ыы" classname="ru.ac.uniyar.testingcourse.RussianNameValidatorTests" time="0.0"/>
  <testcase name="[697] Ьь-Ьь Ьь Ьь-Ьь-Ьь Ьь Ьь-Ьь-Ьь Ьь Ьь Ьь-Ьь Ьь Ьь" classname="ru.ac.uniyar.testingcourse.RussianNameValidatorTests" time="0.001"/>
  <testcase name="[698] Ьь-Ьь Ьь Ьь Ьь-Ьь Ьь Ьь-Ьь-Ьь Ьь Ьь-Ьь-Ьь Ьь Ьь" classname="ru.ac.uniyar.testingcourse.RussianNameValidatorTests" time="0.0"/>
  <testcase name="[699] Ьь-Ьь Ьь Ьь Ьь-Ьь Ьь Ьь Ьь-Ьь Ьь Ьь-Ьь-Ьь Ьь Ьь" classname="ru.ac.uniyar.testingcourse.RussianNameValidatorTests" time="0.0"/>
  <testcase name="[700] Ьь Ьь-Ьь Ьь-Ьь Ьь-Ьь Ьь-Ьь Ьь-Ьь Ьь Ьь Ьь-Ьь Ьь" classname="ru.ac.uniyar.testingcourse.RussianNameValidatorTests" time="0.0"/>
  <testcase name="[701] Ьь Ьь-Ьь Ьь Ьь Ьь-Ьь Ьь-Ьь Ьь-Ьь Ьь-Ьь Ьь-Ьь Ьь" classname="ru.ac.uniyar.testingcourse.RussianNameValidatorTests" time="0.0"/>
  <testcase name="[702] Ьь Ьь-Ьь Ьь Ьь Ьь-Ьь Ьь Ьь Ьь-Ьь Ьь-Ьь Ьь-Ьь Ьь" classname="ru.ac.uniyar.testingcourse.RussianNameValidatorTests" time="0.0"/>
  <testcase name="[703] Ьь-Ьь Ьь-Ьь Ьь-Ьь-Ьь Ьь-Ьь Ьь-Ьь-Ьь Ьь-Ьь Ьь Ьь-Ьь Ьь-Ьь Ьь" classname="ru.ac.uniyar.testingcourse.RussianNameValidatorTests" time="0.0"/>
  <testcase name="[704] Ьь-Ьь Ьь-Ьь Ьь Ьь-Ьь Ьь-Ьь Ьь-Ьь-Ьь Ьь-Ьь Ьь-Ьь-Ьь Ьь-Ьь Ьь" classname="ru.ac.uniyar.testingcourse.RussianNameValidatorTests" time="0.001"/>
  <testcase name="[705] Ьь-Ьь Ьь-Ьь Ьь Ьь-Ьь Ьь-Ьь Ьь Ьь-Ьь Ьь-Ьь Ьь-Ьь-Ьь Ьь-Ьь Ьь" classname="ru.ac.uniyar.testingcourse.RussianNameValidatorTests" time="0.0"/>
  <testcase name="[706] Ьь Ьь Ьь-Ьь Ьь Ьь-Ьь Ьь Ьь Ьь Ьь Ьь" classname="ru.ac.uniyar.testingcourse.RussianNameValidatorTests" time="0.0"/>
  <testcase name="[707] Ьь Ьь Ьь Ьь Ьь Ьь-Ьь Ьь Ьь-Ьь Ьь Ьь" classname="ru.ac.uniyar.testingcourse.RussianNameValidatorTests" time="0.0"/>
  <testcase name="[708] Ьь Ьь Ьь Ьь Ьь Ьь Ьь Ьь Ьь-Ьь Ьь Ьь" classname="ru.ac.uniyar.testingcourse.RussianNameValidatorTests" time="0.0"/>
  <testcase name="[709] Ьь Ьь-Ьь Ьь-Ьь Ьь Ьь Ьь" classname="ru.ac.uniyar.testingcourse.RussianNameValidatorTests" time="0.0"/>
  <testcase name="[710] Ьь Ьь Ьь Ьь-Ьь Ьь-Ьь Ьь" classname="ru.ac.uniyar.testingcourse.RussianNameValidatorTests" time="0.001"/>
  <testcase name="[711] Ьь Ьь Ьь Ьь Ьь Ьь-Ьь Ьь" classname="ru.ac.uniyar.testingcourse.RussianNameValidatorTests" time="0.0"/>
  <testcase name="[712] Ьь-Ьь Ьь-Ьь-Ьь Ьь-Ьь-Ьь Ьь Ьь-Ьь Ьь" classname="ru.ac.uniyar.testingcourse.RussianNameValidatorTests" time="0.001"/>
  <testcase name="[713] Ьь-Ьь Ьь Ьь-Ьь Ьь-Ьь-Ьь Ьь-Ьь-Ьь Ьь" classname="ru.ac.uniyar.testingcourse.RussianNameValidatorTests" time="0.0"/>
  <testcase name="[714] Ьь-Ьь Ьь Ьь-Ьь Ьь Ьь-Ьь Ьь-Ьь-Ьь Ьь" classname="ru.ac.uniyar.testingcourse.RussianNameValidatorTests" time="0.0"/>
  <testcase name="[715] Ьь Ьь-Ьь-Ьь Ьь-Ьь-Ьь Ьь-Ьь Ьь Ьь-Ьь" classname="ru.ac.uniyar.testingcourse.RussianNameValidatorTests" time="0.0"/>
  <testcase name="[716] Ьь Ьь-Ьь Ьь Ьь-Ьь-Ьь Ьь-Ьь-Ьь Ьь-Ьь" classname="ru.ac.uniyar.testingcourse.RussianNameValidatorTests" time="0.0"/>
  <testcase name="[717] Ьь Ьь-Ьь Ьь Ьь-Ьь Ьь Ьь-Ьь-Ьь Ьь-Ьь" classname="ru.ac.uniyar.testingcourse.RussianNameValidatorTests" time="0.0"/>
  <testcase name="[718] Ьь-Ьь Ьь-Ьь-Ьь-Ьь Ьь-Ьь-Ьь-Ьь Ьь-Ьь Ьь-Ьь Ьь-Ьь" classname="ru.ac.uniyar.testingcourse.RussianNameValidatorTests" time="0.0"/>
  <testcase name="[719] Ьь-Ьь Ьь-Ьь Ьь-Ьь Ьь-Ьь-Ьь-Ьь Ьь-Ьь-Ьь-Ьь Ьь-Ьь" classname="ru.ac.uniyar.testingcourse.RussianNameValidatorTests" time="0.0"/>
  <testcase name="[720] Ьь-Ьь Ьь-Ьь Ьь-Ьь Ьь-Ьь Ьь-Ьь Ьь-Ьь-Ьь-Ьь Ьь-Ьь" classname="ru.ac.uniyar.testingcourse.RussianNameValidatorTests" time="0.0"/>
  <testcase name="[721] Ээ-Ээ Ээ Ээ-Ээ-Ээ Ээ Ээ-Ээ-Ээ Ээ Ээ Ээ-Ээ Ээ Ээ" classname="ru.ac.uniyar.testingcourse.RussianNameValidatorTests" time="0.0"/>
  <testcase name="[722] Ээ-Ээ Ээ Ээ Ээ-Ээ Ээ Ээ-Ээ-Ээ Ээ Ээ-Ээ-Ээ Ээ Ээ" classname="ru.ac.uniyar.testingcourse.RussianNameValidatorTests" time="0.0"/>
  <testcase name="[723] Ээ-Ээ Ээ Ээ Ээ-Ээ Ээ Ээ Ээ-Ээ Ээ Ээ-Ээ-Ээ Ээ Ээ" classname="ru.ac.uniyar.testingcourse.RussianNameValidatorTests" time="0.0"/>
  <testcase name="[724] Ээ Ээ-Ээ Ээ-Ээ Ээ-Ээ Ээ-Ээ Ээ-Ээ Ээ Ээ Ээ-Ээ Ээ" classname="ru.ac.uniyar.testingcourse.RussianNameValidatorTests" time="0.001"/>
  <testcase name="[725] Ээ Ээ-Ээ Ээ Ээ Ээ-Ээ Ээ-Ээ Ээ-Ээ Ээ-Ээ Ээ-Ээ Ээ" classname="ru.ac.uniyar.testingcourse.RussianNameValidatorTests" time="0.0"/>
  <testcase name="[726] Ээ Ээ-Ээ Ээ Ээ Ээ-Ээ Ээ Ээ Ээ-Ээ Ээ-Ээ Ээ-Ээ Ээ" classname="ru.ac.uniyar.testingcourse.RussianNameValidatorTests" time="0.001"/>
  <testcase name="[727] Ээ-Ээ Ээ-Ээ Ээ-Ээ-Ээ Ээ-Ээ Ээ-Ээ-Ээ Ээ-Ээ Ээ Ээ-Ээ Ээ-Ээ Ээ" classname="ru.ac.uniyar.testingcourse.RussianNameValidatorTests" time="0.0"/>
  <testcase name="[728] Ээ-Ээ Ээ-Ээ Ээ Ээ-Ээ Ээ-Ээ Ээ-Ээ-Ээ Ээ-Ээ Ээ-Ээ-Ээ Ээ-Ээ Ээ" classname="ru.ac.uniyar.testingcourse.RussianNameValidatorTests" time="0.001"/>
  <testcase name="[729] Ээ-Ээ Ээ-Ээ Ээ Ээ-Ээ Ээ-Ээ Ээ Ээ-Ээ Ээ-Ээ Ээ-Ээ-Ээ Ээ-Ээ Ээ" classname="ru.ac.uniyar.testingcourse.RussianNameValidatorTests" time="0.0"/>
  <testcase name="[730] Ээ Ээ Ээ-Ээ Ээ Ээ-Ээ Ээ Ээ Ээ Ээ Ээ" classname="ru.ac.uniyar.testingcourse.RussianNameValidatorTests" time="0.0"/>
  <testcase name="[731] Ээ Ээ Ээ Ээ Ээ Ээ-Ээ Ээ Ээ-Ээ Ээ Ээ" classname="ru.ac.uniyar.testingcourse.RussianNameValidatorTests" time="0.0"/>
  <testcase name="[732] Ээ Ээ Ээ Ээ Ээ Ээ Ээ Ээ Ээ-Ээ Ээ Ээ" classname="ru.ac.uniyar.testingcourse.RussianNameValidatorTests" time="0.001"/>
  <testcase name="[733] Ээ Ээ-Ээ Ээ-Ээ Ээ Ээ Ээ" classname="ru.ac.uniyar.testingcourse.RussianNameValidatorTests" time="0.0"/>
  <testcase name="[734] Ээ Ээ Ээ Ээ-Ээ Ээ-Ээ Ээ" classname="ru.ac.uniyar.testingcourse.RussianNameValidatorTests" time="0.001"/>
  <testcase name="[735] Ээ Ээ Ээ Ээ Ээ Ээ-Ээ Ээ" classname="ru.ac.uniyar.testingcourse.RussianNameValidatorTests" time="0.0"/>
  <testcase name="[736] Ээ-Ээ Ээ-Ээ-Ээ Ээ-Ээ-Ээ Ээ Ээ-Ээ Ээ" classname="ru.ac.uniyar.testingcourse.RussianNameValidatorTests" time="0.0"/>
  <testcase name="[737] Ээ-Ээ Ээ Ээ-Ээ Ээ-Ээ-Ээ Ээ-Ээ-Ээ Ээ" classname="ru.ac.uniyar.testingcourse.RussianNameValidatorTests" time="0.0"/>
  <testcase name="[738] Ээ-Ээ Ээ Ээ-Ээ Ээ Ээ-Ээ Ээ-Ээ-Ээ Ээ" classname="ru.ac.uniyar.testingcourse.RussianNameValidatorTests" time="0.001"/>
  <testcase name="[739] Ээ Ээ-Ээ-Ээ Ээ-Ээ-Ээ Ээ-Ээ Ээ Ээ-Ээ" classname="ru.ac.uniyar.testingcourse.RussianNameValidatorTests" time="0.0"/>
  <testcase name="[740] Ээ Ээ-Ээ Ээ Ээ-Ээ-Ээ Ээ-Ээ-Ээ Ээ-Ээ" classname="ru.ac.uniyar.testingcourse.RussianNameValidatorTests" time="0.0"/>
  <testcase name="[741] Ээ Ээ-Ээ Ээ Ээ-Ээ Ээ Ээ-Ээ-Ээ Ээ-Ээ" classname="ru.ac.uniyar.testingcourse.RussianNameValidatorTests" time="0.0"/>
  <testcase name="[742] Ээ-Ээ Ээ-Ээ-Ээ-Ээ Ээ-Ээ-Ээ-Ээ Ээ-Ээ Ээ-Ээ Ээ-Ээ" classname="ru.ac.uniyar.testingcourse.RussianNameValidatorTests" time="0.0"/>
  <testcase name="[743] Ээ-Ээ Ээ-Ээ Ээ-Ээ Ээ-Ээ-Ээ-Ээ Ээ-Ээ-Ээ-Ээ Ээ-Ээ" classname="ru.ac.uniyar.testingcourse.RussianNameValidatorTests" time="0.0"/>
  <testcase name="[744] Ээ-Ээ Ээ-Ээ Ээ-Ээ Ээ-Ээ Ээ-Ээ Ээ-Ээ-Ээ-Ээ Ээ-Ээ" classname="ru.ac.uniyar.testingcourse.RussianNameValidatorTests" time="0.0"/>
  <testcase name="[745] Юю-Юю Юю Юю-Юю-Юю Юю Юю-Юю-Юю Юю Юю Юю-Юю Юю Юю" classname="ru.ac.uniyar.testingcourse.RussianNameValidatorTests" time="0.0"/>
  <testcase name="[746] Юю-Юю Юю Юю Юю-Юю Юю Юю-Юю-Юю Юю Юю-Юю-Юю Юю Юю" classname="ru.ac.uniyar.testingcourse.RussianNameValidatorTests" time="0.001"/>
  <testcase name="[747] Юю-Юю Юю Юю Юю-Юю Юю Юю Юю-Юю Юю Юю-Юю-Юю Юю Юю" classname="ru.ac.uniyar.testingcourse.RussianNameValidatorTests" time="0.0"/>
  <testcase name="[748] Юю Юю-Юю Юю-Юю Юю-Юю Юю-Юю Юю-Юю Юю Юю Юю-Юю Юю" classname="ru.ac.uniyar.testingcourse.RussianNameValidatorTests" time="0.0"/>
  <testcase name="[749] Юю Юю-Юю Юю Юю Юю-Юю Юю-Юю Юю-Юю Юю-Юю Юю-Юю Юю" classname="ru.ac.uniyar.testingcourse.RussianNameValidatorTests" time="0.0"/>
  <testcase name="[750] Юю Юю-Юю Юю Юю Юю-Юю Юю Юю Юю-Юю Юю-Юю Юю-Юю Юю" classname="ru.ac.uniyar.testingcourse.RussianNameValidatorTests" time="0.0"/>
  <testcase name="[751] Юю-Юю Юю-Юю Юю-Юю-Юю Юю-Юю Юю-Юю-Юю Юю-Юю Юю Юю-Юю Юю-Юю Юю" classname="ru.ac.uniyar.testingcourse.RussianNameValidatorTests" time="0.001"/>
  <testcase name="[752] Юю-Юю Юю-Юю Юю Юю-Юю Юю-Юю Юю-Юю-Юю Юю-Юю Юю-Юю-Юю Юю-Юю Юю" classname="ru.ac.uniyar.testingcourse.RussianNameValidatorTests" time="0.0"/>
  <testcase name="[753] Юю-Юю Юю-Юю Юю Юю-Юю Юю-Юю Юю Юю-Юю Юю-Юю Юю-Юю-Юю Юю-Юю Юю" classname="ru.ac.uniyar.testingcourse.RussianNameValidatorTests" time="0.0"/>
  <testcase name="[754] Юю Юю Юю-Юю Юю Юю-Юю Юю Юю Юю Юю Юю" classname="ru.ac.uniyar.testingcourse.RussianNameValidatorTests" time="0.0"/>
  <testcase name="[755] Юю Юю Юю Юю Юю Юю-Юю Юю Юю-Юю Юю Юю" classname="ru.ac.uniyar.testingcourse.RussianNameValidatorTests" time="0.0"/>
  <testcase name="[756] Юю Юю Юю Юю Юю Юю Юю Юю Юю-Юю Юю Юю" classname="ru.ac.uniyar.testingcourse.RussianNameValidatorTests" time="0.001"/>
  <testcase name="[757] Юю Юю-Юю Юю-Юю Юю Юю Юю" classname="ru.ac.uniyar.testingcourse.RussianNameValidatorTests" time="0.0"/>
  <testcase name="[758] Юю Юю Юю Юю-Юю Юю-Юю Юю" classname="ru.ac.uniyar.testingcourse.RussianNameValidatorTests" time="0.0"/>
  <testcase name="[759] Юю Юю Юю Юю Юю Юю-Юю Юю" classname="ru.ac.uniyar.testingcourse.RussianNameValidatorTests" time="0.001"/>
  <testcase name="[760] Юю-Юю Юю-Юю-Юю Юю-Юю-Юю Юю Юю-Юю Юю" classname="ru.ac.uniyar.testingcourse.RussianNameValidatorTests" time="0.0"/>
  <testcase name="[761] Юю-Юю Юю Юю-Юю Юю-Юю-Юю Юю-Юю-Юю Юю" classname="ru.ac.uniyar.testingcourse.RussianNameValidatorTests" time="0.0"/>
  <testcase name="[762] Юю-Юю Юю Юю-Юю Юю Юю-Юю Юю-Юю-Юю Юю" classname="ru.ac.uniyar.testingcourse.RussianNameValidatorTests" time="0.001"/>
  <testcase name="[763] Юю Юю-Юю-Юю Юю-Юю-Юю Юю-Юю Юю Юю-Юю" classname="ru.ac.uniyar.testingcourse.RussianNameValidatorTests" time="0.0"/>
  <testcase name="[764] Юю Юю-Юю Юю Юю-Юю-Юю Юю-Юю-Юю Юю-Юю" classname="ru.ac.uniyar.testingcourse.RussianNameValidatorTests" time="0.0"/>
  <testcase name="[765] Юю Юю-Юю Юю Юю-Юю Юю Юю-Юю-Юю Юю-Юю" classname="ru.ac.uniyar.testingcourse.RussianNameValidatorTests" time="0.0"/>
  <testcase name="[766] Юю-Юю Юю-Юю-Юю-Юю Юю-Юю-Юю-Юю Юю-Юю Юю-Юю Юю-Юю" classname="ru.ac.uniyar.testingcourse.RussianNameValidatorTests" time="0.0"/>
  <testcase name="[767] Юю-Юю Юю-Юю Юю-Юю Юю-Юю-Юю-Юю Юю-Юю-Юю-Юю Юю-Юю" classname="ru.ac.uniyar.testingcourse.RussianNameValidatorTests" time="0.001"/>
  <testcase name="[768] Юю-Юю Юю-Юю Юю-Юю Юю-Юю Юю-Юю Юю-Юю-Юю-Юю Юю-Юю" classname="ru.ac.uniyar.testingcourse.RussianNameValidatorTests" time="0.0"/>
  <testcase name="[769] Яя-Яя Яя Яя-Яя-Яя Яя Яя-Яя-Яя Яя Яя Яя-Яя Яя Яя" classname="ru.ac.uniyar.testingcourse.RussianNameValidatorTests" time="0.001"/>
  <testcase name="[770] Яя-Яя Яя Яя Яя-Яя Яя Яя-Яя-Яя Яя Яя-Яя-Яя Яя Яя" classname="ru.ac.uniyar.testingcourse.RussianNameValidatorTests" time="0.0"/>
  <testcase name="[771] Яя-Яя Яя Яя Яя-Яя Яя Яя Яя-Яя Яя Яя-Яя-Яя Яя Яя" classname="ru.ac.uniyar.testingcourse.RussianNameValidatorTests" time="0.0"/>
  <testcase name="[772] Яя Яя-Яя Яя-Яя Яя-Яя Яя-Яя Яя-Яя Яя Яя Яя-Яя Яя" classname="ru.ac.uniyar.testingcourse.RussianNameValidatorTests" time="0.0"/>
  <testcase name="[773] Яя Яя-Яя Яя Яя Яя-Яя Яя-Яя Яя-Яя Яя-Яя Яя-Яя Яя" classname="ru.ac.uniyar.testingcourse.RussianNameValidatorTests" time="0.0"/>
  <testcase name="[774] Яя Яя-Яя Яя Яя Яя-Яя Яя Яя Яя-Яя Яя-Яя Яя-Яя Яя" classname="ru.ac.uniyar.testingcourse.RussianNameValidatorTests" time="0.0"/>
  <testcase name="[775] Яя-Яя Яя-Яя Яя-Яя-Яя Яя-Яя Яя-Яя-Яя Яя-Яя Яя Яя-Яя Яя-Яя Яя" classname="ru.ac.uniyar.testingcourse.RussianNameValidatorTests" time="0.0"/>
  <testcase name="[776] Яя-Яя Яя-Яя Яя Яя-Яя Яя-Яя Яя-Яя-Яя Яя-Яя Яя-Яя-Яя Яя-Яя Яя" classname="ru.ac.uniyar.testingcourse.RussianNameValidatorTests" time="0.0"/>
  <testcase name="[777] Яя-Яя Яя-Яя Яя Яя-Яя Яя-Яя Яя Яя-Яя Яя-Яя Яя-Яя-Яя Яя-Яя Яя" classname="ru.ac.uniyar.testingcourse.RussianNameValidatorTests" time="0.0"/>
  <testcase name="[778] Яя Яя Яя-Яя Яя Яя-Яя Яя Яя Яя Яя Яя" classname="ru.ac.uniyar.testingcourse.RussianNameValidatorTests" time="0.0"/>
  <testcase name="[779] Яя Яя Яя Яя Яя Яя-Яя Яя Яя-Яя Яя Яя" classname="ru.ac.uniyar.testingcourse.RussianNameValidatorTests" time="0.0"/>
  <testcase name="[780] Яя Яя Яя Яя Яя Яя Яя Яя Яя-Яя Яя Яя" classname="ru.ac.uniyar.testingcourse.RussianNameValidatorTests" time="0.001"/>
  <testcase name="[781] Яя Яя-Яя Яя-Яя Яя Яя Яя" classname="ru.ac.uniyar.testingcourse.RussianNameValidatorTests" time="0.0"/>
  <testcase name="[782] Яя Яя Яя Яя-Яя Яя-Яя Яя" classname="ru.ac.uniyar.testingcourse.RussianNameValidatorTests" time="0.0"/>
  <testcase name="[783] Яя Яя Яя Яя Яя Яя-Яя Яя" classname="ru.ac.uniyar.testingcourse.RussianNameValidatorTests" time="0.0"/>
  <testcase name="[784] Яя-Яя Яя-Яя-Яя Яя-Яя-Яя Яя Яя-Яя Яя" classname="ru.ac.uniyar.testingcourse.RussianNameValidatorTests" time="0.0"/>
  <testcase name="[785] Яя-Яя Яя Яя-Яя Яя-Яя-Яя Яя-Яя-Яя Яя" classname="ru.ac.uniyar.testingcourse.RussianNameValidatorTests" time="0.0"/>
  <testcase name="[786] Яя-Яя Яя Яя-Яя Яя Яя-Яя Яя-Яя-Яя Яя" classname="ru.ac.uniyar.testingcourse.RussianNameValidatorTests" time="0.0"/>
  <testcase name="[787] Яя Яя-Яя-Яя Яя-Яя-Яя Яя-Яя Яя Яя-Яя" classname="ru.ac.uniyar.testingcourse.RussianNameValidatorTests" time="0.0"/>
  <testcase name="[788] Яя Яя-Яя Яя Яя-Яя-Яя Яя-Яя-Яя Яя-Яя" classname="ru.ac.uniyar.testingcourse.RussianNameValidatorTests" time="0.0"/>
  <testcase name="[789] Яя Яя-Яя Яя Яя-Яя Яя Яя-Яя-Яя Яя-Яя" classname="ru.ac.uniyar.testingcourse.RussianNameValidatorTests" time="0.001"/>
  <testcase name="[790] Яя-Яя Яя-Яя-Яя-Яя Яя-Яя-Яя-Яя Яя-Яя Яя-Яя Яя-Яя" classname="ru.ac.uniyar.testingcourse.RussianNameValidatorTests" time="0.0"/>
  <testcase name="[791] Яя-Яя Яя-Яя Яя-Яя Яя-Яя-Яя-Яя Яя-Яя-Яя-Яя Яя-Яя" classname="ru.ac.uniyar.testingcourse.RussianNameValidatorTests" time="0.001"/>
  <testcase name="[792] Яя-Яя Яя-Яя Яя-Яя Яя-Яя Яя-Яя Яя-Яя-Яя-Яя Яя-Яя" classname="ru.ac.uniyar.testingcourse.RussianNameValidatorTests" time="0.0"/>
  <system-out><![CDATA[]]></system-out>
  <system-err><![CDATA[]]></system-err>
</testsuite>
